26192 50000
30082 50000
26192 27184
43922 50000
30082 41560
30082 41560
20802 21488
12502 20800
26192 27184
12502 20800
30082 41560
12502 20800
27186 27737
43922 49695
27762 29320
10602 10976
34320 40895
20902 21488
1482 4400
32902 34318
1482 2024
10978 11770
2026 4400
7706 9440
2026 4400
20902 21488
12614 16404
42802 43580
2026 4400
16406 18090
46096 47860
24492 25400
32902 34318
34320 40895
34320 40895
28498 29320
34320 40895
34320 40895
34320 40895
2026 4400
10602 10976
7354 7612
46096 47860
16152 16404
34320 38344
609 609
2026 2824
5162 5824
26802 27184
19756 20800
46106 47860
34320 35441
36626 38344
13262 14728
48114 48772
690 890
24492 25400
36626 38344
28401 28401
45732 45850
35110 35441
8162 9440
42402 42688
8338 9440
29322 30080
39027 39960
9502 10480
36626 38344
9502 10480
39962 40895
23882 24400
39962 40895
39962 40895
11772 12032
8338 9440
8338 9440
18092 19209
5954 7352
43922 45440
43201 43201
48114 48772
37841 37841
19442 19754
19762 20800
23262 23746
41562 42338
1 688
22002 23260
35110 35441
11772 12032
26192 26800
36727 38344
23262 23746
18849 18849
31052 32200
43922 44996
41562 42338
44998 45440
2754 2824
36727 38344
23882 24320
1 688
34320 35108
26192 26416
41804 41980
13441 13441
46106 47860
23748 23880
9502 10600
22002 23260
30082 30464
35443 36595
19211 19440
16770 17425
44998 45440
34320 35040
1818 2000
17427 18240
23748 31050
17427 18240
28498 28990
40252 40880
47042 47860
47042 47860
29322 29728
39962 40240
28992 29316
27762 28240
35443 36595
37890 38344
7261 7352
19442 19754
20478 20800
14402 14728
4718 4816
28341 28496
8338 8643
27346 27440
2826 3024
29322 29728
32561 32561
41804 41916
16970 17425
35443 36595
33389 33664
38346 38438
6720 7164
10978 11730
13952 14020
18742 18770
7857 8076
20802 20900
33914 34160
20970 21152
19762 20476
25402 25530
25647 26190
41982 42338
12752 12935
32202 32467
41463 41802
12034 12160
46422 46828
13046 13202
35982 36192
41721 41721
27346 27440
2314 2752
12752 12935
7857 7916
6720 7120
26802 27184
23882 24320
12034 12160
38440 39025
13262 13536
35887 35887
39681 39681
14802 14864
13204 13260
47042 47860
31688 31998
36194 36595
5092 5160
22006 23260
38521 38521
14402 14728
9502 10120
23262 23427
35110 35264
26802 27184
39186 39560
29322 29728
9741 9741
34930 35040
14402 14728
20238 20476
16592 16768
35110 35264
37514 37888
14402 14728
5714 5824
25647 26500
15354 15549
40986 41100
26192 26272
12614 12750
16770 16864
45442 45676
18501 18501
41982 42338
47042 47860
27877 28190
41982 42338
45871 45871
25874 26129
25874 26129
39562 39960
9502 10000
5318 5425
37312 37416
6753 6753
35562 35900
48774 48944
16417 16417
162 404
15354 15549
26402 26500
8601 8601
28854 28990
16322 16404
40001 40001
44998 45120
21347 21488
11772 12032
38722 38930
34066 34160
13341 13341
40458 40488
17022 17120
11202 11248
19802 19995
15354 15549
43112 43360
802 890
4641 4641
8645 9340
26402 26500
33914 34043
8645 9340
4016 4310
46106 46248
13046 13202
15011 15352
36202 36280
37001 37001
34320 34720
22130 22461
20970 21090
43202 43360
47042 47696
33495 33664
47042 47696
3378 3682
24402 24490
13565 13904
14402 14728
20238 20476
33389 33493
10991 10991
26502 26744
5162 5316
29322 29504
30466 30750
37042 37310
7502 7612
36806 37030
162 404
39186 39560
27632 27737
37890 37950
15551 15704
34852 34928
14022 14080
9450 10120
28498 28656
25521 25521
4857 4938
46976 47008
27234 27344
26274 26322
31690 31938
3492 3682
46002 46094
29506 29600
30082 30240
30466 30720
42209 42209
20970 21090
40402 40456
48158 48440
45852 46000
15976 16095
45852 46000
8512 8643
33311 33387
45122 45292
8890 9340
30597 30597
33495 33664
16152 16320
47862 47938
43112 43185
24922 25200
4016 4310
28402 28496
22818 23192
45122 45292
19562 20476
1682 1742
41102 41461
43112 43185
43601 43601
33101 33101
582 624
44540 44705
27632 27737
43450 43552
802 890
5488 5824
27401 27401
14402 14724
43682 43912
25202 25368
40986 41072
15551 15704
3492 3682
14866 15000
36282 36550
34552 34600
16152 16320
22674 23192
41102 41461
32161 32161
34852 34928
27980 28140
36282 36550
27542 28190
97 97
26502 26922
27201 27201
16770 16840
41102 41461
1121 1121
5092 5154
18191 18581
19601 19601
22152 22461
8512 8643
21347 21488
40961 40961
27542 27596
41463 41775
39474 39560
48774 48944
46868 46974
4461 4461
5162 5280
47502 47686
39562 39960
2762 2824
11928 12013
1 12500
29142 29316
13441 13441
48002 48040
34552 34600
13952 14020
42802 42952
4786 4816
22818 23192
4718 4784
7592 7612
40812 40880
36806 37030
46361 46361
21772 21810
1074 1088
22152 22461
18961 18961
31252 31600
12034 12146
18191 18581
26402 26500
2244 2312
2602 2760
6282 6355
24143 24143
26274 26322
32478 32512
18976 19050
28802 28852
46156 46248
19797 19995
22152 22461
4718 4816
36806 37030
47601 47601
45442 45644
34663 34663
20902 20952
5826 5960
9484 9965
12937 12964
15706 15974
42220 42338
25202 25368
24565 24720
10834 10950
892 1000
19997 20080
17427 17500
2467 2592
1562 1651
14049 14049
35110 35204
16801 16801
38705 38705
23748 24500
42402 42440
22674 22816
41102 41440
8338 8378
27346 27536
22962 23192
26131 26190
25647 25783
46882 46974
45852 46000
26131 26190
22822 22960
40812 40880
406 560
17618 17800
34162 34248
29142 29280
3745 3745
33841 33841
33389 33493
44114 44538
45302 45360
34969 35040
7502 7590
5826 5960
2561 2561
16172 16448
24802 24880
27980 28140
39982 40240
19689 19689
6362 6525
37142 37184
41905 41905
9967 10064
7261 7590
20401 20401
18626 18696
33127 33189
10617 10800
6042 6156
5281 5281
48226 48440
14561 14561
17571 17616
582 624
32832 32896
24042 24160
48698 48740
41477 41504
44114 44363
29730 29892
9342 9448
49090 49168
40242 40304
1752 1816
10391 10391
37890 37950
14342 14380
35638 35824
34628 34720
21885 21885
40543 40625
20082 20200
31485 31485
42002 42160
2856 2902
5318 5409
2467 2592
1932 2024
29730 29892
30752 30944
39818 39960
4016 4240
412 560
47688 47860
14250 14320
22006 22128
40812 40880
3361 3361
32922 33080
1160 1232
49202 49320
36386 36540
29901 29901
3713 3713
20712 20770
1506 1560
29506 29600
19647 19754
21186 21280
48546 48572
6777 6777
12234 12304
17702 17800
14730 14832
42162 42218
18092 18189
7270 7352
2762 2824
46106 46154
16702 16768
3684 3894
47946 48040
48574 48664
16501 16501
32288 32460
36806 37030
11772 11926
43554 43580
10202 10600
1562 1651
27346 27540
29506 29600
10169 10169
20321 20321
20381 20381
321 321
892 1000
31250 31280
40002 40152
37713 37810
14776 14776
47502 47686
4242 4310
21092 21152
22152 22435
38842 38856
38301 38301
44802 44877
43631 43631
23701 23701
15408 15409
27739 27784
22001 22001
21347 21488
3226 3264
31690 31938
49366 49640
12752 12935
22369 22369
36752 36780
24322 24400
48201 48201
35982 36150
44272 44363
42442 42585
22152 22435
38530 38720
30019 30240
14881 14881
1346 1440
40154 40200
12306 12380
3226 3264
42802 42930
4881 4881
3026 3224
49882 50000
22962 23192
32202 32286
33917 33917
46761 46761
29402 29504
33495 33664
30019 30240
17890 18090
5043 5154
19797 19995
21201 21201
17618 17700
13574 13712
45442 45644
39342 39472
26552 26744
25647 25783
33001 33001
29730 30017
23429 23695
3492 3682
40812 40880
3106 3224
6242 6280
2026 4310
14146 14195
49882 50000
412 580
21042 21090
36274 36384
649 649
14402 14520
9642 9754
7261 7268
22593 22593
18961 18961
30140 30240
18850 18974
6545 6545
27452 27540
15201 15201
11362 11392
47244 47500
35206 35264
26192 26272
25370 25517
10122 10144
48002 48112
44882 44934
40436 40488
45521 45521
26888 26922
28593 28593
13204 13510
38722 38826
3684 3880
291 291
40689 40689
43730 43912
13075 13120
1882 1930
45951 45951
37952 37980
7502 7590
43682 43728
5162 5316
42340 42360
20001 20001
13075 13120
30752 30860
29402 29504
33127 33189
24462 24480
47862 47938
39234 39340
45732 45850
31241 31241
48442 48500
3684 3880
43554 43669
36152 36192
26131 26190
23270 23351
5962 7089
15402 15500
9201 9201
28127 28140
25001 25001
40543 40625
46882 46974
23561 23561
33202 33224
35201 35201
19201 19201
1688 1742
8177 8280
11522 11648
6961 6961
12881 12881
38018 38080
11682 11730
26192 26322
26192 26322
30082 30138
2467 2582
8177 8280
35074 35108
33914 33960
26813 26886
21002 21090
49000 50000
42444 42480
30301 30301
16850 16864
4386 4508
2326 2408
9836 9837
6362 6525
13122 13178
7792 7840
16417 16417
33001 33001
14730 14832
30434 30464
2467 2560
11058 11147
14322 14360
25027 25200
32497 32512
8177 8280
10072 10185
24561 24561
14721 14721
6801 6801
15601 15601
35443 35584
4999 4999
31062 31248
44769 44769
22200 22461
20402 20456
16200 16222
32066 32125
11865 11865
35982 36150
24925 24925
47244 47318
7402 7460
35826 35900
16770 16840
46258 46276
19562 19645
39738 39800
13361 13361
30466 30600
38401 38401
15408 15409
22130 22150
29202 29248
15298 15352
26192 26322
46422 46582
45722 45850
34751 34751
18585 18585
27841 27841
16522 16548
48214 48224
18698 18740
47244 48112
47244 47318
32720 32736
4277 4310
24705 24705
44114 44176
35951 35951
3338 3424
26813 26886
30641 30641
36152 36192
26501 26501
14781 14781
22657 22672
19852 20235
24042 24160
36693 36725
20601 20601
35327 35386
24414 24550
26552 26744
14001 14001
4940 5029
42266 42338
25370 25517
35607 35636
13204 13504
5650 5824
1478 1504
5488 5648
4376 4384
7982 8093
23810 23920
27877 27978
41737 41764
6362 6525
13441 13441
46736 46737
37681 37681
45081 45120
8177 8280
17592 17616
29016 29030
28658 28670
19201 19201
12618 12750
36002 36150
21214 21275
12937 12964
45930 45944
29016 29030
45852 45928
43817 43920
9678 9754
42372 42424
28882 28978
5231 5316
47320 47500
47244 47318
20801 20801
2562 2582
12289 12289
26930 27063
29962 30017
32690 45664
24922 24992
15551 15615
3553 3553
41074 41112
45001 45079
2467 2560
14646 14704
14602 14624
33569 33569
14866 14975
9646 9676
20310 20456
25532 25575
14730 14832
3492 3682
4684 4710
38191 38191
16200 16222
24210 24300
47761 47761
46001 46001
16450 16520
46329 46329
26394 26630
4594 4624
36964 37027
40001 40001
7761 7761
17994 18090
30082 30138
7761 7761
25804 25812
18001 18001
18401 18401
34631 34631
25202 25320
41818 42360
31491 31664
14834 14849
46290 46352
1506 1521
18538 18581
10617 10750
5001 5001
28445 28615
45761 45761
12937 12964
39822 39880
43136 43185
32018 32125
25370 25494
47441 47441
28882 28948
39617 39617
12609 12609
25027 25152
45401 45401
892 1015
7844 7855
5488 5596
19689 19689
24210 24300
42802 42900
39501 39501
24042 24160
26192 26322
10481 10481
6734 6770
48143 48143
38134 38286
21214 21275
5231 5316
23362 23427
13906 13950
22014 22128
9646 9670
26001 26001
43817 44072
23761 23761
45852 45920
22437 22461
30321 30321
49366 49460
45946 46040
29962 29976
37051 37051
38609 38609
21361 21361
28369 28369
1241 1241
38594 38822
47585 47585
49281 49281
16572 16595
44442 44538
38018 38088
4061 4061
35982 36150
23382 23427
43817 44033
33311 33378
13574 13712
26506 26550
47862 47938
16226 16300
10752 10832
49825 49850
34381 34381
15982 16064
1786 1816
26131 26190
7270 7392
1681 1681
37212 37260
33477 33493
26908 26922
48337 48337
34978 35108
10752 10832
14977 15009
28882 28948
33402 33475
46882 46925
49553 49553
17618 17710
2584 2592
43054 43054
37265 37265
7761 7761
39562 39620
7857 7916
47001 47001
3380 3490
14250 14360
12706 12750
6430 6525
46106 46144
47946 48112
8021 8021
46961 46961
30140 30240
25814 25861
45001 45060
9361 9361
20402 20456
39738 39800
47433 47433
12601 12601
34890 34896
47517 47600
45666 45676
30641 30641
12914 12935
41477 41735
20712 20745
38858 38916
22437 22461
25026 25320
7166 7200
19801 19801
34628 34720
36842 36962
19730 19754
43450 43500
11778 11830
25041 25041
40729 40729
39106 39133
31690 31780
32202 32286
41876 41876
3521 3521
25793 25793
5231 5316
24913 24913
38352 38378
7051 7051
26301 26301
21154 21184
19394 19410
29201 29201
4001 4001
9967 10065
39452 39472
9716 9897
18242 18536
34162 34475
24322 24354
23512 23568
42372 42424
5082 5154
31062 31240
46354 46405
18130 18150
21902 21924
17082 17130
39501 39501
25001 25001
21214 21224
10072 10120
6881 6881
34610 34626
23505 23505
28321 28321
7498 7590
6042 6170
35762 35860
3380 3456
21474 21488
49201 49201
8626 8643
9716 9897
38161 38161
36170 36192
5201 5201
34046 34087
33702 33792
21601 21601
49121 49121
7270 7392
40360 40434
21706 21706
13512 13632
81 82
9899 9965
321 321
12401 12401
33226 33290
20933 20933
21601 21601
29321 29321
13041 13041
23270 23351
25968 26057
38980 39020
36759 36764
18001 18001
30602 30632
36002 36150
9967 10000
36693 36725
1392 1476
30762 30854
2618 2638
14058 14100
24356 24390
32127 32160
21847 21898
22962 23268
38801 38801
47698 47766
47810 47860
7563 7563
81 82
29142 29181
43401 43401
43874 44033
22001 22001
39121 39121
11438 11520
13204 13248
18113 18113
13402 13504
62 165
29233 29233
34552 34570
40321 40321
48241 48242
43681 43710
26324 26392
40436 40488
42802 42880
13952 13989
23890 23920
39202 39232
24687 24687
36017 36017
1562 1616
1945 2024
47090 47126
46882 46925
2496 2582
47610 47624
27351 27351
39441 39441
9646 9670
37960 37960
36274 36384
46407 46420
14514 14600
45946 46094
10002 10065
49506 49640
45666 48998
25027 25152
21566 21636
10145 10145
46741 46741
21401 21401
8962 9094
42592 42658
34744 34850
23429 23510
44562 44705
33926 33944
31282 31489
45615 45615
32288 32352
31522 31575
19562 19960
25877 25920
14730 14760
7982 8093
17031 17080
28002 28044
44421 44421
25370 25494
28851 28914
29732 29750
12386 12412
1090 1115
30001 30001
15172 15296
16314 16374
18815 18815
39562 39736
6630 6688
15753 15753
2230 2416
14866 14930
27186 27229
342 404
37514 37588
37190 37210
28254 28300
19602 19645
7270 7392
43401 43401
43146 43185
5650 5710
44562 44600
24578 24625
36552 36595
30019 30138
49090 49148
1562 1616
40910 40966
38369 38369
4513 4513
14709 14709
31940 31998
6001 6001
33277 33277
15814 15930
17482 17516
24147 24147
19352 19392
31782 31938
38751 38751
31282 31489
38673 38673
45701 45701
49201 49201
41194 41240
6130 6170
49401 49401
36561 36561
6286 6319
1786 1800
33506 33558
23841 23841
3526 3526
9881 9881
12234 12380
41177 41192
26394 26452
24001 24001
36402 36464
42251 42251
6529 6538
15172 15296
19562 19600
37441 37441
8162 8675
30019 30138
40401 40401
25647 25760
167 207
4426 4480
20494 20535
49906 49930
27980 28190
4005 4005
24082 24192
46641 46641
18001 18001
34346 34475
5712 5824
38594 38822
30001 30001
20082 20215
46106 46144
46049 46049
27877 27936
10935 10935
7201 7201
3266 3296
18801 18801
1478 1692
15801 15801
7121 7121
33702 33792
47810 47860
49000 49364
8526 8552
34226 34475
47801 47801
10652 10740
48306 48378
21474 21564
7281 7281
40154 40224
33633 33633
47244 47318
22674 22700
34226 34248
13169 13169
17449 17480
27682 27720
9484 9538
12752 12912
242 340
42850 42880
21961 21961
37514 37588
43681 43710
17521 17521
43718 43815
14418 14512
2096 2125
33702 33856
3841 3841
23099 23180
4016 4070
1478 1692
25762 25780
17272 17342
31491 31575
37041 37041
13634 13712
20401 20401
40801 40801
23972 24040
11438 11560
13537 13537
34305 34305
39982 40080
7212 7259
18772 18792
39276 39316
488 513
24337 24337
32913 32913
33593 33593
39521 39521
22985 23056
43252 43300
20401 20401
49793 49793
30562 30580
38833 38833
21946 22004
36401 36401
10901 10920
19761 19761
16637 16700
1041 1041
46801 46801
11502 11560
21041 21041
32288 32352
25027 25136
19457 19457
1346 1390
19962 19995
9967 10042
38161 38161
9377 9440
41477 41764
42982 43045
17985 17985
13282 13400
10072 10120
46113 46113
12752 12912
12797 12797
17901 17901
42902 42929
41918 42080
17031 17080
15402 15424
7706 7724
30641 30641
12593 12593
33441 33441
31761 31761
31098 31240
4072 4160
22275 22275
15067 15088
2001 2001
9001 9001
29807 29976
45946 46094
5258 5316
43252 43295
19562 19590
45090 45120
49192 49320
4449 4449
10674 10740
46278 46288
24054 24080
11937 11937
31501 31501
16376 16404
24302 24320
39474 39480
20082 20215
5462 5466
16902 16936
24054 24080
41392 41406
7270 7392
28116 28190
13261 13261
14593 14593
43252 43295
15172 15296
2674 2752
20997 21064
17681 17681
21649 21649
20521 20521
38161 38161
23041 23041
37921 37921
26682 26744
14961 14961
15298 15336
10471 10471
30352 30364
26022 26057
26983 27096
20537 20592
33477 33493
41298 41390
16001 16001
13991 14020
34522 34530
43817 43872
23099 23180
40351 40351
13714 14081
47244 48112
16172 16198
8321 8321
14514 14624
40107 40122
4426 4480
13301 13301
41078 41112
49345 49345
29978 30017
41521 41521
32501 32501
26689 26689
3376 3377
47841 47841
7058 7089
9140 9168
38161 38161
46927 46980
44961 44961
13289 13289
45251 45251
33982 34033
10546 10613
22073 22073
1166 1232
44552 44656
46751 46751
21242 21274
11457 11457
26601 26601
45876 45876
6530 6608
5156 5188
49052 49088
17841 17841
18646 18696
1166 1232
7402 7440
8464 8465
22480 22530
28561 28561
49697 49784
48338 48375
37934 37950
31465 31489
2904 2994
39027 39056
45809 45809
38000 38001
27429 27429
26908 26928
30882 30944
23591 23591
17601 17601
30065 30065
38801 38801
47901 47901
21776 21777
31841 31841
45302 45360
35042 35108
1994 2024
36806 36840
21133 21133
43521 43521
27750 27784
34652 34720
401 401
45952 46078
30140 30194
17802 17902
209 308
2873 2873
34537 34537
44258 44357
37514 37588
7992 8093
3492 3564
6357 6428
47698 47766
24602 24625
24851 24851
27681 27681
4510 4536
15313 15313
11625 11625
41918 41970
31690 31720
12210 12250
34250 34318
29501 29501
25057 25064
35638 35648
6810 6876
8512 8516
43187 43200
3954 4014
33870 33912
28402 28420
25647 25760
38177 38286
42002 42116
7833 8160
26632 26670
11772 11776
6569 6608
44370 44490
43282 43295
27141 27141
46049 46049
20082 20215
49022 49025
43721 43721
17031 17080
9140 9168
48385 48385
488 1064
33914 33944
4386 4508
21581 21581
7761 7761
14945 14945
39618 39620
12306 12380
29338 29504
36194 36352
38980 39000
9540 9629
39433 39433
7221 7221
27980 28040
48253 48253
34641 34641
30373 30373
32162 32200
34252 34290
13482 13504
49441 49441
34913 34913
39276 39316
17201 17201
41078 41112
7592 8560
48380 48478
45362 45440
18728 18770
16597 16784
43521 43521
14049 14049
9899 9965
40602 40625
27201 27201
8645 8652
18850 18880
23429 23500
2801 2802
23441 23441
9899 9965
11601 11601
658 688
46042 46078
38018 38062
31052 31240
14721 14721
41078 41112
26751 26751
44035 45080
4575 4576
19921 19921
48033 48033
32446 32475
23429 23510
1362 1390
7311 7311
24107 24192
11650 11660
22877 22896
46501 46501
11281 11281
37632 37656
16438 16480
9646 9670
33651 33651
19921 19921
20998 21064
19300 19332
38666 38822
2496 2560
48561 48561
20712 20745
49462 49592
35327 35348
37441 37441
48062 48140
47982 48042
1694 1705
23972 24040
5190 5229
48698 48706
47138 47160
22001 22001
761 761
30490 30560
43001 43001
11961 11961
30106 30138
23161 23161
26862 26872
48809 48809
3458 3490
12593 12593
45890 45928
21566 21636
22113 22113
2070 2086
37212 37260
37782 37810
4016 4070
1509 1509
40986 41026
28251 28251
4002 4014
17776 17902
13922 14026
49842 49850
29090 29120
12644 12700
40921 40921
37358 37392
30882 30944
45002 45060
42426 42440
17082 17130
42982 43045
46641 46641
23526 23574
43441 43441
865 865
48126 48126
24671 24671
2801 2802
14250 14644
16314 16374
19672 19728
22822 22875
45201 45201
3702 3720
34978 35038
49932 50000
46736 46737
19562 23639
44258 44350
20998 21064
8801 8801
26674 35230
24107 24228
19218 19270
5265 5265
48801 48801
38847 38916
16572 16595
12041 12041
19672 19728
36042 36150
7491 7491
32066 32125
10441 10441
45137 45137
22437 22461
22463 22478
29042 29055
23882 23888
23922 23952
21277 21284
21373 21373
30017 30017
37632 37656
12769 12912
11001 11052
42592 42699
36964 36984
40124 40152
26161 26161
13282 13400
37290 37310
23825 23825
31250 31291
28482 28554
38561 38561
1041 1041
18422 18440
18538 18581
17241 17241
35232 35976
44401 44401
41818 41916
6569 6634
14977 15009
48862 48900
34901 34901
2702 2750
46225 46225
49052 49088
21141 21141
44605 44605
30405 30405
37601 37601
10522 10544
3882 3894
21201 21201
13634 13700
26611 26611
21616 21617
11001 11001
45957 45990
9170 9248
37241 37241
49906 49930
9561 9561
26905 26905
17592 17682
35667 35774
28254 28339
48001 48001
3566 3682
44752 44759
37561 37561
1752 1784
12966 14666
10232 10300
5962 6000
42954 42968
12801 12801
24874 24992
43136 43168
2768 2792
28801 28801
16572 16595
412 432
31201 31201
5802 5824
49506 49584
16369 16369
7501 7501
8772 8800
32190 32203
34454 34475
47626 47656
34231 34231
29601 29601
27544 27552
5156 5175
27130 27229
38460 38472
17714 17752
34322 34344
25272 25312
5993 5993
48062 48079
13512 13526
31522 31575
24482 24490
21847 21898
41721 41721
48577 48577
21206 21224
38101 38101
36750 36757
1547 1563
7212 7259
32477 32570
42442 42480
41918 41970
46422 46548
45729 45729
30405 30405
37427 37450
40401 40401
14161 14161
37212 37260
3661 3661
3954 4070
13594 13632
16550 16570
13844 13851
47147 47147
39121 39121
15822 15920
47698 47754
38946 39056
20001 20001
12801 12801
28046 28080
39602 39616
9457 9457
7058 7089
20651 20690
45127 45160
47067 47088
14191 14195
31888 31938
16961 16961
35484 35545
15090 15115
31062 31096
20928 20955
6094 7089
40502 40541
2721 2721
12148 12160
47982 48020
31117 31117
39850 39880
24161 24161
35393 35393
16550 16570
38521 38521
17062 17080
8221 8221
9170 9248
43218 43295
3174 3220
15354 15502
4601 4601
11832 11864
1858 1904
19534 19590
28401 28401
4401 4401
46151 46151
32429 32429
47982 48020
26227 26322
22501 22501
37514 37588
20201 20201
17741 17741
44908 44934
35042 35108
29997 29997
22911 22911
49000 49088
47698 47750
38460 38472
36727 36748
36194 36352
19196 19209
28931 28931
41177 41192
38546 38792
28851 28912
13634 13712
13642 13700
37376 37376
18001 18001
19352 19436
14197 14240
23782 23850
35667 35760
10834 10850
15706 15724
5826 5840
34031 34031
47452 47515
41177 41296
35982 36040
24431 24431
12490 12578
10232 10300
3174 3220
10674 10740
30627 30700
17684 17690
7681 7681
26161 26161
41552 41648
40633 40680
19730 19750
42932 42952
23882 23888
30196 30260
24062 24080
47411 47450
42338 42585
15640 15672
37281 37281
33771 33792
2042 2048
10529 10529
23429 23500
36194 36352
15661 15661
9989 9989
44707 44728
30601 30601
32161 32161
1458 1476
42169 42169
38980 39000
9701 9701
10313 10368
11702 11792
5002 5029
25634 26672
8677 9776
38521 38521
49625 49626
26192 26225
1160 1322
18850 18880
13265 13265
3001 3001
15978 16063
5522 5602
44942 44996
44096 44097
21812 21840
7153 7153
5190 5229
35312 35325
45362 45476
38561 38561
40648 40680
12081 12081
582 832
6036 6092
22985 23056
42902 42912
5621 5621
13800 13856
32738 32750
32922 33040
19858 19895
11968 12013
9257 9482
43613 43613
62 165
43601 43601
18081 18081
27877 27930
44961 44961
13901 13901
24737 24737
22657 22672
17904 18034
31782 31848
13906 13936
31841 31841
43836 43872
41354 41390
37312 37356
40442 40464
3001 3001
14102 14144
35327 35348
1941 1941
13201 13201
44593 44593
6710 6718
31841 31841
25121 25121
23330 23351
42049 42050
42705 42705
49000 49160
45326 45360
24578 24625
14626 14644
2702 2750
4961 4961
43718 43792
27542 28190
23576 23615
41601 41601
20391 20456
1326 1335
17978 17992
49622 49640
26241 26241
11801 11801
38625 38625
16314 16595
19001 19001
2521 2521
9678 9776
19682 19895
34641 34641
8209 8250
30946 30960
27452 27520
31962 31998
29521 29521
28916 29181
47517 47560
21321 21321
777 800
29257 29306
20712 20745
18422 18440
29133 29181
30019 30104
6321 6321
9191 9191
28301 28301
48480 48580
25866 25866
29978 30017
12812 12875
38321 38321
39961 39961
45501 45501
37358 37375
7270 7280
43212 43280
36317 36352
38641 38641
406 432
6751 6751
35721 35721
30627 30721
12877 12912
1273 1273
39027 39056
21877 22012
9540 9576
41304 41352
24492 24508
16270 16312
27065 27096
15997 15997
30946 30960
38625 38626
5691 5691
17321 17321
7512 7572
43617 43617
35501 35501
28786 28849
9321 9321
44370 44480
12812 12875
35607 35648
48481 48481
34978 35108
4801 4801
17473 17473
1166 1225
18021 18021
22682 22800
21021 21021
42276 42304
45692 45704
45930 45944
32622 32642
35586 35600
62 165
37857 37857
15674 15688
35200 35201
49098 49148
3458 3490
31697 31697
42932 42952
23958 23970
41901 41901
34930 34967
8056 8093
11928 16170
40360 40408
43836 43872
22081 22081
44814 44877
43282 43295
6942 6955
27542 28190
4277 4288
13922 13936
20658 20677
39452 39472
22682 22800
30856 31016
46584 46665
33876 33876
11169 11169
19730 19754
16682 16764
32351 32351
10321 10321
36986 37060
9540 9576
19073 19073
14977 15003
29257 29260
30366 30412
20151 20151
7662 7675
26401 26401
9170 9250
19730 19754
20001 20001
36766 36780
15361 15361
7726 7752
6401 6401
942 976
15649 15649
13837 13837
1580 1616
40226 40307
15819 15819
26656 26657
47521 47522
45802 45850
24161 24162
39801 39801
23796 23796
18306 18420
37170 37188
4841 4841
28881 28881
47721 47721
7212 7258
22041 22041
38376 38376
41408 41461
20754 20770
16001 16001
25987 26057
2326 2340
41821 41821
777 806
3492 3564
49366 49435
25877 25970
5712 5760
20561 20561
15640 15704
29682 29725
39774 39815
29978 30017
18920 18963
19858 19895
45969 45969
35901 35901
40502 40541
49506 49536
8817 8817
37190 37210
43450 43470
16498 16548
11546 11560
26874 26880
30361 30361
3458 3490
37505 37507
41124 41130
46427 46548
43906 44033
5874 6092
49242 49246
3257 3257
33242 33265
33267 33290
31601 31601
16438 16490
7058 7089
44502 44538
37441 37441
37501 37501
49389 49389
11546 11560
310 340
34262 34290
44370 44450
14668 14710
31657 31700
30490 30496
8002 8054
39632 39700
38824 39056
6012 6032
25386 25431
1565 1578
11630 11926
6184 6272
35206 35232
42011 42011
35078 35108
23972 24040
25987 26057
8772 8832
2374 2408
26761 26811
11961 11961
3126 3126
30751 30751
20862 20888
12825 12825
1841 1841
6311 6311
42350 42356
28225 28225
47761 47761
39967 39996
10501 10501
10772 10792
8081 8081
24082 24105
27002 27063
5318 5376
7018 7056
7601 7601
24551 24551
46868 46925
31098 31108
24846 24872
16492 16578
17601 17601
4209 4209
30019 30104
7878 7916
4461 4480
20961 20961
546 580
6810 6835
30151 30151
45761 45761
18161 18161
30817 30817
19337 19337
4002 4070
35206 35240
48961 48961
30601 30601
1478 1504
21946 22004
1882 1904
34628 34674
8400 8401
25351 25351
4102 4125
15551 15590
48527 48530
19997 20060
17500 17516
4798 4820
6061 6061
8645 8648
46816 46817
48742 48772
41527 41550
36650 36670
27201 27201
34192 34216
16265 16266
29954 29976
41972 42075
43718 43750
30114 30138
30254 30260
15005 15009
4041 4041
23285 23328
30862 30920
18920 18963
21242 21274
10922 10952
15074 15088
42118 42188
23127 23198
16224 16268
25201 25201
49233 49233
29793 29793
62 156
10090 10112
34321 34321
33887 33924
18521 18521
25121 25121
25681 25681
18529 18529
44781 44781
36242 36315
42353 42353
25281 25281
23142 23192
25272 25312
12702 12750
28337 28337
33102 33536
12711 12711
49697 49784
27777 27780
43472 43550
15541 15541
29338 29400
12386 12412
7486 7486
6481 6481
42741 42741
8992 9122
29898 29908
25586 25606
6957 7016
35751 35751
18920 19168
18450 18536
23801 23801
22930 22940
44788 44812
45482 45550
9802 9835
47841 47841
14882 14920
23752 23776
14261 14261
47017 47108
2178 2218
16087 16095
11546 11560
39998 40032
10001 10001
36072 36480
26192 26392
39562 39630
46601 46601
10822 10870
44857 44857
19912 19950
15382 15400
33953 33953
2541 2541
16938 16952
19490 19506
11546 11560
19672 19728
19565 19565
5722 5760
11201 11201
44001 44001
17599 17599
40681 40681
3801 3801
20982 20995
16050 16063
21847 21875
2321 2321
15722 15724
30182 30194
16097 16097
16492 16570
3857 3857
1547 1692
24414 24488
16017 16017
43906 43960
21651 21651
10660 10740
41681 41681
15162 15336
18538 18581
46183 46183
5402 5409
45482 45550
32082 32120
22321 22321
19730 19754
27002 27063
27338 27376
45992 46040
41901 41901
44452 44480
11001 11052
7201 7201
34301 34301
48774 48808
35712 35760
42931 43045
18001 18001
3585 3585
7698 7790
48253 48253
22273 22273
38801 38801
48427 48427
18036 18076
15001 15001
22067 22067
10831 10831
36693 36748
6501 6501
21041 21041
24846 24872
26968 26981
24401 24401
15649 15649
3146 3164
35501 35501
48480 48640
30041 30041
3201 3201
31098 31148
18130 18150
35110 35325
16131 16131
40481 40481
39632 39700
25837 25875
23752 23776
8981 8981
19473 19473
37592 37630
19089 19089
26641 26641
43726 43726
25647 25752
21361 21361
30450 30488
12034 12096
20270 20271
25172 25212
26721 26721
27761 27761
34161 34161
41001 41001
39632 39700
31456 31457
46501 46501
37041 37041
15649 15649
5651 5702
5156 5229
42529 42529
41552 41586
42931 43210
43601 43601
5156 5200
48246 48296
28481 28481
20651 20651
19461 19461
33771 33792
13540 13552
1549 1549
37474 37512
19997 20049
11846 11864
46751 46751
8841 8841
38118 38150
19592 19632
12274 12380
11170 11221
23001 23001
30627 30672
25610 25640
2601 2601
6113 6113
42801 42801
47258 47318
912 950
36001 36001
42932 42952
11041 11041
29102 29120
34827 34864
39774 39802
43761 43761
34814 34825
27672 27696
35408 35441
15402 15424
37390 37450
34226 34248
39542 39552
44656 44657
2314 2324
2601 2601
22014 22124
47622 47624
10522 10770
20105 20106
17201 17201
9471 9471
1234 1256
365 365
29582 29667
29217 29246
17761 17761
6416 6524
22001 22001
40001 40001
28116 28190
36932 36950
17778 17800
36881 36881
11546 11591
34641 34641
27302 27332
912 950
10327 10368
47051 47051
7201 7201
29807 29824
38666 38720
10817 10817
37394 37450
49211 49240
39354 39380
30450 30488
49506 49536
22014 22124
44331 44331
29057 29130
46857 46866
27561 27561
2768 2792
22761 22761
40833 40833
22014 22124
15822 15830
1234 1256
46601 46601
976 976
26791 26791
40945 40945
23858 23920
28521 28521
81 82
4521 4521
31362 31416
5488 5520
69 69
37051 37051
26149 26149
9578 9629
10622 10658
8872 8880
7402 7424
28341 28349
18452 18536
8485 8485
5041 5041
38201 38201
38071 38071
49297 49297
5727 5760
25647 25752
13315 13376
39027 39040
31465 31488
33887 33924
23214 23260
35162 35310
11968 12013
47592 47620
1 16
22674 22806
1781 1781
21928 22004
633 633
7833 8488
49405 49435
49188 49190
4601 4601
32066 32188
35408 35441
23185 23185
6177 6177
23101 23102
19592 19657
37732 37736
24001 24040
7992 8054
20692 20710
29281 29281
346 404
11001 11052
13471 13471
30816 30854
21489 21489
881 881
49151 49151
28042 28083
42161 42161
24833 24833
3501 3501
19981 19981
1701 1701
22646 22896
21141 21141
43838 43904
31601 31601
34201 34201
32176 32177
22352 22560
14298 14320
3422 3440
42561 42561
43126 43126
34169 34169
4974 5029
28433 28433
37953 37953
20541 20541
23972 23999
23441 23441
28061 28061
17751 17751
47332 47376
19952 19960
21812 21840
4809 4809
37062 37070
12701 12701
24846 24872
45001 45043
30801 30801
7794 7826
36101 36101
12225 12225
21696 21697
48048 48079
29016 29020
17198 17270
23366 23427
44161 44161
16270 16296
35681 35681
14601 14601
14721 14721
43861 43861
30182 30264
32945 32945
20826 21064
48946 48998
7402 7424
32018 32060
20692 20710
46258 46270
21609 21609
30366 30412
32253 32253
27261 27261
35951 35951
47946 47958
12222 12232
35569 35570
37281 37281
9901 9901
34070 34146
28254 28339
14330 14330
32377 32420
15172 15288
49486 49504
12609 12609
31505 31505
18772 18835
12797 12810
12274 12380
28657 28657
48854 48880
38742 38792
15857 15920
25647 25752
32066 32188
48396 48478
44301 44301
18772 18792
30881 30881
48161 48161
45204 45224
32281 32281
30450 30488
28132 28190
13153 13153
35982 36040
43609 43669
42512 42550
35547 35605
39813 39813
49409 49409
26736 26737
8282 8336
34401 34401
26921 26921
5421 5421
27473 27473
42442 42484
39554 39560
32651 32651
17761 17761
3553 3553
42852 42929
20941 20941
10861 10861
46661 46661
37182 37356
4041 4041
42982 43106
10901 10920
16002 16012
12961 12961
19485 19488
13010 13040
19921 19921
23173 23174
15426 15464
9778 9835
26809 26809
27453 27488
8104 8136
38650 38664
34897 34897
44689 44689
12417 12417
2373 2373
2178 2218
35443 35452
35042 35056
14080 14081
7745 7745
28382 28420
11217 11217
5121 5121
46189 46190
15117 15128
19112 19123
14418 14450
11452 11488
14122 14450
31347 31408
17776 17902
3713 3713
12924 12935
16241 16241
36621 36621
41361 41361
30561 30561
23142 23192
5301 5302
46462 46548
15501 15501
19258 19270
2929 2929
44561 44561
20105 20161
19912 19950
3841 3841
31401 31401
25057 25084
38625 38625
21893 21893
48098 48140
17692 17710
43351 43351
12644 12690
27250 27258
5488 5586
62 148
1850 1875
27154 27170
7761 7761
44601 44601
7489 7489
6094 6319
20283 20344
14370 14395
31465 31488
28046 28083
23594 23615
5806 5806
31601 31601
11721 11721
4822 4826
16449 16449
8701 8701
32527 32576
17425 17425
20494 20523
21681 21681
37456 38185
45441 45441
15141 15141
5651 5702
34641 34641
47721 47721
17832 17890
17771 17771
7961 7961
49318 49348
20712 20745
23972 23999
39416 39450
46421 46421
31176 31177
14913 14913
46042 46078
15601 15601
49932 49980
17062 17160
40556 40575
40577 40625
9370 9392
17233 17233
34401 34401
35058 35064
31113 31113
16914 16928
62 148
20826 20840
1001 1001
17964 17976
23729 23729
4876 4876
22284 22341
32527 32550
2401 2401
22898 22900
26585 26585
47434 47620
10082 10185
29402 29522
4369 4369
1101 1101
29090 29120
42191 42191
30770 30800
25272 25312
13858 13890
1994 2024
8751 8751
35547 35584
45666 45950
41601 41601
16642 16711
25554 25578
43593 43607
5905 5905
18322 18420
17501 17501
11164 11360
30711 30711
34021 34021
28212 28232
14322 14604
25647 25752
3025 3025
36801 36801
48601 48601
1251 1251
1994 2024
6122 6128
37361 37361
37617 37617
19321 19321
48461 48461
39452 39472
7091 7130
33257 33257
10206 10230
36137 36137
40172 40192
35607 35620
32461 32461
29807 29824
34425 34426
39729 39729
29318 29324
33565 33565
45374 45476
13901 13901
25586 25600
8721 8721
33601 33601
23441 23441
40360 40392
7261 7590
2401 2401
26071 26071
43521 43521
34041 34041
42353 42353
26077 26108
4318 4344
22517 22530
42778 42850
34070 34146
41304 41352
17491 17491
33497 33497
40271 40271
41777 41796
38841 38841
1991 1991
24241 24241
12609 12609
19541 19541
29937 29937
44252 44640
33372 33387
8677 8736
622 642
30545 30545
21347 21424
36693 36725
16786 17029
15022 15065
8049 8049
17964 17976
35607 35620
28382 28420
12501 12501
3458 3490
22521 22521
27728 27904
13506 13602
13991 14016
38429 38429
11452 11488
12881 12881
20361 20361
6569 6624
32121 32121
16481 16481
49751 49751
23185 23185
2369 2369
11677 11700
29985 29985
26761 26811
35361 35361
33637 33637
24321 24321
38746 38776
23366 23427
33870 33896
14282 14320
49892 49900
12701 12701
13991 14016
10737 10737
36122 36150
392 404
15172 15288
13315 13376
6957 7016
30994 31016
15355 15366
40201 40201
35667 35698
37761 37762
44401 44401
24230 24662
1906 1930
49809 49809
4785 4785
15001 15001
23681 23681
23813 23850
44942 44976
18180 18189
16801 16801
24002 24052
35955 35955
13161 13161
38794 38822
27338 27540
530 544
42190 42200
19952 19995
48396 48478
25477 27540
26178 26212
34969 34976
6057 6057
49825 49840
8677 8943
48742 48825
47653 47653
42691 42691
40785 40785
409 409
36386 36464
34826 34848
37493 37493
7472 7552
42702 42736
15701 15701
46601 46601
28445 28445
47177 47190
31817 31817
8401 8401
41501 41501
20056 20103
41961 41961
41818 41848
31293 31408
912 950
23761 23761
28413 28420
10327 10368
39162 39272
49542 49580
11001 11050
16930 16936
25537 25537
17802 17819
15561 15561
22352 22380
39542 39552
13161 13161
44301 44301
49318 49328
35408 35440
12132 12146
7132 7144
31727 31780
3566 3682
33017 33018
34978 35064
44114 44176
20283 20306
23651 23662
29701 29701
14797 14810
6401 6401
40922 40933
33315 33315
40642 40740
23831 23831
1631 1631
12727 12767
24561 24561
36482 36517
43977 43977
38098 38116
46427 46460
1 1
15910 15911
5097 5154
3566 3632
29524 29572
26110 26118
8381 8381
12644 12690
36910 36930
18751 18751
15408 15409
45481 45481
36082 36120
1825 1826
46714 46796
40642 40740
10177 10177
44482 44490
29262 29306
7611 7611
2530 2560
21428 21436
48849 48849
39234 39272
10660 10740
10952 11162
30294 30350
28657 28657
42442 42484
16597 16635
19041 19041
33978 34033
22382 22435
37738 37810
1565 1608
12252 12380
9582 9616
37456 38185
2625 2636
25041 25041
7346 7400
23101 23102
41082 41112
1469 1469
22121 22121
38961 38961
46351 46351
40230 40277
38321 38321
4376 4376
45483 45483
5121 5121
14901 14901
27490 27536
7070 7089
18599 18624
41286 41296
36932 36950
46049 46049
8946 8955
14561 14561
17490 17550
1010 1017
44114 44176
382 390
44452 44538
21946 22000
43053 43054
23561 23562
42901 42901
21453 21453
5809 5809
42321 42321
21743 21754
42370 42656
32904 32904
27490 27536
27980 28025
20051 20051
48461 48461
17531 17531
20151 20151
38742 38748
45952 46078
45201 45201
45335 45372
241 241
25991 25991
48881 48883
33826 33841
22682 22800
3825 3825
21812 21845
40230 40277
42738 42775
43561 43561
31301 31301
49211 49240
23441 23441
26565 26565
736 737
38414 38420
36782 36804
3921 3921
25617 25617
22549 22549
17518 17550
44252 44350
2734 2760
42353 42353
2725 2725
21242 21274
19466 19472
49521 49521
21221 21221
44452 44538
35986 36032
19874 19895
28382 28411
36672 36804
2096 2116
16021 16021
9582 9616
35409 35409
21001 21001
3748 3857
32832 32868
3473 3473
13892 13936
17429 17429
30750 30814
12015 12096
38137 38137
11561 11561
8401 8401
22817 22817
8209 8248
33014 33076
49401 49401
45722 45884
14173 14173
17069 17069
7918 7936
21185 21185
47434 47497
1392 1440
25972 26118
35873 35873
38152 38185
21766 21880
24007 24007
2481 2481
41425 41425
26247 26443
22014 22644
22 56
49567 49567
38336 38337
22985 23024
21152 21190
3104 3140
29057 29062
12201 12201
35890 35936
40279 40307
34282 34440
5448 5450
19194 19209
49670 49674
11814 11830
39455 39472
44198 44640
23617 23636
3001 3001
4301 4301
49001 49001
47177 47190
33489 33489
23450 23510
38218 38272
29801 29801
42661 42661
33810 33824
8001 8001
32721 32721
34241 34241
26708 26759
22577 22577
45478 45550
29727 29780
11866 11910
5058 5095
13361 13361
43022 43106
46632 46640
9866 9940
32745 33012
24976 24977
36693 36725
30674 30721
48396 48478
24162 24190
26001 26001
10221 10221
19534 19585
38858 38912
22250 22282
23425 23425
8114 8136
22078 22124
47541 47541
16890 16900
33551 33551
3701 3701
44452 44490
32297 32297
36961 36961
31201 31201
21946 22004
33810 33841
18201 18201
1376 1377
32762 32816
38187 38215
20909 20909
19061 19061
13241 13241
37266 37304
19007 19076
47413 47413
30994 31007
33121 33121
14305 14305
42982 43020
8945 8990
5318 5856
34202 34544
38274 38328
20938 20950
27980 28000
12401 12401
13266 13520
13081 13081
10901 10920
12812 12898
45045 45060
1101 1101
19490 19506
30055 30055
11465 11465
30196 30240
1509 1509
31921 31921
49858 49878
47244 48944
39392 39414
29651 29651
45485 45486
28561 28561
33441 33441
49248 49262
31250 31291
34817 34817
39921 39921
45267 45280
2331 2331
41201 41201
33014 33076
33317 33370
3934 3952
26110 26118
46232 46240
37481 37481
5984 6028
3499 3536
32948 32985
6286 6312
35712 36070
36806 36830
15942 15972
9321 9321
36072 36576
18452 18484
23361 23361
17382 17425
11417 11417
49162 49169
35554 35605
13991 14026
12497 12497
5556 5556
10481 10481
46457 46457
13892 13936
17020 17029
41641 41641
14282 14320
39001 39001
18730 18748
26601 26601
2833 2833
46736 46737
48362 48478
38557 38557
44794 44812
26801 26801
38701 38701
47622 47656
40081 40081
23142 23180
47017 47032
25032 25136
23439 23439
6229 6229
39804 39815
30027 30104
2285 2285
8941 8941
38901 38901
87 87
15281 15281
32121 32121
24392 24396
17921 17921
4252 4275
14730 14780
23352 23448
40852 40890
37961 37961
29612 29667
44401 44401
36952 36962
17646 17676
38657 38657
8772 8819
28822 28828
49561 49561
4974 5015
9844 9864
19861 19895
16138 16160
35441 35441
7472 7552
32987 33000
12477 12477
24067 24105
41214 41275
42778 42840
9313 9313
31961 31961
15640 15704
16186 16222
32018 32050
39106 39133
1657 1692
5809 5809
42801 42801
42078 42116
705 705
9281 9281
26968 26981
23401 23401
6216 6282
45953 45953
39217 39217
34481 34481
47274 47800
20609 20609
38666 38684
3599 3599
3565 3567
49366 49403
13327 13376
6569 6616
27980 28025
36338 36352
49000 49486
34628 34674
17252 17280
13611 13611
7954 7990
17921 17921
30860 30861
32721 32721
19425 19425
12801 12801
15861 15861
29751 29751
20928 20936
3751 3751
34148 34164
43521 43521
18837 18848
49297 49297
15697 15697
22881 22881
43212 44460
25987 26057
11968 12013
29727 29780
12015 12049
24398 24409
31777 31777
11164 11200
18646 18664
38000 38001
16890 16912
44241 44292
41883 41883
47378 47395
27521 27521
8172 8488
1622 1632
16192 16215
6172 6284
5190 5229
14418 14446
20541 20541
48985 48985
17326 17342
17646 17665
6361 6361
30434 30470
37456 37504
49000 49008
16413 16413
41918 41931
19438 20814
33601 33601
36945 36945
6501 6501
48501 48502
1281 1281
21566 21630
515 580
21329 21329
21721 21721
9559 9580
48214 48228
16231 16231
42081 42081
16842 16888
29345 29345
13991 14016
47073 47073
15074 15086
2256 2286
941 941
26077 26106
29310 29316
12521 12521
17382 17540
36291 36291
9301 9301
25051 25052
34737 34737
15576 16312
23526 23574
21438 21460
33121 33121
1580 1616
21566 21630
37841 37841
33826 33841
38609 38609
26178 26188
45464 45464
40645 40645
8841 8841
36693 36725
20658 20677
17350 17380
18326 18416
34070 34087
26555 26602
12769 12795
36881 36881
48233 48233
14282 14320
22049 22049
11442 11457
33633 33633
11025 11025
38594 38648
47332 47376
17921 17921
22682 22722
17981 17981
33905 33905
2776 2820
18882 18918
5801 5801
25029 25029
37170 37188
47793 47793
14712 14728
30450 30470
38162 38166
21185 21185
33852 33868
31150 31230
35890 35936
47941 47941
48081 48081
21638 21664
33632 33664
35776 35828
16981 16981
29461 29461
25086 25136
43450 43450
49201 49201
39786 39802
41584 41648
438 44460
47110 47120
42433 42433
2088 2094
17927 17932
41201 41201
36017 36017
19061 19061
45666 46404
8961 8961
16890 16920
11752 11926
43121 43121
20429 20456
45992 46040
6111 6111
46249 46249
31293 31342
8677 8819
31554 31575
21625 21626
39321 39321
19981 19981
751 751
41321 41321
36639 37070
16801 16801
20163 20215
37582 37588
11521 11521
21476 21554
23161 23161
34610 34680
18098 18320
24742 24750
16769 16769
44878 45664
25415 25415
7185 7185
4201 4201
43027 43101
964 981
27852 27904
29894 29896
18442 18624
8677 8690
12015 12049
1913 1913
8654 8675
2256 2286
48161 48161
43482 43490
40062 40105
49010 49020
48065 48065
34552 34560
30674 30721
47274 47395
36866 36866
33694 33792
1786 1816
2230 2254
24414 24432
17601 17601
801 801
25131 25131
48001 48001
6652 6688
46665 46665
23801 23801
44707 44728
19113 19113
354 380
29582 29610
28741 28741
7833 8112
29338 29472
892 900
26247 26289
35261 35261
24641 24641
38794 38810
12290 12380
22174 22198
46201 46201
47842 47860
6845 6845
16406 16432
44781 44781
11373 11425
20163 20215
12601 12601
18961 18961
17617 17644
6081 6081
39027 39040
36561 36561
23228 23260
2253 2253
42017 42017
38152 38173
16575 16575
14305 14305
42778 43201
17904 18034
31299 31299
29064 29072
1346 1390
3521 3521
31905 31905
42881 42881
20394 20492
192 207
1308 1322
1631 1631
34921 34922
4312 4764
30321 30321
2578 3162
46406 50000
41321 41321
21638 21664
29533 29533
25138 25160
21706 21706
16081 16081
35961 35961
12051 12071
4766 4766
47862 47928
16033 16033
15751 15751
26465 26465
4726 4764
6216 6282
16930 16936
3934 4026
32365 32365
9631 9645
34321 34321
49561 49561
17601 17601
32619 32701
4303 4310
16561 16561
12661 12661
26729 26730
11794 11832
5897 5920
34669 34680
26785 26785
15341 15341
3374 3490
34292 34304
31825 31825
30476 30488
11000 11001
47283 47283
1551 1551
15426 15458
30535 30535
39164 39180
31914 31925
18611 18611
29501 29501
10011 10011
16801 16801
33581 33581
8901 8901
4201 4201
37262 37288
10028 10042
19912 19950
22361 22361
6785 6785
48881 48883
17198 17348
27166 27170
23881 23881
23214 23226
48048 48094
24401 24401
47017 47242
14601 14601
12752 12767
27376 27540
20661 20661
34651 34651
16753 16753
6501 6501
37817 37832
26002 26032
48827 48840
21106 21448
20163 20215
30969 30969
31761 31762
36650 36668
35762 36070
1402 1476
3606 3606
14231 14231
22877 22896
41442 41788
45695 45704
19101 19101
33666 33968
18994 19078
16021 16021
21729 21729
26506 26630
7513 7538
3009 3009
3926 4026
40309 40322
31940 31948
27601 27601
48119 48176
26077 26106
36829 36829
6560 6567
46584 46600
14021 14021
34641 34641
46017 46017
29669 29725
4616 4616
15761 15761
44462 44500
31410 31432
161 161
264 288
22222 22223
22567 22567
14481 14481
1829 1829
1021 1021
3321 3321
21928 22004
16871 16871
49437 49486
798 806
26677 26706
34692 34732
19793 19793
13604 13640
40445 40445
39058 39096
23707 23736
15201 15201
20401 20401
14786 14810
38082 38125
3907 3907
48930 48950
46529 46529
39455 39462
30217 30218
4666 4682
38097 38097
21441 21441
25533 25533
21700 21740
35712 35730
35586 35586
4881 4881
44901 44901
10028 10042
3934 4026
2339 2339
33098 33110
12937 12950
29921 29921
4155 4192
13241 13241
43265 43266
45681 45693
44462 44490
16914 16920
25580 25600
45490 45550
10641 10641
30600 30625
19822 19840
22641 22641
13604 13640
26801 26801
45130 45664
49192 49206
6008 6028
8951 8951
34394 34440
7117 7117
29433 29433
19077 19077
16922 16928
22174 22198
7540 7552
38229 38229
46681 46681
17371 17371
4350 4362
42561 42561
39822 39848
22014 22124
47561 47561
17601 17601
41652 41761
43511 43511
31176 31177
45033 45033
30501 30501
7442 7450
6046 6068
44707 44728
23605 23605
29362 29520
39455 39462
30369 30369
23748 23760
18965 18992
5156 5188
3553 3553
9825 9825
10317 10317
34561 34561
5231 5316
6161 6161
42897 42897
1601 1601
28597 28615
21075 21088
1565 1578
6941 6941
42421 42421
26936 26966
43027 43101
35361 35361
44937 44937
21450 21741
9022 9036
43777 43777
7038 7068
46913 46913
23072 23097
5651 5692
23058 23070
7261 7424
20816 20925
34542 34570
9345 9345
15826 15826
41087 41087
24786 24832
21509 21509
40897 40900
9201 9201
11901 11901
30081 30081
40913 40913
24241 24241
13401 13401
43027 43101
28938 28948
44198 44207
36625 36627
20561 20561
9559 9576
46502 46548
26247 26289
12442 12481
44707 44728
12941 12941
14441 14441
5001 5001
49388 49403
6837 8112
36338 36352
18082 18096
31873 31873
3499 3536
34913 34913
40102 40322
17889 17889
22646 22655
3276 3276
2501 2501
36122 36132
29461 29461
13585 13585
21929 21929
47881 47881
8993 8993
36001 36001
20998 21010
39697 39697
438 50000
37729 37729
32018 32050
15266 15288
47192 47210
32514 32525
9057 9057
26192 26208
12793 12795
41769 41769
9146 9159
28818 28840
34692 34732
15922 15930
17571 17590
13138 13150
3442 3488
11354 11371
31710 31725
18646 18696
22441 22441
14357 14357
11066 11162
7513 7572
45905 45905
27468 27520
2776 2821
10471 10471
30001 30001
26506 26522
6081 6081
23290 23328
28481 28481
49000 49020
27376 27540
47110 47126
13602 50000
12274 12380
18738 18748
32837 32838
27961 27961
11281 11281
10002 10015
12861 12861
18601 18601
25332 25378
28854 28868
15026 15026
30561 30561
19502 19708
46584 46630
4059 4104
35345 35345
11673 11673
45585 45585
401 401
17241 17241
47586 47740
32882 32910
30401 30401
14083 14104
32987 32987
25785 25796
25777 25777
33011 33011
23664 23684
27897 27897
1 1
19113 19113
15345 15345
20785 20785
4127 4141
9301 9301
24003 24228
33029 33076
40230 40248
13714 13739
36568 36575
15937 15937
38594 38648
41652 41680
21001 21001
4426 4433
16702 16711
21696 21696
41901 41901
36262 36450
48857 48857
37618 37630
4312 4498
17009 17009
27214 27336
45180 45200
49271 49271
32916 32985
7921 7921
25740 25760
8382 8432
5402 5409
5402 5409
23590 23591
34049 34049
42894 42929
23121 23121
5097 5188
27098 27108
19649 19649
9889 9889
35301 35301
29338 29480
8945 8945
28254 28274
1906 1930
14542 14554
48862 48875
11921 11921
49641 49641
1906 1943
10622 10658
30911 30911
1324 1324
45402 45476
24609 24609
4121 4121
14597 14597
4551 4551
26637 26637
42498 42510
47034 47040
37481 37481
34049 34049
10913 10913
30560 30580
21672 21696
6049 6049
11677 11700
40081 40081
39921 39921
42910 42910
13493 13493
27214 27336
4145 4146
27598 27608
26401 26401
12240 12241
41154 41176
43881 43881
40902 40908
17101 17101
1346 1390
1657 1660
16842 16888
971 971
6546 6558
23187 23187
43793 43793
19442 19500
3911 3911
14250 14258
17122 17129
17742 18918
36317 36320
29857 29857
22737 22737
9767 9809
17501 17501
9868 9897
7210 7259
17769 17769
2465 2465
13528 13570
24230 24276
1413 1413
25951 25951
32134 32188
7029 7029
25848 26128
46961 46961
31077 31082
26022 26032
3481 3481
37861 37861
14625 14625
16107 16136
22081 22081
16962 16984
46964 46980
31313 31313
14322 14350
21361 21361
23461 23461
44078 44135
11141 11141
34881 34881
24003 24228
8656 8657
9425 9425
27201 27201
808 820
44462 46404
24241 24241
13601 13601
19673 19673
33251 33251
2961 2961
21521 21521
24287 24316
47320 47326
13114 13150
37201 37201
26201 26201
37401 37401
6501 6501
6042 6068
10114 10120
31825 31825
39567 39576
47485 47485
43450 43480
42241 42245
19889 19889
1024 1046
17901 17901
32193 32193
40801 40801
42954 42980
34669 34680
19505 19505
16382 16404
24982 24990
33771 33792
34202 34224
3145 3145
33752 33769
4137 4141
31293 31342
29538 29568
10003 10003
27121 27121
44673 44696
23185 23187
32241 32241
11827 11827
17832 17880
43180 43185
4421 4421
26604 26630
29385 29386
18501 18501
43203 43205
27112 27113
40561 40561
46961 46961
33666 33692
21891 21891
2441 2441
34465 34465
44978 44986
46278 46304
33946 33968
49411 49411
5905 5905
9047 9047
17090 17120
40250 40277
36441 36441
46081 46081
11329 11329
45745 45745
39632 39704
12797 12809
13201 13260
33898 33924
3266 3300
19577 19577
46765 46766
16447 16522
27857 27857
35607 35620
11778 11786
42172 42188
39567 39600
34981 34981
41948 42072
28969 28969
33372 33387
5153 5153
33632 33664
18461 18461
19929 19929
24594 24628
35186 35232
26059 26072
18837 18880
3492 3857
14751 14751
10271 10271
47695 47697
25501 25501
22561 22561
47826 47860
45697 45697
2168 2204
43136 43148
14501 14501
31662 31686
43027 43094
37671 37711
49633 49633
47826 47928
1850 1875
11997 11997
27728 27904
46462 46476
45453 45453
37532 37580
13858 13888
37766 37800
30881 30881
39098 39133
27412 27446
46679 46698
39392 39414
14561 14561
13461 13510
5033 5033
16737 16737
6575 6577
4726 4764
24786 24832
7821 7821
30781 30781
42869 42877
3058 3069
7472 7473
30241 30241
21921 21921
40474 40476
44161 44161
44035 44065
31177 31177
21822 21840
23561 23562
6957 6979
46427 46476
30541 30541
26990 27000
19526 19640
31009 31009
31697 31697
33281 33281
29688 29725
9627 9627
42001 42001
29477 29477
19897 20096
801 801
34542 34570
19897 20096
38302 38328
33632 33688
40769 40769
18690 18696
26951 26951
45155 45155
46550 46564
36282 36315
14701 14701
38101 38101
48902 48998
22337 22337
48399 48401
12727 12750
8945 8955
23782 23824
12773 12773
4376 4390
33962 34012
17003 17012
644 772
122 150
25666 25736
28609 28609
6771 6771
47956 47956
15873 15873
33176 33176
22201 22201
48002 48032
9234 9246
29529 29572
26226 26226
40000 40001
13991 14006
45423 45423
13946 13950
36338 36370
11526 11590
43452 43480
41873 41873
14929 14929
36241 36241
785 786
28351 28370
2452 2465
29649 29649
31606 31628
9017 9017
29521 29521
3681 3681
17601 17601
22955 22955
26897 26897
35425 35425
43681 43696
30001 30001
10901 10901
34001 34001
40209 40209
25600 25606
48553 48553
18561 18561
8513 8513
27933 27933
15736 15736
35110 35120
41401 41401
41018 41026
40394 40416
12382 12408
40991 40991
401 401
47937 47937
4155 4180
41586 41650
42625 42625
44001 44001
27021 27021
21078 21090
9678 9742
30977 30977
4317 4317
38769 38769
31382 31408
17904 18034
40621 40621
10416 10417
24594 24628
9121 9121
34042 34063
10401 10401
19680 19681
49297 49297
21566 21566
6131 6131
20001 20001
33946 34146
12580 12616
1425 1425
46031 46031
22818 22875
22945 22945
27320 27336
38666 38684
38016 38017
8761 8761
31041 31041
30801 30801
42091 42091
22474 22515
10221 10221
14646 14666
11664 11675
30836 30837
47010 47015
32292 32344
37726 37726
30041 30041
8961 8961
24594 24628
8677 8690
13162 13176
36693 36725
46721 46721
9849 9849
4856 5095
26401 26401
31293 31300
6496 6524
7353 7363
39891 39891
20350 20361
2077 2077
18201 18201
6618 6740
42340 42342
47017 47032
26422 26426
22877 22896
31201 31201
14881 14881
28046 28080
17441 17441
33701 33701
39234 39242
4376 4390
24692 24701
19185 19185
45097 45097
7697 7697
34861 34861
10507 10520
5190 5316
3552 3600
40289 40289
41921 41921
122 150
18042 18420
31104 31108
1694 1702
26581 26582
6381 6381
1201 1202
19473 19473
23784 23798
28380 28420
33870 33924
31662 31686
37632 37633
8114 8136
13800 13842
5041 5041
46273 46273
39298 39316
26022 26057
28273 28273
26394 26420
14146 14160
3321 3321
29201 29201
14401 14401
32801 32801
2817 2817
1826 1848
29580 29616
32904 32905
35481 35481
44905 44905
6897 6897
39441 39441
9440 9472
23200 23204
24602 24607
24901 24901
42241 42241
24371 24371
7702 7752
25798 25812
14021 14021
39505 39505
18866 18880
19536 19537
26033 26033
14951 14951
33329 33329
9651 9651
1422 1456
21401 21401
41861 41861
39578 39578
13345 13345
26319 26319
41249 41249
32129 32129
35361 35361
4456 4496
47154 47190
4015 4015
39257 39257
31822 31839
25957 25957
32401 32401
8161 8161
24681 24681
28138 28164
861 861
37781 37781
49809 49809
28211 28230
908 1158
24482 24566
46193 46193
6191 6191
15905 15905
28849 28849
32025 32025
32948 32985
36693 36725
29727 29760
49441 49441
26024 26025
2532 2533
5632 5649
16505 16505
40968 40984
41261 41261
49388 49403
46798 46809
44137 44148
47041 47041
48708 48712
27241 27241
37312 37356
35110 35120
23801 23801
11459 11484
2917 2917
14681 14683
9361 9361
46649 46649
19304 19321
28382 28420
41354 41390
11201 11201
16649 16649
49089 49089
36301 36301
43201 43201
34542 34570
20657 20657
48561 48561
27121 27121
15138 15152
17366 17366
30077 30104
4031 4031
14974 14985
12065 12065
24542 24560
19080 19092
7513 7572
15121 15121
15141 15141
35786 36070
13453 13453
3918 3932
23605 23605
33101 33101
29601 29601
20371 20371
38177 38180
22265 22265
2535 2550
10397 10420
40645 40647
22737 22737
26908 26934
15011 15080
24252 24276
16756 16762
28351 28370
47073 47073
39804 39815
49067 49096
24241 24241
36993 36993
25581 25581
3226 3240
29721 29721
13892 13898
35327 35747
31785 31785
30750 30768
44773 44840
9101 9102
44730 44759
38440 38444
8909 8909
34442 34464
30332 30333
13389 13389
23425 23426
48601 48601
39378 39420
34772 34928
20001 20001
13594 13600
35681 35681
7426 7426
29688 29777
23181 23181
12841 12841
40852 40865
16637 16688
28825 28825
37021 37021
46818 46836
20391 20427
43582 43591
21117 21117
15162 15186
27852 27904
17601 17601
25339 25339
15551 15574
15022 15040
19490 19506
29471 29473
25361 25361
10830 10836
43889 43889
23664 23780
38833 38834
28969 28969
1 1
32514 32525
5561 5561
38000 38044
44476 44476
13549 13549
8114 8136
28065 28065
26665 26665
43582 43591
10813 10816
30801 30801
11313 11313
27453 27455
44100 44104
25532 25575
39998 40001
11501 11501
14542 14554
47473 47473
47557 47580
6036 6087
21152 21190
18722 18726
15862 16012
43281 43281
14083 14104
141 141
11100 11147
6926 6932
12797 12856
12818 12856
29796 29797
21409 21409
21232 21264
38361 38361
7210 7259
36639 36644
17916 17960
17281 17281
16530 16548
23072 23082
37849 37849
30017 30017
46271 46271
27361 27361
16352 16404
21483 21554
9170 9198
3859 3894
7841 7841
14368 14392
13793 13793
24073 24073
46961 46961
30986 31007
15051 15051
12662 12856
14767 14795
12145 12146
48198 48212
44881 44881
40101 40101
43316 43320
4287 4289
3425 3425
49601 49601
40727 40794
11581 11581
1694 1702
12507 12596
30986 31007
18078 18096
23206 23252
11002 11050
25381 25381
8161 8161
34331 34331
46673 46673
18951 18951
48013 48013
39244 39376
30701 30701
13266 13313
19001 19001
23345 23345
35751 35751
38113 38113
35886 35920
40776 40777
27425 27426
3689 3689
10542 10588
46851 46851
2088 2116
25061 25061
601 601
14322 14366
27805 27806
4671 4671
4684 4708
36897 36897
11438 11457
1392 1400
15601 15601
27441 27441
44341 44341
13621 13621
7999 7999
36273 36273
39101 39101
19109 19109
37781 37781
7012 7089
18937 18948
32001 32001
42982 43025
25532 25575
19138 19152
30373 30373
26881 26881
48001 48001
40474 40520
2769 2876
6388 6392
5001 5001
24604 24604
38227 38260
38701 38701
29273 29273
35122 35144
49793 49817
31961 31961
46072 46075
30651 30651
34681 34681
21121 21121
3341 3366
21450 21460
42009 42009
24497 24497
13594 13602
36964 36984
25302 25315
8241 8241
43161 43161
8114 8170
13800 13842
24692 24740
28751 28751
48025 48025
19872 19895
31018 31291
47001 47001
39601 39601
44835 44835
41194 41252
29881 29881
42587 42776
4529 4529
21092 21100
5813 5813
19593 19632
28521 28521
28761 28761
40279 40300
42421 42421
8074 8093
10261 10261
19713 19713
35545 35545
27758 27850
27141 27141
39738 39870
28721 28721
16014 16052
48797 48808
36793 36793
26340 26349
49067 49096
20801 20801
26729 26730
30737 30737
11086 11162
34041 34041
48501 48502
21233 21233
28450 28475
23194 23198
9489 9489
39201 39201
46720 46788
45741 45741
48399 48399
30609 30625
16905 16905
22354 22355
2591 2591
34065 34065
194 207
23270 23456
1851 1851
33563 33563
17437 17437
29201 29201
42753 42753
29257 29264
28679 28730
39542 39565
37532 37580
33646 33646
586 640
22049 22049
20011 20011
15822 15855
13722 13739
36452 36585
25933 25942
42416 42416
27233 27233
7041 7041
6420 6452
2201 2201
22777 22777
23990 23999
10645 10645
1800 1801
13874 13890
22078 22120
15809 15809
12282 12368
30808 30808
29241 29241
6850 6874
22331 22331
43617 43617
19756 19800
13883 13883
49201 49201
25194 25210
21021 21021
21301 21301
30384 30412
37882 37893
18177 18177
43180 43185
42778 42812
30786 30795
32501 32501
11401 11401
45335 45372
14126 14130
27521 27521
25873 25873
7001 7001
47086 47108
4072 4088
3681 3681
20101 20101
22730 22763
46164 46166
37382 37425
30101 30101
36556 36556
22921 22921
401 401
37262 37310
17778 17808
34076 34077
6526 6740
31249 31249
38828 38845
26858 26868
31211 31211
33317 33370
17113 17113
9305 9305
20290 20348
30201 30203
38000 38020
49752 49791
2405 2408
31302 31342
2256 2471
29969 29969
20816 23639
45627 45644
10412 10432
36113 36113
12422 12480
33607 33607
20391 20427
13565 13570
18321 18321
44857 44857
16362 16374
48582 48608
13422 13459
5475 5476
25109 25120
16897 16897
33157 33157
39061 39061
24897 24897
41513 41513
44201 44201
7038 7068
17240 17296
5126 5150
27473 27473
14028 14061
1945 1952
47001 47001
13830 14704
17102 17120
38494 38512
36812 36832
27321 27321
36001 36001
41194 41252
23481 23481
18534 18536
13670 13680
4396 4396
45618 45650
7611 7611
44577 44600
6712 6715
31291 31291
6245 6245
39682 39704
26561 26561
18486 18510
21921 21921
2257 2275
34572 34588
11928 11966
13321 13321
30476 30494
337 337
63 88
28290 28349
3841 3841
15601 15601
44716 44717
24101 24101
25109 25125
9505 9505
43601 43601
17265 17265
30434 30464
1308 1318
25873 25873
46306 46350
3513 3513
43389 43389
14401 14401
37312 37356
27233 27233
49491 49491
12877 12896
44161 44161
2273 2273
16497 16497
901 901
25417 25417
10794 10800
7681 7681
7725 7725
15914 16000
6994 7010
19361 19361
22276 23268
19477 19477
9017 9017
17861 17861
11928 11966
39826 39870
29001 29001
38756 38792
13501 13501
17531 17531
10507 10507
35521 35521
38841 38841
47871 47871
26176 26176
25181 25181
23761 23761
25969 25969
4649 4649
44002 44016
17350 17380
27553 27553
3801 3801
34421 34421
13361 13361
27361 27361
13361 13361
3586 3620
37882 37893
9606 9625
3841 3841
32941 32941
46724 46776
502 504
2401 2401
31557 31575
48034 48538
23421 23421
20473 20473
25431 25431
11052 11056
14449 14449
33962 34065
21241 21241
705 705
46261 46261
23877 23877
30496 30558
11834 11844
42001 42001
9540 9557
5819 5856
47468 48032
16401 16401
22433 22433
6350 6370
28261 28261
7938 7964
39318 39340
45392 45472
34394 34408
18078 18096
8490 8492
5318 5396
24929 24929
3645 3645
22898 23198
14521 14521
15441 15441
12761 12761
28238 28274
20801 20801
1710 1742
9352 9362
39441 39441
10929 10929
30030 30064
18801 18801
30234 30252
24450 24488
46430 46564
41262 41268
19691 19691
30361 30361
17132 17152
36041 36041
38478 38492
47610 47635
39573 39573
48417 48417
25281 25281
15525 15525
8290 8488
41407 41440
29201 29201
46321 46321
20233 20233
6089 6319
18769 18769
25992 26106
22657 22676
35249 35249
5937 5937
39746 39760
35352 35386
1015 1017
11526 11562
2985 2985
24772 24784
25302 25315
45601 45601
35001 35001
29192 29208
32193 32193
40066 40096
5671 5671
34341 34341
49361 49361
44065 44065
21601 21601
44913 44913
38330 38372
18721 18721
17305 17305
1392 1492
14448 14471
28027 28209
34377 34392
23889 23946
16251 16251
7729 7729
18193 18193
37382 37444
34787 34787
20571 20571
22591 22591
32689 32691
9345 9346
24577 24577
47434 47464
1282 1302
8769 8769
39337 39337
8203 8203
48971 48971
22851 22851
11223 11289
941 941
2625 2628
9352 9482
44053 44053
37326 37356
17861 17861
43573 43573
39920 39938
9057 9057
12425 12425
25809 25809
34201 34201
17491 17491
32941 32941
19114 19123
24552 24566
38701 38701
35321 35325
6881 6881
26001 26001
29889 29889
22481 22481
30106 30118
13865 13867
15225 15225
1707 1708
15106 15115
40413 40413
26144 26150
48001 48001
8167 8167
47637 47656
30196 30216
46801 46801
21167 21167
2051 2052
49457 49457
21441 21441
47601 47601
43969 43969
34849 34849
37613 37613
37001 37001
15921 15921
12345 12346
5329 5329
49117 49117
25081 25081
27361 27361
35090 35100
42361 42361
32573 32680
34082 34087
25065 25065
42481 42481
29100 29101
27729 27729
31170 31200
31859 31859
3556 3557
22201 22201
20361 20361
48396 48463
33707 33707
1601 1601
49000 49016
13426 13426
27087 27108
39342 39376
42820 42821
47261 47261
20741 20741
2433 2433
33426 33434
3023 3025
32312 32344
3001 3001
15822 16010
29653 29660
26454 26464
37702 37711
4001 4001
38290 38328
3697 3697
19211 19212
45329 45329
13461 13461
16769 16769
37769 37800
41186 41192
20337 20337
7222 7228
42001 42001
21661 21661
16460 16461
5506 5520
1721 1721
15921 15921
5156 5184
34067 34068
2256 2471
2011 2011
1551 1551
15272 15366
19761 19761
10881 10881
25461 25461
39872 39885
21421 23639
961 961
27216 27217
20441 20456
13187 13187
25311 25311
3071 3096
19202 19209
36317 36336
22130 22139
15982 16000
18360 18380
6926 6932
3941 3941
47258 47286
35681 35681
2401 2401
10330 10380
34893 34893
44033 44033
17214 17220
39681 39700
8449 8449
49793 49800
25885 25885
46584 46630
40642 40664
6957 7010
32813 32813
49906 49912
46632 46644
42521 42521
36721 36721
9301 9301
27971 27978
14481 14481
1586 1616
19900 19901
41523 41523
12656 12656
24792 24808
41601 41601
26673 26673
21710 21711
39998 40025
34848 34849
2742 2760
12542 12578
19042 19056
49033 49033
34371 34371
47897 47897
41501 41501
23831 23831
4901 4901
8230 8245
19182 19194
30113 30113
18889 18889
7651 7651
44209 44250
23186 23187
9989 9989
40880 40881
2817 2817
6610 6650
23345 23345
19473 19473
43681 43681
33260 33265
26526 26528
26241 26241
20401 20401
35667 35692
8325 8325
33505 33505
43383 43385
1132 1158
35451 35451
32764 32800
1509 1509
26082 26106
20217 20278
4897 4897
40413 40413
46376 46376
9200 9202
45001 45001
23970 24001
2670 2700
14101 14101
40230 40248
35327 35456
30951 30951
44801 44801
43181 43182
40251 40251
37001 37001
37317 37317
29931 30017
49681 49681
44801 44801
23545 23545
19154 19236
16342 16342
22961 22961
49961 49961
39590 39608
34896 34926
27786 27792
48961 48961
43601 43601
26779 26779
753 753
11483 11483
41880 41881
41463 41475
9505 9505
4484 4492
13830 13890
36929 36929
12801 12801
31061 31061
7417 7417
45666 45762
22362 22430
47729 47729
9249 9249
10001 10001
6145 6145
49932 49941
16702 16711
45783 45810
18486 18510
40801 40801
24630 24676
43145 43145
44803 44803
33551 33551
2321 2321
43566 43580
24810 24832
18481 18481
40397 40416
16897 16897
25172 25184
35388 35540
18997 19040
46720 46796
3107 3107
39342 39376
41321 41321
19373 19384
25061 25061
14322 14336
37382 37425
3245 3264
19710 19711
7683 7744
41586 41615
39895 39918
37166 37166
32001 32001
31001 31001
47785 47785
47475 47475
7498 7511
41124 41135
10422 10432
17326 17342
25857 25858
17502 17516
9249 9249
14301 14301
2016 2067
43946 43970
14581 14581
49727 49780
49376 49377
46497 46497
15272 15280
48800 48808
45154 45168
43212 43240
7300 7351
35201 35201
22337 22337
2244 2254
7393 7393
45761 45761
20401 20401
23151 23160
33741 33741
19701 19701
48246 48266
43126 43126
9654 9670
23162 23188
42641 42641
9678 9742
9941 9941
45250 45265
805 805
20337 20337
10617 10656
27124 27160
12336 12337
38521 38521
28666 28690
8099 8101
24192 24228
30201 30203
46513 46513
17236 17236
9265 9265
45449 45451
47972 47973
9052 9060
32965 32965
32512 32523
438 1158
25647 25654
29931 30017
44117 44135
2397 2403
15590 15618
5522 5550
3769 3769
37101 37101
42047 42072
44035 44065
30641 30641
42870 42877
1825 1840
17601 17601
369 369
47761 47761
24801 24801
28372 28378
16173 16173
43188 43201
33730 33760
47320 47326
45666 46332
47332 47370
2893 2893
5176 5177
33730 33760
28001 28001
6866 6874
13701 13701
11968 12071
32301 32301
10122 10140
23393 23393
35301 35301
34385 34385
44881 44881
41682 41716
9241 9241
11459 11484
33810 33826
41361 41361
22724 22728
4649 4649
24112 24160
40474 40512
6089 6167
34001 34001
29651 29651
30385 30385
39101 39101
48827 48842
35046 35108
37415 37415
36189 36189
11527 11527
36750 36757
5041 5041
47058 47065
37361 37375
19417 19417
1247 1260
24962 24976
17901 17901
5761 5761
6378 6386
8835 8848
9721 9721
12945 12945
3499 3530
45438 45472
29480 29508
6113 6113
2314 2356
41841 41841
33601 33601
29121 29121
42918 42928
5344 5353
26033 26033
48945 48945
30526 30526
38615 38615
31386 31408
14745 14745
38101 38101
33442 33507
32253 32253
27994 27996
22921 22921
15226 15255
48506 48525
35966 35968
41921 41921
27251 27251
30161 30161
39974 39978
31761 31762
21638 21680
32301 32301
23113 23113
10028 10050
44081 44081
40025 40025
2801 2802
32477 32502
42350 42368
16132 16133
42209 42209
32015 32015
14106 14320
1622 1632
48261 48261
48801 48801
49872 49878
43061 43061
43067 43101
32578 32608
8971 8971
30906 30906
23084 23097
45785 45785
48782 48792
31964 31998
38016 38016
49517 49517
12642 12856
3412 3432
43671 43679
15551 15551
31930 31938
47521 47522
34317 34317
32916 32946
45601 45601
29121 29121
10681 10681
21421 21424
22501 22501
7793 7793
6986 6990
25172 25184
21092 21134
49345 49345
7401 7401
24192 24228
14797 14804
38994 39002
24513 24513
2397 2403
38780 38781
44002 44016
43662 43669
15851 15851
2953 2953
42705 42705
49248 49436
6350 6370
4177 4177
23345 23346
40666 40688
29931 29952
15590 15618
6337 6337
45449 45451
8721 8721
23214 23226
27225 27225
35701 35701
24982 24992
33681 33681
39378 40322
45569 45569
13761 13761
31946 32267
24681 24681
24801 24801
18679 18679
35327 35710
23721 23721
30693 30693
9124 9198
41732 41764
19290 19321
33393 33393
46281 46281
13050 13073
930 962
33882 33915
14234 14240
46765 46766
39482 39950
4072 4104
2521 2521
37201 37201
17399 17425
45761 45761
10737 10737
2151 2151
19201 19201
47481 47481
48214 48239
16171 16171
33102 33238
42825 42825
9586 9596
10001 10001
8011 8054
16177 16177
23761 23761
40436 40448
13457 13457
14069 14069
12781 12781
12656 12690
43941 43941
36262 36595
40514 40541
4001 4001
15685 15685
10522 11176
28523 28523
38742 38822
37174 37188
41584 41640
29493 29493
16401 16401
4161 4161
15830 15840
35046 35319
43713 43713
6801 6801
17042 19856
32481 32481
47713 47713
34521 34521
32901 32901
32045 32045
44945 44945
45782 45858
27328 27329
14609 14609
14849 14849
20142 20161
38302 38328
34098 34124
32945 32945
26402 26420
22417 22417
9761 9765
3896 4153
25313 25313
40241 40241
44100 44112
22463 22515
3302 3324
25248 25249
27112 27164
24961 24961
37769 37810
24234 24260
3341 3366
1392 1492
39342 39376
38371 38371
11345 11345
37825 37826
16493 16493
41235 41235
4392 4402
4453 4453
16021 16021
13685 13685
37456 37457
42669 42669
28977 28977
25146 25184
42690 42690
10417 10417
1634 1645
34610 34626
40721 40721
12209 12209
10216 10235
43825 43826
28449 28449
39074 39096
18314 18324
46138 46332
38641 38641
44241 44250
31393 31393
7501 7501
29001 29001
14008 14010
37312 37326
18221 18221
9052 9060
12921 12921
19201 19201
20482 20496
8114 8564
32265 32266
3141 3141
15707 15731
30856 30916
8645 8645
4001 4001
41482 41520
19442 20814
8566 8640
40401 40401
27361 27361
28624 28652
49645 49645
44788 44792
21421 23639
29197 29208
27761 27761
40369 40369
36433 36433
22544 22573
21029 21030
1402 1420
22101 22101
4529 4529
34942 34956
18545 18545
36781 36781
41969 41969
33662 33667
9124 9138
28841 28841
12727 12740
34076 34076
23342 23350
8981 8981
22073 22073
48214 48239
10848 10849
10187 10187
32935 32935
39186 39232
49041 49041
40914 40928
46766 46766
2244 2250
25665 25665
30350 34146
3412 3432
34143 34143
29261 29261
11457 11457
33121 33121
2584 2616
8801 8801
20816 21224
21561 21561
24751 24753
20857 20857
29089 29090
17265 17265
22312 22350
36929 36929
49601 49601
40509 40509
43180 43200
11106 11145
49201 49201
11351 11351
16753 16753
15781 15781
42401 42401
6637 6650
44201 44201
37224 37243
1194 1212
3945 3963
13330 13388
15077 15077
24678 24713
30881 30881
33458 33475
46976 46976
3491 3491
26048 26057
28989 29014
6705 6705
25151 25151
33245 33245
45022 45043
30262 30274
5281 5281
23713 23713
41161 41161
18382 18395
20481 20481
8609 8609
12341 12341
36262 36595
26502 26528
27087 27108
8273 8273
20872 20879
25364 25378
22992 23012
32475 32475
42030 42045
29281 29281
161 161
6962 6976
47215 47217
12797 12809
21485 21485
40811 40811
48801 48801
41901 41901
15592 15615
41286 41296
36321 36321
24246 24246
4059 4135
34866 34894
35894 35908
27841 27841
31914 31925
38000 38001
16014 16052
10145 10146
24503 24503
9432 9438
29201 29201
30678 30684
2801 2801
47170 47180
1381 1381
14157 14157
36562 36566
19162 19178
25250 25326
40914 40933
48011 48011
808 832
46301 46301
3822 3857
5662 5692
3521 3521
18042 18042
31141 31141
28141 28141
29751 29751
14594 14627
11777 11777
45162 45168
4731 4731
25972 25985
1324 1492
19951 19951
16406 16432
21361 21361
17937 17937
5026 5029
25522 25576
22961 22961
16872 16888
26521 26521
30196 30216
44835 44835
15441 15441
1696 1697
21152 21153
23501 23501
15022 15022
33739 33739
36225 36225
40968 40992
26561 26561
22651 22651
7651 7651
14328 14358
18397 18412
25912 25924
49401 49401
21638 21741
10017 10017
37225 37226
39169 39170
20826 20832
27185 27185
14738 14765
35977 35977
2640 2766
27373 27373
39998 40016
23571 23571
3650 3682
29546 29572
24481 24481
18629 18629
25292 25315
16175 16184
46735 46737
45351 45351
5318 5630
20890 20912
12831 12831
36481 36481
44961 44961
3891 3891
49521 49521
21101 21102
23594 23626
808 832
8711 8711
48202 48210
23809 23809
14824 14849
28945 28945
34981 34981
10308 10520
39567 39576
45170 45175
25009 25009
48145 48145
3748 3750
6324 6325
19013 19013
28881 28881
15257 15257
7841 7855
22091 22091
34572 34588
2801 2801
23201 23201
26781 26781
47745 47745
774 870
35521 35521
29920 29921
2561 2561
16521 16521
43295 43296
27074 27085
46161 46161
31946 32976
17638 17660
39511 39511
23687 23856
18701 18701
30145 30145
25933 25936
14368 14488
9145 9145
36952 36953
2161 2161
808 832
6424 6426
34641 34641
43001 43003
13657 13657
12145 12146
7001 7001
13922 13940
38631 38631
22281 22281
15581 15581
28290 28349
18163 18175
46161 46161
14561 14561
15901 15901
48198 48212
22992 23012
12858 12875
35722 35744
11593 11625
2585 2585
49041 49041
32401 32401
34881 34881
25058 25084
12761 12761
7282 7298
12274 12288
7904 7905
48953 48953
48601 48601
27034 27040
44731 44731
18652 18666
21561 21561
29437 29437
30126 30127
32640 32641
12381 12381
17537 17537
47752 48504
11801 11801
14806 14810
13201 13201
5102 5124
9521 9521
35066 35108
49248 49262
37930 37948
27784 27836
16014 16085
30584 30585
20916 20925
13903 13903
32681 32681
15521 15521
27601 27601
2418 2445
12497 12497
12045 12045
49943 49960
34045 34056
7361 7361
13761 13761
3380 3410
45505 45505
24097 24097
5687 5687
793 793
9211 9211
30241 30241
43697 43697
39236 39237
8056 8093
5984 6006
32461 32461
48605 48605
48817 48825
34881 34881
3681 3681
17605 17662
44952 44970
47873 47873
2011 2011
19373 19375
44849 44849
11009 11009
16369 16369
16012 16448
20891 20891
14234 14250
7849 7851
1523 1527
10737 10737
41584 41640
8243 8243
7296 7297
39872 39885
22517 22542
33601 33601
39801 39801
47822 47840
4456 4459
18721 18721
22305 22305
27601 27601
1601 1601
38275 38276
43501 43501
21001 21001
28218 28508
25498 25501
38041 38041
36597 36616
5602 5602
2373 2375
5570 5580
21649 21649
19132 19236
45916 45944
10187 10252
40425 40425
13668 13712
20928 21032
19465 19470
48689 48689
5889 5889
49801 49803
15001 15001
37361 37375
699 699
6089 6150
12808 12809
27586 27596
21729 21729
15511 15511
14849 14851
42608 42609
38721 38721
27453 27455
44569 44569
29841 29841
23089 23089
21377 21377
44707 44717
24495 24495
30361 30361
39905 39905
5625 5626
37502 37511
47862 47904
27440 27441
1842 1893
8301 8301
40352 40434
30401 30401
36338 36344
25392 25431
461 461
10216 10250
