1666 21760
36582 46000
46002 50000
21762 34872
6422 21760
24107 34872
38654 42184
6422 21760
10772 21760
10772 21760
1666 3000
13022 14980
4754 6064
42609 42912
43980 44304
46002 48864
26610 27304
6598 10770
42 1200
46002 46938
49138 50000
16238 20560
29222 29940
1582 1664
5192 5870
42 310
41218 41918
34874 35284
24107 25262
17726 19056
33813 34600
4754 5190
26802 27014
9858 10000
37794 38007
44162 44304
11202 12116
20210 20560
3422 4054
25264 25600
27306 27504
22592 22668
48866 49012
45849 45994
14156 14710
24107 24570
46002 47420
2690 2855
40302 40750
3422 4054
42442 42584
26642 26800
35182 35284
41434 41680
20210 20560
2154 2280
43980 44128
17726 17840
12118 12376
8502 8990
12888 13020
48220 48480
30762 31276
41434 41680
49682 49968
9458 9665
36752 37432
22670 22880
34874 34933
38502 38652
6032 6048
27362 27504
48482 48800
47727 48176
29336 29850
48002 48176
30762 31204
22670 22880
13594 14035
23682 23760
35665 36274
27202 27280
48482 48800
49192 49324
38267 38280
40978 41216
4952 5190
22670 22880
5872 6004
23298 23494
15290 15608
16822 16891
23154 23265
44347 44600
42914 42940
32850 33180
32742 32848
14369 14369
48852 49012
13602 14035
36834 37200
39494 39568
14902 14980
47954 47988
21377 21500
7402 7520
24162 24454
41434 41680
35498 35663
1970 2108
24107 24160
37202 37432
21056 21225
6722 7400
16940 17500
18850 18908
33348 33400
36276 36347
8584 8684
26582 26800
32882 33180
49487 49616
16492 16820
9322 9414
6066 6256
45127 45236
47954 47988
19245 19504
48802 48850
42280 42440
6920 7400
38678 38816
28682 28722
33526 33550
38380 38416
1142 1250
20001 20001
14990 15040
15290 15518
11114 11200
36834 37200
36349 36400
1752 1939
4001 4001
30817 30860
44130 44160
15290 15518
23682 23760
35665 36176
34986 35040
29978 30114
39885 39957
44366 44600
29978 30400
38927 39050
17018 17500
40210 40300
37434 37500
25252 25262
721 721
16108 16140
38678 38816
20001 20001
27016 27266
25938 26080
32882 33180
29234 29334
19245 19423
15110 15175
24275 24454
29554 29662
11626 11828
13602 13648
6438 6464
46374 46400
43072 43144
7522 7616
45602 45695
10482 10562
18286 18413
41920 41952
317 600
14914 14980
36834 36945
11114 11320
15682 15752
5770 5825
8902 8990
2892 2940
28337 28400
29554 29875
31848 31958
9322 9380
31960 32025
36082 36176
25362 25720
48002 48144
18502 18640
8502 8582
17804 17840
7202 7425
32142 32372
9802 9846
24572 24606
25840 25936
37572 37600
36409 36518
45602 45695
43930 43978
36178 36274
24752 24856
32866 33180
6802 6918
29852 29875
48576 48725
36409 36518
4082 4240
23342 23400
42002 42080
8002 8048
17258 17332
27016 27266
22194 22280
12502 12560
28402 28488
1286 1312
17971 18018
6481 6481
42586 42607
5898 6004
930 960
8772 8838
22773 22840
40226 40300
45697 45744
22194 22280
45746 45847
39713 39713
32882 33090
46026 46112
17726 17802
8752 8767
49516 49600
31534 31555
18850 18890
33226 33259
8002 8048
21527 21576
18066 18096
2082 2108
6612 6880
36947 37060
46116 46224
1941 1968
26461 26480
3672 3724
29478 29552
41112 41372
5350 5448
39959 40000
34124 34188
34124 34188
18910 19045
11882 12116
12868 12886
39494 39568
10292 10460
39832 39848
37927 38007
48914 49008
27362 27440
36101 36101
40314 40400
30631 30631
4056 4060
19245 19380
7698 7858
29122 29220
46226 46254
15754 15795
14529 14640
49442 49485
40102 40120
15526 15605
38009 38080
15137 15175
23322 23331
29234 29334
6658 6782
37138 37200
26104 26155
18298 18413
23186 23265
21602 21750
14942 14980
40589 40750
48914 49008
6612 6642
38658 38670
43842 43872
48247 48317
26582 26712
5658 5720
47127 47176
42474 42576
49326 49430
8346 8360
35442 35460
5827 5870
49504 49960
2514 2600
36122 36274
15682 15726
16034 16088
1252 1270
40902 40920
24162 24256
33594 33656
13777 13840
13042 13245
30662 30815
12002 12115
82 145
4524 4680
16850 16887
22592 22664
2954 3000
26157 26260
29618 29648
48822 48840
38818 38866
19253 19350
747 808
21056 21100
30001 30001
5450 5488
45826 45847
18286 18296
36006 36072
13330 13488
4922 4950
6066 6200
33432 33504
26642 26712
23842 24064
9138 9226
17042 17088
44347 44364
5350 5448
29122 29232
36818 36832
15840 15888
33102 33152
27213 27266
42667 42800
38958 38980
12658 12720
16760 16820
8112 8220
30062 30114
29234 29334
24762 24800
43146 43168
7018 7052
5014 5066
826 880
29234 29334
6784 6880
39028 39088
26084 26102
10774 11032
46116 46200
15110 15120
32882 32952
11480 11536
19001 19001
7953 8048
31996 32013
3202 3241
26566 27266
23362 23400
48338 48400
32572 32580
11666 11738
5898 6000
1941 1956
35976 36004
13218 13245
9138 9184
17123 17168
46256 46320
3607 3670
30502 30520
7862 7913
25672 25720
37622 37716
12562 12628
44242 44345
49504 49960
18502 18562
2292 2480
7862 7913
3280 3300
27890 27948
27877 27888
45654 45695
25414 25464
34026 34100
16760 16820
14529 14640
5192 5213
1170 1234
102 145
20798 20864
18166 18226
38434 38460
12378 12400
14529 14640
4402 4428
47790 47848
21538 21576
39392 39454
21614 21660
6066 6104
5740 5764
43482 43850
38707 38738
17971 17980
39042 39050
31710 31760
4952 4996
6658 6714
46802 46850
31326 31360
41214 41372
27265 27265
1842 1939
26381 26381
16337 16337
29618 29648
14529 14640
40258 40415
34581 34581
45697 46016
10802 10930
12658 12720
29762 29840
32610 32670
16760 16820
9522 9560
44200 44240
43634 43712
11198 11232
29842 29850
40258 40300
35797 35960
19910 20068
34102 34122
18754 18960
19110 19120
29887 29920
27458 27504
19245 19251
10462 10480
19602 19606
15986 16000
1 1
18066 18226
31562 31584
15610 15625
39494 39568
21538 21576
13152 13200
42080 42096
25026 25044
39441 39441
45697 45739
43502 43580
41442 41568
21227 21271
43424 43480
32882 32936
27268 27304
33210 33224
13247 13320
20798 20864
40466 40490
37138 37200
39028 39040
45697 45739
1490 1621
19682 19695
39832 39845
15014 15040
36186 36260
22529 22590
4370 4428
48866 48912
37834 37850
5450 5792
15890 16032
20702 20766
42220 42252
12822 12862
14052 14068
29922 29940
26826 26850
35127 35180
23292 23302
29051 29100
17860 17936
38268 38416
19778 19800
9138 9216
20962 21024
16822 16843
1378 1392
45074 45088
18850 18888
47674 47694
7166 7184
23154 23184
44074 44090
18142 18226
45167 45231
40820 40830
527 600
13902 13970
39392 39436
33972 34100
47002 47048
25570 25600
25294 25360
6532 6552
13730 13775
6106 6270
41374 41432
30162 30228
38578 38608
41112 41200
42586 42602
12435 12440
49234 49312
31922 31945
207 248
14140 14152
36582 36633
31891 31920
16681 16681
9358 10211
10068 10120
13730 13775
35962 35974
32546 32556
40610 40680
3759 3810
26461 26496
43037 43050
45116 45118
44366 44402
41702 41728
10200 10211
4082 4110
38402 38416
15970 15984
27506 27550
2949 2949
35372 35384
21531 21531
24762 24810
32882 32920
45826 45847
25362 25412
35153 35153
22134 22168
48801 48801
29984 30044
14677 14940
37746 37792
10292 10380
23512 23552
28616 28640
44972 44982
39727 39730
10809 10809
178 198
17170 17198
12118 12166
32610 32670
45442 45496
4178 4240
46437 46484
29984 30044
29682 29704
5266 5312
1882 1888
48342 48384
37031 37060
45877 45890
4112 4160
32182 32230
22146 22160
47333 47380
44366 44402
33122 33152
37242 37278
47674 47694
27154 27256
1690 1728
33266 33280
39922 39944
16642 16712
40530 40587
47194 47242
40466 40490
21250 21271
48247 48624
28705 28705
28962 29013
10213 13040
30641 30641
45741 45750
4802 4810
47110 47125
15414 15441
38380 38400
27102 27152
13052 13124
3098 3128
1117 1215
4082 4240
40494 40505
20570 20591
27702 27728
25382 25412
48258 48317
4826 4864
17726 17750
32641 32641
47812 47836
18382 18413
35502 35528
2700 2713
9562 9600
3989 4014
44752 44775
25468 25568
47050 47100
7618 7672
16937 16938
42753 42753
40260 40300
5602 5650
5658 5680
12262 12290
16302 16324
45677 45695
42870 42895
27506 27550
30402 30407
26566 27266
10034 10066
26262 26288
47506 47548
14994 15003
29887 29920
22527 22600
24459 24465
25722 25744
30908 30950
12658 12720
41627 41810
34614 34648
49737 49760
13804 13816
39456 39492
22146 22168
1952 1956
14572 14640
45502 45515
10946 10984
2002 2041
46986 47048
1432 1460
32201 32201
8322 8344
2282 2290
46752 47108
15601 15601
39962 39975
27818 27852
17860 17891
27362 27672
23042 23064
42186 42200
31562 31584
37622 37632
41482 41488
1252 1270
46920 46938
30602 30660
49070 49105
38228 38265
9627 9665
48727 49120
37634 37690
48354 48384
32690 32710
15010 15012
24477 24512
19811 19811
13178 13216
11045 11060
36401 36401
34650 34672
33926 33964
43602 43616
18127 18140
38527 38535
49827 49840
22447 22500
27268 27280
34614 34648
43602 43616
32174 32352
29051 29065
45677 45695
40153 40153
12722 12760
45074 45088
24465 24465
562 615
26417 26417
46026 46084
46256 46352
24744 24748
38502 38525
19612 19672
3074 3096
28247 28294
46418 47108
29952 29966
20898 20940
15014 15072
19253 19350
36352 36425
39290 39300
44801 44801
42450 42459
36382 36407
42490 42500
48770 48820
1506 1621
41374 41432
6835 6868
22208 22304
21862 21900
37852 37900
4001 4001
27818 27852
24894 24950
7832 7856
13730 13775
21434 21450
22882 22936
24130 24144
41276 41300
21412 21432
47494 47500
17401 17401
6382 6416
22125 22132
20265 20300
23977 24000
11178 13002
31226 31276
24087 24100
11412 11478
14752 14780
29978 30045
32742 32760
44801 44801
15564 15584
3501 3501
39162 39360
39850 39883
14422 14456
26566 26712
3634 3648
32732 32800
16937 16972
14001 14001
31126 31440
22238 22260
24275 24300
36864 36896
9752 9765
30277 30295
43414 43422
30277 30335
39052 39088
29206 29334
42417 42440
32770 32800
31762 31777
23682 23720
24654 25674
1378 1400
5912 5968
6658 6714
30818 31442
38834 38866
16034 16040
20458 20496
23738 23808
25001 25001
31142 31156
7586 7602
49070 49100
45754 45816
32562 32580
35932 35960
21902 21944
10787 10860
39752 39840
27268 27280
46081 46081
28127 28153
12292 12320
6644 6766
40466 40490
38658 38670
13458 13475
32594 32604
12077 12080
19425 19447
49827 49950
44502 44512
15346 15375
6882 6890
38786 38816
40042 40060
14898 14905
49719 49735
6636 6642
24034 24040
43912 43928
20315 20340
36968 37028
317 460
46545 46545
40922 40952
2501 2501
17401 17401
3227 3308
9848 9880
14240 14256
37948 38007
34542 34552
28296 28302
16784 16820
35043 35050
18001 18001
26918 26929
8702 8720
15082 15095
26306 26336
6820 6833
6994 7016
18802 18821
46486 46496
29729 29880
36621 36621
23767 23800
26724 26805
47777 47788
47321 47321
7054 7072
39090 39109
22802 22832
42612 42640
41627 41810
1201 1201
10642 10664
30074 30080
36681 36681
13930 13970
28626 28640
37434 37500
46320 46326
9721 9721
16822 16843
2666 2688
43852 43867
6918 6950
12281 12281
5858 6270
23806 23808
3826 3840
37434 37500
25172 25190
41122 41132
9682 9700
34928 34933
26738 26800
31142 31204
45233 45600
15942 15984
15742 15746
5382 5419
4826 4860
39606 39625
47074 47105
30487 30520
10477 10480
37002 37028
28530 28614
28617 28617
11045 11080
10932 10943
31714 31810
42134 42150
5532 5584
18914 19008
37948 38000
15264 15264
25866 25880
23128 23152
16347 16400
16850 16876
5813 5825
32975 33014
5169 5448
34410 34438
36526 36542
45202 45231
28882 28930
48501 48501
37114 37144
5882 5895
37497 37504
11586 11600
19001 19001
23922 23942
11549 11549
18010 21578
12782 12808
26166 26224
31234 31272
32070 32105
10564 10570
24922 24940
25201 25201
19731 19880
14942 14980
43702 43715
26177 26200
48306 48312
9705 9705
48944 49000
16250 16270
43514 43528
43127 43140
29674 29727
13598 13648
16822 16843
40610 40628
49382 49950
47170 47183
17442 17460
15414 15441
30306 30332
19194 19243
9458 9470
45849 45860
18152 18226
7082 7100
7246 7273
40530 40587
38438 38448
2882 2890
47602 47619
25252 25262
39952 39957
45354 45400
10534 10560
11950 11960
5675 5732
41066 41104
1121 1121
44366 44402
7002 7016
33692 33720
41041 41041
25722 25748
3527 3548
35521 35521
3812 3840
22238 22256
32882 32952
4018 4025
26534 26560
6892 6910
2892 2940
13741 13741
20737 20737
36602 36652
1474 1488
44117 44123
37434 37495
43001 43001
13650 13680
15304 15340
3616 3632
42992 43008
44026 44065
15506 15518
28616 28656
201 201
37927 38007
16090 16200
47226 47240
30027 30044
37234 37303
1 6
30810 30815
26064 26080
25434 25436
22966 23018
37746 37792
2556 2580
25637 25646
44002 44024
8462 8488
27468 27504
43441 43441
26534 26547
32882 32952
44690 44704
10952 11032
15586 15600
38652 40272
14502 14527
2892 2940
38242 38265
25001 25001
7746 7760
46026 46084
25201 25201
34001 34001
43226 43226
49794 49800
2418 2470
747 780
36276 36295
23262 23265
20402 20432
37542 37568
39178 39312
29794 29800
42836 42842
45562 45580
5339 5348
46887 46984
32824 32834
15942 15984
31158 31180
34306 34334
36098 36120
25648 25664
35462 35496
3234 3241
46140 46160
11762 11776
17057 17057
41954 41980
4794 4810
35624 35632
34162 34212
41738 41758
44956 44970
23298 23302
24353 24353
12052 12075
21215 21248
6358 6368
12890 12910
23902 23920
9396 9396
13682 13694
562 615
19742 19752
45754 45847
45431 45508
14962 14980
9424 9438
4194 4240
36790 36816
37280 37296
37074 37094
32501 32501
25116 25140
31746 31777
26994 27000
29992 30025
28874 28890
16898 16928
10572 10625
38302 38395
41434 41470
29137 29152
19410 19423
40210 40217
45877 45888
1117 1140
11154 11168
17123 17160
20458 20496
26111 26155
4952 4968
45354 45404
37362 37372
11538 11550
39574 39584
46622 46674
32938 32940
22282 22300
27642 27662
9398 9402
28001 28001
11444 11470
40530 40550
49382 49388
19253 19320
36790 36816
13178 13216
2715 2728
48766 48832
19194 19243
17025 17025
4506 4754
15314 15320
2282 2290
42844 42850
10422 10496
6768 6780
14130 15040
21602 21640
19218 19240
2386 2394
35562 35576
7769 7826
3209 3216
6870 6880
11502 11536
9158 9170
19377 19377
1016 1016
46225 46225
25676 25720
20251 20251
16501 16501
3075 3096
36241 36241
12638 12650
48766 48833
49582 49592
37386 37424
19226 19232
39977 40217
42521 42540
27702 27708
22572 22600
29154 29200
21251 21251
34001 34001
45862 45875
47802 47900
19674 20388
28602 28614
34124 34125
41698 41700
35884 35920
39198 39232
47194 47224
3938 3948
1636 1655
36920 36945
3912 3928
40466 40507
19754 19791
12447 12560
5277 5296
43188 43220
3312 3565
38847 38860
36520 36524
33697 33697
31282 31296
34882 34920
25014 25044
5608 5644
22282 22304
23746 23755
47592 47619
36610 36633
27818 27840
22402 22404
45754 45800
19652 19672
22231 22231
4430 4504
22447 22500
47282 47360
34450 34479
42394 42403
2396 2416
37962 38000
12422 12430
48001 48001
20065 20065
22090 22104
11281 11281
13874 13904
28754 28759
7054 7072
11658 11688
40302 40312
23788 23795
35333 35345
7922 7922
48920 48942
11882 11900
38552 38556
24974 24992
16796 16820
36222 36260
45152 45165
14682 14700
18892 18904
48662 48764
34001 34001
30642 30656
9702 9740
45498 45508
21662 21750
3802 3810
31326 31335
38302 38352
6820 6833
22952 22954
25001 25001
19001 19001
12202 12225
44752 44772
17598 17616
5882 5895
26001 26001
14810 14825
15022 15040
12354 12372
49201 49201
35372 35380
18442 18445
34242 34256
43170 43186
28902 28930
33322 33330
44192 44198
40423 40440
22001 22001
12652 12730
48630 48632
44846 44858
46986 46995
29978 29982
37146 37184
17042 17072
31982 31984
41402 41470
3852 3910
28140 28200
11352 11376
36790 36800
34001 34001
29764 29792
6532 6552
47972 47992
8590 8600
27268 27280
11778 11800
36552 36570
36968 37002
29858 29875
30082 30100
48642 48660
28770 28786
23512 23536
25302 25328
2441 2441
21870 21872
17971 18000
39466 39480
35601 35601
13842 13864
36945 36945
19376 19377
36352 36380
29992 30025
4401 4401
14582 14656
17530 17560
40374 40400
7352 7367
22014 22064
21496 21512
20169 20169
25802 25814
5594 5606
3934 3948
18986 19008
34202 34212
44366 44425
23746 23786
7410 7424
27950 27964
16001 16001
30277 30295
14402 14420
3746 3750
28127 28332
43546 43568
24401 24401
37526 37539
5122 5167
2781 2781
19585 19585
49142 49160
9102 9333
4483 4504
32001 32001
32922 32936
16158 16190
8581 8581
20982 21024
38047 38072
22942 22950
4506 4754
1 48
13146 13176
8081 8081
19449 19494
15534 15540
11472 11478
29706 29727
6066 6076
13482 13500
8934 8952
32980 33000
40930 40932
24858 24892
1958 2016
13570 13592
9296 9320
18094 18118
21282 21481
31082 31104
3418 3432
46498 46520
18239 18266
7586 7600
530 556
17521 17521
3441 3460
32546 32592
24754 24764
38927 38992
43118 43125
18466 18470
24922 24932
49122 49132
18382 18408
15534 15562
49138 49160
29137 29140
13122 13130
1506 1600
5888 5944
12022 12048
9457 9457
22170 22192
31922 31945
666 688
34414 34424
45620 45632
23752 23754
17202 17232
27754 27774
43441 43441
23041 23041
994 998
26007 26020
21201 21201
22406 22420
33016 33040
24401 24401
7769 7826
39977 40186
6870 6910
16010 16032
32611 32611
48944 49059
39362 39386
17121 17121
25570 25600
1514 1544
30162 30220
28902 28930
25001 25001
27846 27852
16898 16935
29362 30060
6341 6341
18010 21578
25794 25800
36137 36137
38122 38130
47902 48140
11257 11440
39896 39903
41396 41400
3441 3496
33144 33200
28770 28786
42737 42765
37436 37495
36037 36055
33890 33896
5888 5944
8209 8220
42767 42880
2715 2728
20982 21024
22354 22445
39066 39109
35752 35760
38578 38584
27468 27488
13598 13775
23222 23250
42561 42561
13714 13744
23797 23804
43494 43528
2632 2648
7186 7196
28038 28106
16796 16820
18746 18752
13602 13664
46770 46790
38678 38705
49673 49860
29761 29761
39362 39664
13552 13568
24562 24580
23480 23494
24335 24338
36621 36621
27902 27913
46256 46300
22216 22236
34522 34540
4794 4810
6994 7072
40417 40421
27509 27516
46034 46080
2954 2991
16898 17016
31652 31656
3705 3724
49782 49792
11748 11760
32094 32105
25522 25552
43652 43679
7988 8004
28811 28811
43390 43392
23262 23265
41947 41955
42286 42403
31342 31369
49138 49324
40181 40181
22014 22088
38450 38485
31622 31625
35153 35153
37280 37300
832 880
45818 45824
18496 18504
40866 40912
34882 34920
7652 7666
37664 37690
24654 25772
24622 24637
49673 49860
16111 16111
9998 10000
23914 23920
40589 40610
27390 27438
9218 9230
30690 30710
42737 42765
41957 41980
41830 41856
19234 19240
22438 22445
24275 24280
6481 6481
41154 41174
32607 32620
21921 21921
41066 41074
20402 20424
22501 22501
1701 1701
35601 35601
8789 8808
2182 2242
14660 14670
46920 46938
47246 47350
26598 26606
22658 22665
14202 14212
21627 21640
9490 9560
43906 43910
27102 27114
38657 38657
1770 1804
15137 15160
47194 47216
42417 42436
24562 24580
38681 38681
16900 16920
23098 23112
23958 23972
47802 47900
17321 17321
24807 24953
49941 49946
22 43
37105 37105
34368 34408
15534 15540
10441 10441
13178 13200
48852 48880
10617 10640
14178 14199
43578 43648
42040 42056
29094 29110
29001 29001
19194 19204
11138 11145
40994 41372
15692 15752
35038 35057
30578 30599
44972 44975
1623 1625
34522 34540
27692 27700
13212 13216
5426 5440
19253 19268
12158 12730
5777 5777
17092 17095
30794 30808
22022 22040
47601 47601
14660 14670
32752 32768
8738 8750
1518 1544
28788 28795
27586 27590
1782 1804
21483 21576
4084 4110
16626 16632
5740 5752
11977 12000
27022 27040
17981 17981
22458 22462
47646 47652
41906 41908
4734 4738
1518 1544
48912 48942
19617 19625
30622 30640
30947 30988
42461 42519
38786 38823
42530 42568
18012 18018
32698 32715
14730 14750
8822 8838
40509 40632
23160 23168
4194 4240
16736 16740
10049 10049
29249 29268
4289 4289
36947 37240
22467 22480
40593 40593
15692 15732
8402 8520
7186 7196
40802 40808
23282 23288
4426 4428
20315 20336
10962 10984
15445 15445
28857 28857
46454 46482
22262 22280
20635 20660
37211 37211
32454 32464
48225 48225
5490 5510
16642 16734
25677 25696
23078 23096
47772 47775
38974 39026
31582 31610
21592 21600
39727 39730
34225 34256
32370 34582
26728 26734
48198 48206
29524 29535
47521 47521
14352 14633
30610 30620
8730 9100
47002 47005
43737 43750
43791 43920
16736 16775
22308 22320
31193 31193
39666 39704
4430 4450
40682 40700
49706 49717
12158 12165
12350 12352
39554 39580
42914 42938
30610 30640
26955 26986
44068 44115
25461 25461
48970 48992
44780 44800
13252 13255
18338 18470
20535 20546
48944 48950
19764 19784
36186 36191
39918 39920
40702 40992
14001 14001
44330 44336
11392 11410
28938 28948
38678 38688
40132 40168
44707 44750
35552 35560
41542 41554
30449 30449
23025 23025
34728 34740
16777 16887
24610 24620
28881 28881
28220 28228
24382 24400
4387 4390
989 992
1319 1425
30662 30688
25302 25315
40179 40179
15890 15915
48378 48384
1 1
298 302
46330 46360
36846 36858
27509 27515
6060 6064
46185 46200
18356 18368
18034 18064
20466 20496
36402 36407
46770 46806
3377 3402
27201 27201
48306 48312
16238 16248
49820 49825
24382 24404
22216 22236
23422 23634
48342 48350
34482 34514
3634 3640
31131 31131
25046 25055
5126 5144
21862 21868
8112 8113
17530 17560
22058 22064
24282 24300
8417 8417
25752 25764
13502 13536
22 40
25387 25412
9102 9333
27862 28040
42257 42257
48247 48317
9424 9438
15232 15240
6742 6752
30047 30058
18370 18375
5450 5452
46034 46072
26400 26404
42570 42584
34288 34334
35010 35012
5390 5400
42661 42661
18737 18740
20762 21186
47406 47413
45406 45424
46940 46958
1922 1939
16072 16088
14449 14570
26501 26515
30895 30905
49732 49764
2557 2564
7601 7601
7977 7979
18021 18021
31371 31382
30372 30407
31618 31663
24945 24945
25531 25531
43546 43565
4172 4180
23882 23912
33742 33760
49766 49780
2487 2498
44588 44602
41218 41232
40113 40113
994 1004
9061 9061
17818 17846
37962 37998
40828 40934
14677 14710
15534 15560
29764 29772
35450 35460
7828 7850
39597 39604
12146 12156
31714 31744
33962 33970
7537 7540
39695 39697
49138 49324
41577 41580
42306 42348
13004 13016
15183 15216
47666 47680
36790 36816
33378 33392
23247 23250
46077 46096
37042 37056
12350 12352
45233 45703
26482 26494
32762 32768
32334 32344
32292 32344
48944 49290
18528 18540
6784 6816
46676 46688
27717 27722
3393 3393
2961 2961
35698 35735
12939 12960
24562 24580
38118 38130
36446 36452
954 961
8452 8460
10001 10001
47922 48050
24272 24330
10130 10143
3075 3100
33584 33602
35650 35750
12868 12876
28042 28212
22058 22064
36913 36913
31666 31698
41426 41432
44347 44400
27342 27352
19778 19784
3502 3512
14907 14912
28667 28700
42992 43004
20478 20496
32081 32081
4782 4792
1884 1888
161 161
25348 25488
19823 19852
42716 42721
42809 42809
9071 9100
41502 41540
19270 19304
13602 13648
45167 45195
4584 4600
13897 13897
11390 11410
49594 49671
15840 15853
19142 19160
17342 17344
10952 10984
34122 34160
45986 45994
7332 7348
36352 36380
18840 19170
2500 2525
4270 4290
26918 26929
27234 27248
16546 16554
5932 5936
12450 12461
24465 24465
33734 33736
23758 23762
35698 35735
47521 47521
47961 47961
25952 25968
27658 27662
1584 1598
2802 2812
43530 43544
12118 12132
33122 33128
23309 23309
31938 31945
31126 31220
23958 24040
49107 49120
29698 29724
8102 8110
34193 34193
30280 30335
47015 47021
4658 4695
34950 34968
42786 42802
14342 14352
39362 39386
40960 40970
49550 49580
21642 21648
27094 27114
22201 22201
5169 5232
11859 12050
3330 3375
36265 36265
24182 24195
9782 9805
43338 43356
20002 20016
9440 9448
11138 11145
24894 24900
29249 29268
48077 48083
44050 44065
20841 20841
13029 13050
23061 23061
33290 33312
34757 34757
49902 49928
26724 26726
29590 29596
41154 41174
23698 23720
9601 9601
21102 21120
32094 32105
16376 16392
45442 45454
30908 30912
37022 37028
2922 2936
10332 10416
29044 29049
15790 15795
8118 8128
14994 15000
35598 35610
43156 43186
21564 21576
24939 24953
35474 35486
48538 48548
33506 33512
11056 11060
8798 8808
5658 5660
20342 20360
1782 1794
43282 43289
46502 46540
14994 15000
33338 33344
37094 37098
25202 25226
25501 25501
19962 19968
21313 21316
47761 47761
12134 12136
41481 41500
43207 43216
7402 7408
23242 23245
11162 11168
15005 15012
22282 22300
4270 4290
6370 6377
23452 23464
18162 18180
44404 44420
18641 18641
15202 15208
39762 39780
5729 5729
32194 32208
44956 44975
7736 38250
30818 30856
25711 25720
36738 36756
13472 13476
30311 30335
8232 8250
25434 25450
39178 39234
22956 22960
40752 40760
20080 20096
43188 43203
14298 14301
13974 14050
29764 29782
26498 26564
2154 2180
25046 25055
17993 17993
43162 43186
25522 25560
37621 37621
36442 36474
36276 36347
49821 49825
26874 26886
48722 48765
49561 49561
27692 27700
9686 9760
8985 9043
5215 5220
30311 30375
15110 15115
16072 16088
3934 3940
19142 19150
6481 6481
15022 15024
23116 23121
45386 45396
36801 36801
36352 36380
14782 14976
31557 31580
2946 2960
15138 15160
30721 30721
3404 3482
30946 30996
15086 15089
44422 44425
25676 25711
3209 3216
2501 2501
5766 5799
28724 28726
47731 47746
9600 9625
39749 39749
18386 18405
31450 31462
40507 40507
19057 19057
14374 14380
1199 1208
25199 25226
48538 48568
11961 11961
19471 19494
45456 45470
32681 32681
14374 14380
31770 31776
37821 37821
161 161
44026 44048
39189 39193
11114 11120
4929 4988
8992 9040
43322 43323
39850 39883
27906 27913
1846 1864
23786 23786
631 698
40113 40113
2201 2201
13502 13552
20875 20876
25240 25256
82 100
27458 27480
47178 47244
39896 39903
37584 37630
29576 29588
48897 48897
3971 3971
22488 22500
46998 47005
23922 23936
14266 14285
3602 3605
36178 36184
226 250
40090 40100
3912 3928
15889 15889
47684 47694
4340 4365
12541 12541
10374 11584
20397 20511
13682 13694
25916 25932
41812 41908
1678 1757
6835 6850
31817 31820
26774 26800
2201 2201
30862 30870
6819 6833
25461 25461
35641 35641
32237 32246
6042 6048
17092 17112
30652 30656
4367 4373
46152 46160
48001 48001
6967 6992
2450 2470
32482 32486
36492 36500
7915 7951
11132 11136
20165 20165
42486 42592
5697 5700
2110 2115
14834 14868
46622 46672
41627 42040
32650 32670
13298 13320
36392 36420
6514 6526
2401 2401
2221 2221
40452 40490
1162 1218
32321 32321
10182 10198
27161 27161
34368 34408
48929 48929
6001 6001
32986 32998
31182 31200
21802 21822
14636 14656
28594 28600
20232 20247
11560 11580
42251 42251
20130 20144
24306 24310
4375 4537
10498 10510
48306 48312
38608 38620
42594 42602
9782 9805
912 925
23680 23690
8737 8750
6060 6099
17162 17184
38044 38045
24698 24704
17516 17521
7210 7224
39314 39328
31371 31380
25022 25044
25167 25170
3060 3072
32501 32501
33346 33572
43309 43318
15304 15312
6587 6616
33227 33232
32922 32936
18538 18540
14947 14960
33490 33500
9002 9040
36601 36601
28881 28881
4340 4365
27443 27446
5740 5752
38033 38033
33794 33811
37101 37101
12939 12960
5470 5475
22354 22368
42405 42610
4270 4290
26562 26564
1678 1681
25001 25001
19471 19494
30601 30602
21454 21475
14582 14608
49138 49188
9642 9665
41402 41416
16332 16352
18506 18526
37207 37216
45582 45615
11950 11968
46562 46574
1322 1416
49018 49041
41266 41274
29298 29324
44330 44336
34132 34144
36338 36347
46600 46603
25946 25968
38681 38681
17482 17528
13102 13114
29185 29185
2616 2624
3183 3190
46682 46688
36174 36191
14737 14980
21585 21585
36174 36274
31746 31768
46808 46866
19194 19204
23042 23056
4952 4968
33252 33259
46542 46880
30130 30148
21893 21893
40481 40481
4336 4365
15466 15470
18318 18320
20722 20726
18147 18200
7300 7322
28938 28948
168 176
45027 45044
37737 37737
19753 19768
28594 28600
12077 12115
45456 45470
33266 33280
46908 46914
36521 36521
23361 23361
631 640
22467 22484
23027 23056
2771 2776
48181 48181
21041 21041
28082 28100
22090 22100
8792 8821
23540 23552
6691 6710
3310 3565
407 412
6962 6965
38380 38395
16429 16442
14410 14420
15010 15012
45582 45600
28578 28585
1584 1587
24074 24084
28881 28881
11412 11435
5074 5110
21153 21153
6644 6656
33506 33512
46210 46228
4554 4564
26546 26552
25735 25748
13029 13061
35983 36002
37806 37814
337 337
44752 44764
20397 20511
16993 16993
2227 2240
317 317
32625 32625
49673 49800
34633 34644
34682 34686
45697 45703
32454 32474
31424 31432
34001 34010
39594 39692
31841 31841
43188 43274
22884 23000
11702 11715
7210 7224
35574 35576
31827 31846
30902 30905
4401 4401
48861 48861
36818 36829
17897 17897
322 330
29582 29588
27810 27816
34801 34801
3227 3280
25206 25226
46279 46279
27342 27350
42578 42584
35182 35208
48865 48865
36162 36168
29001 29001
41481 41500
1246 1260
44913 44913
29793 29793
45502 45508
2582 2588
10498 10510
41399 41440
4918 4920
44078 44085
44580 44586
41176 41204
47583 47583
14712 14735
30178 30180
23361 23361
14197 14197
31482 31580
20570 20585
18986 19016
38252 38650
29262 29334
16562 16572
27518 27533
28788 28845
7780 7826
23512 23525
7561 7561
12458 12461
11902 11922
6546 6566
29233 29233
28654 28665
26277 26288
49962 49976
18902 19408
11765 11771
14326 14340
17194 17198
4075 4080
5558 5584
2590 2592
14827 14838
22370 22404
11472 11478
15692 15752
8513 8513
37280 37296
33649 33649
15840 15853
43751 43751
19471 19480
38182 38219
33697 33697
10667 10680
40102 40120
4129 4156
18934 18944
15516 15518
14846 14864
36074 36087
39586 39592
37412 37418
12350 12388
49161 49161
43424 43438
43424 43447
8346 8352
5710 5716
19815 19820
19608 19615
34742 34820
13752 13760
37932 37944
21580 21776
652 660
19786 19808
4844 4891
4220 4240
19961 19961
12177 12196
43927 43980
9718 9740
17777 17783
16942 16945
28954 28976
31562 31580
27702 27710
2732 2769
24121 24121
28418 28430
24628 24637
31298 31304
82 100
47629 47658
44312 44340
48634 48667
12485 12485
36265 36265
14171 14176
46718 46730
24197 24220
49618 49623
4252 4255
48142 48144
9718 9744
29714 29720
47401 47401
37004 37008
45233 45703
15734 15746
27458 27466
33926 33940
20597 20597
26042 26082
14767 14777
11401 11401
8442 8447
13545 13545
37946 38007
26378 26388
22194 22260
17653 17679
13852 13864
10423 10432
44200 44200
48478 48490
47076 47088
47001 47001
13209 13245
864 872
17530 17540
6852 6869
32502 32518
18161 18161
11091 11100
10746 10746
3918 3928
9978 10004
44833 44833
42332 42348
33907 33990
16466 16479
29784 30475
29582 29727
30034 30037
25441 25441
40188 40200
18714 18722
10627 10656
4524 4534
32838 32874
18786 18821
9602 9616
14100 14114
39662 39680
6682 6685
38682 38690
47266 47276
24721 24721
13731 13731
24538 24544
802 808
7474 7490
29044 29049
32112 32114
32926 32940
48247 48288
10027 10032
32746 32804
39850 39875
43358 43370
42257 42257
16659 16688
30409 30412
7791 7791
41158 41172
9966 9968
5145 5145
22553 22560
15790 15820
39812 39824
1954 1968
23914 24120
34572 34574
14966 14976
26442 26450
5081 5081
5277 5296
8012 8050
4377 4390
43358 43370
3638 3764
7153 7153
2826 2828
29674 29675
34209 34209
36222 36246
40682 40710
19361 19361
18001 18001
27532 27533
4974 4984
44242 44262
32601 32601
46986 46995
43487 43492
27724 27725
29317 29317
15842 15860
35267 35304
2477 2485
49041 49041
41802 41810
47818 47826
45457 45457
3198 3206
29162 29200
12142 12144
29233 29233
43762 43770
5622 5634
32830 32833
38487 38496
4027 4041
27778 27852
3498 3525
27306 27326
21953 21955
10052 10060
22702 22705
24752 24802
49190 49230
4881 4881
20535 20546
9786 9800
39952 39957
27074 27089
21846 21852
25477 25486
27906 28040
26582 26596
12702 12765
34601 34601
29806 29814
12539 12553
28662 28704
25568 25578
24402 24448
21642 21648
15994 16016
11560 11584
24628 24637
9335 9360
4452 4460
41374 41382
13018 13027
7739 7760
38827 38840
25841 25841
31226 31328
31166 31180
45786 45860
33266 33280
18751 18751
25121 25121
17018 17256
32400 32406
1319 1320
21947 21951
8702 8708
11552 11552
23692 23720
41787 41844
19194 19202
77 96
6658 6668
38082 38116
30506 30520
21282 21312
5062 5066
12882 12900
4129 4156
6379 6385
28247 28260
30662 30745
7186 7196
15564 15576
414 420
5697 5700
37652 37659
41602 41608
7633 7633
36006 36024
32433 32433
35502 35520
17077 17098
21345 21345
41138 41144
24506 24512
26942 26950
48600 48606
35826 35830
11510 11512
703 719
26262 26275
45946 46016
522 525
8662 8677
35770 35810
27482 27608
19396 19402
24724 24735
7600 7602
631 650
30922 30931
38441 38441
45786 45860
29784 30060
32698 32740
36775 36775
13146 13152
34787 34790
18522 18608
27441 27441
7161 7161
11988 12007
36362 36383
25941 25941
21329 21329
18290 18309
2946 2976
48442 48444
45985 45985
36297 36308
43194 43205
2051 2051
16722 16734
42956 42958
4945 4945
33110 33225
1425 1425
46001 46001
25953 25953
11730 11857
46942 46958
46605 46612
45677 45688
22778 22840
34831 34840
32801 32802
11673 11673
48241 48241
2430 3225
36442 36444
43530 43544
38682 38690
48322 48328
9922 9936
25102 25114
48392 48406
27898 27904
39438 39454
47007 47010
19644 19660
21189 21200
29942 29946
20381 20381
5277 5307
22737 22756
11018 11025
15874 15878
32858 32864
1162 1187
20562 20585
38376 38377
45498 45508
43100 43106
4682 4752
1151 1151
30966 30976
27102 27112
33618 33631
44405 44420
25477 25480
5227 5232
21746 21770
32252 32272
7742 7756
13702 13706
35312 35328
37626 37630
34831 34840
49719 49725
48944 48952
49358 49364
12052 12456
17145 17145
10538 10602
29298 29324
13914 13920
16669 16688
4289 4289
25421 25421
30414 30428
23098 23116
11988 16105
9441 9441
451 451
2117 2125
49130 49133
4970 4972
28558 28586
47232 47244
42227 42292
19450 19469
33348 33360
31993 32004
36968 36976
3374 3402
34646 34896
11068 11072
32252 32272
30818 30835
12059 12075
4881 4881
45665 45665
45310 45324
27290 27304
15045 15045
17751 17751
21251 21251
31102 31442
18875 18884
29681 29681
39696 39960
864 872
3997 4014
7751 7751
41276 41296
35238 35248
48692 48736
17751 17751
31586 31608
38932 38948
9524 9528
17262 17274
47846 47970
31690 31698
25703 25703
11250 11430
2206 2212
48182 48200
7169 7169
6656 6656
27717 27722
27218 27232
32146 32164
14052 14084
16321 16321
26412 26636
45517 45518
21650 21652
40101 40101
16222 16228
24182 24195
28202 28210
31338 31360
35994 36002
12982 13002
21361 21361
26874 26884
29249 29260
25594 25604
47889 47889
39506 39546
3310 3565
18383 18383
24322 24330
13558 13568
21960 21980
32498 32520
25810 25814
39977 40014
15862 15878
36954 36966
41171 41171
2700 2711
7769 7778
44016 44048
30952 30964
5562 5584
12842 12862
8338 8344
12390 12408
12402 12408
17162 17200
8710 8712
16609 16623
6006 6010
24363 24396
49528 49536
33942 33948
23270 23276
25348 25377
40599 40632
1 40
6060 6075
32582 32590
43840 43850
23610 23611
37722 37752
29512 29522
11309 11320
2898 2936
9122 9136
33112 33140
13486 13489
12826 12862
4406 4412
46582 46612
17405 17425
28761 28764
41677 41704
41877 41908
18954 18963
6398 6416
37146 37150
31880 31896
47424 47440
2797 2800
29126 29135
19996 20104
36174 36212
7278 7304
48358 48365
22488 22495
24365 24375
26633 26633
3162 3181
16878 16887
11152 11175
40032 40040
21877 21889
46990 47024
46289 46289
26161 26161
38450 38556
25802 25806
22231 22231
46278 46286
22018 22018
34851 34851
2306 2311
37970 37988
4893 4899
45521 45521
11950 11975
18890 18894
20356 20373
46562 46572
1922 2095
2354 2354
23291 23291
13554 13556
34162 34212
18321 18321
37392 37400
43601 43601
44596 44602
32142 32144
25501 25501
18641 18641
30551 30551
17258 17286
18465 18465
17874 17884
8730 8767
19018 19050
15901 15901
17635 17640
19662 19670
11352 11380
49210 49210
21170 21179
30806 30808
31622 31640
43876 43900
6152 6172
31450 31462
48674 48690
161 161
15226 15230
49778 49792
5962 5968
24402 24427
6835 6850
877 880
34505 34512
21492 21558
1323 1328
9424 9428
42461 42484
45386 45396
21377 21390
2282 2290
13440 13448
41170 41174
40374 40412
23841 23841
8610 8620
45652 45669
3567 4170
30747 30762
42186 42203
14 20
45733 45733
44292 44310
33824 33825
31278 31296
11737 11738
30622 30640
16002 16008
45701 45701
27443 27710
35704 35724
3002 3016
8865 8865
17142 17152
16374 16464
40132 41600
20513 20521
19970 19985
9412 9422
49842 49848
12509 12530
49816 49818
39494 39499
2601 2601
2472 2475
33802 33811
1 1
18597 18600
19282 19288
7784 7826
21189 21204
13118 13130
45210 45222
25046 25055
42065 42065
46540 46880
14992 15003
36610 36611
2942 2976
17441 17441
3249 3249
41730 41736
45500 45508
34596 34604
23877 23883
631 658
7169 7169
12612 12618
28498 28528
21840 21845
25452 25463
2401 2401
34881 34881
25505 25505
19770 19777
35554 35576
40226 40256
6722 6725
21670 21670
42521 42521
34898 34916
24187 24195
2001 2001
45386 45396
31062 31084
46104 46112
33970 33970
15377 15382
24961 24961
664 686
25217 25217
33463 33495
36476 36490
16111 16111
5532 5542
9487 9498
42731 42731
43276 43289
7581 7589
6628 6642
8449 8460
1785 1785
27126 27129
40552 40576
18302 18309
44826 44840
1441 1441
48097 48097
34402 34450
6584 6585
41820 41824
8058 8068
11194 11196
24586 24592
35152 35170
41677 41704
48852 48868
27432 27438
15106 15108
39330 39348
49061 49061
14566 14570
46214 47090
24807 24808
17074 17172
8442 8447
12972 12980
49352 49356
2942 2976
14362 14633
45162 45165
38401 38401
17994 18006
35726 35740
27992 28004
19172 19176
40705 40705
6332 6336
38625 38625
20687 20702
42570 42600
46560 46572
29603 29605
703 706
37692 37703
24277 24291
19770 20478
23512 23524
37436 37512
44001 44001
31321 31321
14635 15559
9462 9473
28662 28680
43830 43834
1062 1072
38537 38556
2422 2428
23692 23720
32601 32601
37826 37916
10686 10696
48626 49380
27490 27504
1352 1676
41001 41001
11202 11204
12633 12633
47335 47335
21930 21936
38641 38641
23599 23605
14298 14301
46391 46410
28386 28396
30902 30904
48897 48897
42286 42292
30854 30860
39236 39240
13545 13545
31166 31360
11392 11392
42227 42250
32146 32164
1834 1838
49138 49140
42950 42990
44877 44890
36726 36735
43487 43488
28788 28826
2720 2728
1931 1939
14801 14801
16565 16572
16720 16730
13458 13476
12382 12418
41300 41356
3985 3985
2861 2861
14474 14476
34192 34195
11418 11430
27596 27608
7948 7951
23027 23036
10162 10176
34040 34048
30791 30792
49664 49671
44092 44115
2306 2324
22208 22214
48322 48415
17598 17603
8154 8160
33440 33460
49550 49582
46289 46289
2797 2812
9938 9942
26050 26050
32146 32164
19322 19325
48050 48055
24978 25008
39558 39560
44801 44801
6206 6208
23052 23057
41201 41201
34935 35057
177 177
9248 9251
33362 33495
26701 26701
18312 18316
14877 14884
43762 43764
29408 29420
17501 17501
9440 9448
21802 21818
35994 36002
37186 37196
19650 19655
25002 25008
28902 28922
35577 35577
24242 24246
11382 11400
34935 35057
33112 33136
15342 15370
33401 33401
32465 32465
15931 15931
19136 19140
42692 42712
22658 22664
46782 46804
30062 30075
6332 6336
44016 44020
8170 8207
1601 1601
36818 36829
13201 13201
45001 45001
27826 27840
18870 18873
39258 39440
28498 28535
39340 39348
41701 41701
34834 34840
2942 3050
38950 39124
30837 30852
14193 14193
3997 4014
558 658
22790 22804
31817 31817
30002 30008
11343 11344
40741 40750
19290 19296
26422 26428
4420 4428
45586 45605
16541 16541
19264 19268
31841 31841
35146 35265
34666 34672
4723 4752
47882 47890
37000 37002
19242 19243
14592 14600
29702 29724
42302 42310
28754 28756
41577 41592
36762 36773
32329 32329
38101 38101
49442 49456
19920 19948
36864 36875
49521 49521
16346 16365
47448 47455
9911 9955
29262 29284
26742 26752
35982 36002
34386 34392
22658 22664
42082 42096
9253 9255
14682 14688
7591 7650
12842 12850
13218 13225
23890 23896
5906 5920
218 220
33308 33316
34901 34901
49082 49088
591 598
41912 41988
7758 7767
31334 31335
45483 45504
41276 41298
40876 40890
8088 8096
5746 5777
15701 15701
23193 23193
41558 41575
2194 2204
16507 16507
1323 1350
18969 18969
22739 22750
34596 34604
31166 31200
2797 2800
32374 32382
14960 14980
31761 31761
10452 10460
7186 7195
7682 7700
38986 39008
44737 44737
130 145
17681 17696
3726 3738
19970 19985
44556 44560
6717 6725
24754 24764
17361 17361
20776 20778
2814 2828
16011 16011
37090 37098
1816 1820
32926 32940
44292 44310
37121 37121
7954 7968
26198 26200
11161 11161
7591 7650
47105 47105
13472 13476
24006 24012
21692 21744
6758 6766
21368 21375
20038 20038
33186 33196
26194 26196
49201 49201
49664 49671
41257 41257
46576 46580
43374 43374
49778 49784
27200 27203
49297 49300
37697 37697
23000 23010
7731 7731
24254 24275
31450 31462
12714 12730
18958 18963
43320 43348
19951 19960
17501 17501
11761 11761
49286 49290
7432 7460
47057 47058
28716 28750
41361 41361
39364 39386
2697 2697
37377 37390
2736 2739
40362 40372
33836 33842
16090 16105
12288 12304
31062 31075
14501 14501
41040 41064
19201 19201
45281 45281
30498 30499
38450 38528
12444 12445
4114 4127
6955 6965
4198 4218
15516 15532
37970 37984
9002 9019
14546 14556
4594 4632
2244 2250
23142 23158
45412 45424
1 1
46806 46841
43869 43869
44538 44540
12260 12324
38093 38112
21882 21889
34081 34081
1474 1486
48994 49006
9194 9212
3978 3987
16429 16436
48538 48568
2931 2936
17001 17001
29422 29455
279 296
5018 5100
37514 37622
26807 26814
40599 40664
20322 20328
49540 49548
4761 4761
19996 20038
9042 9043
31521 31521
12868 12876
38302 38322
36050 36052
33122 33136
36150 36155
48920 48937
46434 47065
20032 20036
16481 16496
37154 37171
11994 12007
1281 1281
8896 8896
12650 12653
23153 23153
35962 36002
36682 36688
14673 14673
6362 6480
9335 9374
49148 49170
15127 15134
38617 38617
39594 39675
29482 29535
32505 32505
20941 20941
36947 37434
21188 21225
546 550
31622 31640
8707 8728
33569 33569
11357 11364
48146 48158
49894 49950
3652 3670
17201 17201
49953 49959
48562 48568
16150 16154
30280 30295
44412 44432
29409 29409
43951 43978
3989 3995
33186 33208
21188 21481
46819 46832
13873 13882
40642 40646
13794 13808
10517 10528
31557 31557
14624 14631
28304 28323
36385 36390
22166 22231
8502 8624
26498 26499
43758 43764
32787 32804
20178 20212
3554 3560
20041 20041
17701 17701
35057 35057
10751 10751
22000 22004
26400 26403
35094 35112
8282 8285
13081 13081
15198 15210
29146 29146
29601 29601
40521 40521
37446 37446
22306 22337
13005 13005
4942 4960
10281 10281
10794 10804
24429 24438
4546 4552
33574 33590
750 756
39594 39675
8658 8660
15652 15679
32408 32464
15642 15752
37526 37530
38482 38505
19401 19401
8546 8588
21220 21225
37280 37303
41467 41470
12270 12271
30546 30553
954 1089
41329 41345
34981 34981
16296 16320
28537 28552
14840 14844
38932 38948
28398 28425
45532 45546
19729 19729
7688 7700
25970 26015
24117 24168
23490 23494
7352 7360
4242 4254
35781 35781
25713 25720
26734 26740
43126 43126
39400 39405
35902 35916
42319 42354
12742 12752
23738 23776
34652 34664
41458 41465
46214 46246
2298 2304
48769 48769
37329 37329
39201 39201
35668 35724
22625 22625
34749 34758
13180 13196
16156 16156
27106 27112
18398 18408
48306 48312
41158 41168
17942 17964
10550 10554
15403 15412
32194 32208
26992 26993
10957 10957
41781 41781
19753 19762
48457 48457
44634 44642
30402 30475
3058 3110
13930 13972
161 161
2847 2853
34382 34392
47782 48041
29881 29881
36252 36264
32174 32192
20377 20511
30567 30574
440 457
6781 6782
26254 26272
22176 22180
33898 33905
32417 32417
19650 19655
16146 17455
44932 44940
20267 20310
34765 34780
13370 13378
24284 24291
24014 24076
18194 18204
30674 30688
21442 21450
7138 7143
432 435
6800 6802
11152 11175
10248 10264
21017 21017
31714 31736
43758 43764
7581 7589
23559 23560
7383 7400
33552 33572
15564 15576
46321 46321
13682 13686
29521 29521
8850 8856
44292 44310
26017 26020
11673 11684
9133 9136
18098 18110
1427 1460
43122 43144
48351 48351
34881 34881
7611 7642
25582 25674
30172 30176
32217 32235
13598 13632
41081 41081
28778 28784
3742 3747
9600 9604
8934 8952
16056 16064
11181 11190
9054 9060
17587 17596
16618 16623
12224 12228
42901 42901
4877 4891
12354 12360
24050 24060
12962 12965
17232 17236
35267 35280
24686 24692
10462 10536
45649 45650
18230 18236
12201 12201
44617 44625
31062 31070
16394 16427
40081 40081
5464 5468
46492 46512
3313 3313
9752 9760
23641 23641
27292 27304
23886 23900
6628 6642
17971 18008
39456 39464
42612 42620
49650 49654
44117 44123
32898 32904
29422 29448
7146 7150
29754 29762
22082 22088
40960 40976
8012 8050
30405 30407
33382 33416
32865 32865
3477 3477
11462 11582
5547 5640
38047 38620
14788 14804
3346 3383
13745 13745
23326 23340
7751 7751
3257 3257
42721 42721
42064 42074
48891 48900
40046 40112
46738 46745
10281 10328
18147 18150
39718 39782
2732 2760
31825 31825
20513 20522
32094 32100
46858 46860
25522 25536
15882 15893
24037 24076
20557 20557
20818 20832
17482 17487
527 528
17114 17118
9998 10010
342 357
44001 44001
9152 9188
11494 11500
22316 22337
11132 11140
43758 43762
7729 7729
43011 43016
25694 25772
8467 8500
15014 15048
22166 22220
31302 31324
46034 46064
36921 36921
24866 24878
42006 42030
6598 6608
1673 1673
7745 7745
47301 47301
24918 24932
32961 32961
41012 41065
42372 42386
39906 39948
33266 33285
48492 48494
18465 18465
24081 24081
24614 24614
32293 32298
25982 26008
21421 21421
28401 28401
37184 37188
40552 40556
47858 47929
48793 48793
12253 12253
508 525
49551 49551
10582 10602
11801 11801
1154 1158
28642 28648
46125 46128
18570 18575
31874 31878
19996 20038
7712 7716
35884 36036
26106 26109
34602 34625
47501 47501
38874 38878
17510 17525
38611 38611
25509 25509
24551 24551
981 981
19121 19121
51 525
33521 33521
9321 9321
342 357
20312 20328
39897 39903
36498 36510
39722 39730
21830 21836
4430 4432
1546 1548
28724 28726
12954 12965
29989 29989
29051 29065
6800 6802
16090 16096
22842 22949
660 824
3644 3648
38018 38045
8992 9000
49052 49054
15652 15666
28247 28250
23262 23265
26566 26628
40431 40431
11618 11624
1000 1004
38362 38368
41506 41620
43086 43090
407 412
12954 12965
45186 45192
24993 24993
34350 34352
30400 30408
8396 8418
47578 47585
48302 48304
28304 28320
46116 46123
47722 47729
32520 32528
47466 48041
36682 36688
12721 12721
30282 30309
16444 16512
6942 6960
21614 21618
41399 41408
20040 20046
18751 18751
45770 45780
46786 46800
24293 24304
6025 6025
10330 10420
36786 36788
30477 30530
8917 8922
18024 18052
23090 23095
20251 20251
33521 33521
42767 42908
18751 18751
21550 21552
4920 4927
4301 4301
24758 24775
33966 33968
15602 15640
16481 16496
11125 11125
30338 30350
40001 40014
29251 29251
10312 10320
2396 2431
25901 25901
45018 45025
18630 18640
32346 32405
8702 8705
2582 2606
33476 33488
10819 10819
37828 37832
9778 9790
32280 32344
3099 3110
12555 12560
31841 31841
48220 48343
40941 40941
7001 7001
26774 26800
19770 19908
38986 39008
37436 37444
24761 24761
22770 22771
2237 2260
11127 11128
7641 7641
45745 45745
18514 18544
41252 41268
33227 33232
18094 18096
11902 11908
27120 27124
41329 41344
34238 34300
7386 7395
47498 47508
16524 16528
1202 1210
43024 43050
35267 35286
30751 30751
4560 4563
32690 32696
22358 22362
5290 5291
26178 26184
14987 15064
14852 14864
28817 28817
28852 28888
23258 23265
34734 35441
4621 4621
16592 16600
26162 26164
48477 48480
33154 33174
21402 21422
7178 7181
44476 44481
31202 31328
29414 29420
49277 49290
32961 32961
3166 3181
24146 24168
19327 19328
38121 38121
8434 8447
7096 7144
24050 24060
15790 15792
24042 24048
15014 15048
29130 29132
32927 32930
17191 17200
45996 46016
1742 1752
14241 14256
8467 8496
17763 17775
36285 36285
4007 4016
15189 15189
29286 29308
41361 41361
38193 38193
10154 10176
5729 5729
1 1
16444 16590
44794 44808
48220 48245
47458 47464
6194 6204
41862 41890
8115 8136
13098 13100
22364 22384
41444 41450
130 138
22842 22949
5091 5104
35452 35460
27151 27151
2106 2145
38930 38956
24804 24844
18556 18562
38625 38625
18402 18405
40961 40961
23258 23302
25366 25370
5278 5288
36362 36380
43773 43773
42914 42928
10965 11032
11842 11848
47877 48010
42506 42506
16980 16985
24398 24427
7430 7430
45602 45605
5832 5850
29696 29724
30998 31024
22022 22032
22594 22600
32610 32629
44882 44954
6936 6940
1852 1959
46770 46780
3822 3840
21152 21164
35341 35341
18997 19008
45211 45211
40702 40710
18001 18001
6786 6792
39812 39848
3198 3280
6912 6930
23000 23004
30693 30700
32546 32546
18434 18454
48194 48218
22641 22641
38450 38452
35385 35385
37484 37488
17380 17384
1 42310
30001 30001
49594 49608
40394 40404
2452 2460
22741 22741
12336 12340
42065 42065
33418 33426
2097 2100
8467 8496
5361 5361
26837 26837
4723 4752
48253 48255
25240 25270
12666 12670
48021 48028
41701 41701
16951 16964
34765 34780
28298 28332
35820 35835
38752 38760
20061 20061
31622 31638
14452 14469
7167 7170
7784 7805
31428 31432
14026 14032
46474 46490
29298 29308
37828 37850
13260 13284
38945 38945
33592 33596
2127 2145
40778 40808
14417 14417
3470 3482
34342 34644
44561 44561
3600 3602
33751 33764
41753 41753
874 952
10281 10305
33751 33764
18094 18096
36926 36940
49872 49874
40081 40081
42572 42576
22087 22087
20001 20001
1170 1178
18621 18621
33547 33550
22152 22156
4120 4127
22901 22901
45641 45641
43876 43894
31770 31792
36109 36110
15372 15372
41399 41410
16625 16644
43596 44014
25778 25784
3672 3688
13589 13589
5470 5494
36729 36734
32280 32315
238 260
18010 18145
8058 8064
18001 18001
31130 31442
27075 27129
21882 21889
40260 40268
10912 10930
2229 2229
6430 6431
19557 19590
9600 9604
13018 13024
22022 22032
45347 45367
8498 8516
29422 29426
30001 30001
43198 43203
47297 47298
13868 13904
17370 17376
38131 38131
40840 40847
21101 21101
18623 18628
25456 25460
10423 10432
37130 37135
8316 8324
30601 30603
33457 33457
25200 25207
2702 2711
32401 32401
43775 43775
40330 40332
16848 16856
2630 2658
8551 8551
13598 13696
48987 49000
9292 9294
44701 44702
3153 3161
13922 13985
24506 24535
33721 33722
49472 49488
38373 38373
6398 6428
14417 14417
19830 19840
16481 16496
19226 19226
16927 16935
4238 4248
42470 42480
33201 33201
22 32
21570 21576
49221 49221
18153 18164
7086 7090
12736 12765
4642 4650
29793 29793
1702 1706
35457 35457
9718 9728
721 740
10842 10846
28418 28425
4450 4460
44047 44048
5952 6035
15598 15605
32167 32172
49882 49888
14837 14880
35204 35208
721 740
49031 49035
11902 11908
35457 35457
32878 32884
41714 41720
14929 14929
7915 7946
19601 19601
22732 22756
36297 36390
29510 29535
32258 32263
12564 12575
40769 40769
39483 39492
25494 25505
22674 22690
12458 12525
29022 29026
49902 49912
30477 30530
33261 33285
19426 19430
3492 3496
7034 7038
11592 11605
41381 41381
9994 10010
3595 3602
6570 6580
23346 23360
15262 15271
2945 2945
14601 14601
28028 28032
3572 3580
43830 43834
11918 11923
39143 39163
26566 26620
19541 19541
40282 40308
36427 36435
20178 20230
28766 28826
47641 47642
49366 49370
35801 35801
7832 7850
27596 27608
34581 34581
5718 5730
19541 19541
13041 13041
38725 38738
41862 41875
45980 45994
26917 26935
3998 4005
22482 22495
33023 33030
2208 2212
47472 47486
36249 36249
23367 23382
12052 12156
18259 18259
31457 31457
38145 38145
15610 15616
16408 16427
40472 40476
45762 45766
7922 7928
33265 33265
19226 19232
40840 40855
28298 28302
39481 39481
23806 23820
21058 21186
41506 41516
46214 46220
32070 32076
11876 11876
44245 44256
26702 26712
44701 44702
33876 33882
30837 30852
21840 21844
6800 6802
44396 44408
20421 20421
49377 49378
46633 46633
38986 39008
20125 20136
43458 43460
17983 17992
31502 31570
8780 8787
6477 6477
25552 25558
17040 17072
10025 10040
18252 18274
49090 49099
27642 27648
31770 31776
44010 44012
30001 30001
6742 6756
4132 4134
22394 22404
4233 4233
40099 40099
6691 6720
44166 44310
33950 33968
47167 47170
11198 11204
47972 48000
927 944
27393 27393
28721 28721
45441 45441
17552 17558
10401 10401
39392 39398
18927 18952
49982 50000
24037 24076
18997 19008
36913 36913
17304 17368
21682 21700
34482 34496
39521 39521
47502 47508
15627 15640
21194 21210
27751 27756
41769 41769
18623 18628
18623 18628
19830 19840
37986 37988
20397 20454
32422 32448
42254 42262
1632 1655
19657 19660
9553 9553
49963 49976
44448 44464
20766 20816
7354 7360
4723 4821
16737 16737
20550 20552
26022 26025
21138 21170
4524 4534
44481 44481
16865 16875
27703 27708
8625 8625
21348 21460
32876 32912
46812 46817
23394 23444
49305 49308
14001 14001
35539 35543
23858 23862
1 49
22034 22042
26405 26432
21426 21450
3198 3250
9296 9300
45754 45760
31312 31324
19714 19720
10829 10840
32073 32073
35834 35840
12954 12960
24457 24457
8321 8321
36752 36776
28184 28186
34812 34816
32865 32865
1209 1209
45529 45529
6416 6420
27201 27201
25001 25001
12577 12590
25452 25480
32317 32326
31787 31792
14267 14280
32927 32930
8702 8704
44147 44151
21954 21958
18354 20375
2993 3004
49521 49521
11798 11807
7430 7535
2924 2928
36590 36604
7110 7164
23526 23634
39536 39580
3065 3065
40022 40044
23697 23720
42741 42752
2598 2606
35270 35286
27986 28004
25274 25280
2326 2328
342 354
26725 26726
21974 21980
2776 2832
4702 4704
9054 9060
37866 37868
110 145
6585 6585
22632 22637
1358 1400
13150 13168
36762 36773
23569 23569
17653 17668
17983 17992
11748 11753
27854 27856
18535 18551
11794 11800
8287 8292
29986 30018
21580 22180
4823 4825
21152 21164
29458 29464
28817 28817
17848 17848
45932 45934
11441 11441
36158 36164
36542 36542
27602 27608
32601 32601
28064 28072
49293 49293
49347 49360
6847 6847
15212 15230
44034 44045
35554 35560
25672 25674
33521 33521
36621 36621
10859 10963
39696 39716
3168 3181
22977 22984
12694 12712
12281 12281
15790 15801
27458 27466
45618 45766
15950 15976
28237 28237
21834 21836
17410 17440
20535 20546
31180 31204
49132 49133
6981 6981
1002 1004
5777 5777
31521 31521
49838 49838
10646 10655
23151 23151
37076 37088
25228 25238
41318 41320
45726 45734
7102 7104
9402 9402
49704 49765
34529 34529
14416 14418
28006 28015
2630 2658
39105 39105
2197 2197
23304 23450
17189 17189
36224 36246
44786 44808
47907 47911
34990 35020
21826 21826
25840 25877
19410 19416
31376 31382
41002 41009
31361 31361
43982 44012
13868 13885
20158 20162
14310 14324
22104 22104
3665 3665
13745 13745
15986 15986
27518 27525
22559 22565
29501 29501
49071 49071
46455 46464
17498 17500
2117 2125
10636 10644
6177 6177
19521 19521
40840 40841
1538 1544
34062 34088
2581 2581
8378 8390
47200 47204
3032 3050
31180 31224
24498 24572
3006 3006
40512 40516
38462 38472
18846 18900
4200 4206
7110 7144
20167 20176
44392 44432
41054 41055
12993 13000
23241 23241
31701 31701
22553 22554
48794 48845
8057 8078
5426 5439
45085 45085
28618 28652
37490 37495
40132 40152
30546 30546
10346 10355
45398 45404
43233 43234
12934 12937
43718 43724
46576 46578
25302 25346
23914 24076
34040 34042
21992 21994
15721 15721
44177 44180
2281 2281
20662 20672
21778 21845
19018 19025
24481 24481
23064 23072
16172 16205
20687 20731
10466 10474
35218 35224
39712 39716
10604 10609
2264 2272
38502 38505
2477 2480
40305 40305
26908 26915
13298 13325
3201 3201
17334 17340
43024 43150
32830 32834
36578 36583
37210 37372
11118 11125
46564 46580
30998 31048
16618 16747
10522 10602
31424 31426
6321 6321
851 851
26468 26484
25840 25868
32276 32276
48722 48746
32488 32494
23757 23774
47366 47380
41978 41984
37732 37768
18354 18820
45652 45669
28638 28648
27046 27056
20562 20585
10257 10259
34122 34130
31841 31841
42632 42633
13562 13568
44312 44359
34200 34207
3652 3670
28501 28501
5990 5995
40423 40449
26130 26134
47986 47998
49565 49582
29854 29885
4912 5011
20627 20633
41798 41810
392 396
18218 18226
21058 21186
39976 40044
22506 22509
36517 36528
5890 5896
9841 9841
26616 26616
1538 1544
44854 44863
40690 40696
7660 7665
38740 38748
49392 49408
19054 19073
26672 26685
25694 25720
44224 44230
2630 2658
16394 16427
36396 36402
47621 47624
34138 34198
42812 42847
43040 43041
23498 23515
44050 44065
3312 3336
8641 8641
2686 2686
11068 11072
26837 26837
322 330
29398 29402
19320 19350
44522 44530
9051 9051
38897 38902
14912 14916
25552 25558
3595 3602
25634 25646
14994 15003
3225 3225
34510 34512
13598 13608
13260 13284
29094 29099
48897 48897
40901 40901
28432 28456
30218 30220
10897 10904
22798 22810
27780 27852
29387 29392
36158 36164
27421 27421
33716 33732
40521 40521
3894 4136
40342 40350
34440 34448
49794 49804
7201 7201
2418 2420
41760 41764
37786 37790
49292 49300
12548 12553
23247 23250
49631 49631
2535 2540
28232 28240
34914 34926
24051 24058
46418 46420
1432 1440
48146 48150
30926 30931
18840 18960
36801 36801
5278 5288
4898 4910
19201 19201
37740 37768
30700 30700
28490 28496
36818 36824
44652 44655
13166 13168
3802 3810
8102 8113
43038 43044
24005 24006
23258 23268
31810 31875
2051 2051
29914 29928
36327 36330
34728 34732
36657 36657
1538 1544
17756 17770
43283 43318
30377 30382
45019 45025
12118 12140
14834 14835
26501 26502
3826 3830
20854 20864
14067 14067
2590 2606
17051 17051
23123 23125
25694 25752
5932 5943
15362 15368
10446 10460
6570 6582
36850 36875
10336 10336
44646 44655
33751 33751
5822 5825
3568 3588
9241 9241
35434 35441
17248 17256
46702 46706
39662 39671
29336 29339
1342 1350
37240 37260
20401 20401
32927 32940
35434 35441
35601 35601
44772 44784
8261 8261
4627 4629
2398 2400
19264 19296
15377 15380
42862 42868
5017 5022
16772 16780
10152 10180
17174 17208
19321 19321
37199 37208
38570 38576
6702 6725
2352 2354
432 464
10001 10001
27022 27056
48401 48401
10932 10942
12527 12546
41970 41988
21022 21044
17742 17749
43052 43106
18034 18060
14449 14450
26671 26723
35714 35724
29372 29396
17985 17985
21348 21460
6952 6965
5521 5521
42090 42100
31521 31521
42530 42536
21060 21092
22702 22756
9715 9715
36864 36875
16808 16817
11095 11095
7670 7672
28434 28456
9513 9514
39922 39932
39696 39716
33451 33460
33913 33913
23994 24002
19506 19544
20958 20968
43357 43396
2590 2606
39450 39454
40427 40438
31701 31701
47813 47813
22913 22913
12921 12921
7474 7493
28577 28588
12361 12361
8879 8879
8721 8722
38927 39073
36587 36604
23554 23557
1332 1336
48081 48081
30125 30126
13113 13113
21101 21101
39594 39604
12655 12658
8806 8821
44722 44727
40938 40980
36201 36201
16444 16460
5242 5276
9737 9744
27802 27808
42826 42830
13457 13490
41877 41899
8629 8636
22153 22153
45153 45153
3611 3612
12346 12353
19377 19377
13672 13696
22106 22110
1 6
26434 26450
12444 12450
40427 40438
36881 36881
1266 1270
15091 15095
44646 44650
44022 44045
19482 19488
9335 9372
18578 18584
40808 40848
2034 2041
2613 2613
29832 29834
20232 20247
2720 2728
5101 5101
44392 44402
10801 10801
22658 22670
37506 37512
40741 40744
4877 4891
34226 34236
39010 39015
46913 46914
3586 3588
40791 40791
25322 25340
47366 47376
938 965
8604 8607
5657 5888
2678 2680
44147 44150
33186 33208
47413 47425
49902 49935
23390 23450
8881 8881
10541 10541
40674 40683
17370 17408
2985 2985
3398 3402
38962 38972
42538 42560
21354 21360
5834 5836
33365 33376
33866 33870
40801 40801
7529 7529
38641 38644
25228 25238
23452 23460
36751 36751
19444 19450
20854 20864
24846 24862
39562 39580
41401 41401
35970 35974
14171 14228
22853 22862
44609 44614
4394 4400
4877 4891
47519 47528
7267 7273
19786 19820
25038 25042
7681 7681
18398 18426
47954 47957
49506 49510
2715 4334
16401 16401
46401 46401
1106 1158
39549 39549
12337 12337
26303 26352
4241 4241
47262 47266
13121 13121
29170 29174
36645 36645
44392 44402
31298 31312
39066 39073
46081 46081
23797 23803
18837 18837
28304 28323
40334 40336
27828 27840
14676 14680
4120 4125
10961 10961
5092 5108
27218 27228
46152 46160
48247 48288
5161 5161
38238 38245
22758 22761
47830 47842
10998 11004
40374 40382
24299 24350
39286 39360
12577 12580
44050 44232
19551 19551
41117 41132
38152 38162
2314 2320
35095 35112
24226 24252
49520 49563
14561 14561
6806 6815
3099 3110
46367 46372
8274 8292
2762 2769
30822 30835
8080 8086
47754 48041
28454 29782
6492 6512
36985 37002
24563 24572
45394 45429
15168 15176
43040 43041
33745 33745
19890 19903
34090 34092
15564 15595
1632 1640
21762 21770
14420 14432
49747 49750
36850 36856
28257 28257
33292 33316
36700 36702
5662 5673
45822 45825
1627 1655
4337 4337
20712 20731
37828 37850
27802 27808
13596 13596
48538 48552
44677 44684
10718 10730
45186 45192
31366 31369
8570 8578
49474 49512
12798 12804
25489 25489
7332 7380
18804 18820
16391 16392
9402 9448
12534 12537
49212 49223
29009 29013
26977 26977
19920 19958
41518 41546
43201 43201
5662 5777
43796 43808
37329 37329
42474 42480
17826 17846
34050 34052
30192 30200
45961 45978
8212 8216
49347 49356
4732 4735
19706 19745
48588 48598
36578 36583
30358 30365
9874 9903
2670 2674
1734 1752
32417 32417
27550 27564
36530 36542
4954 4968
15112 15119
45997 46010
20675 20684
18324 18330
28432 28452
18877 18882
521 521
48306 48309
12527 12765
35116 35150
10622 11016
28354 28390
44786 44790
13393 13393
43207 43219
36904 36907
6970 6976
31044 31048
28410 28424
41002 41075
3998 4005
28737 28737
42210 42214
29664 29672
46868 46876
33428 33435
33110 33114
42150 42150
38710 38715
5662 5777
36144 36148
37192 37196
12817 12817
39157 39157
9266 9333
8957 8960
48319 48322
31226 31296
44570 44572
18714 18720
10347 10355
16336 16360
13277 13280
38825 38826
40962 40968
16951 16960
25582 25616
36961 36961
44324 44328
23698 23704
38927 39174
30311 30331
28736 28740
4301 4301
33222 33224
5622 5625
34062 34080
44234 44262
46305 46305
41991 41991
48698 48718
3862 3870
10701 10701
6781 6815
9792 9803
9994 10010
8801 8801
48987 49008
33884 33905
18896 18900
29628 29650
22632 22637
17756 17764
34402 34412
37297 37297
11507 11565
31180 31204
7016 7025
21654 21670
38946 38956
4352 4365
23290 23302
24212 24222
33598 33602
35518 35525
49232 49237
18458 18470
8267 8268
37409 37409
12790 12808
15721 15721
43176 43176
481 481
16072 16084
42356 42386
41642 41656
3998 4005
18458 18470
1806 1850
30065 30065
7390 7392
11968 11975
34646 34650
37377 37380
14303 14308
24001 24001
24622 24775
43596 43637
17562 17568
18287 18310
18162 18175
20950 20955
42702 42706
6134 6168
10538 10538
23978 23988
40132 40136
12390 12416
32401 32401
48852 48865
25822 25831
26385 26385
8142 8168
38361 38361
27636 27640
14833 14838
3239 3240
28418 28424
12666 12676
13890 13896
26070 26075
2490 2496
11438 11445
18437 18440
24968 24972
37881 37888
13614 13616
46161 46161
7736 8272
44347 44355
12361 12361
48767 48768
18 32
24551 24554
11510 11558
11257 11266
8231 8258
18411 18411
30862 30870
41457 41457
33922 33948
42102 42108
3802 3892
47907 47911
27038 27062
3850 3892
22406 22416
9250 9251
41681 41704
18564 18584
19747 19751
24037 24040
2670 2674
27337 27342
24716 24716
45545 45545
45694 45694
33730 33732
33798 33811
13234 13245
36778 36830
8209 8210
41714 41728
20061 20061
142 144
47107 47108
21501 21501
7113 7113
4801 4801
23723 23736
40188 40208
26422 26426
17722 34160
7736 7768
48080 48083
29986 30008
39977 40004
9101 9101
28670 28680
44082 44115
21301 21301
16491 16491
38386 38395
13672 13693
39718 39778
39910 39924
16894 16906
4869 4875
4686 4690
31521 31521
47996 47998
14694 14705
32608 32610
24398 24418
31642 31648
6398 6414
47830 47842
37510 37512
18690 18699
5242 5250
1 16
36661 36661
1432 1440
7896 8004
46214 46220
20167 20256
18992 18995
7611 7650
3412 3520
25402 25408
8102 8112
42702 42706
29201 29201
39953 39953
30232 30240
5112 5130
29649 29649
12437 12442
48001 48001
15986 16105
45679 45696
21477 21480
12749 12749
30422 30428
37031 37032
25398 25418
12260 12324
27393 27393
8662 8670
24608 24620
4615 4630
19608 19632
45864 45880
471 471
31998 32004
10802 10803
44646 44655
42615 42615
48472 48475
42372 42384
19742 19745
41957 41958
8807 8821
13741 13748
38478 38489
41199 41199
26472 26484
19786 19796
2442 2450
1342 1350
1705 1705
15377 15380
15150 15176
8062 8192
31998 32004
26017 26060
38247 38248
25228 25238
19114 19130
12198 12207
16927 16935
36174 36184
5377 5384
39227 39508
7021 7021
14932 14944
33762 33882
7242 7276
6354 6366
11306 11307
34840 34845
44764 45231
37000 37002
43746 43748
9406 9410
16475 16500
36798 36808
47102 47105
42950 42958
28089 28089
45274 45500
2597 2606
311 336
6065 6065
20712 21772
22921 22921
29986 30008
22347 22949
6061 6061
37360 37365
22104 22164
46801 46801
45221 45222
3022 3025
3321 3321
3894 3948
34002 34038
13987 14008
17826 17840
29914 29920
38001 38001
10636 10761
40210 40212
48904 48907
11997 12004
35281 35281
466 475
27661 27661
7537 7540
32548 32556
34518 34538
6546 6552
15005 15008
4307 4307
37470 37472
27075 27104
3412 3468
25921 25921
34952 34962
33628 33645
9267 9290
25016 25029
23412 23450
12096 12097
17929 17929
7677 7686
18972 18976
5500 5524
43666 43672
18312 18316
3628 3630
35784 35795
2482 2505
26001 26001
44756 44762
16450 16460
48258 48288
29061 29061
42545 42545
3894 4268
28370 28390
10794 10803
20690 20702
4661 4661
174 190
12394 12408
31799 31804
4352 4365
19830 19840
41230 41298
46170 46172
37921 37921
38678 38688
19905 19908
20202 20230
16659 16695
10866 10875
23212 23216
39986 39994
42242 42292
22801 22801
49457 49457
48600 48606
10412 10418
2907 2917
12555 12560
34914 34926
9746 9772
47386 47396
41962 41968
41852 41855
48762 48768
33844 33848
24630 24635
24502 24528
21518 21523
30377 30380
11205 11205
39456 39460
1794 1804
49074 49095
13266 13270
27518 27525
3393 3393
12662 12683
42254 42292
29358 29369
34033 34033
15967 15967
38316 38320
25199 25208
32148 32164
43251 43251
9998 10010
44417 44417
46662 46683
2182 2195
46367 46372
7627 7630
40943 40987
34000 34007
32520 32525
28410 28448
10169 10176
34103 34105
31180 31204
9571 9571
17562 17568
31914 31920
31726 31728
30936 30942
11417 11424
10213 10230
45545 45545
29796 29808
45201 45224
21058 21100
33338 33344
6826 6833
26837 26840
17701 17701
26517 26723
28027 28036
46605 46610
35267 35303
21354 21364
9250 9251
46998 46999
24267 24273
10213 10224
38777 38804
18252 18256
17777 17804
44401 44401
48016 48041
39830 39844
23752 23755
17106 17112
31998 32004
41490 41504
20472 20478
6133 6140
7197 7381
18434 18454
35787 35787
17521 17521
7253 7253
11154 11168
38557 38576
8201 8201
15986 16105
45641 45641
32968 33108
38316 38320
15564 15580
31226 31296
34288 34304
24879 24881
32252 32268
16127 16130
40001 40004
9241 9241
44448 44450
37962 37970
256 272
40297 40297
27412 27416
15931 15931
12033 12965
36835 36902
11737 11738
24741 24741
49742 49745
10998 11004
24968 24976
14608 14633
340 354
32286 32290
43813 43813
46560 46562
6298 6304
19301 19301
8601 8601
10542 10548
34354 34355
16108 16112
31180 31204
10751 10751
3328 3336
446 460
33192 33205
36729 36734
36520 36523
5620 5640
26937 26950
39968 39968
21102 21186
30225 30228
49718 49765
20610 20615
9905 9905
21252 21260
38122 38128
27777 27865
23680 23690
262 272
33950 33960
37052 37074
14026 14035
30477 30485
39780 39782
22657 22657
20974 20980
31779 31780
5500 5510
9858 9872
38450 38528
8679 8983
28367 28368
17457 17460
8934 8960
16336 16337
3618 3636
43260 43270
46798 46804
24420 24422
39037 39040
5890 5904
47741 47741
24145 24145
48554 48576
41434 41454
36310 36316
1046 1072
8573 8573
34357 34366
18153 18156
8314 8324
49980 50000
49400 49408
7050 7052
37186 37188
25965 25970
24278 24280
6218 6222
39953 39953
10200 10203
35447 35452
6020 6032
31814 31815
40578 40580
26525 26546
49937 49939
18998 19024
26182 26188
22497 22524
22001 22001
13388 13430
8396 8418
37182 37184
11662 11664
45297 45304
13961 13961
24650 24653
2660 2680
33597 33602
35726 35760
16720 16726
16720 16726
5041 5041
16386 16396
26873 26873
14974 14985
27667 27689
23806 23816
18781 18784
24992 25008
12401 12401
39263 39284
19194 19243
28742 28750
14140 14159
40035 40040
31194 31208
14753 14753
12655 12658
14790 14800
4146 4157
17996 18005
39864 39875
6932 7040
46085 46085
23477 23477
43441 43441
35414 35420
31730 31764
22773 22776
42305 42305
29130 29130
42641 42641
20481 20481
6661 6661
44334 44336
29952 29976
6786 6798
41211 41211
6938 6965
24089 24089
9257 9264
10890 10892
28956 28980
10478 10484
30393 30393
15969 15969
19858 19862
20554 20685
48328 48343
37558 37560
32424 32466
33287 33290
12337 12337
747 768
19425 20070
19310 19318
18660 18674
23559 23575
20529 20529
25046 25055
8998 9010
49298 49303
16752 16760
35892 35895
24459 24464
21697 21697
15201 15201
37249 37249
34148 34156
21597 21602
13201 13202
38317 38317
9852 9872
34749 34750
45744 45744
3797 3804
48441 48444
28138 28162
25810 25831
31251 31251
40473 40473
322 330
5506 5512
40951 40951
48126 48126
15827 15828
35774 35800
10385 10385
13811 13825
43240 43256
18124 18127
37240 37241
5786 5795
4582 4632
7915 7916
514 516
47406 47411
39608 39612
16601 16601
1062 1072
40466 40507
12758 12761
38179 38210
2194 2195
39034 39035
30477 30485
31950 31954
24474 24475
44102 44115
12289 12289
34481 34484
33133 33142
34701 34701
5675 5730
24234 24252
8300 8344
2961 2961
17893 17905
30393 30393
6301 6301
10785 10785
43932 43940
31050 31084
26517 26523
13402 13408
1980 1984
18331 18331
42804 42808
26405 26406
14812 14820
24902 24928
49961 50000
7591 7650
11998 12004
10392 10408
32305 32305
28251 28251
26401 26401
20690 20702
3587 3588
5861 5861
10952 10963
40909 40916
36442 36460
12052 12156
19753 19755
33824 33825
21030 21040
38001 38001
27732 27734
5769 5769
2561 2561
12501 12501
24984 25008
45938 45940
1931 1939
19362 19368
19370 19377
36176 36177
5397 5400
43009 43009
14994 15003
49212 49216
1990 1992
26401 26401
18794 18802
7598 7598
39698 39704
41602 41808
18240 18250
47321 47321
41954 41960
42474 42480
11824 11825
30268 30270
28501 28501
26687 26691
20687 20702
7662 7664
770 780
14831 14831
8337 8337
13361 13361
15851 15851
8590 8608
30712 30728
20912 20914
26007 26015
18506 18528
18731 18731
24001 24001
43358 43365
26130 26134
7425 7426
33892 33898
4090 4100
30902 30904
1118 1152
10141 10141
14592 14604
1810 1814
13440 13448
33176 33179
43292 43307
48050 48080
12627 12631
33038 33047
8601 8601
12555 12562
39192 39225
6692 6714
28260 28266
14096 14098
5888 5904
40074 40081
2597 2606
28498 28614
13760 13760
29478 29492
6276 6328
37210 37222
4761 4761
9737 9744
45202 45208
48321 48321
10434 10442
37664 37665
36318 36319
35612 35612
41646 41646
21550 21552
34418 34424
49348 49356
15755 15766
2117 2125
15776 15786
518 524
45451 45452
25628 25658
43135 43136
8702 8705
39154 39163
27603 27608
22266 22270
32474 32500
3767 3774
36947 37107
25717 25717
4447 4490
4426 4537
22072 22076
17432 17460
17814 17822
7932 7946
16878 16964
49710 49716
48783 48783
42356 42384
18154 18156
11217 11217
25183 25190
25870 25875
27898 27910
28081 28081
17040 17045
865 865
810 812
28561 28561
15434 15440
36006 36012
17983 17984
43451 43451
41297 41297
19490 19544
26130 26134
29542 29600
16444 16448
40466 40507
29810 29812
28298 28302
12946 12965
1642 1650
25791 25806
23812 23816
4937 4940
5657 5777
19041 19041
35826 35828
12827 12840
22816 22824
4582 4588
38897 38902
4116 4118
32286 32290
49828 49886
12390 12392
7838 7845
1001 1001
8906 8939
7710 7716
42182 42190
42882 42888
42794 42812
3894 3912
39946 39948
18046 18050
4781 4792
16685 16685
46161 46161
46474 46484
24084 24224
47754 47776
1634 1655
46351 46351
198 198
12914 12923
39056 39056
20721 20721
30066 30072
3110 3150
14354 14364
27265 27265
29551 29551
5232 5240
21343 21344
5381 5381
11717 11724
28478 28482
38122 38122
23262 23265
24144 24152
7874 7877
16062 16084
12714 12730
45641 45641
6551 6551
6661 6661
22740 22752
1 22340
44234 44256
21826 21832
20561 20561
49552 49563
43201 43201
35498 35500
19342 19350
47110 47146
19194 19243
45017 45056
46962 46970
18012 18016
11386 11429
12880 12881
35381 35381
23517 23524
41170 41174
5067 5078
29441 29442
22414 22433
49713 49713
8172 8180
4188 4194
30232 30250
160 166
17248 17250
42686 42721
37956 37990
31799 31808
37732 37735
27120 27124
4626 4629
2433 2435
1233 1233
12736 12743
38877 38878
48328 48343
37377 37378
10001 10001
35877 35882
30876 30876
11607 11615
8122 8140
29221 29221
24861 24861
21960 21980
6497 6497
13989 14633
10339 10342
17510 17525
39185 39190
16974 17016
14758 14764
7564 7571
36006 36012
48492 48501
23631 23631
4891 4891
38619 38620
38894 38925
1493 1522
14354 14360
23006 23010
26302 26312
23508 23510
26457 26459
36352 36374
25177 25181
591 598
48962 48965
41122 41132
43538 43560
19922 19932
20531 20540
35434 35441
16475 16510
22347 22362
23410 23418
7261 7261
41456 41460
36913 36913
801 801
45194 45196
37052 37062
15101 15101
3137 3140
26961 26961
15809 15809
6276 6328
27712 27762
12721 12721
12501 12501
6349 6352
29051 29088
28006 28015
43598 43605
5080 5089
43726 43748
14377 14390
35797 35805
18794 18802
8510 8512
7611 7650
8274 9195
31836 31836
3514 3519
12132 12134
24656 24660
42081 42081
34162 34568
19313 19313
34171 34171
49481 49481
42882 42888
39738 39778
28358 28390
29586 29632
9703 9735
18285 18285
42844 42847
2080 2088
49786 49800
20952 20955
9970 9975
30272 30996
15938 15984
32806 32808
14423 14423
21366 21368
29194 29204
45554 45631
43674 43679
31909 31909
39010 39015
17370 17378
28172 28175
31326 31326
13440 13448
27041 27041
25382 25420
26314 27125
5786 5792
46146 46165
11299 11310
37752 37768
3128 3129
11617 11620
28785 28785
33082 33099
7847 7865
5001 5001
24538 24572
44641 44641
46002 46010
36972 36983
1 1
47521 47521
5397 5412
14656 14707
18881 18881
40498 40500
47110 47920
13298 13324
20232 20247
841 841
4818 4821
17908 17925
7533 7533
36001 36001
44662 44675
9910 9955
36206 36212
4837 4837
29015 29042
26490 26496
8832 8838
32154 32164
39951 39951
36972 36983
41185 41185
42081 42081
41401 41401
43674 43679
49230 49252
14003 14008
49138 49142
1908 1912
38138 38142
26205 26234
17763 17764
5500 5504
14796 14804
46913 46914
31730 31760
26081 26081
44737 44737
25001 25001
48032 48041
18714 18719
13838 13885
32705 32705
33574 33575
19742 19745
29319 29321
45301 45301
12096 12096
28189 28189
39286 39305
40317 40328
21840 21844
48001 48001
30880 30888
3412 3416
45793 45838
32009 32009
3952 3960
27554 27564
10441 10441
15447 15532
34853 34853
14171 14176
3551 3551
23942 23956
2890 2896
14515 14524
30913 30913
36700 36711
39787 39792
25399 25418
49888 49888
29033 29033
7332 7380
9043 9043
7817 7817
12061 12061
48247 48280
18848 18858
2223 2225
27538 27653
27585 27585
8399 8408
40394 40415
1358 1368
41582 41588
30880 30888
32928 32930
24551 24554
41182 41192
21732 21740
23730 23750
5838 5840
4542 4580
10169 10180
25302 25306
43477 43500
20397 20418
41472 41475
33294 33312
46449 46453
39075 39124
48147 48147
34914 34926
14445 14446
6454 6464
3534 3540
