27782 33456
21842 23726
33458 37136
14994 20764
31442 33456
37138 39670
22522 23726
13775 14992
46009 49356
37138 39670
2503 4516
17372 17856
32363 33456
6302 8480
46009 47888
14322 14992
17858 19700
17858 19700
43954 44098
6302 7972
7974 8052
34400 36680
39672 40764
44388 45920
39834 40764
44388 45920
33730 34321
49018 49356
12850 13773
930 2150
28132 28600
3732 4483
44388 45920
24482 24830
48738 48930
20066 20764
8603 9192
33128 33456
30272 30900
8603 9192
37972 38032
38842 38971
45167 45822
41646 41756
20766 21600
16662 17284
11522 11968
20962 21600
47890 48100
14994 15792
38842 38971
19802 20678
45824 45920
49018 49356
40062 40144
41002 41312
28194 28600
33730 34321
7974 8052
3314 3730
40210 40764
34400 35160
45607 45822
19998 20064
26146 26765
2752 2856
39058 39460
39834 40060
3747 4483
38034 38145
39058 39460
24050 24300
33027 33126
4554 5080
28802 28992
45607 45822
2503 2856
27970 28130
8054 8480
7426 7950
34400 35160
4518 4552
30298 30431
32122 32361
6302 6688
26962 27200
32742 32912
41646 41756
44100 44216
31490 31600
41002 41312
38258 38332
48382 48424
4594 5054
36682 41872
27042 27200
10566 10616
16662 17016
47250 47344
30107 30270
14322 14916
16336 16628
13004 13624
33202 33456
44242 44318
19436 19536
46430 46560
6302 6688
46818 46886
35902 36210
12864 12983
8801 8801
7426 7950
41806 41866
9870 10000
354 585
10002 10288
4882 5054
1 1
3126 3126
35402 35522
5682 5840
25538 25763
49682 49872
33481 33525
31121 31121
19822 19952
10986 11075
46378 46410
11650 11920
9482 9648
124 352
124 352
12732 12748
33361 33361
36866 36914
30902 31310
3747 3952
25340 25360
15042 15599
17042 17128
42641 42641
21117 21296
18912 19030
42604 43200
14994 15040
32936 33025
36331 36450
19538 19700
9601 9601
13450 13616
18596 18623
7426 7675
10718 10890
8996 9008
21562 21600
14370 14792
48102 48356
14234 14320
30107 30160
19822 19952
28514 28600
43682 43920
600 638
33330 33456
12027 12240
41874 41928
10302 10400
47250 47344
2882 6736
30107 30160
45607 45822
1114 1356
47442 47552
2530 2646
20706 20764
17130 17284
44779 44880
44432 44490
23596 23619
42604 43200
40350 40410
28298 28512
22102 22150
4752 4845
1401 1401
14322 14368
47618 47744
34801 34801
32163 32361
15217 15440
32363 32583
38114 38145
2318 2427
5934 6176
39002 39056
36212 36303
37802 37922
25765 25872
14370 14792
12750 12784
23621 23640
35202 35284
21302 21457
49377 49616
21977 22000
41577 41606
38732 38971
44943 45000
14918 14992
8603 8994
45922 46000
124 352
15502 15552
34401 34401
4752 5196
18442 18590
11650 11723
42018 42036
13775 13872
31990 32161
9743 9828
34102 34321
30802 31310
20862 20960
47618 47744
20482 20540
22242 22330
14234 14368
24338 24454
22722 22880
7752 7778
32754 32912
39532 39670
4752 4844
31682 31800
4202 4400
28008 28296
32754 32912
437 585
25062 25148
18250 18440
47902 47940
16336 16500
35547 35600
28968 29000
42182 42250
40612 40656
10726 10726
3747 3952
2520 2646
47250 47344
40986 41024
9422 9480
31312 31368
13842 14880
8603 8880
37499 37580
32002 32161
10986 11052
37002 37061
28478 28512
19032 19228
32481 32481
40294 40348
31004 31096
9362 9420
32881 32881
19442 19536
17730 17750
47858 47900
32363 32580
25938 27958
7378 7424
9170 9192
38602 38672
40612 40656
42092 42115
45526 45577
9482 9740
38495 38592
40401 40401
15666 15750
23442 23520
27502 27600
1 100
46009 46020
26162 26207
21459 21480
42498 42529
1041 1091
26441 26441
48188 48356
44138 44206
43978 44078
11351 11351
2882 3000
14370 14558
21601 21601
6302 6406
46901 46985
36922 36976
21792 21840
31490 31600
19750 19800
27502 27629
26098 27478
3970 4000
2882 3130
49682 49835
32363 32580
4202 4400
17922 17968
42604 42860
33762 33876
15222 15352
2242 2289
30912 31002
1926 1936
48382 48400
41665 41728
43406 43472
18352 18440
37582 37615
22582 24016
40897 40897
26366 26444
39002 39056
26858 26932
30208 30270
17752 17800
38401 38401
32002 32161
19602 19700
15201 15201
43051 43051
9194 9264
9650 9725
46738 46816
26767 26808
39973 40048
3747 3952
18460 18590
22352 22424
15082 15215
31004 31070
36338 36450
6794 6826
17130 17280
40721 40721
42604 42768
49202 49216
33730 33760
49874 49920
13082 13175
27602 27629
38495 38592
46129 46226
2291 2316
44001 44001
24182 24200
13440 15473
31452 31488
35547 35561
20754 20764
19712 19730
18561 18561
34602 34780
30298 30344
20962 21115
2738 2750
1874 1906
39290 39360
9441 9441
39201 39201
788 850
13980 14064
35077 35160
13980 14064
18970 19030
6914 6964
29202 29350
48721 48721
16977 17000
41394 41536
8801 8801
9830 9868
41126 41242
39672 39790
42632 42768
49751 49751
6408 6600
2242 2289
5277 5289
22426 22520
14257 14257
47841 47841
18904 18910
19521 19521
17458 17488
12602 12700
12162 12229
37118 37136
18352 18376
40062 40130
13082 13175
49554 49616
7618 7650
5198 5225
5752 5800
29902 29928
48194 48356
18912 18968
32054 32160
9170 9192
42452 42480
34323 34398
13314 13380
16194 16262
37118 37136
8514 8600
18090 18128
40290 40348
25521 25521
43061 43212
7441 7441
28802 28965
34212 34321
40062 40130
45122 45165
1198 1906
30699 30736
11362 11400
7568 7616
26366 26400
32462 32580
22992 23000
15222 15309
42252 42328
33922 34060
17720 17728
21801 21801
6302 6406
7802 7925
26317 26364
3747 3840
2526 2646
32462 32580
16386 16504
27826 27845
2993 2993
46401 46401
39912 39968
20210 20245
35932 36135
42862 42892
19162 19820
42862 42892
16750 20338
38179 38224
23520 24016
42206 42250
6490 6550
19642 19700
2318 2400
34434 34576
4321 4321
4162 4189
22607 22665
42162 42180
19712 19730
16750 16764
11402 11458
14866 14880
25578 25692
18 100
24802 24810
42182 42450
16630 16660
17057 17057
42770 42860
24322 24336
44342 44472
26257 26257
12502 12526
22802 22880
45290 45840
29692 29726
29268 29350
16774 16848
6986 7048
11605 11644
11506 11603
26782 26808
36240 36294
47042 47120
34602 34771
29850 29858
45317 45802
44641 44641
19538 19584
48642 48704
3132 3150
40468 40499
8157 8236
49698 49833
14478 14520
21621 21650
18182 18325
33802 33876
42438 42450
26001 26001
46526 46632
37202 37264
15311 15352
23942 24016
12162 12229
41142 41242
21842 21920
34401 34401
11646 11763
36631 36631
9743 9800
5521 5521
43330 43390
20391 20391
1 1
25521 25521
37499 37552
18146 18180
23801 23801
21117 21164
22102 22150
38038 38070
1122 1196
16274 16320
47634 47680
33027 33278
18522 18576
27852 27856
39533 39670
6490 6550
9743 9800
39842 39910
12560 12704
28168 28192
23157 23192
15311 15352
16201 16201
38842 38956
42957 42988
46953 46953
48124 48186
11474 11480
17762 17795
26024 26048
43061 43582
37401 37401
2771 3020
35402 35488
881 881
16506 16546
13026 13080
5402 5502
19032 19100
5082 5172
47858 47888
45912 45920
30208 30270
3410 3440
15177 15177
13202 13304
3255 3280
1650 1750
23012 23080
25294 25338
46901 47125
4218 4222
44943 44992
25442 25500
20962 21096
6118 6156
9556 9634
36486 36570
35932 35982
27314 27324
25190 25217
21621 21650
19032 19100
2002 2145
18382 18440
7220 7360
29641 29641
7105 7105
3601 3601
3957 3968
7458 7500
33608 33652
20081 20081
9882 10008
10502 10564
28194 28240
33922 34060
33292 33328
16750 16764
21977 22075
15002 15274
47698 47744
13093 13104
41806 41866
44650 44675
30108 30166
1001 1001
44599 44648
46834 46886
15142 15215
23851 23851
38334 38396
38678 38730
18522 18576
2961 2961
43322 43390
40468 40499
10194 10250
13202 13250
16630 16660
22607 22665
10853 11052
20906 20960
29782 29797
7502 7566
16050 16100
39533 39670
22162 22176
1874 1892
16962 16975
35830 35856
41423 41500
15422 15473
18422 18440
30802 30832
16386 16475
45012 45020
3791 3840
36338 36400
40418 40452
29581 29581
11952 11968
9362 9471
35286 35324
18340 18350
8721 8721
14188 14200
25002 25042
1564 1646
944 1039
7144 7162
8738 8756
37138 37176
10102 10114
41316 41372
46738 46816
4292 4368
19474 19536
5402 5500
41701 41728
21652 21672
11917 11920
31702 31760
13402 13424
25041 25041
4818 4890
13026 13080
13666 13744
48964 49000
15222 15274
34602 34771
31346 31368
35089 35089
18561 18561
15222 15274
21792 21804
2842 2848
42330 42390
788 832
1 1
22974 22990
41040 41056
46474 46524
24338 24346
12732 12748
9021 9042
44805 44862
31490 31550
17394 17456
45361 45362
8202 8236
34342 34378
22501 22501
20101 20148
10002 10008
47570 47600
34406 34420
31004 31070
19538 19584
39002 39040
10747 10800
23077 23168
34533 34568
40632 40656
39816 39832
18340 18350
44250 44270
38812 38820
40001 40001
11725 11763
41930 42016
1564 1590
19238 19248
39702 39786
15326 15352
13202 13250
25001 25001
31885 31900
6702 6712
23094 23136
32886 32896
35162 35182
1397 1489
31152 31198
38411 39040
15142 15215
40209 40209
42742 42768
40454 40466
12746 12920
29649 29649
48054 48072
35768 35800
39533 39640
28722 28760
45322 45350
12602 12658
16962 16975
17257 17257
9482 9512
25627 25692
41953 41953
32462 32508
43781 43781
42101 42101
3862 3881
17842 17854
11322 11333
22970 22972
21432 21472
18230 18256
5702 5750
36001 36001
19131 19131
21834 21890
8706 8736
49242 49280
2001 2001
37501 37501
44272 44310
36162 36190
43061 43106
7714 7728
45667 45752
10130 10140
27361 27361
37202 37264
2442 2448
16977 17000
22562 22580
28902 28930
33702 33728
18688 18704
42377 42450
28361 28361
24422 24451
28097 28130
13001 13001
25274 25292
29268 29350
34834 34875
2322 2412
39889 39889
15492 15500
10851 10851
48301 48301
9090 9140
31376 31440
33567 33606
38001 38001
16882 16912
49482 49494
44650 44675
34323 34398
23670 23700
39425 39425
22426 22487
2052 2077
5752 5800
45874 46000
44362 44384
7677 7720
40001 40001
4594 4596
23621 23664
36626 36626
25721 25721
32202 32228
33027 33278
30767 30860
11888 11900
17186 17280
16750 16944
3242 3253
48932 49122
7164 7218
40206 40232
39533 39640
37578 37580
16962 16974
28731 28731
47251 47251
42990 43040
42770 42860
2993 2993
18912 18966
22050 22075
29122 29138
11460 11480
31766 31856
24456 24512
2372 2400
5573 5600
23298 23322
22249 22249
49589 49616
41198 41208
35242 35284
15201 15201
13842 13872
31281 31281
1752 1775
12038 12120
47682 47696
29108 29138
15717 15790
49054 49111
18202 18206
47541 47552
1122 1395
9201 9216
22674 22760
3167 3280
24851 24851
25447 25484
39002 39040
24722 24788
29511 29544
9562 9600
6298 6456
49810 49833
38062 38070
39002 39040
26477 26480
37108 37116
42742 42768
12881 12881
7794 7835
47347 47360
40350 40380
42330 42360
38282 38409
38541 38541
37681 37681
31117 31140
25592 25625
37002 40394
31766 31856
3633 3633
9692 9725
43626 43720
23442 23456
6212 6248
20622 20652
34652 34750
28322 28352
21687 21700
38027 38060
28610 28619
3816 3840
32481 32481
5922 5930
20680 20702
17942 17968
46526 46576
2098 2112
32603 32640
32426 32456
45226 45226
1137 1196
17490 17512
37708 37750
11460 12036
16631 16660
19072 19152
10892 10906
801 801
10101 10101
47221 47221
6372 6406
42362 42375
42662 42740
1207 1263
12346 12416
49461 49461
19474 19512
43330 43340
36987 36999
12721 12721
15627 15649
16946 16974
44943 44992
47841 47841
30301 30301
45073 45073
44692 44736
23358 23380
42038 42045
9268 9272
29841 29841
6552 6562
43512 43548
14066 14152
44081 44081
46526 46576
42386 42590
9422 9440
17394 17435
4354 4368
32603 32640
29649 29649
17856 17856
13001 13001
4988 5021
33281 33281
32881 32881
10001 10001
36532 36564
6802 6830
19042 19070
34995 35006
4847 4864
42604 42630
40836 40898
6922 6964
48994 49122
24448 24451
29352 29400
9021 9040
25418 25445
33240 33275
15108 15128
26934 26985
200 240
382 396
33980 34044
21166 21210
26995 27102
14522 14528
41392 41421
31766 31856
11441 11441
4601 4601
9474 9480
35602 35610
6178 6210
20221 20221
6961 6961
11554 11603
23670 23700
29612 29690
11981 11981
19230 19376
36834 36850
20542 20600
17522 17560
23842 23888
32462 32500
15942 16054
22662 22672
45652 45802
5655 5664
47902 47908
33034 33088
25352 25360
28561 28561
25542 25568
31552 31600
27314 27338
41210 41235
21677 21712
27901 27901
6777 6792
10698 10716
22275 22290
26995 26995
32998 33025
20030 20035
38472 38492
25694 25705
12513 12513
37972 37988
44251 44251
12430 12439
35265 35265
21625 21625
17522 17560
48301 48301
29782 29797
5666 5672
21251 21251
7458 7550
27104 27120
44943 44992
4376 4400
2291 2304
3957 3968
26767 26772
14881 14881
16425 16629
42306 42328
17762 17768
11802 11900
18976 19000
9 16
33762 33800
4450 4480
45430 45520
49246 49480
43161 43161
14382 14400
6251 6252
8787 9240
34652 34750
5330 5350
42038 42045
36609 36626
28401 28401
2142 2145
11784 11800
15554 15572
44242 44299
45809 45809
17844 18180
28457 28457
12242 12284
32458 32500
30930 31296
39758 39784
22128 22150
32642 32660
36512 36530
14402 14451
39330 39475
32998 33006
34431 34431
8310 8368
43952 44040
918 928
22762 22800
40077 40100
25425 25425
10290 11232
11428 11458
23420 23440
22722 22760
15651 15670
21302 21330
31117 31140
12027 12034
14561 14561
5402 5440
2648 2684
47281 47281
3382 3402
34170 34256
7115 7142
32650 32660
34450 34580
18352 18376
20934 20981
19024 19030
18500 18516
1752 1775
49142 49164
43512 43535
32163 32170
27135 27150
42122 42128
42386 42450
12530 13438
40982 41008
29140 29160
25772 25807
852 942
12134 12220
17074 17088
30041 30041
28210 28221
18262 18290
30057 30083
27702 27708
31766 31856
17490 17520
33027 34100
23358 23380
6913 6913
16561 16561
44312 44318
12547 12558
1842 1853
28132 28160
32028 32046
25001 25001
20470 20476
28522 28580
5134 5500
25586 25590
16545 16545
28369 28369
7062 7088
225 225
4070 4093
47250 47311
20801 20801
11158 11168
31098 31115
5822 5848
30208 30296
7137 7137
130 144
3701 3701
17522 17560
8467 8512
3626 3640
21977 22048
9840 9856
27874 27904
47772 47790
8522 8559
5754 5766
40434 40466
36682 36809
45394 45420
17032 17072
38902 38940
21332 21430
25842 25936
36002 36040
44085 44085
22607 22626
401 401
49314 49356
1678 1716
25082 25120
1658 1906
21752 21762
28751 28751
27426 27448
8310 8368
11428 11458
21716 21732
20821 20821
44545 44546
14994 15025
9840 9875
33162 33192
23094 23136
29511 29576
18382 18400
6372 6406
20546 20570
18182 18198
41747 41756
39477 39494
9743 9780
6714 6730
30081 30081
94 100
22974 22990
17522 17560
44218 44299
28008 28070
44208 44214
36192 36200
49166 49184
26782 26786
28626 28650
6372 6406
12310 12342
21262 21916
1273 1273
37790 37844
6794 6830
41961 41961
2242 2250
11554 11603
46947 46976
48994 49010
43924 43940
4402 4427
16977 17000
41202 41242
48261 48261
29162 29238
6657 6657
18301 18301
7858 7900
28798 28822
22019 22044
29511 29690
33001 33001
20410 20416
14548 14558
38622 38672
146 180
39402 39420
35682 35856
33162 33192
4102 4112
1401 1401
7016 7045
25502 25520
24422 24436
1041 1051
45242 45288
8717 8718
25772 25792
43406 43424
14722 14740
4261 4261
18524 18594
16425 16475
15717 15790
10314 10344
24990 25040
15903 15968
18601 18601
3521 3521
7982 8029
10266 10288
43374 43385
44138 44180
28008 28070
28854 28880
45804 45816
44492 44503
25442 25443
18621 18621
15201 15201
43558 43568
30642 30664
37696 37712
12935 12960
42690 42784
16338 16360
17138 17168
4485 4500
5126 5132
31904 31915
31251 31251
17378 17392
47782 47790
3519 3527
45922 46007
5754 5756
36532 36560
47570 47600
13666 13725
29240 29266
24522 24560
40260 40292
22598 22602
27670 27716
16012 16048
33162 33192
23055 23075
42701 42701
46924 47125
40501 40516
10161 10161
21978 22044
30876 30876
36766 36809
44210 44214
13026 13043
22412 22424
15856 15866
42662 42678
20422 20440
7690 7700
16201 16201
21218 21230
46901 46922
17102 17216
8822 8836
4961 4961
23442 23454
16827 16848
25502 25520
32603 32640
4241 4241
48370 48424
45579 45646
27022 27048
1207 1263
22722 22744
17561 17561
18600 18650
41142 41196
29826 29848
19922 19938
44059 44064
15972 15985
10718 10724
8002 8029
1666 1720
27670 27696
20341 20341
49496 49520
41142 41196
17720 17738
46001 46001
161 161
6751 6751
3791 3802
2526 2530
28132 28160
22907 22908
5874 5888
2492 2501
17437 17449
16561 16561
7144 7166
2254 2280
48201 48201
40557 40610
15138 15190
38738 38750
25749 25749
22218 22230
7232 7254
30954 30978
9282 9295
32326 32361
26259 26259
11084 11112
42978 43059
31924 31944
14482 14513
25990 26003
24622 24636
43238 43248
24697 24705
49734 49784
21518 21536
16385 16385
46442 46472
27944 27956
28561 28561
24502 24512
2364 2370
40210 44340
41392 41421
18001 18001
29612 29680
32402 32406
43538 43582
46010 46020
2686 2704
8208 8222
38122 38128
45073 45156
3538 3564
9882 9920
5210 5270
33481 33490
38973 39040
18848 18861
47792 47856
27586 27616
34202 34240
8310 8368
14159 14184
47409 47409
29874 29988
1826 1838
43371 43371
38147 38160
43387 43504
30486 30520
877 900
21478 21565
5177 5196
17856 17920
27578 27584
3267 3356
24103 24120
3905 3950
25538 25576
38622 38625
6346 6370
34978 35006
39148 39166
47564 47630
614 625
35314 35324
25447 25484
33884 33929
23157 23168
21098 21112
15401 15401
24210 24232
41010 41024
20481 20481
37153 37153
32462 32500
26388 26438
11002 11024
35351 35351
3777 3789
36331 36490
35337 35340
16767 16825
46252 46288
23301 23301
36512 36530
12000 12025
37218 37240
24210 24232
45985 45985
22530 22580
5023 5044
33546 33680
19874 19957
26802 26812
29140 29152
25209 25209
13842 13860
48812 48814
1 435
32326 32361
11411 11424
17861 17875
11002 11024
11496 11500
15206 15215
47252 47305
47002 47017
3338 3356
49921 49921
26513 26513
6252 6456
24890 24936
13060 13080
7334 7340
3041 3041
25447 25484
16977 17000
1273 1273
23993 24012
20422 20440
43924 43940
37501 37501
1207 1263
35524 35531
39650 39677
23012 23104
22934 22965
12935 12998
31614 31616
3281 3281
4442 4448
23902 24016
34499 34499
31052 31082
31170 31188
27202 27215
35420 35486
35396 35400
9743 9760
39444 39456
36676 36676
49084 49100
45457 45490
46901 46922
24008 24012
16877 16912
28097 28130
42177 42177
16082 16100
42249 42249
2882 2895
17194 17216
35420 35486
47746 47770
28241 28241
47681 47681
34148 34159
20397 20404
33110 33118
14567 14592
26934 26962
5681 5681
14874 14945
7168 7184
6986 7014
13621 13621
29202 29238
25150 25188
40138 40144
24194 24236
1855 1869
46674 46712
29402 29440
14453 14476
46442 46456
2429 2440
14159 14184
26995 27005
38498 38512
18017 18032
1093 1111
19940 19948
25850 25900
46932 46945
1551 1551
26388 26400
44610 44648
5602 5634
42552 42570
41225 41225
36240 36256
12802 12824
41962 41990
9718 9728
29902 29912
21302 21322
1702 1716
38310 38320
38062 38088
1826 1838
34102 34125
21801 21801
31098 31110
34521 34521
47737 47737
29607 29610
4070 4093
27972 28006
3410 3514
1397 1646
3646 3680
26601 26601
32386 32456
699 719
22378 22396
23420 23435
43252 43256
28706 28796
37302 37355
2858 2880
13232 13248
8501 8501
36682 36700
23633 23633
23678 23700
15990 16008
210 213
41858 41866
24422 24436
33042 33088
37411 37440
14881 14881
35554 35620
25874 25893
2079 2204
48378 48384
43182 43190
47342 47344
9361 9361
28802 28822
25052 25071
32682 32690
48721 48721
34927 34944
9443 9445
9782 9800
41557 41568
27361 27361
42001 42001
1657 1657
28262 28288
7490 7520
35938 35948
44327 44340
1089 1089
48378 48424
15915 15968
43218 43248
8862 8890
25526 25536
16961 16961
37501 37501
16558 16568
3079 3112
16531 16531
11496 11504
1722 1750
47361 47361
26522 26585
33234 33251
21921 21921
25150 25188
20302 20320
6751 6751
18762 18779
36354 36476
30737 30750
48234 48356
23577 23577
43041 43041
18912 18920
12901 12901
32731 32740
2929 3020
49936 49952
37121 37121
39852 39869
46252 46288
45170 45216
22378 22396
7402 8380
3319 3356
29027 29040
1436 1448
45780 45800
4346 4374
10530 10530
26024 27958
13801 13801
21978 22004
37696 37700
44936 45071
21892 21900
16112 16132
45922 45952
16877 16930
29970 29988
38498 38500
1908 1924
22352 22368
18359 18359
9840 9856
9714 9716
12101 12101
28706 28756
30010 30034
10378 10403
6801 6801
8902 8920
7714 7728
6641 6641
9201 9201
41903 42590
13366 13380
20680 20702
3576 3576
11378 11409
37952 37968
9002 9019
41281 41281
43096 43106
44492 44503
29001 29001
30038 30055
35966 35982
48092 48095
11790 11800
27104 27126
35804 35840
5982 5986
43387 43582
9162 9163
36390 36425
47057 47057
44138 44153
30930 30952
46888 46899
27567 27572
19521 19521
14334 14360
7044 7045
27762 27768
752 772
20241 20241
3474 3514
42572 42576
45457 45490
14666 14680
43226 43236
20481 20481
3986 4080
30666 30692
14801 14801
40722 40752
31726 31748
43122 43131
27062 27069
25128 25130
14921 14921
17138 17175
774 786
21502 21508
25772 25792
23750 23786
2002 2016
28647 28647
16750 16765
47601 47601
46578 46582
5313 5313
27007 27056
49480 49488
44579 44608
25201 25201
29154 29238
22530 22580
37751 37751
49786 49820
38147 38159
42362 42372
46612 46628
31024 31116
7780 7792
17902 17920
48131 48131
202 230
27426 27448
48849 48849
47146 47168
3519 3608
5666 5688
21806 21818
49376 49376
40065 40065
28253 28260
19600 19625
16062 16100
31345 31345
27134 27150
27974 27990
4070 4080
23810 26022
18301 18301
45025 45025
26171 26171
19586 19712
22802 22828
26052 26080
39512 39520
43168 43180
23621 23664
4482 4800
47649 47649
4802 5021
31924 31985
2973 2990
22522 22528
2929 3020
27426 27448
31832 31836
43986 44000
35842 36274
7874 7880
35314 35324
12038 12060
10256 10264
36354 36760
6686 6695
17298 17300
26121 26122
36092 36100
16377 16423
4802 5021
8370 8380
9382 9384
3576 3576
42276 42292
49522 49616
12140 12160
49769 49769
43258 43940
27960 28550
12117 12117
8662 8785
23002 23010
7982 8000
701 701
42702 42738
35858 35875
42742 42754
33682 33700
46652 46670
49281 49281
9342 9348
31946 31960
10305 10305
41794 41800
4876 4876
18081 18081
20334 20338
2291 2308
43933 43933
10066 10145
9961 9961
23993 24012
7857 7857
33321 33321
27694 27700
31052 31066
18422 18430
2271 2272
8181 8181
6251 6252
19302 19324
39557 39557
44708 44719
32458 32466
48177 48275
7121 7121
20602 20618
24941 24941
26858 26875
32587 32601
48578 48592
3649 3649
39466 39475
17850 17856
27501 27501
40350 40360
2929 2970
28001 28001
42872 42880
561 561
29554 29605
13809 13816
28932 28965
9225 9226
22104 22112
24801 24801
31885 31902
9930 9945
15574 15588
10718 10851
48781 48781
10753 10753
45970 46008
2546 2580
11002 11020
14761 14761
19250 19276
37793 37793
41992 42016
14791 14792
32082 32102
7321 7321
1277 1290
12162 12175
44301 44304
46761 46761
22006 22016
39538 39550
41142 41242
43133 43158
21332 21353
46362 46366
23142 23150
5134 5524
25434 25488
952 994
10290 10502
28834 28850
17302 17312
41210 41235
18241 18241
26300 26340
24422 24436
14947 15000
48050 48052
22226 22226
35966 35982
40341 40341
3816 3840
14258 14303
29362 29400
47081 47081
11810 11824
39070 39071
31430 31478
7962 8010
27937 27937
38113 38113
19430 19432
13282 13304
24441 24441
11694 11702
10514 10528
10266 10283
35906 35920
37506 37520
34786 34805
2730 2750
39622 39648
6937 6944
33182 33216
13702 13714
18970 18984
48921 48921
15390 15420
48016 48016
22378 22396
40098 40120
42042 42045
32469 32469
19302 19324
5393 5393
10530 10560
43761 43761
24103 24112
28508 28512
23002 23010
18690 18783
28449 28449
7474 7528
21147 21164
39226 39247
24890 24928
25850 25875
40042 40130
10118 10128
47996 47996
25093 25126
14001 14001
49698 49705
11401 11401
34682 34692
15831 15831
42610 42630
17514 17650
12642 12704
22652 23104
13966 13978
24752 24756
11441 11441
47026 47050
6664 6679
8139 8200
22378 22396
5994 6016
28801 28801
17218 17264
11605 11624
33567 33608
21057 21066
2721 2721
401 401
33185 33185
14553 14553
27923 27934
9142 9156
37564 37576
47521 47521
41747 41756
13727 13772
5198 5248
10946 10948
4721 4721
6372 6392
18261 18261
5102 5124
45082 45100
14921 14921
46932 46945
9037 9042
49058 49122
35001 35006
43942 44120
594 598
7903 7912
45970 46524
2062 2076
11765 11782
45902 45968
15054 15063
16114 16132
19833 19833
9181 9181
45260 45288
7486 7510
23358 23380
4130 4155
13178 13184
1841 1841
41121 41121
14561 14561
45378 45428
12000 12025
29970 29988
20886 20896
43612 43624
6606 6616
36604 36607
12985 12988
44849 44849
48190 48212
31562 31600
43929 43929
27801 27801
32692 32726
45625 45626
35074 35080
49426 49448
29001 29001
1231 1256
37218 37225
40786 40790
15192 15204
4847 4860
25321 25321
39852 39869
46932 46945
15938 15968
21764 21776
9252 9264
4876 4888
28262 28272
14162 14316
49201 49201
17514 17650
40801 40801
40098 40120
11101 11101
26242 26272
21161 21161
35162 35180
45951 45951
402 420
9490 9507
3161 3161
49734 49872
36766 36795
9591 9634
4992 5021
36044 36057
33953 33953
33526 33530
34401 34401
36722 36744
25292 25310
23666 23675
17032 17049
8726 8777
3977 3977
38276 38276
47361 47361
13962 13978
5241 5241
13724 13724
33302 33322
23497 23518
28961 28961
28854 28898
34821 34821
18337 18337
14362 14400
16886 16900
22209 22209
1137 1168
1826 1838
48277 48302
962 994
26151 26151
13094 13104
6562 6580
37491 37495
4590 4608
30833 30833
20522 20652
48994 49013
22852 22875
3267 3280
28052 28520
29202 29238
14557 14557
7382 7394
6451 6451
42894 42904
37506 37536
36751 36751
36157 36157
6281 6281
44877 44896
33562 33565
33462 33475
41210 41235
1364 1395
41153 41153
26000 26001
19997 19997
10896 10903
18046 18284
14290 14300
2450 2600
23822 23840
1 1
26341 26341
46634 46650
2001 2001
3986 4080
5401 5401
8054 8080
4376 4394
29176 29199
140 190
3582 3606
38752 38792
43838 43856
36970 36980
4558 4588
43390 43391
14689 14689
22201 22201
6066 6084
27201 27201
29772 29795
24456 24480
9302 9330
31112 31115
16877 17500
37241 37260
20572 20584
49142 49184
19844 19860
45929 45929
46607 46608
24625 24625
12014 12025
9652 9658
38744 38784
37730 37752
43022 43056
13318 13342
32562 32583
8704 8784
32078 32082
46691 46691
14977 15020
42142 42152
14001 14030
49247 49260
43986 44064
33672 33696
38690 38730
40722 40752
48594 48616
18482 18498
49786 49814
30346 30368
10312 10312
36225 36225
18822 18824
25832 25848
44849 44849
30210 30230
33702 33728
19501 19501
27201 27201
40146 40167
23677 23747
21038 21066
16347 16360
18689 18689
22452 22471
24722 24739
796 832
42042 42045
1 1344
9478 9482
19962 19975
44781 44781
47541 47541
34910 34925
4590 4592
46634 46650
46478 46524
28262 28280
1538 1552
34505 34524
14032 14360
26457 26457
14058 14064
47761 47761
18306 18320
39049 39049
37025 37025
9921 9921
19788 19800
45121 45121
3537 3537
19450 19456
8174 8200
7932 7944
47002 47017
17302 17312
6462 6475
14040 14112
36512 36550
449 449
45198 45210
29077 29080
27400 27418
4642 4719
28677 28677
3637 3696
15920 15925
30398 30410
18401 18401
18945 18945
30651 30651
38242 38248
12716 12744
3527 3527
31726 31736
45212 45248
38302 38460
44138 44153
5994 6040
1364 1377
13490 13520
29666 29680
8826 8836
640 668
17041 17041
45394 45421
36982 36985
12169 12169
10705 10705
25526 25536
38098 38117
502 505
21752 21762
46458 46472
49201 49201
3267 3356
48618 48670
36644 36650
15903 15913
2694 2707
29666 29688
12097 12097
39330 39376
33778 33792
39161 39161
25418 25425
26929 26929
19872 19875
16854 16875
23993 24008
45167 45288
36331 36332
35906 35912
18626 18650
11326 11326
16057 16057
39099 39100
26818 27005
5342 5350
20821 20821
43361 43361
34701 34701
6761 6761
16492 16500
3351 3351
16506 16528
22911 22932
49062 49075
682 696
600 608
27631 27654
31092 31110
45762 45778
8025 8025
12014 12025
21701 21701
38197 38216
49490 49494
7118 7124
25634 25642
18201 18201
49622 49642
27656 27904
41877 41888
9225 9226
13382 13438
12935 12956
21297 21297
46250 46255
36442 36476
11858 11876
39877 39895
7410 7424
37309 37309
21761 21761
15142 15150
38802 38821
10853 10857
20776 20814
47074 47085
7445 7446
37990 37992
3737 3884
9570 9589
36766 36809
13232 13304
49166 49170
46742 46753
22942 22965
18600 18650
1674 1676
7958 8006
682 696
43584 43608
12162 12175
15953 15953
30317 30320
1346 1356
4841 4842
33562 33565
1564 1585
42302 42328
25001 25001
35361 35361
31052 31066
6001 6001
796 800
38833 38833
23626 23655
23702 23726
33627 33639
10801 10801
22942 22965
26061 26061
44439 44446
46501 46501
24312 24332
49625 49625
32084 32102
20680 20726
35622 35632
14666 14680
47449 47464
2098 2104
13878 13938
44939 44941
48370 48390
18848 18905
33067 33088
32078 32142
3185 3185
31068 31082
47994 48010
24849 24849
46901 46922
4834 4942
23810 24480
33008 33025
6094 6160
48801 48801
25962 26022
28081 28081
27718 27779
26093 26142
37001 37001
14408 14432
37809 37809
23996 24008
2364 2395
18502 18771
33764 33856
41316 41333
4770 4976
26170 26188
20514 20520
29666 29690
6222 6248
32936 32940
1511 1520
7553 7553
41586 41606
45886 45900
46442 46448
5050 5130
9242 9264
8802 8836
7018 7026
81 81
31102 31110
20397 20520
36881 36881
12941 12941
5994 6020
34505 34524
42642 42660
47642 47669
47361 47361
892 904
34561 34561
16481 16481
23532 23544
13878 13938
9664 9694
6641 6641
8826 8836
33234 33251
47174 47344
627 632
38480 38486
43982 43997
29601 29601
46022 46040
49128 49134
38851 38851
9947 9975
25526 25536
44116 44120
45566 45575
17869 17875
4502 4510
18582 18594
7198 7218
44301 44304
42097 42107
18798 18804
45082 45100
2602 2650
2282 2288
48672 48810
7586 7600
47087 47125
17797 17820
3041 3041
22233 22233
21013 21036
17942 17945
30561 30561
296 330
14666 14682
17102 17264
46481 46481
41634 41644
20002 20017
30954 30978
49136 49140
6222 6248
13400 13438
6083 6083
16631 16643
39827 39834
18046 18096
34778 34798
47671 47678
11118 11232
38211 38211
21404 21416
6582 6604
37184 37216
42262 42274
40241 40241
17681 17681
1402 1646
35326 35620
17552 17564
46634 46638
41441 41441
1322 1328
140 144
34162 34179
30520 30542
27134 27215
17720 17738
16230 16240
25150 25216
48054 50000
32641 32641
13946 13954
29108 29115
6066 6084
26457 26457
18641 18641
48881 48881
27050 27056
19462 19480
4282 4288
46250 46270
36769 36769
13169 13169
48277 48302
36609 36626
35808 35828
29117 29138
22010 22060
39324 39328
11298 11301
35984 35990
18742 18752
4292 4300
33462 33475
47473 47473
36481 36481
15868 15892
3191 3200
13577 13966
47858 47864
2721 2721
13169 13169
17682 17692
38698 38710
29666 29685
5702 5710
48626 48640
41906 41915
12000 12004
25850 25875
44161 44161
32721 32721
22398 22406
1130 1180
31201 31201
11186 11232
45668 45683
17797 17820
27007 27056
3729 3729
41930 41960
29902 29912
26242 26272
10992 11116
6756 6800
17227 17228
5602 5608
20686 20690
44579 44597
30398 30410
35906 35912
29281 29281
16721 16721
24868 24884
11358 11376
12301 12301
46147 46152
27341 27350
48262 48270
21201 21201
28202 28550
47792 47818
23814 23872
36427 36430
13874 13876
4622 4630
28407 28412
1518 1532
49166 49170
24056 24064
42342 42360
37654 37694
47087 47112
17354 17364
43586 43608
702 720
9010 9019
40658 40678
38272 38528
8744 8752
28433 28433
10801 10801
43612 43617
38113 38113
32172 32488
41999 42016
39788 39790
23392 23400
31369 31369
31196 31198
7102 7109
17947 18036
43821 43821
45114 45140
14749 14760
9660 9662
24650 24670
43133 43158
36362 36388
8498 8520
42742 42763
23351 23351
44568 44570
9627 9632
30382 30385
43153 43153
48251 48251
2945 2945
26620 26632
36092 36100
11202 11216
33092 33102
8012 8029
22722 22740
23877 23888
32490 32528
36442 36464
10338 10344
16062 16100
22706 22715
28656 28662
36609 36626
28574 28690
30057 30070
28132 28160
42401 42401
10346 10350
18773 18846
42130 42140
8162 8200
35857 35857
16468 16703
44579 44675
33234 33251
1534 1552
42217 42232
11182 11232
15441 15441
40698 40719
3305 3312
18130 18144
33737 33760
8382 13380
7762 7835
15234 15248
36652 36666
42817 42832
7302 7332
19002 19020
49071 49071
15868 15892
27926 27956
31514 31528
41492 41495
5758 5792
49760 49761
10052 10104
19909 19938
26194 26200
32532 32583
13237 13245
38440 38445
5233 5233
5501 5501
39538 39550
3034 3049
201 201
21764 21804
30284 30285
22722 22740
14318 14360
1165 1165
18497 18497
6042 6084
45250 45258
23810 24054
36132 36174
10753 10753
38574 38585
21236 21248
12482 12513
13318 13342
48054 48356
10726 10730
16230 16256
1602 1610
81 81
39207 39207
33054 33059
39893 39893
46001 46001
6477 6485
42882 42904
2902 2910
48214 48224
44722 44914
14706 14724
27567 27600
26846 26856
44042 44057
2329 2329
12881 12881
10735 10735
17451 17456
5994 6020
3942 3948
20611 20611
901 901
27262 27310
32587 32596
31750 31776
4157 4176
31068 31082
42066 42080
36065 36065
12097 12097
25001 25001
49977 49993
20125 20136
15281 15281
34505 34524
19282 19297
25273 25273
22994 23008
1 1
17588 17620
36552 36575
18626 18650
46396 46410
47772 47824
9782 9848
49480 49488
13346 13360
34582 34606
22257 22267
28936 28960
1728 1750
20226 20226
25485 25485
9718 9720
48358 48368
5949 5949
31614 31922
24210 24232
43302 43320
94 95
16942 16970
14960 14968
45250 45251
28478 28500
1450 1646
9489 9489
4481 4481
21098 21102
41549 41549
2337 2337
5518 5524
7011 7011
41201 41201
22241 22241
14810 14816
33221 33221
5373 5373
3637 3640
14273 14273
6702 6834
38498 38512
46022 46071
45579 45620
43202 43250
501 501
29242 29386
48234 48275
23417 23417
40306 40314
5178 5196
15737 15737
35052 35090
27989 28000
17432 17456
28656 28662
23472 23495
1633 1633
4774 4780
41817 41832
3532 3564
7561 7561
24652 24670
1 1
31342 31374
33426 33450
36252 36256
8238 8241
18945 18945
1728 1742
35825 35825
41281 41281
17710 17712
25501 25501
35709 35840
39921 39921
22601 22601
26410 26438
9121 9121
3249 3249
15798 15840
6761 6761
28626 28640
20290 20300
16384 16423
17947 17952
16384 16423
25601 25601
39538 39550
34132 34140
13400 13438
38417 38417
34074 34095
25046 25061
32692 32703
7841 7841
6462 6485
21051 21051
1498 1600
28241 28241
25373 25373
37954 37965
16034 16050
39226 39242
10262 10270
45492 45642
26001 26001
47449 47456
7930 7944
3281 3281
27690 27779
32122 32142
2648 2650
49714 49724
1361 1361
22967 22968
22401 22401
32562 32583
11266 12025
36405 36405
6094 6160
37666 37670
45685 45840
7882 7888
1937 1937
43610 43740
31870 31872
5582 5594
44415 44685
36132 36135
16942 16972
7690 7702
46368 46394
44182 44202
13727 13750
19512 19512
23069 23069
16196 16196
37198 37216
33054 33059
45194 45210
16468 16475
5982 5992
14706 14720
42174 42208
12559 12570
38574 38585
9291 9291
3657 3660
22218 22494
7481 7481
11020 11024
18050 18064
46324 46354
30656 30656
30462 30600
8090 8120
27436 27448
25401 25401
46334 46352
296 330
30347 30347
18798 18804
3 7
45492 45642
31553 31553
11580 12025
41873 41873
43364 43369
18170 18178
27480 27498
10232 10254
47674 47678
27240 27310
40683 40683
30210 30220
51 51
10354 10357
39052 39072
30577 30588
10052 10104
8054 8236
11814 11826
5253 5275
11962 11968
18474 18498
26241 26241
19238 19248
49644 49660
21959 21959
15507 15571
44687 44690
30741 30741
29106 29152
10346 10350
7354 7359
32731 32764
47523 47536
5111 5111
17218 17225
35186 35216
47482 47487
47402 47405
23185 23185
31251 31251
20568 20583
10417 10425
24241 24241
43450 43451
9201 9216
20886 20896
19080 19152
7486 7488
41538 41600
12869 12869
40943 40948
37913 37913
29970 29990
8323 8336
14684 14724
14977 15048
10756 10810
16821 16821
3698 3706
8822 8836
102 260
1648 1663
4429 4448
29802 29818
33992 34000
36993 36993
47845 47852
1364 1395
15885 15885
32001 32001
21041 21041
3004 3032
47102 47112
46201 46201
35721 35721
6961 6961
39313 39313
24742 24750
14882 14945
31585 31585
39969 39969
11441 11441
33008 33025
27597 27597
36926 36926
40658 40678
9877 9924
42966 43060
42740 43256
45167 45180
34526 34771
38702 38710
41337 41372
31743 31748
4424 5664
31601 31601
32001 32001
22496 22496
22802 22816
49298 49326
35100 35101
35281 35281
37512 37536
26810 26812
37901 37906
11141 11141
24191 24191
5056 5075
12462 12480
11120 11152
681 681
2745 2745
40219 40232
21734 21736
42698 42738
13922 13966
15507 15544
39002 39010
47841 47841
3121 3121
4282 4288
38001 38001
3970 3980
23407 23418
23077 23104
37251 37251
29532 29612
45541 45541
13570 13575
15868 15892
6594 6604
10454 10502
26132 26142
46478 46488
42337 42337
4685 4687
18164 18168
42182 42208
1522 1532
49322 49326
41297 41297
36819 36838
43798 43802
8332 8340
46289 46289
17394 17404
24502 24524
382 396
10478 10483
6225 6225
49625 49625
36730 36744
27502 27556
32834 32844
47026 47064
42552 42590
21567 21675
14408 14515
32929 32929
47270 47280
3004 3032
8787 8805
1692 1708
48433 48433
10378 10385
31201 31201
41345 41345
35714 35840
12401 12401
27480 27488
2314 2334
1522 1532
23934 23936
7745 7745
37770 37788
39222 39224
11389 11389
48626 48626
37057 37057
13968 13980
17242 17325
18066 18080
702 712
41040 41056
45991 45991
4620 4630
21838 21872
44208 44263
28578 28595
15903 15952
11770 11780
38891 38891
23241 23241
12430 12439
49136 49140
27960 28050
20569 20569
26720 26732
11599 11608
3102 3116
25091 25091
12547 12550
29218 29236
36550 41140
15546 15571
38929 38929
24790 24804
36419 36421
45886 45888
12716 12720
32081 32081
41497 41520
18324 18338
8744 8752
31942 31944
21121 21121
31281 31281
3201 3201
8481 8481
2079 2120
42465 42465
49498 49660
11933 11941
8422 8635
36062 36130
8101 8101
12446 12455
23077 23090
1972 1998
34654 34656
42698 42738
2652 2980
2532 2544
5239 5251
48074 48084
7772 7800
21006 21011
23681 23681
21892 21906
3486 3510
40396 41072
699 734
47986 47992
25230 25236
25132 25148
19025 19026
46642 46658
20125 20136
2341 2341
43810 43825
39227 39234
43074 43111
38258 38270
13940 13940
42018 42026
31037 31044
20182 20188
25001 25001
47742 47760
21934 21936
2730 2740
47809 47809
19806 19810
43450 43452
21262 21792
1361 1361
28854 28896
17667 17680
16964 17075
45681 45681
2161 2161
23222 23280
34479 34480
26081 26081
34334 34360
46640 46672
6552 6562
45970 45984
23877 23888
9307 9312
36049 36049
9306 9312
15393 15393
1401 1401
47902 48052
18234 18246
38062 38090
24886 25300
14382 14390
10941 10941
23921 23921
47632 47640
29744 29780
12201 12201
33801 33801
12501 12501
7745 7745
26247 26275
44994 45010
2421 2421
27314 27338
1313 1313
22842 22849
31448 31478
19072 19115
27656 27958
30284 30285
11370 11392
31200 31222
45198 45210
9201 9216
1 7
18838 18845
2492 2497
49468 49472
23407 23434
48950 48955
9591 9600
14218 14224
30923 30952
35600 35610
24450 24451
28643 28650
32545 32545
11894 11909
17726 17740
5573 5580
37066 37072
31750 31762
9201 9201
4554 4588
33492 33518
36305 36322
9794 9802
27092 27102
40440 40452
7338 7456
33801 33801
34313 34313
45182 45225
23680 23690
11054 11068
27604 27616
47282 47320
25434 25466
19901 19904
21874 21890
42983 42988
13727 13772
19601 19601
22717 22736
7762 7880
43137 43158
25122 25207
15133 15133
18175 18176
44321 44321
18756 18771
8066 8080
41538 41552
46001 46001
36390 36424
28180 28192
47407 47430
23089 23089
36970 37094
32371 32371
17954 17968
36652 36666
8704 8785
48817 48817
41817 41832
19906 19907
1578 1584
10049 10049
17552 17564
40340 40348
9426 9440
5161 5161
38582 38606
15594 15599
29862 29872
11314 11332
8817 8817
17810 17842
47594 47596
3451 3451
1972 1980
5825 5825
46022 46040
13921 13921
1361 1361
37778 37788
12151 12151
29601 29601
14982 15002
28438 28452
31631 31648
2476 2490
11097 11097
34194 34261
34266 34276
9484 9500
9961 9961
18046 18126
36952 36968
42801 42801
28834 28850
18241 18241
9102 9126
29826 29842
47252 47334
17386 17392
20881 20881
43646 43650
21121 21121
46822 46832
33801 33801
13918 13930
16183 16188
9877 9972
10697 10697
19928 19938
32601 32601
13146 13172
44042 44050
14032 14112
35709 35712
6721 6721
21687 21704
37715 37724
10950 10970
36857 36864
41556 41556
32262 32283
31622 31629
42983 43008
130 138
788 800
47874 47888
7451 7452
24902 24920
25757 25760
37241 37260
15314 15360
46785 46797
19004 19020
43666 43674
34385 34385
34608 34752
24833 24833
28521 28521
3267 3292
41441 41441
6222 6231
37481 37489
757 786
12752 12784
42628 42634
46621 46621
25202 25207
32449 32449
27732 27746
42391 42391
20019 20065
23422 23434
26514 26600
18097 18097
27171 27171
9989 9989
16084 16096
13841 13841
25895 25915
31298 31310
25004 25040
23722 23726
29601 29601
26841 26841
8770 8776
4424 8380
20101 20108
28536 28550
30259 30276
21626 21644
33415 33415
15921 15921
20968 20980
7607 7618
37433 37434
28706 28714
44721 44721
15282 15285
17322 17324
45301 45301
16929 16929
2306 2362
12150 12151
6308 6344
4554 4588
34593 34593
18901 18902
35996 35998
36138 36174
8801 8802
23627 23675
16574 16580
6151 6151
9252 9256
33401 33401
35612 35614
32876 32876
28921 28926
32264 32280
30772 30780
37836 37842
14412 14432
34012 34024
34533 34542
47314 47320
39905 39905
33553 33560
32058 32064
25220 25228
32363 32375
43827 43864
30492 30500
24672 24674
45201 45201
35441 35441
21687 21704
38006 38023
1126 1128
46415 46428
35392 35396
12274 12296
14001 14002
5023 5044
1657 1657
6529 6529
11870 11876
47742 47752
29992 30006
9992 10005
20397 20652
449 449
38377 38392
2481 2481
3634 3660
13654 13662
17032 17040
16244 16256
32001 32001
43114 43120
11293 11293
1 1
33846 33856
17667 17688
2710 2728
22529 22530
30233 30233
44369 44369
26492 26700
21871 21871
2364 2387
17018 17021
24886 24888
11335 11356
10946 10946
36550 36575
37170 37195
9094 9126
28881 28881
47010 47017
47118 47134
2144 2145
19101 19101
43762 43790
15226 15312
27217 27217
10157 10168
1946 1998
47712 48052
34479 34480
6233 7150
25275 25290
21441 21441
25695 25695
21794 21804
48521 48521
32646 32648
16145 16145
19001 19001
18826 18828
322 340
25990 26003
7234 7235
20001 20001
34026 34026
3957 3966
38377 38377
17925 17925
45706 45736
35690 35707
8312 8380
21646 21664
14481 14481
4881 4881
25738 25746
24430 24436
49561 49561
14561 14561
15170 15184
43137 43137
34833 34833
30593 30593
49901 49901
6201 6201
934 942
33772 33856
30744 30752
26833 26833
18209 18209
5536 5571
16793 16793
8382 8635
48190 48232
11770 11780
26221 26221
15027 15048
26667 26688
36092 36120
992 994
44103 44103
6921 6921
1121 1121
9743 9792
15666 15690
48685 48685
1 1
44916 44924
10784 10792
8049 8049
44209 44214
12571 12571
46682 46692
37314 37340
13041 13041
25812 25968
44255 44256
17552 17564
49426 49448
49040 49060
14412 14432
21262 21772
13851 13851
17665 17665
31904 31904
16438 16452
40032 40033
39957 39958
23810 24016
31050 31082
44042 44064
8321 8321
4192 4201
17797 17842
47700 47710
48170 48175
45457 45464
37041 37041
20232 20245
26144 26160
46841 46841
1896 1897
25327 25332
22892 22908
16731 16731
5758 5810
25812 25816
35071 35071
37481 37481
11556 11570
24372 24377
13793 13793
10215 10225
36662 36665
46435 46524
33846 33852
2862 2872
31071 31071
9806 9819
34641 34641
9204 9216
6641 6641
38769 38769
26673 26673
48994 49008
38405 38405
28298 28324
27998 28006
18209 18209
13127 13138
37564 37576
38162 38177
1081 1081
32501 32501
39501 39501
41846 41935
1076 1082
40421 40421
1281 1281
3151 3151
47541 47545
47882 47888
40721 40744
16890 16905
20232 20268
4157 4164
4810 4816
27621 27621
12682 12690
28161 28161
15187 15190
10018 10030
18834 18836
35092 35113
37314 37340
48721 48721
41635 41635
13761 13761
42628 42634
37102 37106
14692 14736
46449 46449
6601 6601
5493 5493
32585 32585
48001 48001
25471 25480
34401 34401
10952 10976
12290 12296
28361 28361
35841 35841
12401 12401
24348 24363
18897 18898
5226 5233
24784 24788
22922 22925
1871 1906
48322 48350
27217 27238
33894 33900
34938 35006
154 165
44610 44623
22692 22700
22281 22281
48248 48260
26366 26380
45012 45034
24401 24401
31836 31865
35437 35437
5874 5888
42789 42789
47293 47293
35441 35441
19282 19345
31614 31629
382 396
8721 8721
28114 28120
49463 49488
42794 42795
24868 24884
19282 19352
33648 33649
48190 48216
26050 26091
33532 33540
31448 31456
42461 42461
44032 44091
16729 16736
3957 3966
20561 20561
48881 48881
36101 36101
49802 49814
3007 3032
6861 6861
40322 40340
15501 15501
48672 48676
11041 11041
14106 14120
40169 40170
11220 11224
24530 24535
17127 17325
7981 7981
14061 14061
22721 22721
9094 9150
43346 43380
48358 48424
23401 23401
13306 13342
19750 19760
32601 32601
25611 25611
48464 48470
17232 17240
26541 26542
1569 1569
36577 36590
4001 4001
31084 31116
13918 13930
47252 47326
5496 5502
9811 9811
49943 49952
37197 37226
36145 36145
6361 6361
17284 17324
1826 1838
45987 46006
4398 4402
3932 3936
15651 15651
14441 14441
13182 13210
13121 13121
2341 2341
28518 28534
48177 48356
152 152
17978 17989
31561 31612
18494 18498
19652 19670
6706 6730
29962 29990
5178 5196
16326 16331
37481 37481
16914 16927
6552 6572
12532 12536
2414 3966
27458 27467
38462 38470
47042 47064
19347 19352
23681 23681
18830 18846
12242 12250
20632 20642
14977 14992
13440 15901
301 301
11981 11981
35600 35619
14468 14476
41767 41780
30980 30992
44113 44113
1937 1937
44721 44721
5480 5494
6441 6442
25602 25608
36730 36736
36433 36433
44845 44845
48190 48216
2151 2151
47601 47669
31981 31981
20560 20566
35092 35113
25877 25880
35092 35113
28246 28290
14534 14546
37384 37392
11814 11826
41512 41520
39186 39208
13361 13361
33225 33225
31298 31310
40350 40357
8754 8776
28238 28240
21593 21593
26492 26816
3458 3468
39041 39041
322 344
49005 49005
21886 21890
11828 11850
42917 42930
25376 25416
33121 33121
11441 11441
20046 20065
25448 25454
34152 34157
43214 43234
11882 11912
48957 48962
10292 10344
12017 12017
9024 9035
49322 49349
25687 25705
47087 47100
2749 2749
8950 8964
41178 41186
29081 29081
30881 30881
5457 5457
29162 29170
6753 6753
7292 7336
16127 16132
31406 31420
7202 7218
41522 41536
16090 16096
3218 3224
41937 41947
25198 25207
24569 24569
48981 48981
33452 33490
32401 32401
17110 17122
14790 14810
13202 13210
24498 24535
3136 3137
23520 23553
31532 31550
9921 9921
25231 25234
34650 34652
23538 23544
38027 38030
45250 45251
41481 41481
25741 25741
6422 6451
8754 8768
11489 11489
44561 44561
22498 22533
42552 42573
25001 25001
49962 49966
40751 40751
33894 33915
47401 47402
38121 38121
1 1
18422 18432
2821 2821
41316 41320
49662 49688
16946 16960
14569 14569
45445 45445
25561 25561
37197 37200
25471 25480
31715 31715
38952 38955
17361 17361
14740 14744
11681 11681
3898 3903
33732 33735
44667 44672
49301 49301
11451 11451
11821 11821
5277 5288
7967 7980
1602 1610
41238 41242
7182 7184
25001 25001
40762 40822
10872 10936
22436 22436
43752 43791
49258 49272
24214 24232
28868 28896
43201 43201
25004 25024
9244 9250
161 161
44579 44672
37866 37876
19072 19148
15252 15312
46401 46401
48464 48540
3777 3780
20938 20944
42251 42251
39913 39913
45502 45536
5995 5995
10872 10880
28211 28211
21510 21536
10586 10608
11914 11921
23001 23001
23501 23501
37198 37200
17101 17101
11868 12528
2941 2941
47564 47596
21262 21450
43834 43872
16401 16401
2182 2194
10810 10816
38610 39848
16304 16316
1353 1563
28321 28321
21932 21941
31889 31889
46836 46864
44966 45010
699 712
12752 12762
7422 7439
6562 6572
29298 29308
9361 9361
3752 3884
8506 8535
7382 7388
19037 19037
42682 42689
37444 37461
42961 42961
18773 18779
15521 15521
35111 35111
49468 49478
45073 45100
33373 33374
42901 42901
11556 11566
47190 47195
22621 22621
12472 12475
21355 21356
30902 30919
49571 49571
35362 35390
40956 40960
47874 47878
25297 25297
43022 43050
11568 11568
26251 26251
10087 10100
46587 46597
48672 48700
41522 41536
48074 48080
49402 49410
26966 26978
34961 34969
19221 19221
23978 23982
23281 23281
14712 14755
20245 20245
6225 6225
34554 34568
47010 47017
31480 31488
12127 12128
48306 48320
14677 14680
7730 7736
29826 29840
30709 30735
33386 33560
4746 4944
11470 11490
17956 18036
22182 22186
9234 9237
25592 25594
26388 26398
39974 40005
9734 9736
32872 32882
10521 10521
34414 34509
10593 10596
29741 29741
43942 43950
7256 7258
41098 41125
17306 17320
44654 44654
46992 47008
28798 28802
45880 45884
44126 44176
30492 30518
46921 46921
16935 16944
38610 39672
43522 43524
36355 36355
28321 28321
5204 5237
594 598
29106 29960
23422 23434
34270 34280
34225 34225
4978 5021
3121 3121
38006 38040
48358 48424
48100 48108
32692 32726
10121 10121
17346 17352
28597 28612
45250 45258
20067 20088
44579 44672
36452 36464
8281 8281
40396 40432
12401 12401
977 977
36922 36935
2052 2072
41132 41152
35622 35875
29614 29619
19772 19780
5233 5233
41681 41681
34610 34624
11923 11998
22449 22449
24833 24833
17242 17282
11505 11505
24801 24801
34977 34977
37862 38216
38737 38737
24251 24251
43697 43697
22695 22695
20507 20520
48957 48960
2212 2216
36706 36718
49651 49651
44536 44537
1871 1890
38042 38200
40273 40273
29921 29921
4485 4504
46356 46366
8430 8442
4424 4976
10859 10864
14081 14081
17220 17230
23897 23897
39697 39697
32692 32726
37441 37441
26601 26601
33585 33585
47242 47248
45267 45280
23777 23777
32890 32900
31552 31558
20751 20751
43814 43824
22974 23008
13284 13300
811 811
47368 47380
4233 4233
19546 19887
38881 38881
16062 16076
31224 31280
1137 1190
610 632
23407 23408
35488 35497
27841 27841
49121 49121
37497 37502
5450 5451
38417 38417
39291 39291
46970 46980
45394 45420
16636 16637
527 531
37950 38200
3611 3611
1 1
8514 8535
49124 49590
37564 37576
5243 5251
32613 32614
45762 45778
26966 26978
34050 34070
40633 40645
32692 32726
47649 47649
43924 43932
22496 22580
29494 29509
15472 15476
47019 47024
29692 29700
40392 40394
33010 33025
31838 31860
48018 48028
7182 7190
41392 41419
36009 36009
40485 40499
27240 27246
23681 23681
44805 44898
34320 34321
19952 19957
31004 31022
15742 15786
42674 42678
18440 18450
5814 6140
11652 11712
21969 21969
33339 33342
38461 38493
42514 42516
48502 48515
1301 1334
49612 49619
49090 49110
30240 30245
35420 35424
12041 12041
4006 4048
399 414
41817 41832
45073 45120
14977 15006
19970 19978
32654 32882
20878 20904
10801 10801
5067 5132
23522 23528
8690 8696
15574 15588
29809 29809
18930 18945
1881 1881
1151 1151
24610 24616
23202 23212
22225 22225
14657 14657
3004 3005
24457 24496
13182 13217
36063 36088
48841 48842
432 434
36380 36388
27912 27921
15095 15096
14890 14912
3001 3001
48581 48581
10952 10985
39168 39172
42001 42001
573 573
38401 38401
38766 38766
13000 13058
17057 17057
3118 3125
7087 7095
16102 16286
47914 47920
22434 22465
552 556
912 914
6617 6619
37701 37703
29481 29481
1669 1669
15987 16004
24074 24089
46076 46090
12050 12060
21992 22004
402 414
33772 33780
45102 45120
24001 24001
1997 1998
38744 38784
14260 14316
49911 49911
30502 30518
32961 32961
24626 24626
44936 48052
8321 8321
1954 1964
11178 11210
13222 13230
47767 47769
42798 42808
16654 16656
48642 48810
37425 37425
8921 8924
30994 31022
15822 15825
31072 31082
41838 41844
42142 42175
13641 13641
42261 42261
29797 29856
34800 34805
41210 41232
1130 1229
1018 1068
36762 37245
45987 45987
22986 22990
14146 14152
29526 29530
46169 46169
44401 44401
32490 32882
21346 21353
1430 1446
8281 8281
36385 36385
6422 6451
30882 30890
25858 25875
16546 16560
23186 23192
19372 19378
14801 14801
9409 9409
27852 27856
18773 18924
29450 29468
35138 35142
33054 33059
7821 7821
24597 24608
13535 13535
14757 14778
5178 5194
8545 8545
20001 20001
25812 25817
44851 44851
16288 16296
17177 17186
6426 6426
34800 34805
13918 13930
38582 38606
22946 22965
2250 2252
48248 48260
46691 46691
16654 16666
4931 4931
7914 7924
26326 26408
42611 42624
30865 30900
29741 29741
40178 40202
4398 4402
37778 37788
10170 10176
25672 25688
31930 31952
35330 35332
49592 49606
44599 44602
15745 15745
46811 46816
16161 16161
2921 2921
47866 47893
26289 26289
4716 4716
34001 34001
38823 38872
33149 33149
35748 35776
44241 44241
47376 47377
36798 36804
42132 42140
29450 29468
42798 42808
18554 18560
45457 45464
2754 2827
34849 34849
30321 30321
40912 41645
17771 17771
9342 9520
33207 33994
40210 40217
15868 15880
14434 14442
47408 47430
14462 14512
29027 29040
44265 44270
17266 17270
21201 21201
36001 36001
22738 22758
28809 28809
30709 30720
1554 1562
18782 18782
23908 23916
45821 45821
20742 20748
10777 10782
43642 43650
46587 46597
49982 49993
23530 23544
25587 25594
23832 23840
9422 9441
16992 17010
36762 36809
5504 5516
10290 11232
49298 49308
801 801
19174 19190
4770 4780
9094 9100
12716 12720
49351 49496
47786 47822
33562 33645
16273 16273
27609 27609
14159 14170
42145 42145
23661 23661
49727 49730
42957 42960
10488 10800
40181 40181
12121 12121
5358 5376
41001 41001
23470 23518
40557 40576
16384 16400
12321 12321
25001 25001
17690 17712
38246 38372
21681 21681
30844 30863
20196 20201
27 525
20589 20590
48594 48600
6877 6885
46730 46753
5547 5555
2235 2248
5401 5401
36746 36752
20247 20261
4152 4155
16738 16742
14032 14092
36609 36626
18721 18721
45175 45180
10738 10750
46386 46394
19234 19440
18513 18513
788 792
23334 23356
45175 45180
45365 45376
47089 47089
49084 49088
27007 27060
32363 32384
39877 39880
37063 37064
40977 40982
2582 2600
32066 32076
39842 39848
32744 32750
38226 38228
14226 14240
38886 38904
29614 29680
8529 8529
20561 20561
18022 18032
17673 17673
2890 2892
45706 45736
35122 35132
31442 31446
38721 38721
46001 46001
47218 47344
14666 14672
11777 11777
12787 12796
37089 37089
38320 38330
9347 9347
399 414
38440 38445
47681 47681
37197 37216
2771 2827
42558 42573
4912 4915
15313 15313
8377 8377
4485 4510
32363 32380
11226 11230
45914 45914
33466 33475
33054 33059
43214 43234
23530 23544
42834 42964
925 925
14382 14406
11220 11224
45466 45475
18286 18296
44816 44817
18862 18880
47001 47001
9081 9081
45966 46106
29601 29601
16392 16400
18912 18920
28262 28270
8874 8892
19081 19081
29450 29468
29021 29040
25458 25466
9963 10016
22782 22789
26774 26786
15157 15168
24962 24965
24171 24171
24457 24496
177 177
32662 32670
46034 46048
19452 19512
7237 7240
41090 41096
42479 42479
28482 28496
29728 29732
8001 8001
5902 5928
1340 1351
5932 5968
2686 2707
32559 32560
3245 3245
29937 29937
31532 31549
32682 32682
23842 23872
14712 14755
44936 44964
33542 33549
9899 9901
36706 36718
13421 13421
1855 1864
32587 32648
8222 8236
2754 2760
11802 11866
43788 43790
28478 28496
26362 26380
47902 47974
1680 1690
41142 41152
44855 44900
2722 2738
49090 49110
24638 24884
26722 26765
10290 11232
44310 44318
48358 48366
42377 42392
32767 32767
23814 23872
20870 21085
43601 43601
39078 39085
32836 32844
40950 40952
24241 24241
11601 11601
29883 29892
35545 35550
4692 4976
20312 20330
49329 49329
4121 4121
1218 1220
27090 27195
49383 49400
30610 30614
41132 41152
24547 24551
10285 10288
22170 22176
29801 29801
28001 28001
43390 43582
23994 24006
23601 23601
7985 7985
38849 38849
10009 10009
10001 10001
42609 42624
39374 39464
19347 19356
2676 2738
48131 49060
14881 14881
32954 32955
37074 37120
21794 21916
48491 48500
46578 46582
18353 18353
46389 46389
47487 47487
39761 39761
40260 40261
45678 45680
6519 6540
46021 46021
15526 15526
29960 29964
43838 43852
15861 15861
40001 40001
11527 11554
19905 19905
8698 8702
1649 1649
724 734
36946 36950
32102 32120
16288 16748
7231 7495
49577 49577
15692 15725
45267 45280
24457 24480
5082 5098
10195 10195
4890 4904
42001 42001
38812 38821
12033 12033
44093 44200
29201 29201
47347 47356
20001 20001
296 380
3277 3292
31614 32488
48382 48390
6877 6885
33062 33065
25707 25710
9128 9137
47366 47381
20065 20065
18410 18412
16321 16321
32049 32049
42382 42392
11041 11041
9102 9112
21001 21001
5761 5761
43205 43234
10052 10130
49592 49606
47087 47100
33001 33001
9361 9361
22754 22758
7809 7811
44398 44410
16501 16501
13624 13624
4001 4001
33250 33251
10751 10751
20290 20310
38452 38459
46932 47344
2171 2171
11281 11281
41512 41540
18286 18312
11551 11551
10132 10145
30984 31310
14010 14030
38541 38544
12989 12989
31480 31488
39897 39897
26167 26167
25812 26022
11185 11185
17025 17025
9165 9172
9558 9572
12913 12913
15721 15723
21577 21577
38201 38201
47458 47487
18158 18206
13664 13674
9159 9163
39982 39995
29960 29968
10562 10716
25633 25633
24791 24791
38717 38717
40557 40588
39430 39464
9992 10005
32438 32441
10417 10417
26386 26408
16907 16912
15987 16032
19197 19198
21729 21729
23216 23216
46161 46161
41561 41561
40001 40001
1 7
5344 5356
13710 13714
48672 48676
44061 44061
23358 23370
19521 19521
25026 25040
15330 15352
17023 17030
23680 23690
41231 41231
36722 36736
32490 32756
15903 15924
6780 6805
47190 47344
1301 1301
42801 42801
16992 17010
33051 33051
34349 34404
14712 14748
26121 26122
19809 19809
36390 36409
19702 19720
14712 14720
26785 26785
48241 48241
22642 22648
31092 31110
26127 26130
24766 24766
21306 21306
24191 24191
30112 30125
20742 20748
46641 46641
6706 6730
14548 14582
4424 4784
3447 3450
12481 12481
38176 38176
44715 44824
14401 14401
7348 7365
45301 45301
43470 43477
1073 1073
25004 25024
48812 48918
22650 22667
20164 20170
45594 45642
13526 13562
7642 7650
7232 7235
19004 19020
40746 40760
2354 2362
25440 25443
21202 21234
2683 2683
18050 18060
46640 46672
38679 38684
44861 44861
26818 26824
31901 31901
45106 45112
9314 9322
17162 17325
8661 8661
38074 38090
11833 11838
47074 47085
5547 5554
42776 42784
46921 46921
20561 20561
47190 47213
6142 6158
23553 23553
40035 40040
2862 2872
9376 9377
38886 38925
25681 25681
36622 36625
38320 38330
22717 22740
4716 4768
31780 31783
1 7
8243 8268
36152 36189
3167 3206
23201 23201
25411 25416
10081 10081
33207 33210
45378 45420
24457 24496
9652 9658
41132 41140
40782 40789
47312 47312
20512 20512
22858 22889
43987 43997
32593 32593
1841 1841
31224 31248
14961 14961
49084 49088
19552 19556
24498 24535
34301 34301
13607 13608
13182 13217
12441 12441
22742 22752
16699 16699
16745 16745
6298 6306
38824 38830
20728 20757
37641 37641
3201 3201
18392 18402
38352 38360
44855 44862
4015 4020
26049 26091
14057 14057
47850 47852
31182 31187
32850 32854
42187 42200
24674 24685
17588 17600
10721 10721
27989 28006
27298 27300
5982 6010
27522 27525
36628 36640
21901 21901
30902 30918
47810 47818
10749 10749
48054 48122
26234 26262
2461 2461
14001 14030
3665 3665
24201 24201
49742 49754
14044 14060
35381 35381
39838 39844
5537 5540
6114 6140
17301 17301
12352 12376
42572 42573
34279 34279
26846 26855
28921 28926
4221 4242
23509 23509
10859 10864
6053 6053
39422 39425
9244 9248
4242 4242
12864 12869
14666 14682
9342 9396
18448 18449
19192 19218
40210 40261
19650 19650
37921 37921
30590 30599
10161 10161
8342 8359
2499 2499
17348 17473
44758 44759
10532 10536
16890 16905
22202 22218
45386 45392
27892 27910
11444 11450
30221 30221
10356 10425
41164 41174
36554 36560
3049 3049
42330 42348
9738 10275
18769 18769
23902 23903
20403 20440
47858 47893
13980 13984
46652 46658
35584 35619
31250 31280
46849 46849
19289 19296
1871 1888
27185 27185
2021 2021
4310 4352
8548 8552
41720 41728
42834 42844
45754 45760
16102 16184
5177 5177
14534 14540
28018 28036
28385 28385
40590 40610
29862 29872
26906 26910
32264 32283
7321 7321
22818 22828
16102 16184
40988 41008
26620 26628
3053 3056
41351 41351
13421 13421
20987 21068
4632 4692
26191 26191
14402 14406
1026 1038
2196 2233
24547 24551
4820 4976
18246 18246
17998 18006
45013 45020
35401 35401
1351 1351
27092 27102
43953 43953
23244 23250
19147 19155
33722 33730
41497 41500
28737 28737
14977 15175
8945 8945
49921 49921
7652 7665
12826 12836
21801 21801
21779 21792
13727 13744
41930 41948
28664 28680
14824 14831
25587 25590
9793 9793
20347 20347
5612 5625
24052 24054
39745 39755
49463 49494
23258 23278
46161 46161
40958 41232
42506 42512
45696 45740
46901 46915
587 598
13029 13043
29894 29912
28382 28405
27745 27745
45394 45420
7626 7626
7422 7439
35861 35861
41515 41536
45492 45500
43161 43161
2554 2570
35976 35994
23768 23769
401 401
4974 4975
33010 33025
47581 47581
32960 32966
17972 18032
41892 41892
41354 41360
35462 35468
31393 31393
33902 33906
24457 24480
200 276
24066 24068
1621 1621
23198 23212
41338 41352
32501 32501
1648 1663
3705 3705
42585 42585
27400 27616
12062 12068
25378 25395
2681 2681
7673 7673
14001 14002
39501 39501
13746 13760
36952 36955
48906 48908
36513 36513
49558 49570
40703 40710
15151 15151
19681 19681
27982 27987
42321 42322
39850 39869
6212 6224
35757 35768
17196 17205
42130 42140
38798 38810
5921 5921
5046 5046
7970 8010
10881 10881
26794 26805
36001 36001
25327 25342
19997 20017
39081 39081
37034 37245
33411 33411
48358 48366
49921 49921
3194 3206
36276 36303
3553 3553
22830 22848
37274 37276
34349 34404
22970 22972
15252 15272
39922 39928
9937 9937
23658 23664
3512 3514
43934 43964
40263 40292
35841 35841
22791 22816
25378 25536
11914 11921
46052 46058
6002 6010
36601 36601
30954 30962
33782 33790
9568 9572
35778 35850
27553 27553
10356 10357
12494 12508
38778 38792
20602 20610
4555 4568
34726 34730
42797 42808
4521 4521
40712 40712
20465 20465
13800 13807
673 673
37251 37251
18022 18032
43961 43961
14392 14406
30232 30245
45981 45981
42506 42516
7636 7650
7531 7531
48001 48001
29006 29016
36101 36101
8202 8206
24972 25064
29801 29801
1198 1212
17714 17778
27062 27069
32429 32429
8958 8964
4801 4801
32834 32840
32401 32401
33761 33761
25489 25489
1277 1288
7231 7300
43002 43056
25240 25240
32285 32300
16890 16923
45201 45201
44516 44518
41440 41453
47498 47510
3121 3121
6251 6252
37409 37409
5001 5001
49568 49570
20916 20920
13598 13608
11902 11909
3194 3206
8681 8681
26966 26976
36890 36892
6681 6681
36000 36006
48092 48108
15231 15374
37161 37161
4850 4860
47547 47552
14321 14321
45909 45909
14461 14480
33921 33921
2148 2165
6852 6856
12964 12969
24111 24111
8447 8473
49721 49721
10362 10368
12844 12860
22029 22070
112 198
25397 25416
31995 32016
7089 7089
44900 44912
33121 33121
25596 25610
38858 38865
18655 18664
19820 19822
14081 14081
33010 33025
9750 9755
9446 9450
20164 20192
25105 25105
17481 17481
36290 36296
25481 25481
35584 35612
1313 1313
33136 33154
221 230
42879 42904
21314 21322
38210 38244
24106 24118
17489 17504
2846 2850
48994 49000
49114 49122
22830 22848
3287 3303
2854 2915
24056 24072
26827 26956
43189 43189
11828 11850
17873 17873
45267 45283
800 836
36601 36601
33866 33872
7137 7137
19741 19770
32873 32873
46641 46641
35201 35201
31594 31612
46881 46891
47401 47401
15987 16004
32850 32858
38484 38486
31594 31612
31717 31724
15861 15861
27982 28075
46435 46476
25122 25144
31569 31569
15646 15649
18326 18326
33996 34024
49721 49721
18068 18085
6552 6556
46415 46417
40263 40384
12242 12250
23584 23586
21820 21835
9430 9436
36053 36053
19652 19668
4813 4814
26682 26692
27001 27001
31995 32000
4017 4017
36520 36530
42062 42076
4358 4386
5814 5816
33672 33683
12000 12004
1493 1493
1139 1139
49727 49730
35781 35781
13814 13820
49498 49554
28182 28196
11670 11683
11601 11601
32594 32628
36017 36022
47743 47848
9201 9242
17339 17339
6694 6730
19909 19930
810 820
40146 40160
23492 23516
45427 45435
4673 4673
22584 22605
13513 13513
16705 16744
5225 5225
39538 39576
16774 16790
6192 6200
26098 26115
11073 11073
29021 29024
29511 29511
10641 10641
322 330
2107 2135
35810 35816
26570 26574
6649 6649
39485 39488
8966 9112
16466 16652
23324 23332
40962 40975
48552 48556
5249 5249
29654 29665
33912 33913
25538 25581
47689 47689
25004 25024
16236 16286
9696 9700
45394 45420
39001 39001
24313 24313
22832 22848
26706 26816
35286 35293
43681 43681
9061 9061
48034 48050
2414 2650
15442 15465
47518 47521
24994 25044
5058 5065
3998 4004
40488 40495
36926 36926
29727 29742
38906 38920
46785 46797
48277 48314
21242 21264
9509 9520
4992 5004
36259 36274
22117 22120
4570 4584
22171 22179
28289 28289
35801 35801
43296 43330
24457 24488
8551 8551
24804 24884
16186 16190
11470 11472
49482 49486
1561 1561
46396 46413
44579 44680
36296 36296
24886 24892
6577 6577
49902 49924
15903 15935
10241 10241
33821 33821
38802 38810
30923 30968
21938 21941
17826 32488
47681 47681
3737 3748
10265 10265
32545 32545
18390 18400
47561 47561
49141 49141
36890 37160
15711 15715
29578 29594
5384 5400
27151 27151
26858 26904
5643 5760
15174 15175
37590 37597
49742 49754
42234 42328
23921 23930
33996 34524
9591 9605
24881 24881
25369 25369
32616 32628
27428 27468
43247 43250
39178 39183
43874 43882
11181 11181
17720 17760
3172 3189
35804 35806
12842 12869
35401 35401
44422 44430
40210 40261
26317 26324
4434 4444
24084 24086
23501 23501
6308 6324
37791 37791
13506 13524
5051 5054
37057 37057
746 755
6974 6984
46663 46692
30551 30575
9591 9605
45861 45861
25210 25218
35493 35493
8382 8544
12674 12869
26562 26568
45090 45096
6577 6577
27112 27126
14692 14710
2641 2641
11601 11601
28597 28604
2958 2971
19866 19870
27718 27744
41917 41928
22513 22513
41040 41058
28868 28886
47401 47402
25122 25207
34881 34881
27262 27274
24553 24636
35500 35518
26034 26040
3832 3856
39177 39208
41857 41857
6251 6252
34097 34098
41691 41691
17111 17140
43676 43740
48724 48732
47242 47247
45914 46032
15329 15329
30584 30620
43137 43137
31152 31200
28041 28041
25532 25536
29481 29481
13422 13438
22193 22193
26797 26797
26434 27812
14176 14177
5542 5571
31821 31821
19833 19833
25978 25988
46419 46433
5332 5342
20052 20058
18017 18017
19628 19648
49426 49461
31873 31873
11050 11052
43730 43740
8465 8465
31221 31221
40883 40906
26466 26574
23437 23444
38495 38504
38608 38736
2630 2644
49124 49312
37499 37502
40071 40071
48842 48860
6561 6561
23401 23405
43742 43985
21722 21726
39473 39473
25620 25625
16321 16321
36182 36187
44301 44413
14612 14628
21994 22004
19106 19110
27553 27553
42153 42162
24865 24865
3479 3490
20494 20504
37470 37472
41470 41479
33001 33001
2561 2562
43082 43087
4992 5021
37001 37001
37154 37160
47708 47709
3617 3617
40734 40740
3432 3460
16441 16441
9218 9228
27382 27383
15987 16000
30666 30684
24272 24278
5121 5121
37801 37801
29481 29481
46799 46802
10545 10545
24498 24504
30790 30808
41176 41200
4814 4814
6601 6601
2153 2153
2676 2738
20645 20645
33898 33906
12641 12641
26745 26745
48994 49002
22198 22218
25101 25101
35893 35893
29308 29308
10392 10432
42751 42751
49982 49993
6081 6081
28794 28802
29266 29266
215 219
41515 41528
14392 14406
20402 20652
15921 15921
11444 11468
7126 7161
8609 8609
32992 32996
22852 22856
8001 8001
31037 31070
4570 4584
44361 44361
34856 34903
9021 9022
39087 39096
9077 9088
45423 45425
38341 38341
7627 7634
43642 43650
10681 10681
23721 23721
23437 23444
23138 23151
32801 32801
21918 22150
20571 20571
24820 24825
24308 24328
34031 34065
2753 2754
23153 23153
13334 13342
7512 7528
15050 15052
8848 8912
18422 18438
23145 23145
30481 30481
48226 48226
4514 4516
1177 1190
49383 49420
14136 14160
45600 45642
30313 30376
33258 33270
23411 23411
13440 14030
40342 40348
22161 22161
10834 10839
6849 6849
48506 48514
39210 39220
18346 18353
17352 17473
30505 30505
46133 46144
22010 22027
12146 12180
13318 13332
15798 15845
40552 40588
32074 32142
22544 22545
17998 18006
28126 28126
18396 18397
4388 4394
31514 31528
11142 11144
652 690
26354 26354
7607 7625
41218 41232
8663 8663
20849 20849
44475 44600
21370 21381
17029 17070
27989 28006
17130 17140
22122 22135
42178 42185
21136 21192
28794 28802
41288 41314
46401 46401
21901 21901
15698 15705
28215 28221
2798 2812
1 25
29516 30010
5751 5751
34081 34082
1866 1866
15723 15723
15514 15516
38416 38428
34561 34568
29727 29742
38377 38377
3401 3401
9621 9621
22866 22889
48673 48673
19290 19296
39302 39305
17933 17933
38433 38433
40350 40352
1565 1568
12871 13438
5297 5524
12786 12869
21866 21890
30984 31002
45013 45016
43494 43504
42001 42001
9788 9802
3294 3300
41544 41553
32074 32142
25061 25061
5121 5121
2030 2050
20701 20701
44731 44731
22896 22898
146 146
44492 44500
9842 10902
46948 46964
36787 36809
31377 31382
5511 5511
24020 24021
49265 49265
41338 41340
42422 42448
25004 25012
35070 35072
48357 48368
25385 25395
30590 30620
4705 4714
46627 46710
17345 17345
18926 18940
45141 45141
21994 22004
29457 29458
2034 2050
9443 9459
24641 24641
20391 20393
4415 4420
9858 9864
4932 4936
32801 32801
48142 48152
19866 19866
44237 44824
33292 33296
17196 17205
47970 47974
44322 44350
36811 36816
19038 19064
46948 46964
45394 45420
721 721
47058 47160
21198 21206
13021 13021
7780 7790
39866 39869
22209 22209
17575 17576
29961 29961
19574 19587
46034 46049
14901 14901
20019 20028
45360 45380
25185 25185
25542 25550
12232 12259
3002 3004
20753 20753
11185 11185
40962 40975
39916 39925
12629 12629
44100 44114
34605 34720
3198 3206
47001 47001
10530 10546
29233 29236
724 728
36301 36301
47566 47592
29233 29236
16801 16801
17602 17610
18501 18501
31004 31022
36946 36960
40552 40588
23680 23690
27912 27921
3117 3162
37361 37361
27610 27616
3382 4422
8950 8964
9986 10030
38992 39012
37521 37521
42776 42784
34406 34414
33250 33256
34769 34769
38337 38337
25799 25800
32144 32158
954 965
33921 33921
42321 42322
1631 1632
28961 28961
16468 16475
29961 29961
40902 40906
13921 13921
35792 35798
14021 14021
16676 16680
40958 40975
3184 3185
2499 2501
47410 47430
46921 46921
36895 36908
33107 33158
41999 42006
20728 20740
2386 2386
15657 15657
16801 16801
39662 39670
10528 10546
29096 29100
2333 2333
30590 30592
24784 24788
49050 49055
16200 16222
18433 18433
23178 23182
42177 42232
27281 27281
25634 25646
46526 46540
21918 21930
98 104
10417 10425
33292 33308
44579 44585
22791 22840
1450 1474
43322 43328
44415 44473
11673 11673
9745 9745
17121 17121
28461 28466
17720 17732
32801 32801
34354 34442
44722 44747
33386 33645
14273 14273
32084 32095
32992 33006
32418 32445
40421 40421
7321 7321
41104 41152
36881 36881
22401 22401
10108 10109
24902 24928
36787 36809
18161 18162
29737 29737
22294 22304
37251 37251
32078 32082
376 376
22717 22736
46785 46808
10658 10672
29322 29370
22761 22761
23697 23697
49025 49026
18351 18351
10052 10056
36452 36456
42740 43256
10692 10704
42001 42001
36937 36980
42697 42697
23501 23501
20494 20504
27532 27560
30965 30966
5216 5217
23642 23747
41602 41645
6275 6280
23601 23601
31432 31434
36990 37056
21794 21812
12105 12105
13895 13895
7810 7825
20716 20722
13708 13709
399 416
31016 31016
36042 36088
28936 28948
47825 47825
41933 41933
20594 20596
20412 20440
46443 46451
40734 40744
19612 19616
16548 16552
36566 36570
42469 42473
4344 4350
41736 41740
45031 45031
30102 30403
5982 6010
16427 16430
31948 31950
25275 25340
25552 25560
22791 22830
6945 6945
18320 18338
8690 8696
12922 12932
587 638
15414 15420
18209 18209
23073 23073
26498 26524
32490 32720
4110 4118
22939 22940
4992 5000
45830 45841
27763 27763
29601 29601
24130 24150
31052 31070
21070 21085
20422 20436
32860 32864
10382 10385
39792 39820
19909 19938
38771 38771
19807 19807
10521 10526
27267 27274
25234 25234
38681 38681
19589 19600
32001 32001
44247 44253
4481 4481
3521 3521
26346 26351
36990 37056
18101 18101
7607 7625
31664 31672
24302 24337
25506 25536
1701 1701
35196 35202
18257 18257
27082 27088
29481 29481
18625 18625
29396 29396
1 1
34498 34509
44237 47880
47512 47521
36740 36744
934 944
13992 14030
11725 11728
1353 1362
46761 46761
40169 40184
47700 47712
27071 27204
17677 17776
22034 22050
12516 12518
7607 7625
1553 1553
20878 20884
28878 28881
10904 10959
42889 42889
44865 44865
14534 14540
3826 3828
23488 23528
32681 32682
2902 2910
8538 8546
25542 25550
20993 20993
34376 34384
47601 47605
12405 12408
32813 32820
49397 49397
9468 9470
20358 20360
15794 17911
23776 23777
16190 16190
4881 4888
27500 27500
22591 22595
34177 34177
48426 48534
23134 23155
6361 6361
19265 19265
37384 37400
22761 22761
9418 9435
29952 29955
49778 49786
49652 49652
24537 24541
31092 31096
2450 2484
18206 18228
48964 48966
9053 9055
16801 16801
47149 47149
46621 46621
27169 27169
23110 23360
36576 36576
48950 48955
23426 23445
49381 49381
16441 16441
4881 4881
17201 17201
26162 26182
19206 19216
37247 37248
32646 32648
45962 46032
12951 12951
32752 32806
49628 49642
35993 35993
34594 34600
17557 17610
9568 9572
401 401
4738 4930
32381 32381
45558 45577
16164 16164
36866 36880
36890 36980
12182 12192
42342 42348
10987 10988
27841 27841
20340 23108
47045 47045
42377 42378
34737 34737
16678 16680
449 449
33996 34024
29325 29325
4561 4561
38605 38605
12392 12439
2672 2674
15411 15411
367 367
8161 8161
31329 31329
22797 22797
32078 32082
39946 39955
28417 28417
37877 37886
39234 39250
42294 42300
13729 13729
14374 14406
14950 14952
15907 15913
19820 19824
20241 20241
38074 38100
7601 7601
399 410
3001 3004
21681 21681
42441 42441
1717 1717
37701 37701
4226 4242
43151 43151
34801 34801
37820 37824
41421 41421
39262 39267
38823 38888
39298 39305
4415 4422
29417 29422
9077 9080
4415 4422
36285 36285
3297 3297
20670 20676
26541 26542
3311 3311
22742 22751
6081 6081
32941 32941
40169 40184
34106 34108
18826 18846
2218 2233
5905 5905
46419 46433
12562 12568
41441 41441
7921 7921
27504 27530
23538 23544
49001 49001
47743 47752
38625 38625
34882 34890
46296 46322
6697 6704
32897 32897
34841 34841
17000 17000
23571 23573
31068 31070
21539 21550
23153 23153
37085 37086
47265 47265
42506 42516
34026 34026
21037 21037
34834 34845
20173 20173
36547 36558
3737 3744
2421 2421
40577 40577
25881 25881
22912 22940
20967 20967
35962 35970
7163 7166
35947 35960
8914 8924
43742 43794
17641 17641
4358 4422
22832 22840
18377 18384
15743 15743
31901 31901
18756 18763
13393 13393
18623 18649
32621 32621
24650 24660
161 161
42756 42762
17467 17470
24198 24208
43061 43092
11176 11183
1594 1610
44897 44897
18206 18228
24816 24828
17201 17201
9069 9069
39119 39128
35153 35176
9461 9471
5182 5184
1 7
20312 20332
14701 14701
32418 32420
45262 45264
8421 8421
14584 14780
14197 14550
17845 17845
18040 18041
1132 1135
21678 21888
3824 3828
19430 19460
33685 33696
47601 47605
10905 10921
44770 44824
3025 3025
19026 19036
16597 16597
40883 40888
41118 41126
1701 1701
20670 20676
16987 16990
31698 31715
17402 17610
39290 39464
38290 38290
12801 12801
27042 27204
36147 36150
37108 37112
38721 38721
12521 12521
8436 8437
46801 46801
6492 6496
15969 15969
8282 8290
16746 16763
33528 33565
25587 25625
24453 24454
38798 38821
49102 49111
46281 46281
12001 12001
29039 29056
17802 17808
2346 2352
3451 3451
26174 26180
35249 35249
34769 34769
28521 28521
3201 3201
25701 25701
8705 8705
33351 33351
25434 25445
27802 27812
32040 32046
278 294
26070 26091
13584 13585
7441 7470
11814 11826
10862 10892
