1 131
752 880
752 880
1714 1810
1002 1032
1122 1250
1812 1970
133 352
426 512
1894 1950
722 750
902 920
982 1012
350 540
182 224
1905 1920
402 410
890 924
815 833
1364 1436
1210 1260
1952 1970
426 480
261 270
1077 1100
124 131
134 152
1210 1228
1972 1984
682 720
596 615
446 480
1154 1200
1242 1266
930 934
1205 1300
490 508
774 788
1454 1460
1522 1547
1694 1700
1636 1640
722 750
542 550
216 250
1304 1320
124 250
202 210
514 524
1806 1808
1922 1946
1026 1046
1042 1046
470 488
226 232
1762 1784
638 642
386 400
1 6
1762 1784
1131 1131
38 810
450 466
1972 1984
1952 2000
1014 1024
978 984
1772 1784
1 6
1158 1163
332 346
917 924
134 148
1670 1680
1296 1300
154 160
1268 1275
1180 1203
399 402
1205 1220
399 400
490 538
1722 1724
101 101
1138 1151
1822 1832
418 560
1638 1644
1312 1462
490 538
449 460
1762 1770
1592 1598
468 486
1314 1326
1858 1863
902 912
644 672
1772 2000
922 924
902 915
736 736
848 896
418 424
21 26
682 693
201 210
1482 1504
82 88
1187 1188
1577 1615
1601 1601
1954 1960
1795 1800
1442 1480
1350 1351
1601 1601
1564 1575
658 666
1911 1911
1346 1347
342 346
1538 1547
1121 1121
1331 1332
1822 1828
1007 1012
21 24
426 441
252 255
752 788
898 920
1932 1936
38 44
154 156
1205 1528
266 270
1992 1998
1282 1286
835 1082
1334 1344
720 721
1745 1745
1 5
1549 1552
1755 1770
105 115
1624 1630
1865 1870
1196 1203
1638 1647
1911 1911
954 984
602 615
306 310
752 755
142 196
1104 1110
850 1074
1464 1470
720 721
266 270
82 88
1198 1201
13 35
1105 1105
1632 1634
1142 1142
1602 1615
1583 1583
842 846
918 924
1600 1615
786 788
1007 1012
1568 1574
1464 1476
689 691
1788 1792
1826 1828
542 550
1007 1032
282 288
821 821
798 810
1210 1216
544 550
826 828
468 523
1600 1615
1457 1460
1726 1730
94 100
1262 1310
1748 1753
1201 1201
172 180
1230 1240
1161 1161
490 497
142 241
1427 1510
1445 1448
734 744
240 241
452 455
1583 1590
685 685
652 680
1627 1630
201 204
1186 1203
1982 1984
798 810
618 628
1212 1220
1394 1408
683 833
1445 1450
198 204
622 628
26 26
1421 1421
1201 1201
1464 1512
968 975
592 594
746 760
1618 1622
1 5
644 660
890 892
966 1032
1314 1400
