15602 30344
31194 38524
31194 38524
45914 50000
41968 43784
25537 30344
18962 23024
38526 40790
47514 48880
12622 13740
13742 15010
47514 48820
23975 25535
47514 48820
18001 18680
1714 2420
18001 18680
41968 42250
33454 34777
19882 20150
38856 39006
6826 8092
420 1066
34779 35200
16562 16980
35202 35410
12833 12833
28762 34777
9465 9698
37714 37916
38526 38832
12622 13385
420 1066
34226 34777
1068 1400
38834 38854
22859 23024
1 250
44040 45168
36232 36728
11746 12080
26530 26840
12752 13070
27642 28050
7257 7434
36232 36728
41968 42250
1 250
8498 8625
44482 44592
19282 19600
15282 15600
26272 26360
26530 26840
1 250
16312 16367
20962 21250
1285 1400
20962 21250
16801 16801
41968 42250
46522 46738
8928 9200
40602 40790
43300 43444
39468 39844
45750 45912
9378 9463
7050 7125
39210 39350
32583 32676
39920 40132
21882 22354
11182 11250
20962 20976
19602 19746
31218 31456
48822 48880
17210 18507
47602 48021
434 660
21252 21440
23247 23518
49218 49370
13742 14058
43510 43680
37146 37260
29930 30080
6180 6400
38752 38832
8928 9200
34484 34776
38230 38502
48742 48820
21882 22354
3192 3280
47602 48021
37918 38064
34484 34776
17210 17250
28606 28656
10826 10875
12082 12192
33376 42382
12313 12352
10898 11180
42274 42382
39802 41400
21442 21560
46162 46350
38194 38228
2755 2964
35257 35370
23362 23518
37562 37712
38752 38832
42502 42656
38230 38502
5801 5801
1714 1760
17138 17190
5490 5700
39008 39120
13606 13740
34850 35000
10602 10725
42322 42382
32466 32528
44432 44480
18509 18680
32766 32802
35412 35488
38962 39000
6426 6500
18962 19060
15066 15175
434 660
48023 48040
17598 17976
39920 40000
42402 42440
14802 14920
10898 11104
16386 16572
21122 21250
48532 48678
14642 14768
27952 28050
36842 37128
26466 26528
33454 33688
24242 24256
39008 39170
6582 6656
9646 9655
39352 39400
5381 5440
24776 24850
31218 31456
28190 28320
4642 4848
42384 42500
29502 29712
5826 6000
36001 36001
184 250
31758 31850
42802 42916
35528 35592
15722 16032
10932 11075
43062 43212
4504 4640
46866 47044
19882 19911
48742 48767
8928 9096
12492 12600
45452 45575
30082 30246
25104 25217
36913 37128
6552 6580
36449 36449
37562 37712
45615 45736
5906 6000
31241 31456
18472 18507
14098 14150
45009 45009
7894 7978
8928 9315
47891 48021
7894 7978
19282 19368
18001 18001
11122 11180
25586 25634
23954 23973
10602 10725
45150 45168
184 250
31258 31456
37146 37200
23362 23400
45267 45294
21302 21412
11364 11616
2280 2753
28322 28396
27302 27375
14098 14150
48162 48224
42384 42400
40030 40076
23162 23280
24274 24500
37012 37128
39802 39844
34626 34777
5906 6036
40602 40790
42076 42102
41742 41784
27627 27786
8226 8275
47622 47754
29057 29072
25134 25217
31768 31850
17867 17976
36530 36600
44290 44345
26850 26936
23282 23320
2802 2960
6658 6682
48346 48410
18001 18064
20002 20024
10602 10640
35594 35640
40138 40200
21302 21340
28092 28128
28474 28552
13664 13740
1112 1190
35752 35900
17442 17596
37282 37350
36530 36600
44040 44185
23665 23780
26274 26300
12001 12001
367 418
32002 32030
44482 44500
32914 33120
5490 5494
18827 18900
15012 15032
8590 8800
27830 27859
42322 42382
47756 47889
11231 11250
30410 30860
6180 6200
34002 34042
38198 38222
29547 29624
38333 38333
27698 27786
40932 41040
7827 7876
40682 40768
25702 25936
8658 8800
43243 43298
45296 45374
13442 13456
27074 27140
14306 14394
29807 30356
25506 25528
26390 26464
45777 45908
11364 11500
297 308
36001 36001
34850 34996
45577 45604
34540 34575
26062 26208
41292 41326
13742 13765
1350 1464
26646 26756
27468 27570
29018 29055
39210 39270
33714 33834
13558 13580
5127 5450
30920 30972
37792 37800
10242 10325
22538 22596
7980 8004
40932 41040
26210 26265
13112 13264
8166 8185
18570 18680
434 480
16282 16310
49785 49792
28348 28396
41890 41920
20026 20080
14306 14385
8302 8350
12968 13027
37714 37750
21027 21120
31421 31440
39719 39800
3852 3964
29238 29298
42076 42102
2002 2080
38594 38720
14962 15000
8928 9096
21818 21842
21844 21880
41968 42000
33382 33413
37146 37160
30377 30408
43062 43150
42698 42916
13334 13344
9282 9315
27642 27696
27008 27072
7632 7698
3738 3778
14936 14960
7804 7825
32515 32528
35490 35508
9914 9988
5042 5100
18827 18900
46554 46596
526 660
35418 35488
37012 37120
41968 42003
45957 46384
2 80
15426 15580
9594 9644
23251 23251
46516 46520
7302 7350
7282 7300
46628 46738
42986 43016
4962 5000
15426 15720
19941 19960
5146 5200
5228 5360
17978 18062
22178 22210
42698 42916
28092 28128
4934 4960
28348 28396
20202 20800
34642 34700
26728 26984
26946 26984
44862 45026
47578 47600
5514 5572
17398 17664
29938 30000
8398 8480
19922 19928
4934 4960
35330 35370
16946 16980
37821 37821
38442 38524
37858 37888
42842 42944
1855 2080
37918 37984
14098 14136
12622 12632
24402 24448
40939 41040
17666 17800
28607 28656
34154 34224
8094 8108
28254 28320
6814 6824
30898 30918
10116 10154
29305 29401
42442 42470
24862 24904
36282 36400
29305 29401
17867 17972
6684 6707
1792 1840
42104 42135
8658 8746
12082 12135
44302 44345
23462 23510
20202 20240
35954 35984
20603 20614
31674 31744
18748 18768
29502 29508
39772 39800
33432 33508
33518 33700
4850 4879
35607 35640
26401 26401
6252 6292
28666 28760
1201 1201
12354 12408
31682 31744
16406 16480
31058 31105
5247 5360
38638 38704
13720 13740
48302 48336
37012 37090
37562 37632
27178 27200
47962 48021
3541 3541
8010 8023
23301 23301
45615 45712
10242 10266
9701 9720
30941 30941
32277 32400
42698 42800
30762 30800
6294 6355
21850 21880
30690 30800
49634 49672
25362 25392
24378 24400
10066 10112
37662 37672
36282 36400
47891 47960
31282 31330
14502 14520
4418 4456
29982 30356
16917 16980
34850 34883
5146 5200
22817 22828
13664 13674
49302 49354
36024 36068
9701 9740
35058 35063
19042 19060
23665 23680
27426 27450
40939 40974
36642 36680
46516 46552
18902 18935
14742 14768
3126 3190
10415 10458
35534 35540
28117 28128
21266 21300
37918 37984
35954 36022
5884 5920
5574 5590
19118 19200
34577 34624
4592 4600
11538 11600
24161 24161
3690 3725
39202 39360
42344 42392
330 340
27650 27696
40802 40974
2570 2600
37374 37450
28607 28640
30248 30340
38322 38408
11266 12248
3690 3725
42194 42248
26466 26528
3562 3570
42842 42916
8962 9036
24172 24184
41777 41784
17602 17664
24172 24290
46554 46596
9930 9988
10156 10169
45092 45136
18742 19040
49922 49948
40002 40024
40682 40716
49232 49259
13857 13885
12634 12644
32930 32972
5746 5760
44650 44688
2162 2208
31768 31790
12673 12673
26807 26807
9830 9852
34822 34866
7104 7125
16574 16604
22450 22470
12907 12966
18354 18412
22368 22424
45092 45136
8700 8746
26728 26756
36024 36068
14430 14448
31602 31637
33762 33800
1 100
24578 24634
14098 14136
29106 29152
25306 25334
40922 40930
8352 8396
48907 48960
24562 27712
36441 36441
18482 18500
49618 49632
29306 29401
3192 3200
34577 34624
39362 39466
11542 11600
16312 16340
29238 29250
23127 23160
44817 44817
23665 23684
1950 2034
37986 38016
18112 18160
24161 24161
14822 15720
15754 15796
29122 29152
37538 37560
15265 15320
45376 45380
29058 29072
2626 2658
30642 30688
37858 38016
35164 35188
9022 9036
3386 3460
47046 47296
12052 12073
25586 25624
32682 32862
32258 32275
18014 18032
23281 23281
47514 47754
17522 17552
14970 15008
19250 19458
13439 13604
17858 19984
28402 28421
19913 19920
41356 41378
30974 31105
43058 43078
24578 24604
31768 31790
27142 27250
1112 1156
34282 34312
12907 12966
46352 46366
31442 31454
21650 21665
30585 30592
19168 19200
27862 27890
38066 38124
26087 26208
28210 28222
39138 39165
11542 11626
35954 36022
33982 34012
1650 1690
26062 26208
5976 6000
40078 40096
47482 47488
5127 5141
6665 6682
20490 20520
3738 3778
39719 39740
27742 27760
32513 32513
7167 7184
14396 14567
28757 28760
30377 30408
33382 33412
17057 17136
7942 8004
13090 13102
42137 42160
36962 36972
7472 7536
8352 9240
3572 3664
36092 36184
17906 17952
18742 19080
1650 1690
27506 27528
25430 25481
36478 36550
14302 14304
22082 22120
47730 47754
422 432
35418 35488
28398 28421
47622 47656
7700 7740
34962 34990
12082 12100
39258 39362
44187 44288
1807 1825
16369 16384
16263 16560
23686 23776
20978 20996
5681 5681
47918 47960
22273 22315
39502 39536
33518 33598
25202 25217
37488 37560
26962 26980
7352 7434
6882 6900
41090 41120
22352 22354
44057 44057
27950 27982
5951 5951
9378 9416
8401 8401
47354 47365
27486 27584
33714 33760
13334 13344
3038 3124
20170 20188
4369 4369
40818 40880
15942 15968
5146 5200
45577 45600
26087 26176
47918 47960
17398 20000
39034 39094
41292 41416
3792 3800
41462 41488
2788 2803
4022 4035
7472 7499
15206 15240
13178 13200
36358 36400
39772 39800
5746 5808
2342 2376
10172 10182
27486 27712
19118 19160
10001 10001
19986 20000
37282 37436
46248 46296
15121 15168
33486 33500
22906 22912
10162 10169
48822 48857
49192 49216
31674 31744
16698 16720
12782 12796
31682 31744
14652 14700
24865 24865
43762 43776
40234 40252
46104 46182
38682 38848
7436 7463
38790 38816
31792 31806
3330 3344
25816 25840
26466 26528
10877 10896
41942 41956
36026 36060
21415 21416
7980 8004
43243 43298
45446 45454
16638 16656
1002 1035
12116 12135
49459 49536
12563 12588
32766 32862
12154 12190
3410 3450
34592 34594
871 871
28806 28840
11366 11384
25962 26032
7742 7763
12651 12651
44466 44480
35105 35105
26698 26720
40818 40850
22969 22998
16574 16590
43490 43508
35556 35600
8706 8746
40482 40525
2036 2080
12354 12380
9474 9480
12862 12880
22001 22001
40234 40348
46770 46784
17642 17664
9322 9376
3068 3124
11482 11536
16490 16514
16414 16480
20102 20150
40030 40064
23884 23912
7854 7876
17759 17808
48568 48644
22450 22470
30082 30152
7878 7892
6426 6558
40882 40912
2280 2300
9742 9750
16997 17032
39521 39521
38298 38318
14252 14300
10156 10668
9381 9381
4546 4564
1242 1255
49218 49224
16263 16310
14077 14090
18994 19040
22402 22424
44169 44169
1617 1624
10184 10200
26267 26320
49201 49201
1807 1825
6122 6136
9580 9625
14625 14625
46322 46350
5122 5125
24292 24324
17978 18090
3359 3384
4962 4995
35524 35632
48742 48767
3210 3250
13346 13408
26376 26384
32930 32968
43201 43201
26488 26528
43875 43880
5762 5780
9948 9955
48602 48632
7765 7776
15747 15914
44172 44185
32542 32560
20714 20778
21306 21340
32722 32862
47298 47352
37282 37319
27953 27953
19168 19195
26488 26528
15722 15745
31462 31503
16204 16240
13162 13264
28178 28222
17978 18090
846 860
26958 26984
17506 17520
31266 31280
10415 10440
13178 13232
41002 41040
48748 48767
29652 29660
4652 4665
30974 30984
26570 26872
31530 31552
9038 9049
43626 43696
13972 14000
18401 18401
32170 32200
44062 44084
4920 4932
44976 45026
41090 41120
21552 21560
29890 29912
27802 27890
29386 29500
1 48
27481 27481
49982 50000
45325 45360
5042 5050
20641 20641
1 1
38018 38416
46050 46078
39550 39552
13810 13824
34282 34312
31282 31330
49650 49672
5832 5845
11682 11840
972 992
36974 37000
17282 17316
46946 46976
20227 20280
45115 45136
17802 17808
47622 47656
2858 2900
17252 17280
37986 38016
24326 25596
35752 35835
14387 14390
42918 42940
7218 7325
40722 40738
31969 31969
25735 25750
20698 20712
2805 2828
39258 39327
39816 39840
28580 28602
19122 19160
32766 32802
31282 31330
21718 21750
5302 5360
33382 33396
10744 10752
10282 10325
21959 22002
6727 6750
28434 28472
45522 45575
30787 30804
39402 39425
40527 40568
12354 12444
30867 30870
4846 21100
1 48
28366 28380
14830 14940
3152 3190
14555 14560
13731 13740
35921 35921
10338 10350
31768 31784
28401 28401
28302 28320
29977 29977
14652 14700
48801 48801
7632 7698
40134 40136
38742 38754
26242 26262
25756 25782
15041 15041
43582 43740
14642 14710
23127 23160
17107 17115
44466 44486
31792 31806
3292 3296
16132 16138
126 140
4864 4879
15772 15796
5232 5590
44302 44330
26578 26626
43702 43725
8110 8120
26546 26548
1908 1920
17402 17429
8017 8017
45714 45736
44290 44423
32322 32336
2732 2753
31120 31168
45234 45245
13090 13110
32130 32152
25810 26060
13122 13140
33554 33598
37921 37921
12154 12190
39097 39124
19389 19458
40502 40525
522 595
18526 18532
31650 31672
15207 15216
32738 32760
22212 22268
45412 45432
41574 41680
37377 37377
19336 19364
13596 13604
6842 7038
35534 35550
27202 27239
24460 24484
32701 32701
12770 12780
31606 31630
49154 49224
35238 35255
30526 30536
36477 36572
28190 28207
35602 35632
11366 11442
29122 29150
15522 15760
30410 30472
24481 24481
184 204
184 204
48770 48777
1714 1720
32864 32872
41234 41280
30974 31010
19998 20188
12116 12135
42290 42940
40234 40252
23324 23372
11042 11072
19230 19236
10242 10256
20057 20168
1285 1296
22583 22596
43226 43232
49252 49259
1851 1853
24067 24100
48570 48588
30377 30407
47034 47042
37374 37413
37321 37478
40366 40443
17722 17728
30562 30567
4997 5040
35552 35632
28172 28325
31428 31440
48200 48249
38921 38921
49022 49040
13178 13232
45382 45408
10184 10280
38350 38400
27178 27200
37502 37536
34932 34996
15937 15937
17412 17429
44446 44450
4641 4641
12002 12016
25756 26208
27586 27700
21970 22002
34210 34224
47622 47642
3002 3008
12982 13000
30834 30850
2433 2433
28676 28688
21074 21100
19992 20188
44594 44648
38721 38721
6264 6276
10642 10668
126 160
45154 45168
48251 48424
32930 32940
27202 27239
29445 29445
30465 30465
12492 12560
8016 8023
5832 5845
42001 42001
10850 10852
36936 36960
21650 21665
35018 35048
19891 19911
15834 15880
20082 20100
43882 43923
10602 10640
20546 20590
10097 10097
36868 36874
34078 34116
19538 19562
18981 18981
39428 39466
21354 21429
32066 32236
16162 16172
7352 7392
6322 6336
18098 18110
33486 33504
17070 17100
30974 31096
33627 33632
3269 3290
40658 40770
31682 31736
9458 9463
972 992
21102 21152
9550 9559
38041 38041
42601 42601
11426 11442
48200 48208
40445 40453
33486 33516
4362 4372
11900 11922
33602 33616
9930 9946
33202 33240
47522 47540
40527 40568
34540 34560
37422 37430
1169 1169
27252 27335
38001 38001
14786 14820
25547 25560
36501 36501
19302 19308
17070 17100
45267 45280
46482 46503
24805 24816
47122 47132
10030 10064
40502 40520
38138 38162
21102 21120
686 700
26210 26486
49312 49330
18142 18160
49826 49866
19687 19696
42918 42931
16612 16628
18509 18512
43681 43681
49922 49932
46930 46940
37732 37750
20780 20808
22742 22766
5569 5569
45182 45200
43794 43808
5514 5540
14098 14104
47762 47770
47081 47108
33554 33598
28002 28032
34401 34401
22942 22960
1077 1186
4962 4995
32470 32496
17318 17328
4320 4325
15047 15064
30806 30812
16997 17012
24961 24961
31482 31503
1582 1585
31554 31566
21586 21672
39816 39840
43582 43674
33039 33050
10910 10928
49742 49764
44517 44520
5458 5480
11698 11726
4702 4710
26242 26254
45480 45496
46162 46168
18354 18410
34426 34446
47658 47688
11806 11848
12590 12600
19642 19644
35470 35488
43552 43562
34801 34801
15527 15538
26910 26925
33116 33138
11632 11640
46101 46101
23362 23372
48970 48992
26210 26240
42994 43016
20964 20992
38756 38778
3593 3593
43084 43104
38253 38260
31808 31832
3550 3560
29702 30194
2470 2480
14487 14506
26530 26568
21713 21713
25056 25068
22598 22614
33770 33776
14222 14250
47026 47032
7458 7463
34022 34028
44490 44510
19941 19952
8558 8582
48752 48755
5922 5944
10540 10560
45541 45541
21977 22000
39772 39789
17221 17221
39592 39632
35954 35984
44389 44410
14346 14360
13544 13556
22914 22961
10530 10538
41890 41936
16562 16570
45250 45256
19336 19364
4846 21100
1242 1255
42764 42820
8682 8746
13650 13658
10068 10112
41186 41200
39791 39800
7154 7165
35390 35400
20001 20001
41122 41152
22969 22998
5847 5860
4702 4772
39666 39717
16852 16860
35470 35522
34392 34413
5501 5501
11746 11760
21918 21924
46721 46721
1758 1760
37897 37904
40740 40750
9009 9009
16516 16528
41625 41639
15122 15168
38101 38112
27501 27504
31234 31348
45522 45575
25394 25420
44958 44973
17906 17950
26736 26745
17617 17617
29982 30008
34642 34670
18866 18896
45434 45441
40030 40064
14942 15520
32277 32312
9146 9160
30248 30280
1042 1064
40976 41376
37130 37144
25663 25680
40272 40300
46674 46688
7962 8004
27452 27462
28522 28540
19888 19889
25752 25754
21240 21250
16781 16784
28130 28140
14432 14448
4262 4266
26192 26208
34002 34040
39850 40162
10068 10112
17062 17064
29234 29236
44222 44240
24315 24324
4478 4496
12481 12481
34426 34446
19460 19530
37870 37888
36822 37036
9234 9250
7108 7125
39994 40024
39366 39376
19002 19014
31792 31805
378 418
13402 13408
49452 49457
47800 47860
34722 34762
14337 14337
48042 48070
32057 32275
40852 40875
11538 11552
8471 8471
16386 16402
15618 15620
18986 19080
48621 48632
3966 3984
23965 24324
208 219
42842 42931
46482 46503
13606 13615
8627 8776
24874 24906
22546 22740
2362 2376
18738 18740
15430 15456
1922 2012
49312 49330
48545 48545
16162 16172
20506 20536
6364 6370
37352 37420
28147 28156
527 625
9992 10016
27138 27140
21172 21200
18942 18948
49444 49457
44802 44806
7507 7536
25282 25302
32562 32581
21314 21340
48246 48249
39994 40024
3672 3683
47082 47108
7507 7536
19941 19952
26927 26936
35432 35456
49022 49040
47602 47610
43828 43844
34129 34152
1354 1361
43002 43016
37502 37534
24692 24702
17759 17813
42972 42980
45615 45644
7854 7900
33090 33100
19286 19300
48370 48380
28401 28401
36034 36060
45714 45736
8513 8528
18534 18542
45527 45560
37374 37400
15110 15119
36481 36481
31861 31990
18987 18992
45646 45664
41466 41480
48680 48688
35372 35380
27154 27176
40026 40028
31768 31784
36130 36155
30450 30464
34998 35002
3208 3264
44912 44920
12770 12780
24067 24080
35418 35430
32258 32268
20689 20689
44490 44510
32322 32340
4002 4016
1112 1152
36326 36356
11921 11921
28932 28960
7601 7601
35986 36020
33634 33640
49052 49056
9094 9106
34161 34161
20522 20536
2562 2592
18722 18740
2162 2175
1042 1064
13030 13048
26178 26189
46054 46072
3601 3601
23601 23601
6218 6246
32082 32110
14222 14240
17751 17757
40682 40700
41025 41036
9418 9472
16016 16032
44610 44648
36936 36944
41690 41700
7542 7578
20854 20870
25802 25808
38556 38568
11426 11442
14610 14632
34626 35084
25394 25420
43752 43760
47955 48000
7477 7536
9322 9360
5143 5144
10327 10350
11921 11921
43251 43298
28852 28884
24210 24260
49385 49424
13521 13521
33974 33980
29874 29930
6180 6181
24594 24604
46797 46810
43852 43880
43514 43520
28729 28804
22442 22464
49426 49435
44808 44844
44121 44121
44004 44020
44490 45676
39048 39062
43698 43712
5440 5450
9281 9281
10830 10852
24958 24962
6090 6119
21032 21040
47242 47250
25070 25080
8122 8136
8187 8215
18914 18960
18534 18564
31202 31206
1282 1352
3696 3725
17882 17900
18544 18564
43387 43408
7986 8000
5002 5024
27521 27521
1 40
42298 42328
35802 35835
33202 33236
13042 13048
47018 47020
12930 12940
27788 27800
20370 20377
15073 15073
10172 10420
2021 2021
46160 46182
22270 22271
37352 37372
33382 33396
16546 16558
28098 28110
7816 7824
8954 8972
774 794
26874 26940
18354 18410
49195 49216
22866 22878
6902 6934
20994 21005
8842 8884
39038 39046
20490 20504
18194 18210
30988 30992
37208 37660
10727 10740
44172 44185
45066 45090
24481 24481
41072 41376
22317 22328
31791 31800
46101 46101
29082 29100
1042 1064
5612 5636
36590 36728
38018 38034
14758 14768
25663 25680
42710 42720
44822 44844
43882 43887
49554 49592
48117 48130
22286 22290
37251 37251
46850 46852
19881 19881
15177 15196
47116 47132
8982 9061
46132 46148
20210 20225
27578 27584
38101 38122
49799 49808
29473 29476
14032 14054
44752 44776
44364 44387
12082 12104
23384 23408
32032 32048
30787 30812
35298 35301
47298 47309
3896 3900
36766 36804
20282 20296
27138 27140
10156 10158
242 260
26945 26945
801 812
27650 27669
8606 8610
1958 1968
6727 6740
7601 7601
1302 1352
43480 43512
39746 39754
1272 1280
43302 43316
49317 49317
22546 22776
702 705
13410 13414
21718 21752
28593 28593
38262 38272
21342 21352
35554 35664
6049 6072
37393 37393
38138 38162
38780 38788
3152 3156
28600 28602
16142 16261
29152 29212
37637 37648
34521 34521
20145 20145
20490 20500
15527 15538
28262 28272
5441 5441
2404 2434
5951 5951
21570 21584
20379 20452
43226 43232
32766 32768
38281 38296
9890 9988
39121 39121
11105 11105
19460 19480
1077 1104
48866 49084
6484 6495
23449 23449
29782 29805
22202 22209
37569 37569
8748 8776
39034 39092
10744 10828
28757 28757
20770 20778
26628 26640
4920 4932
45410 45424
49202 49640
43514 43522
39298 39320
48234 48248
37001 37001
48722 48728
14476 14485
16642 16648
30441 30441
36434 36452
2942 2946
6186 6206
33190 33250
21118 21130
48432 48435
32238 32252
16065 16065
18212 18230
25142 25160
16786 16814
17834 17850
32610 32616
9162 9194
17092 17146
16786 16814
39366 39376
2620 2623
41586 41680
20338 20350
33730 33752
22142 22165
6426 6432
16730 16740
11258 11264
29274 29278
31208 31411
2976 2992
40030 40064
17842 17850
12410 12440
3114 3120
4152 4176
21812 21816
18258 18283
1792 1802
7002 7016
44086 44096
48426 48476
7720 7735
30410 30625
3904 3913
3158 3190
24678 25256
36326 36360
19772 19776
1254 1255
20729 20745
37930 37959
4192 4200
7542 7578
13892 13936
41402 41408
7170 7175
22550 22560
31906 31920
3441 3441
16102 17396
19460 19480
35382 35388
24876 24893
28729 28750
27001 27001
1970 1994
21122 21129
13586 13594
2902 2920
40234 40320
5106 5125
6382 6396
20670 20691
39739 39744
14642 14940
11598 11620
26426 26436
26302 26320
19542 19562
45066 45090
1426 1504
33662 33668
44610 44648
34606 34624
44978 45000
37042 37079
31393 31393
45778 45860
5639 5650
1792 1802
19542 19590
21122 21129
21741 21741
40251 40251
1112 1130
28423 28448
23298 23302
41867 41888
29154 29170
27154 27176
234 260
25494 25500
35874 36040
17759 17813
30401 30401
17642 17675
47694 47710
39038 39046
29396 29408
31413 31418
24337 24337
18866 18880
28274 28288
17402 17408
25663 25680
11938 11945
25598 25661
16650 16655
11962 11972
14712 14742
2847 2856
39197 39200
29376 29376
38066 38099
28070 28096
17474 17485
6364 6370
2702 2730
10689 10689
23522 23565
39107 39124
44822 44844
2258 2270
43936 43940
24347 24367
12372 12379
12969 12970
16560 16570
34082 34096
3192 3206
2641 2641
18827 18839
14032 14054
47977 48002
18902 18912
40241 40241
36545 36545
25585 25596
35956 35984
40939 40950
34792 34800
43524 43534
2438 2445
23774 23910
31517 31523
44626 44626
10030 10032
49385 49392
47269 47288
22478 22525
41025 41036
48758 48767
41574 41584
8902 8926
1521 1521
8502 8582
6837 6854
16077 16077
32834 32862
46274 46296
33730 33752
10819 10824
21628 21665
638 650
21595 21600
14113 14116
22704 22730
40594 40635
44069 44084
3114 3156
17167 17200
2789 2803
15597 15776
23890 23900
36590 36604
24210 24240
29190 29200
17521 17521
33359 33368
1160 1176
3169 3169
49538 49568
26882 26900
14889 14889
18014 18058
34735 34750
6993 6993
25233 25233
18298 18352
43116 43152
29942 29952
33739 33752
10242 10280
7902 7912
34783 34832
28994 29012
4033 4033
17530 17616
4594 4603
33162 33172
11767 11767
24001 24001
37480 37570
20957 20962
36642 36672
35702 35710
8752 8776
20912 20930
26414 26424
22378 22390
44146 44159
31466 31480
527 1064
29510 29530
4362 4372
42387 42388
12662 12680
18921 18921
28783 28804
22478 22525
47658 47688
27719 27734
29426 29434
43552 43562
39778 39789
21329 21329
44658 44677
37321 37325
14032 14054
3550 3552
43318 43339
11949 12248
46722 46736
616 624
14991 14991
31738 31990
40433 40453
25996 26014
2272 2278
39994 40040
24058 24065
30065 30065
12662 12691
21154 21264
48942 48956
12972 13068
27601 27601
25070 25080
46122 46230
39607 39624
37461 37461
1571 1575
8402 8448
24801 24801
24008 24011
16714 17396
21012 21025
25169 25169
29674 29771
8161 8161
40282 40300
42882 42900
11900 11911
27201 27201
47472 47484
3672 3683
16754 16760
8584 8592
45247 45248
24186 24200
33688 33700
37858 37868
2805 2816
19338 19345
24849 24850
34410 34413
16204 16242
27984 28118
23714 23727
23324 23334
24730 24750
25545 25550
16978 17012
7070 7072
41244 41568
6121 6136
10066 11290
19858 19872
22977 22977
12386 12399
24805 24806
642 650
11947 11947
16754 16760
14176 14220
35806 35865
7630 7632
34241 34241
41121 41121
34502 34512
26282 26288
29032 29055
10466 10608
3506 3526
20670 20691
2834 2845
43778 43792
20134 20150
48450 48458
43141 43141
9205 9205
34042 34378
21046 21105
2620 2623
48866 48960
30474 30495
45282 45288
26705 26705
45922 45940
3625 3627
5466 5480
17677 18296
2401 2401
3038 3046
49712 49728
3554 3559
35502 35522
19741 19741
30962 30968
41714 41720
24541 24541
18582 18590
5717 5722
31802 31805
4362 4372
32770 32776
42888 42888
18921 18921
9762 9798
46334 46366
5370 5375
19782 19924
49862 49880
40880 40896
1 5
17341 17358
4124 4128
13266 13275
43846 43850
42032 42046
30042 30070
29310 29329
25222 25248
36969 36992
14396 14416
4864 4879
21287 21300
22022 22032
10910 10966
7041 7041
40042 40064
17952 17958
20490 20504
19426 19440
21142 21152
33607 33700
17932 18090
18188 18210
24315 24324
39402 39425
21852 21864
12174 12184
40390 40408
30824 30825
3250 3264
24154 24170
49312 49330
20488 20504
45922 45940
12262 12270
354 365
37490 37514
13596 13640
39994 40040
7238 7248
19233 19236
44517 44544
16182 16248
8272 8275
12186 12192
17297 17297
16562 16570
29901 29901
6438 6450
7314 7325
378 400
24822 24864
45382 45395
13401 13401
22401 22401
2258 2290
13490 13528
27178 27186
35617 35617
48522 48530
29032 29055
5752 5815
29682 29694
24752 24756
43910 43920
29228 29230
29396 29400
40658 40680
40366 40431
44802 44863
24550 24552
4342 4352
33190 33240
32182 32205
38566 38570
33359 33368
47918 50000
3126 3150
42394 42440
7202 7212
41001 41001
10704 10716
24486 24504
30101 30101
48970 48975
9001 9001
15612 15616
26622 26640
25937 25940
28897 28904
17797 17806
48508 48640
5752 5760
31639 31660
39342 39362
18102 18112
34216 34224
23868 23873
30427 30430
45401 45401
7170 7175
7911 7911
47594 47610
30988 30992
47324 47328
1081 1081
31365 31736
1160 1176
33836 33845
30806 30812
37490 37514
45352 45360
5725 5750
3158 3206
21314 21328
48072 48075
2556 2575
13232 13240
16174 16178
16166 16172
4961 4961
46897 46897
16312 16330
43009 43009
26342 26355
21354 21420
1216 1228
24497 24498
38897 38897
17815 17852
25501 25501
14786 14802
3353 3357
42005 42018
41538 41540
21172 21207
912 945
42794 42840
15274 15276
34045 34064
12852 12856
11146 11150
9061 9061
40042 40136
21570 21574
13250 13260
36106 36115
20522 20536
19748 19750
37918 37928
6874 6900
38561 38561
33870 33884
15442 15456
48429 48430
3208 3285
43858 43870
34410 34413
10018 10028
46752 46810
10992 11012
22428 22440
39972 39976
38554 38556
44364 44422
34646 34658
37352 37372
14564 14567
32005 32016
15261 15261
34049 34049
40751 40768
1550 1560
3972 3981
3933 3933
49799 49808
49138 49636
7868 7876
13575 13580
21590 21608
31791 31816
44027 44032
13882 14075
37400 37410
4052 4080
16002 16014
24139 24139
46001 46002
19827 19924
8682 8688
40001 40001
27527 27540
21314 21328
5064 5092
21172 21207
1306 1328
5793 5793
47594 47610
21706 21760
35361 35361
7836 7846
16786 16814
25686 25698
8227 8295
32498 32530
38801 38801
6766 6772
14104 14111
49842 49852
19272 19274
35202 35215
43736 43740
48232 48248
33708 33712
30042 30070
34638 34644
2882 2905
32131 32131
30126 30132
9552 9559
46912 46926
15218 16100
23313 23313
14754 14756
43418 43424
47622 47640
2612 2617
38281 38294
42956 42961
34672 34676
860 890
47830 47854
158 176
48369 48376
21698 21800
21818 21840
20721 20721
49195 49204
29362 29370
36908 36909
14912 14940
34768 34772
5452 5456
24242 24256
39578 39581
29190 29210
36326 36352
41596 41602
13286 13316
33690 33700
1812 1824
48866 49136
8297 8316
27822 27880
14786 14802
39972 39976
16722 16740
25070 25080
22478 22510
26712 26720
28387 28392
37046 37066
15597 15608
19347 19352
15798 15818
19741 19741
29583 29623
16406 16539
28221 28221
40689 40689
16290 16310
22817 22817
34001 34001
41604 41613
1285 1296
49452 49495
36768 36776
13544 13550
6769 6769
18660 18665
44841 44841
9094 9100
28833 28833
24636 24664
31822 31850
36234 36265
16722 16740
44912 44924
24232 24240
7 24
10241 10241
42005 42010
28980 28992
13662 13718
49314 49330
18605 18620
2722 2730
38358 38368
38902 38908
19569 19576
7782 7802
39586 39590
2777 2786
16080 16097
25519 25566
26274 26288
26366 26374
26532 26540
25082 25140
30018 30025
13052 13060
23972 23973
3281 3281
48822 48840
30474 30481
15218 15228
2272 2278
21042 21044
47945 47945
1 40
27578 27584
30877 31096
9094 9120
19637 19637
17867 17874
43154 43184
2087 2088
36969 37008
39594 39604
22963 22967
3601 3601
22116 22120
46966 46976
48631 48631
18716 18770
44610 44642
32714 32760
17493 17507
25799 25864
1242 1250
35576 35580
31627 31632
18088 18090
4650 4656
38543 38545
17256 17260
47286 47290
46562 46570
14994 15008
28127 28170
46482 46500
34418 34424
30935 30950
37488 37514
41386 41400
23762 23771
6640 6648
12646 12653
6232 6240
17560 17562
21432 21444
14290 14328
2341 2341
45738 45860
33600 33605
13596 13718
22217 22217
1400 1420
28617 28640
37242 37250
8940 8952
6978 6984
10300 10310
49499 49599
15278 15298
20653 20668
2014 2224
26274 26300
6331 6331
22401 22401
30600 30604
18312 18328
34770 34772
46638 46664
35752 35760
31538 31552
12382 12444
45389 45395
37452 37458
35782 35788
30358 30380
21244 21264
36920 36928
45106 45163
1827 1830
31758 31771
2908 2920
43122 43148
27521 27521
6570 6578
14396 14698
46313 46328
7202 7212
12321 12321
46874 47456
8594 8598
23938 23952
44364 44410
9018 9020
23882 23900
9234 9240
36806 37856
35650 35694
18298 18404
19794 19802
6090 6115
7278 7290
39361 39361
23582 23616
33987 33990
7905 7905
46102 46328
8242 8250
38897 38904
6527 6527
6426 6934
3187 3187
9426 9434
41918 41936
29901 29901
20770 20828
23052 23054
4997 5015
2858 2864
2958 2974
13620 13640
25686 25698
13666 13674
6710 6757
5246 5274
18588 18625
16057 16070
16162 16261
14572 14576
39052 39128
21581 21581
20964 20976
30830 31363
42402 42440
5074 5076
3000 3001
41402 41408
5276 5291
42766 42784
25762 25770
977 977
46796 46810
18298 18310
47961 47961
187 200
40790 40808
30001 30002
14202 14216
28152 28170
40433 40442
13986 13991
28932 28949
29201 29201
6709 6910
13340 13352
24550 24552
151 153
45968 45984
13662 13680
14242 14250
1692 1706
44364 44384
6766 6772
40306 40324
47087 47108
30361 30361
42994 43010
19724 19728
15921 15921
17398 17408
43954 43965
10322 10344
20482 20486
9501 9502
5601 5601
27844 27859
35202 35211
12222 12244
26646 26649
13938 13970
48398 48410
23185 23216
37538 37560
42994 43010
9266 9282
7376 7376
17040 17044
43514 43562
3250 3260
23181 23181
25810 25840
20729 20736
36000 36017
39739 39744
31281 31281
41596 41602
11266 11274
14922 14928
1897 1928
2079 2085
19564 19567
20368 20375
4805 4836
44992 45000
1185 1185
6710 6725
14678 14688
23602 23648
44290 44318
5725 5760
2042 2056
31663 31663
2514 2524
44001 44001
11691 11693
34066 34096
15754 15760
14644 14668
23841 23841
45376 45376
48758 48767
19659 19665
16714 16720
36631 36688
9714 9728
9898 9906
29997 30008
17192 17200
46516 46520
11501 11501
43908 43945
27001 27001
25901 25901
39392 39440
38834 38842
20572 20590
47892 47908
34801 34801
45492 45604
40571 40574
10291 10292
29891 29911
13161 13161
40154 40162
17706 17712
31962 31965
29958 29976
6532 6558
27464 27466
34456 34468
19258 19264
18780 18816
25325 25328
18632 18658
28252 28320
43677 43690
40811 40815
35170 35180
16786 16814
10546 10565
4866 4879
4833 4833
14942 14958
18285 18296
12563 12588
45752 45770
10162 10169
15998 16014
9366 9390
43255 43316
21168 21170
36801 36801
13042 13092
42362 42372
2003 2003
31992 32496
21777 21780
5762 6084
35953 35953
29234 29260
23978 24025
10910 10966
14238 14250
627 636
6086 6208
35810 35835
39916 39938
39322 39712
33475 33484
24460 24465
42442 42450
26226 26240
5574 5594
43119 43148
36881 36881
22111 22111
43858 43870
49372 49376
41386 41392
37501 37501
16001 16001
46001 46001
41682 41700
41890 41894
46342 46366
43889 43906
2789 2803
37681 37681
23918 23924
14000 14016
43154 43184
42104 42162
29758 29770
9218 9229
36969 36984
11598 11620
39982 39992
49372 49376
37634 37660
36402 36408
14706 14708
4037 4050
12471 12471
15386 15392
40282 40300
13752 13756
15548 15552
45682 45698
20002 20009
3162 3176
29057 29060
44722 44734
3657 3664
15302 15314
21813 21813
21121 21121
43852 43870
29682 29694
12834 12848
31507 31515
19783 19792
46932 46941
22163 22192
13138 13145
32386 32408
35086 35112
27090 27092
39682 39696
35597 35605
11728 11768
14302 14304
40402 40408
40551 40551
45214 45224
13780 13850
34834 34840
11806 11834
27666 27669
34305 34305
25882 25946
45153 45153
25799 25970
18818 18842
25818 25830
46001 46001
49121 49121
302 306
22726 22740
48752 48755
13102 13106
30832 30839
14194 14366
37306 37319
34241 34241
20401 20401
41440 41460
32714 32890
10834 10838
29234 29292
210 442
214 219
6937 6937
16714 16766
32672 32688
44601 44601
11154 11172
20521 20521
45618 45634
210 212
12333 12336
31077 31077
10870 10875
1812 1824
23792 23816
7116 7125
28152 28192
31150 31168
42264 42272
14638 14676
23978 24025
8476 8483
12972 13008
23304 23319
41106 41120
4976 4987
15361 15361
6602 6632
3058 3066
35710 35710
21802 21848
4140 4147
40000 40024
27202 27204
32714 32880
30898 30910
28414 28418
26978 26993
21713 21716
28049 28068
2950 2956
8722 8746
24315 24324
2114 2118
48478 48480
31482 31495
23978 24025
10928 10930
39892 39900
36758 36764
24808 24816
33190 33196
33901 33901
26026 26049
17398 17620
15988 15992
15218 16100
310 310
7412 7432
21137 21137
39802 39816
36367 36378
35382 35416
21186 21200
47892 47904
5639 5648
33561 33561
43566 43573
3839 3858
22478 22510
5988 5994
7905 7905
12782 12796
26092 26100
29674 29705
44686 44696
39442 39510
29807 29880
48035 48070
4722 4840
21172 21184
3269 3275
24326 24330
29583 29623
26122 26168
3874 3892
25266 25272
20081 20081
41532 41540
48849 48849
35524 35610
29481 29481
11802 11947
27478 27480
49332 49338
40001 40001
41420 41438
17132 17133
11962 11984
45302 45311
48361 48361
31250 31256
49611 49614
48810 48820
26728 26734
9312 9315
12655 12660
19198 19218
42394 42440
29350 29360
22726 22730
10184 10192
22673 22673
10377 10377
38528 38534
9073 9076
44958 44968
35837 35856
29426 29434
8122 8135
18785 18785
40751 40808
47404 47410
2498 2509
38808 38816
46581 46585
14528 14530
3711 3724
5906 5928
19592 19602
17117 17120
11843 11847
29238 29250
32714 32880
5147 5190
4893 4893
16714 17396
30358 30375
42713 42720
43947 43966
5178 5188
11745 11745
6030 6036
31889 31889
28792 28804
44846 44852
5314 5328
19616 19623
14972 14992
13502 13520
19861 19861
4240 4241
33953 33953
19746 19752
18218 18252
40662 40670
17677 18128
7902 7910
42089 42089
40730 40736
10776 10790
30877 31096
6700 6701
11702 11710
4192 4224
37242 37250
30792 30800
1 2
24766 24772
20081 20081
28702 28727
20122 20142
5170 5176
23607 23624
45352 45367
5052 5062
40954 40960
2722 2730
42264 42272
45601 45601
850 856
17014 17016
49499 49536
3938 3958
47918 47925
40373 40375
15970 15976
19105 19105
18882 18890
47462 47465
2246 2256
1921 1921
14644 14668
43809 43809
8550 8560
34736 34745
8778 8916
19681 19681
38426 38432
8278 8295
39810 39814
2329 2336
45548 45604
33518 33547
23962 23963
37001 37001
38600 38608
31518 31520
4139 4389
3502 3504
48552 48562
3178 3180
28792 28804
23954 23963
47458 47484
39252 39264
27882 27890
2474 2475
47122 47130
31080 31082
15250 15256
41753 41753
48646 48648
15425 15428
8297 8330
10184 10218
17544 17552
17070 17073
15634 15660
3370 3375
28676 28697
26001 26001
31538 31546
2789 2800
33116 33122
37538 37541
46311 46311
14078 14086
29752 29756
19926 24324
23386 23408
36000 36017
27650 27658
5578 5594
8584 8625
23938 23952
9477 9480
42610 42622
47918 50000
36138 36145
26593 26593
19920 19924
6894 6910
29676 29676
35597 35605
38844 38908
19810 19825
1178 1186
22451 22451
17392 17396
16284 16288
31566 31588
2318 2327
1834 1849
26258 26262
20497 20497
16080 16097
16306 16340
31122 31132
44001 44001
25666 25673
20781 20789
12942 12966
44069 44084
25542 25543
7206 7212
4810 4816
8217 8225
28152 28214
19782 19808
39010 39012
35122 35136
20866 20868
12367 12724
42854 42866
22462 22476
18174 18176
34845 34845
49775 49783
210 350
27370 27384
39852 39865
29723 29737
23634 23640
9170 9216
1701 1701
47170 47184
47796 47826
20246 20272
9007 9016
9714 9728
7250 7255
45957 46006
20454 20512
15510 15512
15585 15592
9933 9988
25984 25994
11810 11834
25901 25901
32993 32993
43828 43906
37782 37790
8798 8810
13942 13956
18509 18512
41666 41674
25070 25078
41626 41636
16690 16712
29255 29260
22954 22961
39048 39050
49775 49783
5793 5815
46801 46801
50 70
16226 16261
38586 38589
24673 24673
34018 34028
43205 43212
7298 7312
27821 27821
7218 7270
426 432
7257 7270
28690 28697
18672 19135
26395 26405
38426 38438
14718 14735
35874 35877
24315 24324
29201 29201
9482 9525
33543 33543
38269 38274
37680 37700
31178 31206
45968 45984
31998 32030
45910 46222
17921 17921
16958 16962
33951 33968
12651 12651
49674 49704
16542 16545
34641 34641
24776 24796
35524 35610
33317 33350
33348 33350
10801 10801
26927 26936
24292 24300
30382 30404
1322 1336
11714 11726
6398 6424
15979 15985
331 331
11602 11620
9664 9672
35217 35226
49954 49962
37106 37128
33116 33138
44102 44288
44017 44017
36969 36984
2910 2915
490 508
29626 29728
1 182
11282 11290
29255 29260
10718 10724
39916 39938
12502 12512
42000 42003
45346 45367
11519 11551
40794 40800
15087 15090
36321 36321
31250 31256
17509 17528
2042 2054
40571 40576
29701 29701
28932 28949
32122 32125
23792 23845
17034 17048
17980 18001
40306 40324
49499 49536
14714 14716
40882 40904
6851 6851
28590 28598
44001 44001
48121 48130
6921 6921
21568 21584
42066 42080
27386 27393
38802 38825
44572 44576
13943 13943
444 525
16768 16779
21686 21848
21082 21084
25218 25251
6700 6701
39949 39949
29311 29311
45874 45884
30150 30156
46260 46266
14418 14448
19804 19808
38314 38318
24968 24971
42801 42801
14886 14896
23473 23485
7836 7846
38990 38990
44425 44428
19138 19140
34874 34888
21386 21400
46082 46096
21962 21970
5162 5190
20830 20880
27259 27308
20558 20563
12088 12114
33751 33751
40817 40820
14001 14001
20001 20001
39342 39345
5202 5204
18122 18128
17578 17588
13828 13832
42171 42171
43823 43823
38751 38751
4484 4496
48009 48009
45432 45441
3690 3692
37521 37521
2111 2111
19801 19801
43341 47794
5477 5480
40395 40398
48049 48049
42101 42101
39972 40036
36247 36280
2557 2562
20670 20674
40401 40401
9218 9236
2515 2520
8798 8810
32569 32569
29569 29569
7720 7735
27395 27396
26801 26801
18605 18611
15687 15690
31001 31001
29638 29644
17534 17536
35437 35444
7457 7457
27001 27001
39852 39878
32230 32236
46098 46098
41410 41413
6321 6330
11292 11302
40790 40808
23386 23408
31921 31921
33030 33035
20957 20962
28327 28344
9042 9050
18245 18245
6271 6271
30830 31110
6498 6502
29857 29857
35041 35041
9858 9862
44034 44064
44720 44725
33622 33625
2318 2327
927 932
3772 3784
19294 19309
31290 31296
43662 43665
20670 20674
27438 27456
46874 47316
22684 22694
41657 41664
1 1
25266 25272
46452 46452
40544 40554
18672 18775
29676 29676
8584 8600
29652 29728
24185 24185
41596 41860
38252 38267
19375 19376
3738 3744
44628 44642
38333 38340
24714 24720
35874 35877
43571 43571
20126 20132
29764 29768
24606 24628
4712 4715
23447 23455
3762 3770
23072 23082
17762 17775
16092 16097
16322 16325
7980 7984
4761 4761
31382 31400
30852 30855
39681 39681
776 778
15762 15770
6858 6864
38441 38441
15294 15340
33800 33808
15116 15116
29078 29088
5634 5760
38651 38730
18254 18404
30197 30224
527 583
15543 15543
22497 22497
36262 36265
32289 32289
28398 28419
32102 32125
28334 28344
40082 40152
43194 43203
5496 5509
3568 3570
29062 29212
42922 42930
35114 35120
39048 39050
44172 44180
39137 39150
33625 33625
21561 21561
32074 32125
585 592
30994 31008
16638 16655
38897 38903
21730 21749
45165 45168
77 78
17980 18001
2401 2401
36071 36071
44258 44280
37282 37288
26274 26388
11014 11040
35510 35520
40000 40024
47869 47869
21595 21602
21281 21281
4344 4352
31998 32006
43662 43665
36250 36260
29286 29292
8257 8257
18289 18289
23487 23665
20352 20358
41072 41163
2638 2658
30857 30875
12132 12135
20601 20601
48778 48868
6514 6518
32302 32304
15791 15796
11532 11544
2708 2730
8398 8404
34977 34977
47832 47840
26446 26446
15916 16014
40433 40433
14985 14985
40837 40850
48962 48966
38081 38099
34347 34378
47800 47808
15373 15384
16958 17024
25658 25754
17714 17728
9022 9061
28421 28421
33682 33708
17441 17441
4407 4410
13761 13761
12467 12472
28526 28530
4322 4325
49822 49852
47142 47150
42428 42432
29090 29212
46812 46816
7054 7076
47422 47430
33294 33305
38377 38398
1717 1735
3139 3150
21012 21150
1908 1920
42191 42207
16792 16814
7394 7396
39916 39938
39197 39200
19936 20052
12161 12166
6074 6080
32942 32953
43758 43772
42911 42930
13200 13216
31758 31771
10246 10256
3448 3450
27794 27813
28270 28290
27386 27406
32882 32912
28092 28092
2195 2207
37272 37274
35681 35681
26057 26057
42052 42052
9490 9496
29510 29530
34089 34098
15193 15196
43676 43698
26753 26753
23714 23727
17544 17556
34214 34258
7441 7441
48685 48708
14665 14665
22072 22087
36032 36044
34918 34928
9138 9144
12286 12300
21745 21745
11858 11866
10068 10088
38642 38649
49322 49330
9992 10040
37681 37681
23862 23866
16377 16402
22273 22544
35304 35326
1135 1140
23657 23657
15047 15060
24010 24108
7804 7814
16421 16495
20902 20905
47666 47686
28224 28392
15386 15392
46438 46440
3738 3744
34674 34676
527 684
47212 47228
43102 43192
39972 39976
40981 41013
41767 41774
21634 21652
25767 25770
36147 36155
22273 22756
22492 22504
39586 39590
38272 38274
31052 31064
28758 28764
5522 5556
27538 27616
13108 13112
19827 19856
34106 34130
12798 12798
22672 22682
21890 21905
39232 39264
8627 8636
46241 46241
5300 5345
34427 34432
48158 48168
21831 21831
12866 12869
9964 9983
13189 13189
48540 48568
16498 16508
23177 23230
27441 27441
9814 9822
24610 24624
14387 14412
39241 39241
38638 38649
41777 41789
41596 41800
226 232
9400 9416
22310 22317
7597 7698
36558 36565
21682 21684
18001 18001
14786 14788
30197 30227
20902 20905
45058 45064
36778 36804
21990 22020
7434 7450
38202 38208
22273 22544
17864 17865
6759 6772
43858 43906
25034 25044
31209 31214
3410 3430
12673 12673
37572 37584
44708 44712
6481 6481
44572 44576
42274 42296
44182 44185
7878 7926
18062 18080
37666 37672
34049 34049
7654 7672
1442 1464
18588 18595
47841 47841
8176 8177
16064 16073
42185 42185
20402 20409
9564 9568
8658 8664
10441 10441
12902 12905
46638 46640
10322 10330
49412 49452
8091 8091
49621 49621
43758 43772
2329 2468
31310 31330
1722 1735
32721 32721
46682 46832
14238 14272
41937 41937
37502 37514
14060 14064
18878 18890
20010 20024
22684 22694
24292 24304
26057 26070
22001 22001
44069 44072
21802 21880
27782 27788
11102 11108
44808 44838
7292 7320
17303 17308
12609 12609
30877 30888
7070 7072
17867 17872
8753 8753
17238 17240
34918 34928
16660 16660
678 682
44417 44417
42737 42762
13227 13250
7041 7041
40880 40888
13972 13975
29351 29351
23918 23921
46738 46758
39681 39681
18780 18788
21568 21574
5496 5509
35986 35998
30865 30865
8801 8801
45486 45496
29142 29152
39772 39776
40939 40950
20751 20760
20397 20409
35818 35835
1908 1920
20830 20860
24546 24552
44393 44393
40326 40472
6801 6801
529 529
34387 34454
40266 40270
47825 47825
15574 15576
10466 10567
13731 13744
4277 4288
27565 27570
38910 38922
29746 29749
17877 17904
35774 35780
42 70
13010 13020
12538 12561
46505 46524
7720 7735
170 175
11728 11768
6996 6998
927 932
39715 39717
21561 21561
5314 5328
23376 23377
41677 41736
9349 9350
35138 35924
22197 22204
25492 25496
20932 20939
30701 30701
43636 43646
33436 33473
2790 2803
8721 8725
7809 7809
750 752
36118 36136
26707 26707
387 402
47010 47016
36596 36618
32516 33178
34482 34497
9985 9988
13882 14048
3685 3685
1986 1990
36852 36861
40571 40574
4304 4325
3630 3693
7116 7120
30823 31110
12270 12365
1 40
11138 11221
21162 21166
8278 8295
28666 28672
17751 17756
13853 13855
16981 16981
27921 27921
16393 16393
6560 6562
22292 22308
20072 20087
11061 11061
38862 38908
42131 42131
47516 47530
30248 30264
11161 11161
19424 19441
40718 40736
36610 36618
11837 11847
48412 48424
32523 32528
3377 3405
24839 24848
7612 7628
19489 19490
18672 19072
39066 39720
27671 27675
24764 24803
10518 10565
8798 8810
12372 12376
29473 29476
46762 46765
36768 36804
30627 30672
45260 45294
1422 1424
8907 8912
12250 12268
11954 11958
6738 6748
2892 2898
42137 42150
1101 1101
21818 21850
7980 7984
43514 43520
6766 6772
36161 36161
34779 34870
41518 41522
1447 1454
43482 43490
22142 22160
21323 21356
47511 47511
43986 44002
25649 25649
11388 11392
18082 18086
45120 45125
47082 47084
19547 19584
29183 29185
27218 27230
28658 28664
21249 21249
40401 40401
48204 48220
17681 17681
22721 22721
32700 32712
44530 44532
2561 2561
4801 4801
14722 14725
33800 33834
15981 16014
33810 33830
14161 14161
29416 29418
26801 26801
26170 26173
12907 12917
4974 4987
43422 43432
47346 47352
27027 27048
24001 24001
8584 8615
10160 10172
34477 34497
14194 14236
42264 42270
30322 30327
43370 43372
6766 6772
15942 15950
34337 34378
40939 40952
25408 25420
22001 22001
36810 36820
1550 1556
30756 30770
5026 5026
9809 9809
26961 26961
12502 12510
49785 49792
28614 28614
25727 25754
8706 8712
1708 1712
36822 36837
11913 11914
4934 4960
7804 7814
5537 5537
34167 34180
37821 37821
10162 10172
30935 30940
12800 12808
11047 11047
29649 29649
9371 9371
37098 37104
45914 45944
18481 18481
21826 21840
45144 45146
12578 12632
33687 33700
7455 7463
25996 26000
27398 27399
30706 30715
24922 24952
29222 29384
43654 43660
39698 39700
46842 46844
49833 49833
4538 4544
26762 26777
20730 20745
2012 2012
47241 47250
14194 14236
14312 14314
3758 3784
7116 7124
46961 46961
31610 31618
23570 23665
25675 25712
23828 23832
29922 29928
10475 10480
33300 33300
9964 9983
29538 29576
39512 39518
4152 4154
25274 25278
27441 27441
23000 23000
43514 43562
3551 3551
46201 46201
16618 16625
13394 13405
36445 36446
1900 1904
43387 43408
37965 37990
29396 29406
5893 5902
22750 22751
10718 10724
14482 15216
41638 41648
9170 9192
36881 36881
30014 30016
41666 41674
7346 7350
23202 23212
45138 45142
17121 17121
31162 31176
46170 46182
22222 22227
8313 8313
17842 17850
43582 43585
22142 22161
18672 18714
3826 3832
37569 37569
41272 41278
20104 20110
33754 33765
2391 2391
37691 37691
18234 18241
1587 1615
24401 24401
4001 4001
32906 32912
17854 17874
34530 34532
1298 1330
17148 17152
17612 17620
12141 12144
216 219
3966 3970
16082 16097
36712 36728
23921 23921
47208 47210
46192 46204
26752 26788
24419 24420
30497 30524
35620 35624
32922 33028
41142 41163
49958 49962
45075 45080
32841 32841
30358 30372
46342 46366
6454 6475
4001 4001
29238 29248
34448 34450
34614 34624
40142 40146
10151 10152
49810 49820
25598 25612
35358 35370
31281 31281
22163 22185
22574 22576
25152 25185
36402 36407
19538 19540
43236 43236
18716 18744
6701 6701
45870 45872
17418 17426
9754 9780
9142 9144
45267 45288
40578 40585
25483 25488
7597 7640
40786 40974
47952 47953
20801 20801
22310 22312
21498 21512
16099 16106
36247 36250
36541 36541
22914 22928
19392 19393
43546 43560
23329 23329
37222 37227
17867 17872
8032 8034
5361 5361
40114 40146
36477 36477
46954 46963
2347 2352
13114 13120
21046 21048
38456 38468
23642 23648
31738 31892
24636 24650
44594 44600
702 805
23439 23439
29420 29432
48932 48936
13017 13017
47892 48000
21270 21275
38066 38079
15028 15216
24908 24912
37229 37236
2130 2136
46012 46023
7688 7692
25110 25120
12886 12886
34382 34384
25122 25185
5034 5062
9992 10088
49908 49912
18218 18224
44897 44897
49474 49490
18243 18250
40474 40525
8146 8152
28822 28836
32102 32112
3150 3152
11888 11898
27642 27658
42665 42704
27486 27495
43616 43624
44364 44402
7804 7810
33851 33851
30288 30290
23281 23281
49170 49180
7761 7761
13427 13437
40494 40500
13761 13765
29840 29840
22292 22297
7601 7601
5542 5554
48734 48738
1945 1945
42021 42021
24257 24257
26152 26168
7 20
17014 17024
37050 37061
22197 22204
16794 16814
3432 3445
41714 41725
45302 45324
29070 29072
11949 12010
3277 3284
46961 46961
36046 36048
20957 20960
13938 13950
30001 30002
40817 40820
28707 28720
4673 4673
19974 20094
22239 22245
38746 38754
45582 45588
42082 42088
48610 48619
6980 7038
11728 11730
39329 39332
1774 1790
19360 19366
30386 30400
16082 16097
49122 49136
17604 17604
43341 43856
22001 22001
17538 17542
14326 14326
21358 21420
2625 2625
10721 10721
46997 47020
29838 29838
45729 45729
5266 5291
37634 37655
36863 36870
44364 44385
29758 29770
24242 24270
32710 32712
33992 34010
27660 27684
6248 6256
11462 11470
43069 43078
26401 26401
40632 40974
30567 30567
44322 44332
32211 32211
19892 19894
30483 30495
12501 12501
25142 25148
30122 30128
18145 18154
43700 43734
31131 31131
10792 10808
24890 24892
9400 9416
30066 30072
45957 46037
29971 29971
27070 27083
9527 9530
32808 32820
22319 22328
48770 48776
15502 15506
23938 23944
46909 46910
32053 32053
42606 42622
1717 1735
35986 35998
7601 7601
44528 44551
33030 33066
42227 42252
3082 3112
32081 32081
29478 29484
10090 10102
30027 30064
6248 6256
39650 39660
42546 42575
47981 47981
43052 43056
29649 29649
41638 41675
23884 23895
28412 28418
5525 5525
18156 18162
48257 48257
17070 17073
19305 19308
35078 35084
36104 36112
30574 30575
24508 24516
23774 23782
490 500
37001 37001
24881 24881
12542 12561
15272 15292
1153 1153
37977 37990
41642 41655
4149 4164
43810 43816
38525 38525
37489 37489
13841 13841
28901 28901
32356 32370
5678 5684
5078 5088
15047 15064
15294 15300
29609 29609
10704 10704
44432 44444
1702 1875
29594 29620
5771 5776
42048 42052
42801 42801
47252 47264
33198 33216
37082 37112
34918 34928
48382 48396
45249 45249
44004 44010
39107 39120
8721 8725
39457 39457
13720 14000
17310 17315
12662 12686
1890 1892
26434 28486
47892 47900
41134 41150
126 182
14812 14818
45678 45688
48252 48278
10792 10808
3170 3176
13372 13373
14018 14025
24722 24736
8337 8337
11662 11702
12749 12760
41152 41220
30442 30472
2329 2682
37074 37079
17960 17970
43995 44000
16917 16920
43358 43368
38618 38622
34016 34028
17032 17396
10954 10960
37114 37128
30458 30472
38190 38192
17102 17115
3250 3430
23473 23485
12052 12073
17564 17576
45041 45041
40059 40162
38498 38505
18827 18840
24636 24648
6157 6168
8222 8225
8037 8060
49054 49058
32561 32561
23418 23424
37009 37009
33992 34014
11244 11256
24733 24733
23738 23748
14251 14251
41844 41852
48042 48054
43566 43856
4210 4230
21852 21864
34932 34934
41440 41445
234 242
11913 11913
34432 34440
26186 26189
49804 49808
11871 11947
24719 24960
31435 31435
30697 30754
11992 11995
22952 22961
22862 22871
14538 14542
36778 36800
7512 7540
7665 7665
18130 18586
10486 10490
24908 24912
32130 32144
929 929
44028 44042
45058 45070
4658 4666
15988 15996
42401 42401
28729 28756
22378 22390
44182 44288
8502 8511
26422 26432
1702 1895
45075 45080
11598 11608
4602 4603
18172 18184
48222 48228
15414 15416
14442 14448
33610 33616
13497 13497
10954 10966
25948 25970
14242 14257
26945 26945
11244 11264
5762 5769
7406 7432
11997 12010
29478 29484
48177 48177
4788 4797
9034 9061
12075 12078
32891 32891
37470 37474
25027 25032
28508 28512
4703 4706
24082 24096
30848 30855
14994 15008
25922 25928
28098 28118
3786 3790
2858 2864
46480 46498
42191 42200
38601 38601
15272 15292
6809 6809
1758 1768
46012 46023
4178 4181
6858 6870
33961 33961
6176 6176
49031 49031
31992 32352
25082 25092
49154 49164
3824 3832
441 442
4022 4035
14644 14660
47458 47484
28731 28740
48162 48165
6454 6475
24982 25566
32057 32062
37930 37930
8476 8478
7090 7099
4210 4230
15728 15736
9961 9962
17762 17770
18780 18842
22827 22836
47170 47180
15586 15592
38358 38375
21847 21850
45982 46006
9772 9776
14000 14016
17632 17636
10377 10377
41638 41675
44432 44444
48546 48560
34946 34970
7398 7403
10007 10016
892 896
898 904
23065 23065
45397 45408
48978 48984
11500 11560
25162 25350
5771 5776
12688 12691
6823 6825
898 904
41458 41460
31417 31417
11632 11640
25329 25329
23970 23976
16232 16240
28172 28188
7816 7825
34112 34115
47231 47231
33436 33440
24962 24980
7116 7124
31692 31696
41602 41746
23682 23690
37480 37515
26578 26588
22833 22833
11086 11114
10919 10926
45296 45352
18274 18283
9706 9712
29978 29984
42529 42529
42406 42406
34665 34665
18274 18283
49665 49665
627 682
1852 1853
22121 22121
13600 13602
8940 8960
471 481
30382 30392
48241 48241
39826 39850
4170 4280
38242 38249
7654 7668
16946 16953
49810 49896
18427 18448
21437 21437
26422 26460
21962 21970
938 945
37367 37367
6532 6555
16922 17030
35485 35485
7498 7505
41187 41190
3839 3844
13184 13198
22606 22620
516 524
30377 30380
14352 14354
41244 41278
4110 4122
11014 11016
4385 4385
37196 37206
29062 29068
28822 28830
33228 33232
17802 17806
2536 2542
11949 12010
13934 13935
2095 2120
44736 46222
10462 10500
32457 32500
48611 48619
31138 31139
1242 1245
39081 39081
21874 21888
40511 40511
21962 21970
47688 47794
1798 1802
9422 9450
49426 49430
20849 20849
19034 19072
42450 42452
18642 18652
17842 17852
25430 25566
37196 37200
585 624
4952 4960
19424 19450
30753 30753
42617 42617
8118 8125
41512 41514
41302 41304
1600 1601
10754 10768
32354 32544
44760 44768
45752 45775
33700 33701
1 1
2976 2993
44258 44275
23626 23640
12502 12510
38237 38249
801 801
5725 5732
4901 4901
20882 21268
46480 46498
25948 25970
9992 10032
4152 4164
297 328
3781 3781
29549 29552
1298 1328
7897 7910
17346 17396
2122 2128
10370 10460
30857 30875
38586 38589
33116 33121
8306 8320
41767 41767
44760 44776
30027 30064
14498 14500
38082 38096
19268 19281
37826 37844
39641 39660
4290 4389
2101 2101
6936 6978
22100 22104
40943 40954
14368 14460
24698 24717
46369 46369
8480 8483
24719 25324
4562 4576
4210 4210
34692 34708
27953 27953
31773 31780
48918 48924
21601 21601
46977 46985
47594 47686
5752 5760
41152 41153
30248 30256
43977 44002
2502 2547
40059 40112
49522 49525
35986 35998
25709 25709
37384 37390
1082 1090
27122 27146
23412 23416
39572 39580
28966 28978
40866 40875
16994 17000
33518 33547
49908 49912
25772 25782
24486 24495
39252 39256
5314 5316
1072 1104
36497 36502
24722 24725
31297 31331
43474 43478
7 20
9400 9416
40000 40010
38007 38016
28932 28939
5432 5456
29201 29201
518 524
33376 33378
8286 8286
11697 11697
49332 49338
31250 31256
44716 44725
8140 8144
36071 36071
40474 40576
25082 25088
31969 31969
13378 13408
3025 3025
546 552
3727 3744
26881 26881
6995 7016
10380 10390
5098 5104
35304 35312
37470 37474
1492 1494
16673 16681
41682 41736
40418 40424
33572 33595
20001 20001
15351 15351
8090 8106
34912 34980
2638 2653
49657 49670
11321 11322
8590 8598
46796 46810
16858 16898
34021 34021
5574 5580
23245 23245
9301 9301
21498 21499
14194 14212
40751 40751
43201 43201
27671 27680
25490 25492
23752 23752
39770 39800
5966 5973
28120 28392
3497 3503
39711 39711
23975 23976
45500 47369
24973 24973
42588 42597
47871 47871
23281 23281
11562 11573
41420 41428
49474 49490
21469 21494
8690 8704
29896 29898
32385 32385
18077 18586
3192 3197
5635 5640
35118 35130
23862 23864
43341 43356
1821 1821
3810 3815
23376 23382
7522 7528
23336 23337
30537 30537
20001 20001
25727 25746
49412 49420
30082 30088
21677 21677
30382 30384
7534 7540
19953 19953
7029 7036
14380 14385
44322 44332
7 20
23954 23963
23520 23524
16994 17012
4101 4101
22689 22689
22772 22798
43968 43969
19514 19518
13200 13216
41890 41904
47325 47325
27310 27312
15486 15510
13390 13392
33549 33600
9864 9878
34946 34970
33116 33120
27833 27833
1841 1841
44547 44551
9664 9712
23526 23584
20397 20409
23397 23405
31586 31588
36852 36861
34140 34146
42312 42328
9352 9360
5010 5028
12456 12460
8622 8624
33851 33856
9640 9644
12998 13000
25198 25204
32354 34730
20802 20821
31912 31922
29834 29844
38915 38920
31750 31756
5596 5596
25053 25064
18516 18530
20747 20771
27944 27948
12630 12632
21277 21285
11501 11501
13200 13248
23041 23041
11381 11381
34946 34970
3512 3526
35677 35684
39722 39736
5279 5279
29532 29545
48822 48840
34401 34401
48200 48218
2198 2204
11753 11753
38470 38488
1762 3988
42577 42586
43387 43562
25152 25155
20001 20001
7951 7951
20230 20244
23701 23701
12481 12481
23384 23440
46992 46992
44016 44024
36258 36260
33013 33016
10236 10240
29096 29100
6897 6897
42929 42929
4636 4644
39890 39890
44364 44376
6278 6288
49854 49860
4652 4656
7970 7978
18867 18980
40350 40354
8798 8810
4192 4200
25447 25448
21987 22030
9518 9522
19289 19289
22478 22485
20278 20278
10974 10990
47053 47066
16944 16953
45801 45801
48771 48771
6086 6100
43397 43397
33313 33313
4067 4072
43654 43655
14598 14628
4866 4879
4885 4888
14798 14800
11392 11392
32232 32236
14877 14884
31998 32005
6183 6200
8500 8511
29522 29525
29201 29201
5347 5375
22356 22356
23897 23908
12892 12938
20377 20377
22606 22608
10754 10760
41316 41322
17292 17300
16792 16852
38124 38220
31274 31288
10540 10550
2838 2845
44997 45004
31434 31448
24758 24762
9778 9780
1521 1521
33229 33229
8174 8195
37009 37009
41777 41784
8500 8511
44182 44684
15514 15535
4260 4266
6170 6206
14238 14354
29626 29628
7078 7081
31992 32352
27049 27049
43255 43260
21794 21828
21278 21285
32742 32770
1662 1690
29081 29081
28996 29000
20627 20642
44846 44848
10898 10900
5701 5701
23694 23698
36721 36721
9387 9390
48450 48458
34770 34776
34100 34104
31548 31564
14951 14951
15272 15286
48058 48075
15047 15050
19494 19503
16903 16915
27874 27940
4166 4168
1890 1892
39174 39195
42868 42905
9824 9826
27259 27272
694 696
413 416
45951 45951
19592 19602
46918 46925
17565 17565
41585 41585
43566 43573
28670 28674
558 562
34680 34682
35167 35178
23384 23485
30912 30918
41081 41081
8798 8810
15294 15325
30857 30875
13596 13655
2162 2180
37114 37126
33478 33483
34962 34970
43358 43368
21944 21944
22651 22651
32391 32408
37392 37396
28049 28050
892 896
17974 17977
48468 48470
24864 24866
49362 49370
26612 26624
864 876
28237 28240
20184 20185
44364 44376
41918 41920
10810 10816
24074 24096
23074 23096
27482 27484
3432 3445
37858 37868
14997 15008
44172 44176
25578 25582
13609 13615
31244 31255
17478 17491
29177 29177
32561 32561
27885 27885
31470 31479
40856 40860
48926 48929
25730 25736
13906 13920
36778 36800
11337 11337
45236 45237
42362 42372
40898 40964
37966 38005
38401 38401
1877 1888
26978 26984
4422 4424
46160 46161
41490 41494
15177 15186
39512 39541
17746 17756
27719 27724
12281 12281
33116 33121
29274 29278
33318 33336
9349 9360
32523 32530
42412 42414
5432 5450
42782 42800
44481 44481
4930 4932
11577 11590
47606 47669
12258 12265
10186 10191
26113 26113
21698 21705
24242 24280
689 692
14450 14452
14368 14444
2449 2449
45826 45847
20786 20828
14498 14504
610 612
38654 38659
31773 31784
5206 5212
8431 8431
367 370
15378 15384
44628 44638
35358 35375
24114 24120
38101 38104
5518 5556
46684 46688
42887 42905
30201 30201
41440 41445
37342 37410
46027 46032
36578 36580
18705 18705
41206 41214
7127 7144
5041 5041
2564 2568
6152 6154
9880 9892
23384 23410
1408 1412
23152 23175
46594 46596
9362 9398
19076 19076
4920 4928
22130 22144
37706 37712
13218 13239
12410 12425
32577 32577
18492 18530
16527 16531
4601 4610
22170 22185
31822 31832
43752 43785
23441 23441
8500 8511
40256 40260
11223 11242
20520 20604
3370 3378
34039 34039
49226 49226
21410 21413
38961 38961
22273 22625
29410 29412
34370 34385
46398 46406
20592 20604
38223 38251
14402 14408
42606 42640
10006 10020
10434 10445
46721 46721
38441 38441
49864 50000
10601 10601
37229 37236
12902 12938
39880 39885
10876 10912
5337 5340
31986 31990
13486 13500
46160 46161
1 2
45994 46006
12949 12949
12726 16096
48870 48876
36110 36112
33432 33740
34046 34046
28783 28804
41792 41880
15158 15166
25454 25475
24606 24608
17121 17121
14402 14408
41498 41504
41462 41480
22631 22631
4062 4065
6873 6910
33881 33881
49552 49560
13094 13110
42145 42145
46530 46532
39428 39440
707 715
14538 14540
46812 46816
20418 20423
6669 6669
32130 32140
24827 24833
4298 4389
5727 5732
3281 3281
31721 31721
9392 9396
26301 26301
30865 30865
7789 7792
5352 5368
45801 45801
10670 10730
5749 5769
37139 37142
36971 36981
12488 12520
37406 37410
39801 39801
46353 46353
36479 36495
1 12
21437 21550
36024 36032
21370 21376
10081 10081
15802 15864
28568 28570
39626 39630
12463 12486
12481 12481
30090 30096
34779 34782
38547 38552
44086 44100
37264 37270
35301 35302
5793 5810
36338 36344
8518 8528
4780 4802
38610 38614
31222 31288
31025 31025
10236 10243
452 461
3920 3928
8567 8582
13439 13442
22754 22756
410 411
16310 16325
47962 47967
11704 11712
47237 47239
43677 43690
32849 32860
20854 20860
11600 11608
45247 45256
45912 45928
41123 41123
37356 37368
77 78
5432 5450
42642 42866
44760 44776
24978 24981
12401 12402
16301 16301
31666 31676
39818 39824
4482 4502
14032 14040
24719 24725
5234 5236
7293 7300
24326 24465
14242 14252
48514 48515
30214 30218
13218 13227
27476 27484
47138 47140
7518 7530
14319 14328
40800 40808
44098 44100
31005 31008
22428 22430
17518 17528
17402 17408
11417 11456
33996 34008
36157 36166
3498 3503
5121 5121
342 365
31698 31708
17070 17073
5718 5719
34898 34910
20202 20205
1237 1237
42137 42151
40800 40808
36041 36041
20747 20748
36302 36318
48474 48506
4498 4500
4366 4386
34604 34730
34988 35002
6377 6384
24262 24280
16332 16335
24287 24300
30001 30002
37009 37009
33754 33760
31801 31801
12294 12295
35437 35452
49502 49508
34710 34714
38961 38961
21794 21828
23754 23771
4277 4288
34634 34640
24918 24924
25593 25593
8241 8241
13400 13404
27401 27401
14750 14752
14530 14596
49936 49937
40395 40398
7521 7521
5361 5361
23626 23632
47377 47377
30288 30290
17990 18004
12412 12425
40911 40911
39826 39844
47394 47430
17759 17813
12488 12512
4780 4785
15350 15360
34830 34832
30480 30565
44886 44888
27294 27302
18801 18801
34801 34801
43492 43502
26684 26688
38066 38079
74 105
39195 39195
30626 30628
41969 41969
29818 29824
3990 4050
32001 32001
11352 11362
22866 22871
18998 19000
19443 19448
25431 25431
29151 29151
34557 34565
22022 22028
26312 26375
31407 31410
37438 37446
20830 20860
49372 49383
13486 13560
4391 4590
23897 23908
1470 1475
47658 47669
46074 46076
2744 3176
38062 38080
2962 2974
37290 37294
17431 17440
17327 17332
42427 42452
47878 47889
38794 38796
31855 31858
30434 30452
33281 33281
3762 3772
15350 15360
20089 20090
1306 1328
17118 17119
38678 38685
17121 17121
23074 23095
41522 41594
15452 15456
49226 49228
24858 24861
43024 43030
27329 27330
16148 16150
21490 21494
44737 44737
46274 46527
30574 30580
26966 26980
48685 48706
43410 43418
11210 11214
30292 30295
14487 14513
33740 33740
41758 41790
19074 19088
42390 42408
1753 1753
9452 9480
3498 3503
26766 26776
5201 5201
43971 44624
15585 15595
22466 22469
8020 8087
29051 29051
14630 14698
13314 13325
25390 25412
36254 36254
39217 39219
47254 47316
8502 8511
48780 48808
29986 29995
3360 3365
22041 22041
17576 17576
30630 30672
35398 35415
1378 1378
31794 31796
45507 45512
10246 10272
2673 2673
25327 25327
45151 45182
1986 2012
3960 3964
18701 18712
39406 39446
22070 22070
6640 6642
10792 10808
20081 20081
6693 6698
14319 14328
11478 11480
27992 28004
14369 14369
14781 14781
29300 29303
14838 14848
28242 28245
44867 44870
17186 17206
27693 27717
22178 22180
2642 2648
14462 14596
49946 49948
23910 23912
7011 7011
25371 25382
36753 36753
21348 21352
24918 24924
36714 36718
46900 46902
4484 4488
13200 13248
37977 37990
29838 29844
24578 24670
24197 24210
25905 25905
23677 23680
33754 33764
46298 46300
41127 41130
48369 48380
13354 13368
21604 21608
33502 33508
28966 28978
49282 49298
49742 49744
35612 35634
3075 3075
11032 11036
750 752
14678 14688
40197 40202
19378 19380
23026 23026
27794 27810
1317 1328
2701 2701
14820 14831
21384 21402
13794 13824
19554 19570
7127 7244
2849 2856
41262 41268
26066 26086
11432 11440
12998 13020
36449 36449
28626 28632
7905 7905
34121 34121
14779 14794
45116 45206
23938 23960
14960 14992
34052 34060
31360 31363
4037 4050
11960 11972
41914 41937
47532 47532
36642 36650
34039 34039
27501 27501
481 481
13726 13729
18728 18736
39561 39561
34929 34929
22974 22976
9288 9296
18156 18162
35282 35285
3192 3206
20606 20616
17544 17556
14598 14628
13340 13413
5057 5057
13691 13691
28172 28180
17402 17410
43977 43983
20776 20778
46500 46503
25498 25515
1962 2001
36286 36289
46260 46272
1501 1501
19998 20024
47294 47300
26138 26140
2012 2084
18417 18417
46402 46441
16212 16220
26241 26241
22489 22489
5877 5882
15404 15408
26200 26208
44781 44781
1958 1976
49954 49956
42761 42761
24634 24651
34988 35002
46458 46478
18466 18470
7816 7825
19154 19160
5661 5661
21552 21608
12001 12001
8734 8758
12353 12353
1987 1990
32836 32845
34754 34758
37543 37546
36778 36800
39817 39888
17990 18004
40481 40482
19074 19088
34153 34212
37402 37410
37229 37236
49385 49385
18281 18281
23192 23212
12401 12402
11930 11944
32902 32928
26408 26412
40658 40736
23330 23334
1382 1386
5206 5220
42898 42905
25902 25910
40366 40367
21451 21451
7116 7124
49510 49512
19998 20004
35289 35289
18406 18525
37346 37349
23542 23548
38701 38701
18754 18760
28127 28170
44152 44159
33600 33605
49362 49370
33317 33336
45807 45813
22149 22149
13112 13115
26482 26507
33142 33148
34260 34262
4192 4195
13178 13182
42005 42010
2341 2341
40321 40321
5996 6000
48520 48529
43682 43688
23677 23680
3736 3736
1440 1454
1804 1824
24301 24301
23394 23395
6766 6789
47050 47051
29201 29201
48621 48624
13381 13381
20569 20570
7167 7175
38651 38750
10082 10084
43642 43698
6878 6884
39817 39888
48508 48530
29592 29623
12488 12525
11090 11093
24022 24069
47972 48244
27154 27170
9010 9020
1617 1735
16000 16012
37941 37944
15687 15692
33921 33921
14334 14342
1729 1735
26051 26051
1473 1473
49497 49512
10652 10656
1634 1648
36849 36849
30706 30770
2606 2610
1184 1186
20432 20440
46740 46780
32057 32140
8480 8487
35521 35521
41192 41200
27017 27018
5174 5181
2148 2156
42417 42425
45501 45502
40810 40815
15272 15286
47053 47066
36631 36636
12942 12966
23041 23045
3490 3492
9478 9480
36252 36256
39697 39697
41867 41872
35301 35302
12689 12691
12137 12146
15921 15921
17544 17552
8635 8645
3690 3692
12710 12724
48324 48434
12726 12765
2751 2751
22774 22780
37947 37959
48724 48732
10704 10720
14487 14496
31377 31377
28546 28554
48892 48900
28488 28566
44865 44865
34282 34295
39975 40036
16261 16261
4426 4430
43947 43969
30750 30754
24337 24337
6560 6564
44754 44825
9636 9638
1600 1615
25182 25264
11292 11702
45232 45234
24606 24623
28098 28118
32312 32327
30632 30644
30922 30944
45771 45771
18780 18842
17842 17852
45296 45300
11027 11036
41841 41841
45678 45736
18003 18004
20411 20411
1666 1680
49521 49521
9282 9304
42761 42761
25198 25264
47972 48244
39975 40036
374 375
4409 4409
42362 42372
46881 46881
41767 41774
35135 35135
49168 49170
978 1035
44282 44320
40521 40525
47527 47530
10198 10214
15252 15343
41472 41480
27021 27021
18601 18601
23301 23301
23002 23006
46408 46424
27875 27886
20112 20142
16216 16220
30810 30812
23470 23471
29552 29555
41971 41992
49261 49263
41286 41290
30772 30821
39902 39906
21767 21767
34370 34377
13977 13982
36993 37005
23750 23772
25519 25566
38605 38608
13250 13260
39645 39646
1184 1186
37489 37489
11307 11311
44229 44236
39066 39284
10065 10065
15207 15220
12567 12576
32241 32241
23418 23424
5034 5044
2142 2146
30390 30406
6230 6237
26874 26900
21228 21257
35944 36017
10415 10424
43947 43969
24114 24120
32641 32641
40481 40496
49701 49701
34206 34212
18077 18162
5734 5744
8864 8870
20875 20879
47161 47161
42665 42800
8627 8714
7406 7424
18077 18586
36064 36088
43570 43572
43631 43632
6954 6972
18414 18424
15278 15284
38400 38405
35818 35830
33984 33990
1518 1532
12096 12100
25443 25496
36738 36740
31898 31900
28634 28640
9824 9895
35917 35924
45746 45752
46060 46072
38408 38524
21650 21652
24661 24661
16907 16913
12201 12201
18809 18809
22690 22690
28237 28248
24992 25008
26626 26626
22758 22972
42237 42240
49296 49298
41192 41202
240 241
24013 24015
10380 10380
49042 49048
32254 32256
26981 26981
24766 24770
8681 8681
49833 49833
27569 27569
39055 39060
43995 44000
8074 8084
27693 27700
29201 29201
38462 38485
38102 38104
5432 5632
8586 8586
39342 39362
29642 29656
8921 8921
39234 39241
26758 26760
27506 27512
6138 6300
27848 27850
45842 45847
19506 19509
29218 29224
10250 10460
15194 15204
21745 21745
25622 25630
11426 11430
19592 19602
17815 17874
14 20
44952 44956
12657 12657
10946 10952
24785 24785
29216 29292
43758 43762
26290 26310
4959 4961
15772 15785
33228 33240
12214 12216
30772 31990
33277 33284
12270 12284
29781 29781
47321 47321
45642 45655
28346 28346
23252 23262
12601 12601
27008 27012
5961 5961
39906 39906
32625 32625
42382 42414
22598 22604
46807 46807
45826 45908
42990 43004
24071 24108
2414 2423
25384 25388
17431 17440
42464 42467
14000 14010
15854 15856
12762 12765
28602 28602
34393 34408
37250 37256
1621 1624
15097 15100
28001 28004
9149 9254
5634 5776
3272 3285
22058 22068
30101 30101
39614 39630
31365 31380
20064 20070
25770 25780
31758 31760
26401 26401
39687 39701
28626 28632
35209 35210
5946 5948
4780 4816
3792 3792
31058 31104
9992 10008
10994 11006
15162 15166
15946 15958
25110 25121
48529 48529
41346 41354
43712 43800
36668 36698
4922 4990
25519 25524
18374 18386
23830 23845
9952 9955
2310 2324
18401 18401
24082 24098
8945 8945
29938 29952
46170 46182
44529 44551
43201 43201
21138 21148
39370 39375
44379 44385
6616 6625
25822 25869
25591 25591
32217 32225
37598 37601
18914 18928
18243 18252
22615 22624
33471 33471
7916 7918
36728 36732
39440 39446
49867 49884
4850 4855
49111 49111
40877 40878
39741 39741
4479 4479
502 508
12907 12915
72 105
6132 6136
15597 15603
34049 34049
15754 15765
19974 20052
26177 26177
46846 46858
20306 20310
25519 25524
20791 20807
16501 16501
40406 40436
39937 39937
27815 27828
20592 20604
30103 30112
1 660
14199 14212
2675 2682
15242 15245
22273 22596
47632 47636
35437 35860
29328 29329
6320 6350
27337 27352
28120 28336
40167 40172
33496 33508
26407 26416
24742 24964
11889 11889
48030 48033
39501 39501
48997 48998
4197 4197
47081 47085
872 890
30691 30694
18762 18763
12033 12040
38510 38520
49201 49201
41442 41445
48255 48434
49296 49298
27712 27717
16311 16320
43561 43561
36941 36967
46074 46222
36000 36011
23970 24008
5078 5088
31037 31056
35114 35124
48376 48376
23041 23045
789 792
5634 5712
40997 41000
34153 34165
5201 5201
7521 7521
36922 36929
16782 16824
42362 42372
21440 21443
31568 31570
35944 36102
28792 28796
22086 22110
23830 23845
22896 22900
7597 7602
30286 30320
26561 26561
6427 6436
24526 24556
17877 17888
7301 7301
42264 42272
4934 4936
32189 32193
43456 43464
46598 46616
19294 19300
42802 42808
11313 11315
4277 4288
13277 13277
39678 39701
37598 37601
13454 13456
39024 39030
3672 3684
97 105
23975 23981
47500 47503
49132 49143
9848 9856
40636 40784
26301 26301
21751 21751
47901 47970
20450 20451
22906 22913
41596 41602
5616 5618
11200 11214
2962 2964
29739 29740
38701 38701
3893 3893
5014 5015
39880 39881
40060 40092
41192 41203
30281 30281
41548 41594
33116 33121
17714 17721
29426 29430
48281 48281
6844 6849
10415 10424
5950 5964
8118 8128
14210 14212
34153 34165
38307 38318
47906 47908
25957 25970
46997 47008
37370 37396
22156 22161
29441 29441
7127 7144
31474 31479
49111 49146
17842 17852
15748 15936
47144 47150
37496 37504
34362 34385
9992 10008
30712 30715
21437 21550
12928 12936
31394 31402
4338 4344
28634 28640
31190 31200
26498 26505
38478 38484
39775 39775
6621 6621
49897 49897
41559 41564
3969 3969
32453 32453
32049 32049
19825 19825
47422 47430
13306 13312
34736 34742
2849 2868
49392 49402
7042 7052
31025 31025
44654 44672
36884 36890
19794 19800
49678 49678
37788 37794
1060 1064
11244 11264
19637 19637
9594 9603
7897 7914
21132 21136
40466 40470
9370 9375
23310 23319
37870 37872
5774 5780
19760 19768
13027 13027
46812 46826
30411 30411
19052 19064
21987 22046
45636 45638
23481 23481
28626 28650
20001 20001
21156 21156
16922 16925
11532 11535
8653 8653
46058 46072
1926 1935
49357 49402
22647 22680
34672 34674
3834 3836
32736 32738
24090 24097
24392 24396
9990 10172
8600 8610
4346 4352
7327 7356
25552 25566
258 264
40702 40720
4385 4385
40751 40760
12397 12425
9800 9802
43421 43478
25841 25841
44082 44109
48388 48434
46177 46177
1258 1260
3106 3130
24742 24803
20101 20101
46801 46801
45888 45895
7952 7960
4882 4883
42066 42088
28770 28776
6122 6128
16430 16490
20327 20375
23601 23601
1518 1532
31992 31996
43266 43272
44999 44999
44178 44185
33432 33605
37321 37325
5906 5908
29777 29800
17670 18075
36322 36330
16263 16394
11394 11398
19812 19816
36104 36475
1174 1176
22728 22730
45994 46005
21650 21652
807 818
62 70
15087 15090
9664 9665
44476 44486
6248 6272
46801 46801
33650 33668
31961 31970
39915 39937
3377 3377
21121 21121
21244 21250
17914 17917
1082 1088
1 12
40400 40404
6426 6460
30801 30801
39987 40036
29853 29860
33125 33134
12001 12001
47778 47794
40774 40784
39890 40567
23461 23461
22974 23038
31678 31684
27029 27029
4997 5008
26529 26530
13280 13312
17821 17821
15016 15018
42450 42456
41638 41664
28742 28749
15920 15940
8387 8392
48911 48916
16001 16001
30066 30117
6176 6176
21250 21250
48673 48674
25152 25155
3608 3924
13486 13533
49246 49340
22273 22756
27274 27284
23264 23296
11462 11470
31791 31816
11577 11590
14000 14024
25417 25417
45184 45206
40194 40208
31552 31560
39790 39800
23700 23848
26526 26530
34882 34883
22417 22417
41192 41202
48388 48390
30945 30945
23597 23604
44132 44134
25088 25121
33700 33701
41909 41909
34972 34980
24972 25140
16747 16766
30394 30404
28906 28908
45098 45114
40184 40225
24805 24884
12662 12664
5621 5621
14181 14185
20316 20375
10890 10894
4484 4496
3758 3784
41382 41408
36778 36804
33282 33284
26308 26310
22881 22881
31896 31915
