7982 41556
41558 50000
7982 37260
42002 50000
8738 12320
20882 25712
26789 32004
8738 12320
7454 7980
37262 39632
1986 3560
3562 7452
21502 23682
40002 40384
8738 12320
27746 28378
33582 35360
37006 37260
5094 7452
26552 26624
3562 5092
21502 23682
5094 5840
15831 16112
47238 47653
16146 16544
12418 13000
33582 35184
2918 3560
1 800
35362 36352
32258 32600
9592 10310
49842 50000
44211 44712
11002 12028
18052 18272
5094 5840
2 252
14498 15280
14288 14496
41742 41931
30454 31088
26158 26550
994 1540
28452 28752
3938 3944
2322 2792
48034 48308
37733 38114
34638 34912
49970 50000
36572 36900
39634 39800
28242 28378
3702 3936
19132 19224
38305 38400
32602 33040
44102 44209
22082 22600
24667 25150
48034 48308
39346 39520
41558 41740
43334 44100
41261 41472
46898 47110
7454 7980
25340 25712
2002 2320
4886 5092
25858 26100
42832 43000
47655 48032
8738 9040
19132 19224
9592 9960
9042 9328
13696 13772
12030 12282
19538 19600
38692 39066
22602 22800
43047 43332
37074 37260
43047 43332
46962 47110
531 580
15831 16112
13362 13694
8738 9040
40707 40848
38194 38230
28170 28240
7454 7650
43346 43738
24667 25140
10369 10576
20246 20555
23458 23548
47238 47600
33752 33964
8738 8840
8517 8627
43740 43904
14401 14401
39522 39600
30482 30624
40002 40230
36290 36352
49682 49840
3722 3840
1087 1500
37754 38080
5506 5748
42002 42096
14717 14880
30006 30250
31382 31570
26158 26352
4594 4668
18700 18825
5842 6125
16802 17010
3298 3344
11860 12000
40002 40230
24162 24260
38692 38900
31284 31312
35126 35180
6626 6831
12062 12104
27448 27716
25202 25320
18002 18050
9042 9160
5042 5304
38305 38400
28452 28760
23458 23548
46001 46025
11854 11858
9042 9160
16466 16640
13696 13772
46550 46608
28857 29038
9962 10068
27058 27137
49218 49360
1542 1860
16466 16544
38692 38900
27998 28007
21677 21800
12152 12200
11634 11852
21361 21361
32654 32848
3946 4038
5042 5092
48830 49080
8098 8232
37030 37053
31394 31561
15394 15424
39140 39214
32258 32428
10802 10905
38692 38878
7102 7244
47082 47110
46994 47016
20645 20784
46642 46720
14786 14880
6594 6624
43906 44000
10402 10576
29662 29816
37506 37556
24277 24407
19358 19392
18002 18050
38297 38516
33718 34000
20357 20555
16682 16728
29042 29070
5282 5304
17802 17870
6192 6248
882 992
18052 18096
27412 27446
43097 43164
13774 13896
22167 22204
28064 28168
26354 26550
11854 12028
42398 42640
16247 16268
72 128
33532 33538
29242 29313
44252 44331
30454 30480
47314 47368
38880 39072
13362 13472
30842 30944
36370 36570
31826 31875
21266 21484
34539 34884
4700 4777
12902 12925
49614 49680
21830 22000
16114 16144
2 40
37572 37696
44522 44620
35365 35445
11694 11792
44936 45150
39074 39112
31902 32040
43627 43660
44211 44232
43449 43480
39522 39600
41642 41728
31394 31408
25932 25984
8130 8155
5306 5475
40402 40540
30402 30452
43627 43660
44522 44620
12838 12896
36762 36789
21549 21620
38194 38230
33194 33260
9402 9552
25402 25456
36252 36288
39074 39112
33002 33040
31643 31664
22206 22320
32096 32124
37754 37908
10963 10992
5877 5992
20258 20320
26898 26902
30627 30660
37122 37150
15361 15361
28464 28512
19346 19356
33194 33660
41642 41680
2002 2014
34914 34970
32926 33000
36914 36960
36370 36480
17872 17920
6052 6125
14066 14160
42902 42920
18918 18932
9376 9590
10142 16174
18934 18944
26674 26730
31794 31824
12927 12960
10094 10140
22772 22800
46722 46756
20408 20490
3121 3121
41562 41728
24674 24778
38611 38611
17738 17800
13977 14598
10802 10848
46498 46528
3265 3296
13102 13156
37946 37978
27767 27808
24153 24530
18838 18875
38110 38114
31930 31956
42482 42640
6302 6325
25858 25890
23042 23080
39522 39600
48514 48540
32042 32070
36138 36192
12272 12282
37362 37380
15352 15392
44992 45150
27042 27056
5322 5475
28886 28900
32542 32600
13002 13070
38962 38976
20598 20616
38194 38225
4162 4224
27810 27824
46578 46624
39802 39840
36482 36512
45362 45500
15714 15744
2267 2267
39802 39840
20882 21080
45901 45901
20645 20720
44992 45150
50 70
27842 27968
11694 11760
44002 44178
23762 23798
13102 13154
42482 42640
25002 25140
1922 1968
10142 10248
8629 8675
36050 36136
3618 3700
20375 20406
1087 1144
39346 39800
37466 37690
4392 4400
48922 49080
3127 3210
20882 21080
3362 3420
21486 21503
31670 31780
25002 25080
20547 20555
19742 19794
37080 37091
12897 12900
11126 11144
712 764
28206 28224
31572 31641
6837 6944
21570 21600
25002 25080
19362 19392
31826 31875
23226 23264
3682 3720
38692 38817
15746 15776
16618 16672
40341 40368
28126 28168
43118 43164
29771 29816
30357 30384
11192 11209
40637 40640
38121 38128
21820 21828
32958 33000
6482 6584
41642 41680
38170 38180
8898 8960
44252 44331
38282 38295
8591 8591
36662 45977
26370 26418
2618 2684
20645 20720
48082 48348
48474 48540
20162 20220
11192 11209
10312 10345
44522 44596
34972 35000
32498 32540
20961 20961
43422 43447
30842 30944
49522 49600
32766 32830
27842 27924
32434 32460
13442 13656
42956 43032
31247 31269
25322 25338
2454 2480
3002 3056
7090 7095
45768 45836
20357 20373
20466 20480
43742 43750
8270 8288
13458 13472
23226 23264
47202 47236
1901 1901
7102 7176
34406 34430
31962 32004
43630 43660
31962 32004
32865 32912
1542 1708
4056 4080
15426 15448
42050 42120
1233 1233
45234 45272
47388 47424
47470 47580
43122 43304
7184 7219
2862 2880
13002 13006
34372 34400
11826 11852
17881 17888
29771 29816
39132 39138
41478 41552
24153 24530
11952 12028
42956 43032
31626 31641
16682 16720
43422 43447
41847 41878
13218 13229
47883 47912
35626 35696
17977 17982
4682 4694
19321 19424
31126 31160
41052 41080
16546 16584
27748 27765
2722 2750
10051 10051
37970 37978
2722 2750
25634 25696
35490 35504
37754 37840
35600 35624
12546 12636
9786 9880
18102 18110
19682 19700
11854 12000
6642 6680
32802 32830
40918 40984
32030 32040
38074 38090
18537 18643
13584 13656
28206 28224
44252 44331
31626 31641
41110 41236
42727 42838
21954 21967
41238 41259
9854 9880
36052 36136
31794 31824
5338 5378
25932 25984
22922 22947
12290 12320
8738 8776
31394 31408
31162 31200
8411 8675
22559 22600
37522 37690
34562 34600
24532 24578
1 1
12720 12745
4753 4753
4888 4928
1170 1246
5899 5968
45582 45670
33348 33354
40082 40208
42687 42725
44762 44782
37182 37217
47297 47312
28356 28378
4338 4390
46322 46328
38847 38854
38206 38224
42152 42207
13977 14064
29120 29165
450 472
47706 47728
11874 11922
42201 42201
31802 31824
2454 2480
8017 8048
6202 6216
33969 33993
10299 10310
29818 29847
36052 36136
40724 40750
23282 23320
5750 5782
49426 49450
36314 36365
17190 17200
10546 10572
16368 16440
44038 44120
18882 18888
48034 48060
7416 7440
36242 36250
37692 37840
37394 37450
6962 6990
7922 7940
23162 23184
582 608
33474 33480
19806 19810
9441 9441
18700 18736
5426 5464
33002 33040
6552 6584
4056 4080
18234 18250
49218 49236
30274 30319
42582 42600
786 800
35304 35325
22167 22184
40642 40670
43422 43447
32050 32075
41730 41780
42956 43032
41518 41552
7762 7780
23042 23104
30160 30240
46886 46896
33854 33884
26112 26140
42268 42280
38890 38925
21870 21876
38305 38352
38890 38925
14331 14425
28642 28668
1 1
34406 34430
37037 37053
24082 24093
25252 25260
14802 14827
27748 27765
36752 36792
13830 13862
43682 43926
7457 7488
23106 23140
28530 28550
48066 48080
3002 3094
40637 40640
31070 31088
92 128
3632 3670
12802 12895
25082 25140
48542 48600
45362 45452
9458 9488
44141 44141
34729 34750
14688 14796
25354 25400
34778 34784
20080 20104
31794 31800
21498 21500
15284 15350
49501 49501
37792 37840
41847 41872
44994 45050
9564 9590
43422 43447
45847 45856
14258 14280
30160 30240
1986 2000
48122 48160
24414 24430
31962 32004
20801 20801
25067 25146
18827 18880
38880 39056
1282 1300
1087 1140
31682 31780
82 130
20222 20244
37330 37840
24952 25056
36482 36512
38106 38108
24532 24578
3962 3988
48854 48881
7495 7680
45722 45760
1892 1908
5142 5180
33002 33080
19986 20016
6962 6990
27998 28007
18312 18362
18242 18264
27882 27906
18767 18825
33128 33160
21172 21547
26802 26852
11556 11592
36007 36012
40792 40854
28380 28414
17621 17624
46398 46448
132 152
522 529
39572 39616
26286 26320
31572 31600
40802 40820
8842 8856
44954 44971
22021 22048
27218 27264
41478 41512
28430 28432
19346 19356
42350 42384
26802 26852
42066 42105
45332 45360
42230 42266
49528 49584
27583 27600
35126 35136
909 1000
19869 19888
32462 32480
32866 32876
39630 39700
3234 3258
45250 45272
17670 17688
19362 19492
14936 15056
13156 13156
37927 37944
43670 43680
10208 10240
7986 8015
10266 10297
2522 2560
3058 3081
12802 12880
31271 31288
6482 6490
30718 30741
33682 33716
44142 44172
45497 45504
35626 35696
18662 18765
16368 16400
7382 7400
12770 12772
46346 46355
13618 13632
31100 31124
40526 40540
33422 33436
15554 15618
16958 16978
41933 42064
44642 44680
34839 34864
9528 9536
11014 11060
15842 15894
33474 33480
16368 16440
29527 29536
36818 36840
4342 4390
8972 9004
13977 14064
47502 47559
21878 21907
8682 8697
3189 3210
27657 27674
6719 6734
10707 10724
3562 3570
30137 30150
43422 43447
39378 39408
36738 36792
7457 7468
10476 10788
32720 32725
32077 32092
42562 42580
33202 33220
10382 10400
37792 37840
26192 26215
46550 46560
12127 12150
15162 15176
18410 18500
27942 27952
27139 27160
28170 28192
31962 32004
12212 12240
25730 25800
44329 44329
47662 47840
42398 42448
10606 10628
23282 23344
47883 47904
46994 47008
41568 41602
35528 35540
13102 13125
21452 21457
21138 21170
8385 8385
42162 42207
21027 21045
28857 29009
10587 10788
1618 1650
502 520
35402 35425
13442 13460
15538 15643
37698 37728
16766 16768
8394 8409
19602 19616
10258 10264
48626 48728
49482 49520
13148 13154
4805 4840
1381 1381
40856 40875
5064 5088
314 325
10208 10240
18962 19040
45186 45216
46767 46790
35626 35640
35626 35640
8270 8276
2016 2031
24877 24892
43627 43666
41812 41845
16810 16884
45554 45580
26352 27236
27651 27651
5787 5820
14331 14425
31410 31462
12178 12200
13977 14064
34127 34188
9676 9744
19650 19700
2798 2840
9972 9980
39778 39800
2274 2288
42152 42207
31172 31225
46242 46258
5064 5088
1458 1472
4942 4970
6642 6675
24954 24980
16160 16174
10142 10192
9882 9890
45332 45360
49174 49216
450 485
24849 24875
3771 4000
34238 34268
18312 18362
16810 16884
11659 11692
10322 10376
46725 46760
1410 1424
36556 36570
7221 7244
42282 42300
46050 46096
19006 19020
43190 43240
48446 48472
38242 38295
11002 11082
9458 9488
11398 11440
29121 29121
29087 29092
16149 16150
10018 10031
450 520
42002 42064
32642 32840
3877 3912
42450 42480
21242 21272
12546 12560
46550 46576
27016 27040
48971 49024
33128 33160
41946 41984
19986 20016
2433 2500
4689 4694
14601 14601
30122 30135
36794 36806
13977 14796
42022 42048
42817 42830
8025 8048
9098 9160
21225 21240
30743 30775
2769 2769
9930 9950
36600 36624
47582 47613
15732 15744
350 370
7554 7580
6221 6246
30441 30441
9306 9328
8498 8500
41070 41080
8252 8268
33681 33716
2994 3000
41522 41560
37093 37102
9202 9208
32434 32456
45362 45440
27583 27600
27502 27520
21102 21125
40142 40175
39074 39090
47562 47580
2626 2648
2001 2001
38082 38108
38344 38352
7758 7780
43322 43332
29962 30036
6127 6150
43536 43590
31464 31495
6818 6830
21954 21967
40672 40705
13926 13944
17082 17232
7872 7936
39322 39327
40412 40472
48098 48115
34614 34636
30842 30880
46550 46576
18402 18408
9528 9536
33194 33200
23752 23757
16682 16700
32327 32456
9335 9374
14882 14900
13377 13380
39458 39520
6442 6448
41562 41564
29490 29508
37282 37300
18312 18350
15968 15984
20001 20001
38360 38375
1486 1500
20375 20400
36216 36360
8394 8409
23894 23948
9230 9244
30662 30675
23272 23280
31826 31872
31962 32000
32766 32781
12672 12676
9399 9408
27880 28015
34839 34864
18042 18050
6574 6584
14577 14590
16810 16884
39997 40012
7554 7600
43762 43776
44394 44418
33449 33521
1370 1392
21909 21952
44606 44620
36482 36528
909 916
34161 34161
29603 29650
22302 22390
26386 26418
46107 46112
49586 49612
8712 8736
35702 35776
42428 42448
13148 13676
48202 48210
38782 38817
33449 33472
29042 29056
6398 6448
18237 18260
40210 40230
450 496
22902 22946
16114 16128
13038 13060
48161 48161
3618 3630
28930 28955
29210 29220
37572 37582
10476 10480
47883 47904
20722 20746
16637 16644
4406 4448
39186 39200
11068 11072
9676 9744
41488 41512
37154 37165
35810 35824
23950 24045
36218 36244
15882 15894
7470 7536
31802 31824
47338 47360
12806 12895
13618 13632
28306 28328
23226 23232
49242 49272
33948 33952
28552 28590
20194 20220
37946 37952
21577 21592
33358 33377
18700 18720
15732 15820
36386 36393
9982 10000
19234 19242
17093 17100
32370 32392
43602 43620
20702 20720
38986 39248
43502 43513
26 40
31757 31780
34902 34905
32220 32240
42107 45194
49590 49612
46550 46576
41874 41915
7403 7414
11714 11753
49786 49795
36218 36244
31410 31462
35478 35488
33734 33790
45418 45440
23517 23525
31410 31462
1226 1280
1106 1118
44154 44160
12712 12714
29818 29847
6311 6311
3401 3401
5201 5201
25027 25056
47200 47295
44994 45008
36025 36050
35130 35136
19890 19900
27058 27078
35402 35425
46172 46208
27238 27264
17273 17273
6719 6730
8578 8594
46498 46528
15801 15801
39807 39832
46260 46274
33777 33790
2769 2769
19178 19219
30822 30840
28894 28894
48418 48430
46498 46528
26164 26182
20182 20190
42698 42720
33532 33538
47826 47838
39458 39493
38306 38342
5482 5484
32327 32368
4738 4777
5650 5785
21252 21264
28726 28748
42107 42150
37014 37028
45554 45580
43102 43108
5202 5250
21298 21306
32186 36214
37616 37636
35722 35776
12946 12960
22206 22240
15994 16008
27526 27532
41130 41140
23837 23843
1176 1224
41092 41102
19554 19620
374 448
11442 11448
12767 12888
32096 32167
29087 29092
677 680
19082 19088
9911 10044
29962 29976
19132 19176
29120 29175
49722 49758
19102 19112
1176 1224
40194 40208
22530 22533
24986 25025
24685 24685
40684 40705
17266 17296
19986 20016
44526 44636
26614 26616
19681 19681
27218 27228
39967 39968
31802 31824
15426 15440
37137 37150
5486 5500
34241 34241
48098 48115
49324 49354
15968 15984
14140 14147
29921 29921
15696 15712
34216 34225
48936 48960
31094 31124
22322 22360
45672 45720
37478 37490
48414 48500
28767 28792
17012 17050
22830 22848
36662 37582
27201 27201
10164 10206
11250 11275
45810 45815
19138 19152
47372 47386
16001 16001
6606 6624
16252 16268
6514 7318
42602 42620
11068 11072
42842 42864
33348 33356
8208 8220
43459 43461
9098 9150
17298 17384
40341 40368
23837 23843
10062 10064
48634 48680
49434 49448
42832 43304
25674 25792
7392 7401
29364 29366
42430 42440
4345 4384
25698 25712
44898 45008
30160 30164
33162 33192
39997 40012
46012 46022
25272 25524
19706 19720
26454 26480
28858 28864
18514 18518
11362 11388
15284 15342
47978 47992
29890 29904
18827 18836
29596 29600
45947 45952
14617 14617
48730 48742
9626 9674
23987 24004
11594 11620
20502 20516
3772 3800
14331 14336
2198 2240
17082 17232
17514 17524
36451 36460
40386 40390
6742 6746
1867 1920
31971 32004
6732 6753
10402 10442
49862 49900
17626 17632
11782 11788
20982 21000
31586 31620
41410 41416
44122 44132
39927 39940
766 776
41673 41673
212 216
19132 19152
47883 47904
450 520
35394 35425
16586 16600
34452 34476
30538 30544
22818 22828
49174 49196
17326 17326
19667 19700
37792 37840
16001 16001
44601 44601
40122 40140
11602 11614
3060 3073
43097 43108
46862 46875
7301 7301
35874 35887
42658 42664
25559 25598
36862 36878
49501 49501
42727 42745
37358 37370
786 907
4822 4840
15870 15880
20702 20720
34108 34122
26002 26032
9106 9150
6736 6740
44994 45008
20827 20835
45903 45910
21106 21120
8818 8850
15214 15252
10678 10700
31698 31705
39082 39090
18622 18638
21954 21955
47741 47741
40785 40788
26454 26480
43002 43020
6800 6830
26924 26930
8208 8220
12822 12888
19234 19242
23470 23500
21332 21335
27218 27228
28401 28401
23626 23642
29785 29785
22322 22370
31807 31820
19538 19552
41598 41602
49852 49860
42982 43095
3332 3344
32622 33618
9969 9969
7112 7160
44722 44724
36046 36048
29202 29248
37502 37582
46382 46425
47142 47150
48098 48132
3572 3592
43887 43926
2978 3100
3362 3437
45110 45120
16176 16200
28141 28141
6837 6844
43034 43045
28946 28955
1 1
10322 10345
17514 17521
38822 38832
22975 22975
7986 8015
12284 12288
43812 43820
2686 2698
4249 4440
21172 21210
19006 19020
10994 11000
30142 30157
43707 43728
40482 40492
30348 30350
45610 45666
10364 10367
10476 10505
49324 49354
27042 27078
47414 47416
20081 20081
34002 34050
25186 25195
22582 22616
13306 13320
7184 7204
40567 40576
28997 29009
14001 14001
40382 40400
3002 3016
30951 30951
41718 41728
23192 23200
7121 7121
25858 25870
24282 24291
7495 7508
2486 2712
42832 43304
49902 49915
49598 49612
19913 19930
44002 44032
20228 20244
49302 49306
33762 33775
4870 4882
10665 10673
1370 1392
41330 41350
2110 2116
35442 35445
17322 17336
38377 38390
22830 22848
23950 23952
1801 1801
36251 36251
20426 20440
10610 10628
21999 22001
35792 35808
32738 32764
82 125
41400 41404
45130 45150
3478 3500
4982 4990
47866 47880
47173 47184
27570 27605
46690 46706
46968 46992
28997 29000
34309 34328
31862 31924
14734 14740
32458 32490
33551 33618
13197 13220
9912 9928
21406 21416
14786 14794
43441 43441
7562 7580
38130 38134
49492 49552
41998 42005
20492 20500
9953 9954
46403 46418
27153 27153
41605 41608
39186 39214
8126 8150
5922 5968
17502 17655
36102 36136
47458 47510
5826 5836
8748 8750
38782 38800
10294 10295
531 550
10522 10568
3682 3700
4345 4384
34406 34424
6378 6383
7602 7616
48502 48540
34762 34776
39177 39180
19667 19700
20684 20692
29962 30016
37358 37370
49376 49376
36918 36956
36222 36260
46994 47000
5134 5168
9626 9656
37093 37102
34098 34106
34614 34636
4282 4440
43362 43376
10033 10040
29177 29260
41430 41440
19512 19525
32742 32764
30966 30980
8482 8675
37882 37902
35702 35720
4296 4316
23762 23797
44442 44448
30866 30884
15873 15873
3002 3016
6082 6537
24714 24740
46403 46418
38462 38481
21390 21430
15304 15520
9106 9120
33302 33549
38106 38108
46482 46496
1014 1032
10378 10442
8282 8409
44401 44401
21252 21264
37186 37200
25402 25425
20640 20643
36662 37328
32281 32281
6007 7487
4502 4544
10001 10001
42524 43304
47650 47653
21634 21675
47582 47626
21634 21675
918 928
11418 11428
26676 26681
27016 27040
36812 36816
2950 2954
21432 21444
9399 9408
11640 11732
34472 34476
21357 21370
6871 6884
16702 16720
32562 32588
20068 20072
17138 17156
47932 47948
20562 20573
12552 12560
32867 32875
46801 46801
13377 13424
29612 29650
14001 14001
19874 19880
27016 27040
40728 40775
34002 34050
4040 4085
11128 11132
20914 20932
11252 11260
10378 10416
39986 39986
26002 26016
25478 25492
21746 21757
43542 43575
16980 16990
15451 15451
15337 15342
35992 36012
7582 7597
4185 4208
14272 14274
43962 43970
15117 15138
10142 10505
47238 47264
46177 46199
36138 36155
40502 40524
24238 24260
1842 1852
11042 11060
13658 13670
21730 21744
12562 12612
48000 48016
32790 32796
48162 48167
20122 20126
40836 40848
18711 18711
45873 45873
34994 35032
39282 39295
2370 2398
21446 21457
6928 6944
8366 8372
13502 13545
34622 34725
40822 40848
17571 17584
29841 29841
18297 18325
15681 15681
8898 8920
552 596
46777 46851
35282 35292
3975 3988
36561 36561
3439 3444
41522 41568
30552 30555
15994 16008
38160 38168
5238 5250
21759 21767
14302 14315
18780 18803
15304 15520
21826 21828
22901 22901
18386 18556
13231 13290
39186 39200
5986 6003
45992 46002
38978 38984
23357 23750
27400 27420
33230 33248
25027 25029
19132 19132
29066 29092
31616 31616
47542 47564
16862 16880
34242 34268
26337 26337
33449 33491
14502 14550
34866 34884
28032 28033
42254 42264
29962 30070
43904 43926
33969 34055
35362 35363
16332 16352
35650 35696
1876 1890
19226 19761
23986 24008
33914 33932
36066 36076
37298 37299
12712 12765
43378 43408
2914 2928
40986 41020
10224 10288
30628 30640
19852 20746
45794 45805
25612 25632
28550 28590
22901 22901
5062 5062
16138 16147
29377 29392
35224 35250
19414 19424
12869 12869
3032 3066
16052 16083
16506 16543
24962 24966
30741 30741
1 56
8557 8565
47202 47236
235 260
3506 3570
49152 49225
36007 36012
27972 27990
4442 4550
46708 46736
20898 20912
9513 9524
38116 38119
14870 14948
6066 6080
19098 19112
36402 36554
39034 39056
39092 39095
31971 31999
35637 35637
39718 39732
26031 26031
2002 2014
24992 25008
27262 27278
44638 44684
27087 27096
43943 43960
722 734
3682 3710
37970 37978
9658 9736
41988 41996
806 823
13634 13644
44211 44228
37458 37464
19288 19315
16582 16604
21014 21025
7562 7680
2870 2948
32292 32322
8585 8585
30782 30794
48762 48780
33969 34055
24555 24575
38882 38984
23986 24008
11972 11996
28946 28955
4122 4152
17996 18008
20162 20170
13262 13274
32517 32522
31914 31924
21730 21744
19746 19756
44842 44890
30461 30461
44211 44228
41998 42005
5666 5666
2260 2292
46865 46865
35826 35962
38622 38640
49821 49821
531 544
42740 42744
5637 5785
18442 18450
42098 42104
36626 36640
30588 30592
7538 7680
14559 14564
30561 30561
11822 11830
38752 38776
46654 46706
11622 11638
11136 11144
10827 10827
39186 39200
8578 8586
45900 45901
14321 14321
825 900
10088 10092
32482 32490
17996 18008
46958 47016
26066 26068
21684 21685
15766 15792
42482 42486
5421 5421
45214 45913
2166 2180
21172 21175
29592 29594
9399 9408
46050 46125
41153 41171
31321 31350
1 1
1338 1370
48363 48365
30796 30840
5025 5032
46502 46528
21057 21057
35301 35301
22102 22128
34602 34608
33573 33573
10722 10866
1125 1140
4822 4840
48358 48412
27888 27906
6398 6444
40262 40270
34195 34214
314 320
11862 11872
1610 1704
17826 17886
41308 41320
5986 6000
46630 46648
36826 36850
13490 13500
22770 22844
38450 38452
14752 14794
26792 26820
21281 21281
31586 31614
76 80
7938 7940
44806 44840
48177 48188
39464 39504
12456 12460
20858 20880
48338 48348
28602 28668
39905 39922
394 400
24348 24356
43284 43290
16702 19850
33846 33851
2110 2200
44354 44476
13977 14000
11557 11568
2530 2560
8152 8155
33638 33648
34956 34962
32602 32612
18602 18608
23598 23610
19763 19786
3522 3612
44202 44207
31817 31817
1 40
5930 6005
38562 38575
21922 21950
39562 39570
15752 15764
16392 16400
25997 26016
18982 18992
18474 18490
36362 36492
49921 49921
29524 29525
11914 11920
28794 28804
34994 35088
26676 26681
38394 38400
5832 5836
23694 23705
21602 21632
48936 48960
25170 25260
31472 31495
44478 44485
18081 18081
38433 38433
48914 49080
6018 6054
19450 19464
12806 12816
39905 39922
21769 21816
15994 16040
17182 17200
49042 49069
18202 18231
40142 40170
42792 42795
46001 46002
8017 8108
19913 19920
31100 31113
8322 8340
43141 43141
6673 6675
4594 4600
34641 34641
40777 40783
4877 4882
46602 46612
218 226
25806 25810
42462 42480
6132 6144
47914 47998
37266 37292
28264 28281
45514 45524
19414 19424
5650 5674
31051 31082
22292 22300
18838 18864
15117 15138
31321 31462
38941 38941
262 288
25662 25672
2118 2128
39634 39640
10282 10288
16250 16318
42718 42720
7970 7984
44889 44890
20647 20660
24095 24100
36517 36528
27324 27390
43728 43776
6221 6224
7416 7424
44896 44960
36447 36449
13143 13143
24816 24817
7276 7280
22480 22485
43554 43575
6007 6537
3650 3670
14675 14686
15400 15411
31410 31462
18681 18681
15794 15820
2242 2292
282 288
46777 46851
23712 23716
10081 10081
23902 23909
8570 8638
17093 17100
47582 47592
25674 26080
1087 1104
18622 18624
24066 24085
2502 2505
4774 4777
16332 16350
8252 8274
30796 30842
10890 10898
5807 5816
35418 35425
19098 19112
4930 4976
6226 6248
32672 32673
590 596
23462 23466
47330 47336
27977 27984
45394 45470
23072 23075
4185 4214
33602 33610
32798 32800
21322 21330
4858 4865
20797 20804
45196 45212
18746 18760
15370 15392
34734 34740
9049 9049
14281 14281
15696 15712
4942 4960
48546 48632
4502 4528
35678 35684
27280 27322
10001 10001
35992 35998
1372 1424
40341 40368
32602 32608
33570 36660
37114 37120
18882 18890
20982 20990
47202 47220
49768 49784
1830 1840
26982 26992
1057 1070
45860 45901
20802 20804
24274 24814
43822 43856
9850 9856
466 474
30490 30500
42438 42458
92 100
13658 13665
24409 24412
16577 16577
19562 19620
31626 31638
2762 2796
42902 42920
38972 38984
19298 19761
25362 25400
49657 49672
18645 18676
41542 41552
21662 21696
4064 4070
27948 27951
10331 10331
25042 25055
45587 45592
29857 29857
48522 48540
30718 30724
21577 21660
25752 25778
13547 13584
49042 49069
18126 18141
16961 16961
10002 10016
11128 11182
10954 10956
12842 12888
23272 23300
8110 8124
23517 23525
2498 2505
20518 20544
20822 20824
7065 7065
26957 26965
9458 9601
21706 21767
20442 20448
29866 29880
7538 7680
35478 35498
46926 46940
1969 1969
25674 25830
6162 6165
26052 26064
30076 30085
14079 14100
27772 27784
1672 1704
13062 13915
25058 25168
28064 28070
21577 21660
11346 11360
43554 43575
17826 17876
41274 41325
40290 40296
6034 6054
18982 18992
33938 33944
3105 3105
32352 32364
40574 40930
24177 24184
34124 34125
5338 5362
37052 37076
29328 29400
38880 38984
17771 17771
21577 21660
11755 11774
48951 48951
3975 3988
14352 14368
20406 20490
9802 9833
35482 35488
26481 26481
24314 24322
3752 3769
21656 21660
16430 16438
12501 12501
35646 35684
13561 13561
26354 26363
24186 24198
39402 39408
35427 35440
32684 32705
48489 48489
49227 49230
33744 33758
47708 47714
47585 47585
46136 46142
36418 36426
20018 20048
16450 16700
29730 29736
7922 7940
33352 33354
23374 23380
13952 13975
31762 31768
16037 16040
10594 10604
41357 41360
43580 43612
23234 23270
4346 4384
39736 39750
29944 29956
25780 25790
14102 14110
41028 41034
19618 19620
38611 38611
14858 14860
17138 17156
43112 43114
9714 9736
45915 45940
32352 32364
37122 37135
49642 49655
22434 22460
15634 15643
14594 14604
30782 30790
26562 26580
34270 34352
33162 33180
16176 16200
33502 33504
32394 32402
47170 47253
14161 14161
22167 22202
35034 35040
43077 43095
38136 38140
21612 21632
23737 23748
13266 13272
29612 29644
6532 6535
45672 45720
24555 24575
3546 3570
22282 22294
44978 44985
5602 5608
37522 37548
1502 1505
43542 43578
11282 11305
1148 1157
2769 2769
35042 35088
18830 18836
21922 21950
37330 37582
23401 23401
12674 12710
31701 31701
48182 48234
7752 7780
41274 41284
39165 39174
46906 46912
25570 25598
31832 31856
13242 13260
42480 42486
21465 21472
37382 37436
21982 21985
28464 28470
10001 10001
8922 8928
7986 8015
28073 28110
19062 19065
48144 49080
2762 2810
3650 3670
18386 18408
18126 18141
10522 10544
28226 28305
15742 15750
39602 39616
43778 43882
35578 35598
43522 43528
16522 16542
31542 31550
26122 26140
38847 38850
18558 18614
19288 19296
39234 39240
48076 48096
49426 49432
29229 29236
33146 33158
14702 14715
24112 24140
30844 30900
16862 16866
2049 2049
45554 45580
12582 12593
19264 19270
49572 49585
5698 5704
29874 29896
2686 2698
9641 9641
36738 36864
46378 46425
44034 44036
12178 12194
33302 33350
38622 38640
25238 25240
27828 27855
18530 19373
42626 42640
9761 9761
42902 42920
38377 38392
2612 2712
42607 42608
42230 42280
13327 13370
23169 23184
34362 34370
3007 3066
38182 38190
15058 15110
8787 8856
7134 7138
5322 5325
12777 12810
27205 27208
45214 45270
17993 18108
30137 30140
42078 42080
9784 9795
552 596
49234 49236
6477 6480
1745 1745
21577 21660
42718 42725
33734 33742
3990 4012
33489 33489
5064 5072
6690 6696
19554 19620
44682 44684
14034 14036
45765 45765
38778 38797
6601 6601
34642 34656
48542 48667
28578 28641
36062 36090
38742 38744
13667 13684
39722 39730
19098 19112
44178 44277
1774 1779
16626 16644
38890 38896
36262 36275
43622 43625
10282 10288
17744 17752
27828 27855
48530 48536
23034 23040
7472 7480
22442 22460
11354 11360
47142 47152
18767 18772
341 341
2978 2996
6412 6436
32926 32940
43234 43244
17242 17248
6168 6180
3462 3464
44256 44271
16321 16321
45234 45248
936 942
9641 9641
31370 31376
1986 2008
9850 9856
26040 26050
18143 18144
15352 15440
39921 39921
27858 27875
5273 5287
13917 13924
4217 4224
2714 3323
49664 49672
4412 4432
45346 45355
16994 17000
1311 1311
42990 43064
5026 5042
38027 38032
31334 31350
26914 26920
8778 8785
13610 13613
13188 13195
21027 21044
18322 18325
14113 14113
2733 2733
46802 46825
22290 22294
9006 9010
10145 10145
13442 13456
17993 17993
34830 34832
23986 24045
48669 48712
25174 25184
4982 4990
8961 8961
30235 30235
28158 28168
5840 6005
22101 22101
48418 48420
33114 33120
7666 7680
45252 45267
37608 37620
37727 37840
46725 46728
37898 37902
48230 49080
5130 6005
4652 4698
25090 25100
6751 6751
9397 9397
19308 19315
21662 21704
26676 26681
21522 21536
41985 41985
18946 18950
8818 8848
43077 43095
26602 26610
13154 13156
44795 44804
16554 16565
8712 8736
34478 34484
21706 21767
22574 22580
24312 24320
32547 32580
32976 32977
11755 11800
5787 5830
23034 23040
4700 4708
32220 32224
32430 32432
27718 27730
17526 17530
3274 3286
35686 35700
43694 43700
49042 49069
33712 33719
23362 23545
43586 43592
47922 47984
4890 4896
13377 13380
35186 35188
41478 41602
45554 45580
37401 37401
32654 32670
7538 7548
30146 30148
1372 1415
46834 46850
28794 28804
44871 44871
48242 48292
9990 9995
42524 42549
6202 6280
3729 3729
48498 48512
30038 30070
20322 20324
45010 45050
24265 24272
47322 47395
9081 9081
47026 47036
12132 12162
22205 22205
9802 9833
27100 27236
3618 3630
11818 11824
1342 1366
16202 16218
47582 47592
16037 16040
38052 38064
43334 43338
8699 8704
41810 41845
20200 20202
43153 43164
20362 20570
42466 42478
39552 39570
32170 32180
21390 21400
15196 15207
26322 26338
32402 33568
45672 45705
28344 28350
38682 38690
19008 19020
36441 36441
47986 47994
26251 26255
46172 46199
25181 25182
6588 6592
37234 37320
33242 33256
21225 21232
40553 40553
14079 14080
48703 48704
17872 17876
39297 39300
48744 48748
20492 20545
20632 20645
10678 10684
11246 11305
31051 31072
17366 17375
41400 41404
36466 36480
29422 29430
4210 4214
28540 28576
35600 35804
16930 16943
34956 34960
41942 41968
35686 35700
23090 23100
8302 8306
1148 1157
42781 42786
20748 20750
27882 27886
23990 24004
37482 37548
40033 40033
38665 38665
5125 5128
42558 42576
39582 39600
35970 35972
23894 23898
8052 8064
46924 46940
42492 42497
32044 32045
37592 37594
42337 42337
32892 32912
15162 15176
14594 14604
32562 32580
17467 17472
47338 47355
12601 12601
9902 9904
20152 20164
47255 47285
22032 22040
47189 47189
37362 38168
9997 10016
42882 42888
40966 40972
26932 26955
46282 46350
47124 47130
30801 30820
3068 3094
24864 24868
31422 31430
17121 17121
16722 16728
3217 3217
1087 1090
21092 21145
9752 9792
6098 6102
4738 4745
20647 20662
1514 1524
37122 37135
36970 36980
35806 35910
5650 5674
30198 30216
40402 40410
34602 34608
15612 15618
5392 5398
17570 17648
46591 46608
24609 24609
10164 10182
14624 14626
18474 18486
22535 22600
20837 20842
48036 48040
17672 17688
11905 11960
27418 27420
49508 49544
42524 42549
17282 17312
28890 29060
42927 42928
43102 43108
7472 7480
14232 14235
41445 41445
39351 39351
25161 25161
26799 26820
49250 49260
7322 7340
42990 43064
16160 16174
31694 31700
44418 44448
17672 17688
49029 49034
47173 47184
450 456
28331 28331
1092 1125
20689 20689
37850 37860
14890 14900
28674 28683
26001 26001
23803 23816
39498 39500
5194 5264
26072 26080
44513 44514
26536 26542
14752 14784
31590 31604
25674 25690
16178 16192
19852 20746
20051 20051
36281 36281
18238 18247
6726 6729
44770 44776
6754 6844
41101 41101
3245 3247
42762 42779
15192 15194
36286 36288
22717 22734
21102 21130
20417 20417
26158 26172
18780 18798
34988 34992
13198 13216
46037 46040
6489 6500
27665 27665
21452 21457
49434 49454
49959 49968
11585 11585
48878 48885
18530 18556
45562 45580
3466 4640
21047 21056
30108 30112
5842 5860
43002 43018
47052 47136
33977 33989
9478 9484
27865 27865
14854 14868
26644 26650
18282 18295
49786 49840
22501 22501
21088 21090
46660 46688
14594 14600
19036 19055
27898 27906
15284 15290
1072 1075
35072 35072
49528 49544
26485 26494
22322 22340
47897 47904
14122 14135
45764 45816
35304 35308
43280 43304
34338 34350
35456 35476
20200 20202
35770 35782
22722 22734
19132 19168
25986 25988
11266 11272
37328 37334
7122 7132
42975 42984
47376 47386
38802 38816
235 288
42524 42540
43772 43781
1 12
13727 13792
25346 25352
30114 30125
12041 12041
17764 17776
33035 33040
6594 6596
4673 4673
26782 26785
35600 35700
33010 33024
2762 2810
35427 35445
752 764
37014 37020
22901 22901
12064 12084
32001 32004
17894 17906
19842 19850
11946 11950
14507 14512
26322 26338
9162 9333
38277 38277
2951 2951
40520 40524
29262 29304
37060 37072
1026 1032
25993 25993
27526 27532
35418 35425
34026 34055
22065 22082
21677 21682
45438 45444
36866 36944
47787 47792
1993 2008
23334 23355
30326 30415
6152 6164
12664 12670
28545 28545
634 640
46305 46306
49808 49820
12298 12308
658 675
32404 32426
22005 22045
33139 33144
14397 14402
35600 35625
15942 15966
33346 33504
49720 49724
40896 40896
30554 30576
3041 3041
26922 27230
3466 3616
39905 39926
10589 10672
25946 25980
41357 41380
30521 30521
35784 35788
46834 46851
13062 13068
37566 37570
5158 5320
2894 2910
44246 44252
31890 31895
3557 3559
22517 22533
37550 37590
11962 12246
18640 18642
2112 2134
11572 11607
39338 39496
20524 20524
36617 36632
6126 6220
7782 7840
18250 18272
48394 48412
19362 19368
10525 10525
31714 31732
48076 48080
45082 45086
3168 3169
5026 5042
43066 43075
1969 1969
20638 20645
39582 39600
21357 21366
10088 10112
29422 29426
31354 31462
38778 38784
13977 14024
29402 29416
42585 42585
34088 34096
6673 6688
23272 23300
24017 24020
6007 7487
37550 37590
18851 18851
46952 46956
27362 27378
48737 48737
31212 31232
25474 25512
34401 34401
46490 46496
13328 13370
18474 18486
43422 43461
1633 1633
20152 20164
11659 11675
2522 2528
19970 19980
20547 20554
11467 11472
35578 35596
44858 44898
9682 9696
466 512
33922 33932
36300 36348
9202 9208
5936 5952
47458 47468
36278 36284
44512 44524
1774 1779
12638 12676
26766 26790
41478 41562
45489 45489
40986 40996
17114 17120
31086 31088
5588 5588
34972 34976
7062 7110
37507 37532
45957 45958
35082 35110
8441 8480
43794 43808
19022 19023
15862 15868
21242 21256
24116 24120
36370 36380
34594 34650
30052 30066
14617 14617
35148 35156
12262 12270
30086 30104
46546 46625
1338 1342
13434 13440
39997 40005
17966 17982
26799 26864
1 11
30277 30298
1202 1221
717 720
36490 36492
41502 41512
38052 38064
2370 2394
37796 37796
46795 46825
19151 19151
23147 23948
1633 1633
7722 7940
9592 9601
23147 23164
29177 29260
5912 6005
14752 14784
1906 1910
17842 17848
38232 38240
46252 46258
43190 43195
6894 6896
26756 26797
4382 4384
10749 10749
43177 43186
32285 32314
26061 26061
22642 22656
44394 44408
35190 35200
22982 23028
19862 19864
44586 44592
2033 2033
4950 4960
37089 37089
41238 41248
17906 17906
33744 33750
28796 28804
49158 49225
30417 30420
11222 11244
30052 30064
35427 35445
33996 34008
24514 24524
29771 29790
4418 4432
19812 19824
23030 23060
22638 22679
16835 16848
36142 36148
23362 23545
10070 10140
1774 1779
801 801
31638 31640
35904 35910
18418 18434
49760 49780
46098 46104
13672 13725
41116 41120
7082 7103
45758 45762
34667 34672
15489 15489
32986 32993
4696 4698
9078 9096
14714 14726
27553 27553
25177 25177
44202 44207
17522 17568
21824 21848
32882 32888
17551 17552
9464 9476
46632 46648
285 285
48876 48890
31926 31932
39852 39864
15902 15910
32737 32737
29219 29224
49456 49465
48465 48465
34354 36554
6226 6240
3302 3312
13949 13949
37238 37248
30670 30675
38070 38089
46978 46992
26224 26249
33122 33126
39906 39926
37650 37656
37932 37936
22514 22515
41451 41451
5538 5542
20647 20656
35338 35341
26994 27000
26922 27120
13281 13281
46942 46948
30052 30066
37378 37380
44955 45045
32352 32360
6116 6124
8557 8565
21106 21124
25074 25080
36946 36992
28962 28965
10794 10816
26001 26001
12398 12452
34232 34272
36994 37036
46442 46544
42817 42820
25570 25576
34952 34955
18530 33568
3118 3120
25732 25744
32498 32515
13852 13860
47741 47741
4522 4544
49682 49693
17478 17520
18655 18655
7489 7720
1806 1806
28352 28352
15650 15656
43728 43760
27242 27350
8942 8952
24957 24966
32554 32580
29771 29790
5787 5830
29550 29552
37114 37120
30814 30820
28717 28738
45613 45652
32242 32248
6862 6869
32238 32314
16085 16088
3112 3145
26756 26764
33862 33870
1993 2008
31162 31202
34196 34200
47858 47998
44922 44930
12842 12875
33762 33775
9658 9995
17596 17600
2634 2646
48367 48392
38426 38433
13090 13124
3132 3140
12678 12680
25858 25867
610 623
39277 39333
35890 35900
32547 32592
20410 20442
8394 8409
10127 10130
38962 38964
17514 17515
28626 28630
9170 9172
10088 10112
38652 38672
29498 29499
26833 26833
15382 15392
23272 23280
23648 23692
49906 49912
8557 8565
31334 31352
28465 28465
36877 36878
21088 21090
37702 37710
25240 25240
20902 20909
41712 41716
8702 8708
5490 5500
25906 25918
39474 39476
6938 6944
4414 4432
41862 41872
8241 8241
18767 18874
7142 7158
13746 13760
2456 2568
48358 48361
26577 26577
7712 7718
21308 21335
20858 20944
44274 44277
27392 27398
23221 23221
37966 38032
21782 21788
21047 21050
984 1008
32582 32585
14237 14286
25494 25500
12385 12385
40514 40540
14922 14928
37302 37312
40078 40170
8628 8664
29501 29508
26122 26140
2260 2285
20258 20268
7142 7158
466 512
22736 22740
49134 49140
31512 31616
38799 38816
41289 41289
17570 17655
42956 42960
30227 30231
28073 28095
35410 35416
1867 1870
17490 17500
12238 12246
16958 16968
30166 30179
6505 6505
44642 44650
19752 19761
49720 49724
24240 24243
45598 45602
2727 2750
19322 19323
4077 4080
10168 10182
37127 37135
24721 24721
26932 26955
7154 7158
47716 47738
901 901
44180 44182
38530 38550
21921 21921
1127 1140
44209 44216
17912 17925
48307 48308
31205 31260
290 300
22057 22063
36900 36942
21314 21320
9162 9320
1180 1200
21957 22001
8517 8528
10378 10404
17532 17536
9850 9860
23628 23646
6081 6081
25526 25672
29052 29060
1 30
5538 5542
21637 21645
4774 4803
17095 17112
30557 30560
49121 49124
45072 45078
35690 35699
15241 15241
46396 46418
8699 8720
4418 4432
34406 34430
28310 28328
49262 49292
46654 46656
30751 30751
18934 18938
45214 45216
33071 33504
28446 28720
30397 30407
21662 21704
28396 28408
18238 18247
20058 20060
9937 9937
34370 34375
43422 43461
40082 40089
36052 36205
47482 47496
25578 25598
26551 26552
20946 20952
27466 27472
47882 47904
39994 39995
30442 30452
44506 44510
42190 42208
33280 33282
33996 34000
24498 24501
5588 5635
28116 28116
42387 42432
36437 36460
58 60
48108 48120
4394 4404
2434 2445
8811 8811
40562 40565
3318 3321
40097 40097
3381 3388
3737 3740
6081 6081
830 844
48134 48143
23921 23921
42501 42501
22732 22734
18930 18980
11954 11960
35600 35640
7186 7204
7782 7794
44734 44744
32001 32004
25362 25388
13292 13670
6946 6990
12967 12996
24240 24243
26292 26300
29482 29488
10476 10505
577 577
1450 1458
19774 19786
48489 48489
7692 7704
26986 27004
49530 49544
45312 45314
48036 48060
9410 9411
39701 39701
31454 31462
38448 38459
29596 29601
15196 15207
27491 27491
4014 4025
37746 37784
3400 3412
35052 35070
2606 2610
25714 25820
46288 46320
1318 1325
6441 6461
39688 39696
23570 23584
13328 13350
25882 25888
4967 5062
28970 28980
19602 19761
18402 18528
4166 4178
12472 12488
26290 26304
28770 28832
5954 5960
42042 42048
40530 40536
7320 7340
20337 20337
17020 17030
45357 45374
14660 14668
16138 16147
6846 6869
9006 9010
40922 40930
42644 42670
38360 38368
4848 4850
3159 3160
11490 11492
25982 26022
14372 14392
28482 28494
48274 48292
26638 26642
40194 40202
33358 33370
32660 32670
30718 30752
16851 16925
6871 6884
44606 44610
43670 43680
43396 43401
44007 44012
42762 42779
13937 13938
28670 28683
29794 29800
22529 22533
49250 49292
13126 13146
16952 16955
22704 22710
5238 5250
20758 20760
48236 48240
1087 1090
19298 19320
38089 38089
34995 35002
39226 39228
15394 15398
28602 28612
45798 45802
20310 20324
16961 16961
35978 35981
20610 20620
30001 30001
34138 34142
1372 1424
25600 25610
49822 49848
33601 33601
15588 15616
3802 3824
10952 10962
10890 10896
2066 2078
857 875
30242 30246
39710 39750
42306 42320
27362 27378
18340 18350
626 630
27422 27425
38880 38904
4138 4150
3852 4085
24146 24151
45137 45137
8694 8697
46001 46002
21782 21788
27282 27292
16872 16886
19375 19462
12914 13060
29501 29508
11052 11060
48997 49008
45332 45344
34866 34873
28893 28897
38880 38888
35847 35865
38461 38464
6432 6439
23092 23104
18954 18980
25305 25305
991 992
24362 24377
12918 12930
11657 11657
49932 49936
26602 26610
35586 35596
28646 28660
16133 16136
22529 22533
12001 12001
31114 31124
35557 35568
11954 11960
13218 13220
13198 13216
42630 42640
8961 8961
6601 6601
14950 14968
7782 7792
13905 13905
29533 29533
43614 43618
13874 13888
45282 45288
31890 31895
49938 49940
15480 15500
37966 38016
45778 45784
41238 41248
19817 19824
31751 31751
49666 49734
26354 26363
11200 11244
26381 26381
22413 22416
8987 9004
26088 26106
16322 16335
14598 14604
19125 19126
12442 12452
15829 16054
38898 38900
22681 22688
29974 30019
41586 41596
6186 7487
4290 4336
3771 3800
10802 10913
38577 38582
4738 5128
19796 19800
23441 23441
27265 27265
38122 38134
34610 34618
23452 23460
35441 35441
34402 34404
36300 36348
502 512
47594 47613
49650 49664
39962 39971
41772 41795
37773 37776
44586 45128
2827 2832
34818 34824
45403 45416
25401 25410
8722 8730
4967 5010
39560 39568
3343 3343
19481 19481
12081 12081
31650 31712
22327 22340
29533 29533
42046 42048
34782 34811
36262 36275
2658 2673
33010 33024
9018 9024
25198 25202
36913 36913
9097 9128
43496 43504
14408 14412
11074 11076
3121 3121
45094 45122
29596 29601
27458 27460
35363 35405
49072 49091
27562 27620
23760 23776
46326 46326
14862 14868
37254 37256
9264 9264
9293 9300
23386 23400
6081 6081
42832 42838
22290 22290
3381 3388
21357 21366
27232 27236
12344 12364
34220 34224
19752 19761
19966 19980
6007 6015
42252 42280
17569 17569
22788 22810
32439 32453
45290 45310
41826 41835
41178 41184
23921 23921
34274 42105
3977 3996
32347 32456
29066 29074
25322 25330
13730 13750
15658 15662
46174 46175
10152 10156
32285 32290
22890 22904
46018 46092
38322 38335
44256 44258
1 30
25578 25598
11977 11977
25174 25195
44987 45005
23760 23776
15957 15966
6458 6492
38530 38574
7274 7292
40494 40572
19387 19408
24379 24382
4138 4150
19889 19889
30542 30552
4281 4281
44000 44012
43077 43095
21034 21040
2291 2291
44638 44662
1974 1975
23030 23116
34184 34190
23030 23116
25774 25778
6992 7318
5210 5218
11246 11315
1 6
42745 42745
42991 42996
14698 14706
20707 20713
26801 26801
13558 13568
45042 45045
2761 2761
2950 2952
6081 6081
8066 8072
29698 29702
10382 10390
21062 21066
47716 47728
19282 19296
35550 35555
24668 24705
3390 3394
32927 32930
35952 35962
7714 7718
45642 45648
27225 27225
3522 3533
9642 9652
8794 8828
14997 15006
37592 37596
29323 29323
8329 8340
43908 43922
8539 8552
18102 18108
34172 34179
4370 4374
26644 26680
7454 7464
6886 6888
4754 4760
2456 2500
45610 45611
7802 7832
49081 49081
37302 37315
19288 19296
16958 17015
36821 36840
31926 31926
8320 8352
10078 10082
29410 29416
17993 18052
35618 35625
17528 17530
30927 30944
39497 39504
12298 12440
1821 1821
10208 10215
34441 34442
43793 43796
40801 40801
13810 13828
38074 38089
38986 39016
35618 35624
30108 30112
25600 25610
15362 15368
3578 3612
11342 11344
39622 39628
41902 41905
28421 28424
14434 14440
28310 28328
33601 33601
43650 43654
33846 33852
32865 32865
6606 6616
20051 20051
31672 31680
1578 1602
28065 28065
39906 39971
21621 21621
20881 20885
34817 34827
32841 32841
25754 25765
37182 37196
20622 20630
45634 45640
21458 21540
20241 20241
33601 33601
9592 9601
26158 26162
35738 35754
19182 19203
38994 39002
35343 35467
34994 35004
31378 31380
39961 39961
16648 16728
8914 8970
586 822
34666 34752
49250 49280
27930 27936
21957 22082
45386 45390
5808 5810
39335 39341
18906 18915
15852 15856
10978 10980
25414 25512
23657 23660
48826 48828
1180 1184
41057 41064
39281 39281
35600 35700
16260 16268
7766 7766
98 100
37127 37135
32404 32416
14170 14176
26538 26549
27718 27730
11078 11080
8394 8409
4376 4377
47238 47240
22216 22218
2670 2672
25289 25289
8017 8240
4567 4576
31126 31134
21106 21124
988 989
41490 41504
33566 33568
10222 10268
37926 38168
1672 1680
35894 35900
44302 44304
7428 7445
12595 12608
27607 27612
19387 19424
27328 27331
3325 3379
40579 40605
29818 29824
10974 10980
40292 40296
24488 24501
33969 34012
46876 46880
38498 38500
8050 8072
21706 21767
16596 16604
17618 17642
7026 7029
23532 23541
1722 1726
25121 25127
32942 32950
40100 40114
33306 33309
2149 2149
22692 22700
26025 26038
2998 3005
41212 41259
38553 38562
12977 12992
10925 10925
19866 19867
33681 33708
3171 3171
49251 49251
22377 22404
29881 29881
13582 13603
31654 31655
494 500
38872 38874
46042 46060
40091 40112
25732 25734
21225 21232
38454 38459
5936 5948
44437 44444
48394 48412
30618 30622
22592 22610
35252 35285
22962 22965
30642 30647
46638 46648
1148 1320
17392 17420
23771 23776
5571 5582
37662 37700
32316 32320
40204 40258
3942 3944
1618 1648
28902 28908
38461 38584
34162 34168
15147 15156
24686 24705
11554 11555
16978 16995
15932 15940
11293 11300
42001 42005
41578 41600
25844 25852
43385 43385
49211 49348
18418 18420
9997 10020
35410 35416
2066 2078
15912 15920
34842 34862
32498 32515
3536 3540
49152 49204
5344 5345
32498 32515
2634 2646
41274 41278
20816 20818
10922 10923
43352 43370
21382 21384
2192 2200
11594 11602
23250 23250
23501 23501
19178 19203
23500 23506
7278 7280
45901 45901
9786 9795
32784 32788
47490 47510
22704 22710
1514 1568
14386 14390
16458 16464
31454 31462
9991 9995
13266 13274
3002 3005
40082 40089
19996 20020
16133 16136
401 405
18058 18096
30858 30864
9422 9432
21843 21843
32267 32278
28242 28248
31334 31344
46502 46509
43830 43840
30726 30728
33202 33220
32376 32392
42036 42040
6652 6658
41197 41208
28226 28382
3574 3612
18954 18964
11241 11241
40078 40080
12298 12620
32449 32449
9997 10016
36618 36640
15011 15020
10062 10064
16105 16105
531 544
30341 30341
11322 11329
44878 44890
6736 6740
41197 41208
49138 49140
37966 38020
20752 20775
40054 40075
45052 45062
28881 28881
18032 18050
46725 46728
16730 18400
12306 12336
28974 28980
39582 39592
4192 4200
31600 31648
25701 25701
28206 28210
19566 19570
48147 48160
5158 5168
12780 12783
19387 19408
24639 24650
1998 2008
24226 24236
7258 7266
12658 12662
3472 3475
17095 17104
22277 26864
11816 11832
45423 45425
1126 1140
37138 37158
37488 37504
1126 1140
9685 9692
20068 20094
10070 10086
10242 10256
40135 40135
45047 45050
27702 27702
29290 29298
40712 40722
19388 19424
46594 46612
38022 38039
8942 8952
18774 18776
49126 49132
25427 25440
46846 46850
35274 35285
10782 10784
4746 4752
20349 20349
44652 44656
19938 19958
23118 23135
14696 14696
47238 47250
31472 31496
32737 32764
801 801
28614 28640
30218 30315
28588 28600
24936 24950
19796 19815
48797 48818
44338 44340
2090 2096
14924 14928
6307 6312
33402 33521
632 640
26504 26512
28874 28881
16997 17003
4217 4247
45318 45322
26882 26890
3510 3534
15594 15602
3641 3641
7974 8015
42501 42501
9006 9008
11482 11519
36514 36528
1212 1220
12768 13088
14890 14902
47024 47036
47200 47220
49666 49672
18182 18198
28002 28007
14170 14176
33892 33896
45290 45300
11052 11084
18124 18140
39418 39422
16530 16534
11542 11552
26324 26346
11922 12037
37458 37480
3618 4085
21957 22082
3966 3968
2526 2528
47233 47233
36222 36304
8 11
25559 25566
35159 35164
12132 12150
21782 21788
40013 40014
30187 30216
28411 28411
47132 47136
13394 13400
13278 13288
48589 48604
10826 10858
34666 34736
20816 20820
49294 49300
42107 42348
72 94
35525 35525
39101 39101
16022 16054
16522 16525
12279 12282
46810 46816
43997 44090
22314 22314
17042 17076
4434 4450
35401 35401
45598 45602
44346 44346
44377 44378
24646 24656
39722 39732
19009 19009
5322 5336
6862 6869
2298 2340
23274 23280
19970 19980
30577 30593
4482 4490
35190 35193
21258 21264
36316 36348
12852 12856
12298 12440
18966 18980
23648 23648
4123 4152
17458 17465
19714 19731
33969 33976
16622 16630
35662 35665
30198 30200
32726 32732
11816 12240
30954 30988
29471 29495
49149 49150
35550 35568
39954 39959
39597 39610
19922 19928
16484 16504
25965 25980
38310 38335
45357 45374
42050 42064
42687 42720
27210 27228
4050 4054
14561 14561
28050 28055
31914 31922
49302 49320
25214 25232
2176 2180
9355 9355
3814 3818
49036 49048
31924 32092
7286 7292
30152 30157
6782 6792
36002 36005
1257 1264
48422 48432
21625 21632
38122 38128
38097 38097
18962 18980
37773 37780
34110 34230
44889 44890
49657 49660
6996 7000
586 600
21720 21722
49978 50000
31425 31430
2256 2272
23118 23140
20131 20131
14866 14868
13716 13717
31910 31912
34529 34529
26702 26710
33786 33836
28396 28403
35294 35308
22372 22375
6567 6570
36161 36161
24936 24944
16730 16755
31767 31772
16176 16192
29167 29170
3678 3684
46876 46888
11278 11280
7122 7122
22983 23017
29471 29495
34638 34655
44690 44694
36572 36572
5177 5336
8394 8409
31751 31751
16794 16800
39451 39451
9062 9436
43997 44090
8762 8763
18182 18190
40712 40722
40682 40688
45398 45416
11422 11552
3292 3296
37740 37760
47615 47620
18802 18803
20987 20992
19102 19104
21999 22001
37730 37731
17095 17104
22514 22520
49342 49362
18645 18650
46201 46208
23442 23450
15732 15733
9610 9624
842 855
19206 19209
36350 36355
42632 42642
19601 19601
31616 31616
42727 42736
24555 24578
46698 46706
23970 24060
49777 49777
35806 35808
12039 12110
40370 40416
14598 14600
38530 38550
23376 23378
40494 40512
717 722
41788 41792
46546 46680
9008 9012
30378 30389
30203 30216
42402 42410
30917 30925
46994 47004
49500 49504
10928 10944
34902 34905
20408 20435
22252 22262
15413 15417
48836 48938
14708 14720
3584 3590
13818 13820
34172 34182
40054 40075
22545 22545
39186 39206
16118 16136
39400 39408
21512 21526
22205 22262
31954 31969
24153 24260
30306 30315
14612 14613
3909 3910
8448 8488
39036 39044
37602 37604
38794 38797
42226 42228
4477 4492
31196 31203
15162 15194
20970 20972
16062 16110
11102 11124
41076 41080
5386 5390
20602 20614
35865 35865
27961 27984
26002 26008
8142 8146
39561 39561
47700 47703
15122 15160
28982 29060
16014 16018
9092 9102
33001 33001
12768 13088
45512 45554
48706 48712
2302 2306
9956 9980
19433 19433
14068 14068
45418 45456
5767 5767
19233 19233
47866 47875
30251 30251
41130 41176
46001 46002
16011 16020
11610 11614
10117 10130
5601 5601
14434 14440
2256 2285
21294 21306
46255 46255
29394 29420
17290 17296
4994 5008
43349 43349
18684 18689
16122 16136
35922 35926
45097 45100
13872 13886
19954 19956
14026 14036
27814 27825
9002 9004
28914 28928
44418 44420
8248 8268
11372 11420
21418 21425
14178 14185
38194 38208
31600 31610
46357 46376
14950 15228
16194 16200
6992 6994
17094 17110
17627 17640
23080 23081
18561 18561
48210 48219
2895 2895
31251 31251
44642 44656
37282 37285
29067 29070
36341 36341
21957 22001
16863 16866
43349 43349
29125 29128
5442 5460
33914 33928
27402 27410
46034 46060
18402 18528
10656 10660
34466 34468
35751 35751
14567 14570
2512 2568
39271 39272
46227 46250
41921 41921
9438 18528
17329 17336
17566 17604
11202 11216
6194 6203
41947 41948
25000 25025
2177 2230
3037 3037
23858 23870
1516 1524
28922 28928
38375 38376
47157 47234
14026 14036
47952 47960
27596 27605
33760 33762
35521 35521
44688 44696
35938 35947
13018 13029
18 26
6865 6865
26895 26920
18312 18321
49642 49648
5170 5175
31271 31303
25387 25392
41885 41897
44138 44150
32230 32236
42714 42725
6346 6378
1 5828
48878 48900
6380 6396
7484 7487
36553 36553
40324 40338
7770 7776
18878 18880
7634 7638
27466 27470
9192 9203
32851 32856
42438 42448
36266 36276
48199 48204
21698 21702
15594 15600
20913 20913
23790 23791
11578 11580
39737 39740
36681 36681
24689 24700
31709 31720
2878 3125
40025 40034
12554 12576
32958 32965
23632 23646
39359 39366
33905 33905
40769 40769
40180 40188
24798 24814
28548 28576
23158 23170
48301 48301
25920 25920
27828 27856
26168 26172
2177 2187
4402 4404
27722 27730
11767 11774
44258 44264
15358 15368
37276 37285
15729 15729
32518 32522
49456 49664
8542 8552
20310 20324
23217 23228
32404 32426
8633 8638
14187 14406
39506 39512
24625 24625
44706 44716
49062 49065
32781 32795
41302 41306
47587 47656
8190 8192
27828 27856
22152 22165
1712 1720
41685 41696
13090 13124
36282 36284
21637 21640
48548 48556
6960 6968
43752 43770
24157 24198
39234 39258
30792 30794
28407 28414
49012 49023
1902 1910
45489 45489
22563 22580
31722 31734
47627 47634
17928 17940
7819 7820
26942 26952
41885 41897
35904 35936
27607 27612
8539 8568
2477 2488
13693 13696
14849 14849
6833 6836
43052 43054
47866 47875
4210 4214
32177 32180
7489 7528
39922 39925
27752 27770
36975 36988
30051 30066
24401 24401
1044 1708
31402 31421
16478 16482
29477 29495
31419 31421
32798 32804
30662 30668
23110 23116
38279 38287
19788 19792
38587 38640
7550 7568
20286 20290
18098 18105
18926 18927
5551 5551
41282 41284
46736 46736
29912 29932
1404 1415
44478 44485
10594 10608
35756 35762
22648 22654
10877 10888
4117 4120
2837 2840
20575 20580
44101 44112
6222 6280
47910 47998
2766 2876
42501 42501
15354 15368
23537 23537
17348 17355
42398 42420
30561 30561
6356 6360
45218 45225
14021 14021
3909 3916
37929 37929
17610 17612
33746 33750
23376 23378
21314 21320
46830 46851
38912 38922
43002 43018
47962 47965
10621 10621
21730 21955
37138 37152
27664 27666
11137 11137
44310 44312
21999 22001
25010 25025
28264 28268
10928 10944
32449 32449
48558 48560
20385 20400
45707 45719
32784 32788
44432 44470
25452 25455
34478 34484
9772 9784
45250 45262
38461 38485
19280 19286
21278 21286
5544 5549
20889 20889
11342 11350
13150 13164
46477 46488
41788 41790
37438 37450
32447 32453
31425 31430
31017 31017
35464 35467
11782 11804
20702 20705
1774 1804
11757 11761
2024 2025
3292 3300
34675 34680
42222 42224
48369 48369
22761 22761
24206 24220
9951 9951
41362 41476
24200 24220
49448 49454
5041 5041
10052 10054
1441 1441
3384 3428
41921 41921
32870 32880
33862 33868
5902 5968
5912 5920
21843 21843
27882 27884
28717 28736
7477 7480
43120 43124
35792 35795
10826 10840
11418 11420
1912 1931
47587 47607
48504 48515
2596 2608
30242 30246
25998 26000
13732 13886
34529 34529
45942 45950
47636 47650
16952 16952
5889 5889
42582 42642
48252 48280
10556 10587
20598 20608
47233 47233
10660 10685
7489 7720
42197 42207
43762 43768
41378 41385
34441 34442
14714 14726
40194 40202
42122 42216
33946 33962
33495 33496
49170 49204
3010 3018
10802 10820
5177 5336
38587 38601
44279 44308
17488 17504
16514 16520
32654 32670
42834 42838
19764 19792
15072 15075
16856 16861
39774 39776
42378 42384
47418 47528
29609 29609
23001 23001
9062 9072
43823 43825
24050 24056
8340 8350
21512 21526
1281 1281
5626 5632
48961 48961
13732 13789
28464 28466
28900 28908
48928 48938
37814 37864
30110 30112
38466 38480
20632 20746
14942 14944
16601 16601
44638 44662
8529 8531
48392 49110
20936 20944
3692 3696
45167 45170
24897 24920
37898 37908
47297 47300
9161 9161
6726 6730
45969 45977
41192 41195
41467 41472
4194 4214
23364 23368
43943 43950
12442 12465
40156 40161
18686 18727
37430 37432
19565 19570
22705 22705
15451 15456
25803 25808
40764 40769
39335 39472
3466 3470
9592 9601
7053 7056
20841 20841
36999 36999
23650 23660
15254 15274
24998 25000
38852 38854
31223 31223
10146 10156
49834 49848
26744 26745
47106 47136
35738 35742
40712 40722
29062 29095
9041 9041
15877 15877
33172 33179
16682 16728
11914 11920
4277 4288
20797 20800
19116 19128
16073 16073
39498 39504
29606 29650
17632 17640
45346 45350
30889 30889
39036 39044
27498 27504
13778 13781
938 982
27047 27047
4710 4715
42991 42991
31219 31225
29186 29200
21829 21829
29606 29650
49920 49922
17284 17310
29596 29601
352 428
40577 40578
35159 35164
15809 15809
20254 20270
48669 48672
31464 31470
26043 26110
6424 6426
28982 28992
44302 44308
41590 41596
26646 26684
49404 49412
11045 11050
16484 16504
20632 20746
21340 21342
48978 48980
48961 48961
11441 11441
36741 36741
46477 46498
15469 15470
39310 39316
16194 16200
32658 32670
8052 8062
9566 9572
10961 10961
1344 1370
31273 31282
47442 47448
9132 9218
38344 38345
44878 44890
32986 32993
11757 11761
5898 5968
49314 49320
35800 35804
35464 35467
8801 8801
7346 7350
13234 13236
20627 20630
45564 45570
4040 4045
46042 46060
32347 32496
38960 38964
23122 23125
37702 37724
21912 21935
32072 32072
44138 44168
40712 40757
14890 14900
36549 36549
19577 19840
46227 46244
36358 36365
48392 48952
36945 36945
35983 35990
5434 5440
28717 28736
12626 12632
44453 44453
34521 34522
22072 22080
30357 30360
8978 8984
31273 31280
23481 23484
48738 48742
47151 47151
39973 40274
31388 31430
44626 44630
26976 26980
6958 6968
9380 9384
49946 49968
40040 40040
5134 5136
30382 30389
48147 48160
43728 43732
15181 15194
5598 5604
24401 24401
21240 21256
14502 14505
36900 36904
26286 26300
15726 15784
9413 9416
2256 2324
3046 3050
3601 3601
48230 49110
12812 12875
44542 44544
22794 22808
48757 48795
39774 39774
28050 28125
28434 28456
9249 9249
26012 26014
10078 10082
38182 38192
22414 22414
45792 45796
28874 28881
17258 17312
3998 4010
22434 22500
48000 48018
14196 14198
48751 48751
8938 8972
31271 31282
2922 2929
16561 16561
28733 28736
29142 29170
13394 13400
22983 23000
18700 18712
15519 15526
25714 25728
28077 28095
49012 49023
18314 18321
26061 26061
15522 15525
10200 10202
27958 28000
32152 32162
442 448
30391 30864
28758 28760
43762 43768
49592 49593
14798 14836
3147 3152
32471 32471
43594 43597
43188 43229
17007 17015
1918 1920
37958 37964
33734 33742
8642 8656
25213 25232
38174 38177
40406 40410
19494 19502
7882 7904
38430 38459
4867 4868
2998 3001
42991 42996
37226 37359
45047 45050
40091 40114
9997 10050
37810 37812
6380 6396
24834 24840
17351 17351
2588 2594
13901 13901
5998 6005
46024 46024
25277 25277
19338 19344
28002 28007
2758 2764
39481 39481
38041 38050
48326 48328
45917 45918
42854 42860
23314 23320
6441 6456
17776 17804
21577 21610
44487 44492
22529 22533
15932 15940
34009 34009
25001 25001
47297 47416
30929 30929
20001 20001
12112 12116
41374 41376
30955 30955
33900 33907
30588 30592
24550 24552
16794 16808
13912 13915
4350 4355
32694 32706
6766 6825
31836 31870
26434 26438
8801 8801
2878 2888
466 466
34922 34927
12554 12580
43467 43485
3998 4010
44000 44002
22826 22828
22667 22672
31432 31434
33041 33041
14084 14092
43478 43485
35622 35624
26514 26526
20930 20932
35252 35252
23118 23140
47238 47250
23808 23809
6098 6108
6713 6713
16042 16053
42152 42160
38179 38180
11497 11500
48426 48432
6996 7002
39176 39206
6770 6774
49029 49031
1044 1090
46124 46132
39794 39971
48289 48289
1550 1552
20385 20385
20902 20909
13977 13980
16002 16009
2158 2168
26120 26131
48632 48952
39026 39028
23838 23843
45764 45784
2557 2568
7551 7551
41985 41985
14372 14380
13722 13724
3872 3876
38354 38358
14936 14948
29428 29452
41236 41259
12526 12530
47287 47292
6338 6344
16056 16060
41698 41700
24126 24126
27121 27121
18386 18408
586 592
47066 47072
24277 24280
27622 27628
49010 49010
35422 35425
16037 16053
40313 40332
42527 42528
12052 12055
13168 13189
17402 17420
818 822
8026 8048
11134 11152
35266 35272
4138 4150
47652 47692
19440 19448
38352 38412
26577 26580
4466 4468
27026 27075
46558 46568
18546 18556
25965 25975
43097 43124
15714 15720
26292 26300
35274 35285
19569 19569
12020 12028
35877 35879
8466 8466
45017 45018
17738 17742
20001 20001
39847 39851
43282 43282
11095 11124
11074 11076
48944 48952
32439 32445
1 233
13325 13328
45822 45901
28077 28098
29347 29352
8418 8421
47114 47122
16343 16360
37382 37392
236 242
22788 22808
20827 20835
4314 4338
35540 35542
47255 47295
5088 5101
15420 15422
16530 16534
47357 47380
14160 14164
22453 22458
39356 39484
15298 15302
7990 8015
28627 28641
506 512
27186 27236
15721 15722
31777 31780
38610 38612
48681 48681
4349 4564
47541 47585
41169 41171
44861 44861
47665 47665
40240 40245
7966 7972
43814 43816
38001 38001
30041 30041
9150 9164
16337 16337
42718 42725
4223 4232
45138 45152
5410 5412
18714 18727
10913 10913
30978 30998
10012 10012
37205 37206
11184 11190
47946 47948
39601 39601
17488 17504
15584 15586
2687 2698
46577 46577
47255 47258
44718 44732
30428 30430
18124 18169
29181 29181
6758 6764
17831 17831
41400 41412
21201 21201
25872 25874
4098 4105
6194 6240
35627 35644
9761 9761
24941 24942
44240 44242
35622 35624
36351 36351
26544 26549
24852 24872
2477 2488
22306 22308
41672 41685
14306 14360
33568 33569
30391 30392
28396 28403
18654 18660
19464 19536
27472 27472
45252 45256
7282 7284
31074 31084
12518 12524
13592 13598
40670 40678
5921 5921
2578 2586
20616 20625
26149 26150
24082 24084
19101 19101
33351 33351
14778 14790
38818 38875
8394 8408
35601 35601
8701 8701
12067 12084
2342 2350
48147 48164
8876 8876
36801 36801
35364 35370
4632 4640
8738 8745
1387 1396
34294 34300
22322 22340
26636 26640
13233 13236
25316 25328
13241 13241
44598 44610
34595 34610
39098 39108
17538 17625
46546 46648
18752 18758
40341 40347
24290 24310
26712 26722
44692 44704
29396 29400
994 1000
6026 6030
8152 8155
33330 33340
6554 6596
33298 33300
49073 49073
41772 41780
16260 16270
5212 5230
42644 42751
20038 20066
6705 6705
36681 36682
27880 27886
47158 47173
23502 23506
18705 18705
9592 9601
2099 2110
45017 45034
36944 36952
4452 4460
38194 38204
12050 12110
26152 26152
22277 22508
15027 15036
22983 23145
23590 23592
30306 30315
21022 21045
38121 38128
21594 21600
25000 25004
23452 23460
34792 34806
27275 27276
36130 36136
34110 34216
46530 46540
17706 17710
26895 26907
16440 16444
14401 14401
7654 7656
31643 31645
22878 22881
19733 19752
28650 28651
41076 41080
18577 18577
39774 39784
26108 26110
497 512
39601 39601
14121 14121
29252 29259
45318 45322
5518 5533
5189 5189
43188 43208
23101 23101
5018 5050
7834 7856
17996 18008
44706 44712
2473 2473
13357 13368
23916 23925
3237 3243
8600 8622
1482 1483
791 806
48000 48018
2998 3001
4618 4624
41362 41376
41518 41526
47026 47030
5588 5635
37880 37884
39191 39199
12262 12268
29062 29080
42892 42896
17700 17702
1627 1645
30889 30889
44714 44896
3832 3842
25832 25852
12000 12002
40256 40258
47952 47980
47587 47692
8978 8983
37351 37351
40401 40401
15514 15526
23744 23750
17358 17364
16554 16564
12512 12515
23472 23484
5130 5175
35518 35526
48289 48289
39986 39988
19075 19086
5504 5510
30982 30996
29898 29968
43406 43408
25256 25346
48636 48639
19388 19424
5152 5156
49102 49109
46777 46777
11761 11761
7342 7364
39790 39790
875 880
10476 10490
18993 19000
39435 39455
6194 6246
33051 33051
18920 18924
23382 23408
38546 38551
1194 1210
22961 22962
2849 2849
13160 13162
42842 42848
7114 7122
41691 41691
5588 5635
48744 48748
27441 27441
31454 31462
39997 40004
8270 8272
33077 33084
3748 3755
30317 30319
21577 21650
9892 9899
566 676
18386 18408
19122 19128
18744 18750
22412 22485
13233 13236
31219 31225
49917 49918
13777 13781
32999 33015
21186 21200
45250 45268
16513 16528
2502 2505
44955 44958
9731 9738
42107 42188
8530 8531
7081 7096
2747 2748
25526 25560
10556 10558
48730 48748
41082 41090
11767 11772
14708 14948
39612 39631
24941 24942
36477 36484
17478 17655
32010 32068
860 864
27390 27390
3546 3576
8432 8436
1 10
13732 13742
37871 37871
38378 38412
24267 24272
2775 2780
26386 26418
32302 32304
46877 46890
17984 17991
9592 9601
11594 11602
45290 45384
30649 30654
14958 14968
27607 27628
2655 2668
44487 44492
41436 41440
23061 23061
43978 43986
48610 48616
46227 46244
8682 8690
15590 15592
27601 27601
20916 20922
43280 43290
25462 25524
43280 43290
3584 3590
35660 35665
12141 12141
42699 42703
25482 25488
25659 25664
6168 6171
47074 47078
19996 20029
32366 32374
14855 14860
28026 28030
37122 37125
25507 25510
7851 7851
17427 17432
15685 15688
25401 25408
34615 34834
16566 16575
40886 40893
36472 36475
28971 28972
2047 2097
46682 46692
7498 7508
21240 21250
3882 3890
8148 8150
13141 13141
45923 45925
17292 17296
38418 38428
39812 39818
28699 28704
46968 46972
12922 12925
23487 23490
24022 24028
47577 47580
15552 15558
20210 20216
16481 16481
9770 9770
15742 15784
5912 5922
24716 26041
37263 37265
45877 45880
5840 5851
48017 48017
31786 31800
4500 4504
22121 22121
34274 34304
45418 45472
17870 17872
36395 36400
36492 36492
28762 28764
20230 20244
401 405
24716 25524
27128 27136
7247 7255
24332 24335
3449 3449
39281 39284
10736 10740
29435 29440
20866 20867
22084 22192
42948 42954
12401 12401
5005 5005
45969 45984
38321 38321
45017 45034
41848 41887
31582 31582
46290 46303
35432 35445
3757 3769
34327 34327
1522 1568
2470 2475
21918 21920
43730 43732
15700 15703
7698 7704
9942 9980
18616 18660
10572 10580
45332 45340
45915 45921
21150 21155
9770 9782
14434 14474
35260 35264
35952 35962
4812 4815
33544 33546
38503 38504
28810 28819
32246 32279
14798 14813
44672 44675
44972 45045
12459 12465
44714 44940
36570 36615
31881 31881
34947 34948
873 882
17329 17336
27752 27757
28276 28276
36090 36140
48997 49024
23255 23256
46070 46090
12482 12485
20142 20172
6194 6210
41100 41102
49180 49184
42218 42224
45149 45156
47026 47032
658 664
33542 33552
24476 24486
48674 48677
1120 1122
26551 26580
46190 46199
38952 38960
16536 16542
45942 45950
12007 12012
43963 43976
4174 4174
44822 44840
8448 8450
22225 22225
34952 34954
37219 37220
14815 14815
12798 12804
29142 29143
28766 28830
26052 26070
15370 15380
35600 35605
25965 25975
27831 27831
10625 10625
47438 47448
38877 39117
2080 2082
20898 20900
3632 3712
28356 28358
31842 31856
49500 49504
1942 1948
47885 47893
16149 16150
34746 34752
40759 40930
5414 5425
13466 13470
2810 2817
27677 27684
2080 2082
11396 11407
43280 43290
35774 35780
42508 42512
41120 41124
15560 15562
21192 21200
48377 48389
17756 17758
9612 9616
17284 17300
45290 45298
39578 39592
18002 18052
36702 36712
43856 43861
1281 1281
47357 47370
13797 13804
8072 8090
35084 35164
6894 7487
15702 15703
28902 28912
33760 33784
21071 21124
49373 49400
22264 22272
3355 3362
30626 30647
36266 36295
28550 28552
49149 49154
26686 26705
14392 14394
34360 34362
28384 28394
16938 16956
29557 29601
33292 33296
30542 30552
66 70
16353 16353
4362 4528
8322 8355
24894 24930
4898 4908
12141 12141
15569 15569
38109 38109
32615 32628
4422 4442
22050 22052
9942 9980
3237 3240
25958 25963
20630 20636
22736 22738
42251 42251
41922 41930
16379 16386
21577 21680
27867 27870
29677 29694
21459 21463
5987 5987
46876 46896
6012 6184
7518 7524
32841 32849
19075 19075
37948 37950
27677 27684
32366 32453
37038 37075
17993 17993
12768 12776
40562 40565
48444 48472
39906 39968
6867 6888
23020 23028
41542 41552
13822 13828
12825 12832
7097 7103
14498 14512
45423 45428
22718 22728
45735 45748
40567 40572
32940 32980
11422 11448
3220 3226
18177 18190
5401 5401
41120 41124
14449 14449
43553 43558
626 630
37726 37727
24050 24056
1 10
47537 47537
46177 46219
32252 32279
30764 30768
46142 46156
16484 16504
47230 47236
3748 3769
13774 13775
23851 23851
44851 44851
26866 29368
36600 36603
49186 49196
36158 36162
27729 27729
566 630
21777 21777
28627 28630
10757 10757
824 864
26404 26416
6953 6953
39688 39700
38457 38457
49165 49165
21272 21276
28521 28522
29978 30004
43161 43161
16160 16174
23777 23777
7712 7940
17366 17372
10589 10593
21417 21425
32001 32004
12017 12017
30570 30575
20387 20404
32364 32515
44718 44728
13852 13860
30562 30614
48076 48080
40362 40368
1387 1396
27829 27840
9192 9203
49134 49257
43930 43932
38072 38080
6852 6892
10602 10608
14972 15144
28120 28125
18086 18096
9018 9024
37287 37296
43473 43473
48147 48160
44092 44130
9097 9102
35862 35864
14602 14604
20353 20353
4958 4975
5494 5502
46227 46244
49443 49446
10872 10892
44241 44241
20855 20859
6477 6484
13862 13867
14802 14845
23970 23984
13752 13781
34196 34208
1474 1656
22084 22135
26106 26106
6367 6396
36374 36388
11178 11256
1 42105
19648 19702
43258 43260
23314 23328
33132 33144
38561 38561
32267 32272
5177 5232
23996 24010
32538 32539
40952 40964
45606 45608
13476 13480
22992 23010
44581 44582
47281 47284
38146 38172
44858 44880
13394 13408
43337 43344
18994 19049
32394 32402
24532 24535
6188 6246
48914 48928
1600 1602
27400 27408
5177 5264
46933 46933
33072 33110
44330 44350
42876 42876
23410 23466
484 490
46741 46746
39191 39203
4560 4564
18774 18782
6726 6734
21131 21131
36881 36881
39597 39610
32212 32222
33120 33129
10922 10923
34842 34845
27554 27560
44834 44840
47922 47968
21682 21816
16028 16028
24381 24381
4349 4360
45916 45921
46802 46804
28416 28624
32920 32922
1446 1448
34088 34100
44241 44241
24110 24112
16069 16069
25138 25143
7772 7776
5021 5021
1194 1210
7681 7681
28082 28090
43506 43510
35126 35164
18530 18556
17488 17505
6367 6372
32109 32110
20001 20001
1194 1210
45721 45756
16772 16792
41674 41683
40786 40790
33311 33330
37137 37436
38865 38865
48614 48616
20001 20001
39578 39610
10507 10530
15925 15927
14842 14845
20557 20560
36592 36596
23996 24010
9674 10422
20610 20614
8797 8804
35983 35998
16551 16551
33969 34012
38146 38172
18752 18757
24954 24984
860 864
8653 8656
26292 26300
33523 33552
22510 22528
11177 11177
49212 49216
16593 16593
35974 36010
13410 13416
782 784
19252 19258
19002 19034
938 964
4978 5013
7620 7625
22318 22329
13592 13603
20597 20614
4530 5828
44768 44776
24153 24153
40952 40964
49002 49008
37028 37035
11166 11168
37592 37593
24894 24906
23608 23613
3666 3672
48591 48591
39577 39686
35756 35762
265 270
47854 47882
32301 32301
1036 1042
47541 47794
23472 23479
14200 14200
41023 41026
11060 11084
24798 24808
4958 5016
49514 49551
10806 10810
21878 21886
31010 31020
14730 14748
30054 30064
30139 30147
18882 18888
33598 33603
35126 35134
38686 38709
46626 46628
33498 33504
15461 15461
21668 21672
14559 14564
41480 41525
1298 1305
31294 31303
8018 8024
23996 24010
49921 49921
5840 5840
23608 23610
21102 21105
12650 12652
25410 25410
34080 34086
28274 28280
22072 22082
7098 7100
49721 49724
35352 35361
13152 13154
47126 47126
19841 19841
27121 27121
35850 35856
21552 21552
21538 31255
684 688
40637 40642
33969 33970
39446 39455
8161 8161
29253 29253
42929 42944
20114 20125
48954 48960
47362 47367
32152 32156
1482 1656
20616 20626
10314 10326
36146 36150
23996 24010
39147 39203
7112 7136
39098 39108
10242 10268
27794 27800
1777 1777
38818 38875
7076 7079
31210 31217
7721 7721
11161 11161
1941 1992
15209 15209
30194 30216
47841 47841
7005 7005
31714 31720
42999 42999
9574 9584
915 915
19714 19731
33861 33884
2998 3002
15140 15142
33917 33928
43327 43330
12196 12210
38917 38917
12187 12216
3480 3616
13811 13811
19674 19688
44572 44582
29347 29354
29067 29070
21538 22704
31432 31434
152 330
16580 16580
38878 38885
11914 11934
12617 12620
10299 10300
15370 15380
36871 36871
48252 48280
1602 1604
44617 44618
9074 39790
23996 24010
20096 20112
33196 33505
43149 43216
42285 42290
15700 15703
34963 34975
3472 3475
1233 1233
760 764
44590 44592
3442 3460
46595 46608
10630 10648
26602 26608
28733 28736
35929 35930
17514 17525
49072 49109
3023 3028
19774 19776
26259 26280
28370 28372
45141 45144
741 747
8752 8756
44209 44209
7498 7500
12998 13014
6242 6246
29250 29250
19205 19218
31600 31610
327 328
17290 17300
47754 47756
34522 34522
28242 28248
19340 19344
12091 12104
10307 10309
17598 17601
3249 3288
25311 25311
4791 4800
44045 44050
41282 41303
8765 8773
28738 28830
25547 25554
48000 48928
49721 49721
39914 39920
6442 6444
8230 8274
35601 35605
18586 18596
26218 26249
20748 20750
34386 34442
29749 29749
25746 25752
5830 5883
44617 44684
2310 2320
30954 30960
6248 6248
43752 43758
48236 48280
9132 9134
48076 48084
38681 38682
235 317
4738 4752
36880 36881
21689 21689
25507 25510
47255 47295
25297 25297
10312 10385
2001 2001
6127 6140
2841 2841
14612 14615
32064 32072
24882 24892
46514 46518
3396 3396
10879 10888
38548 38568
26538 26549
25880 25884
19882 19889
42892 42896
17789 17789
10062 10066
7851 7851
45582 45652
33526 33526
39544 39550
15632 15640
36345 36348
42512 42512
5482 5510
22453 22456
18801 18801
9192 9203
8148 8156
48876 48888
41446 41450
33501 33501
1867 1882
30704 30709
22594 22604
15480 15488
17132 17134
20178 20202
15174 15174
39191 39203
21647 21648
48236 48280
32887 32900
18010 18011
47438 47455
33521 33521
5941 5941
5434 5440
26793 26793
1240 1248
46442 46504
23812 23816
3777 3777
19918 19928
48878 48885
38810 38816
20718 20724
19618 19620
34829 34832
18177 18177
22237 22244
1482 1520
33632 33634
3220 3235
19891 19896
31662 31682
9564 9586
47601 47601
21790 21792
30317 30317
20994 21012
34380 34442
13917 13925
15354 15368
28643 28736
39853 39864
26982 27280
5177 5336
27852 27856
36551 36554
47424 47436
598 604
47345 47345
21322 21329
40116 40125
31557 31650
44734 44744
20770 20770
27706 27708
15102 15105
14830 14845
38887 38942
36092 36112
41126 41136
7498 7508
10788 10799
440 445
24626 24628
29723 29728
49698 49700
27464 27472
28464 28488
32577 32577
8868 8872
9758 9764
31926 31932
21512 21524
24302 24308
36423 36424
39501 39501
22610 22625
42001 42005
30096 30102
22103 22103
25531 25531
15789 15816
11705 11705
6121 6124
27518 27535
28284 28292
21826 21864
41357 41360
48236 48324
15564 15570
24310 24432
30531 30531
28550 28552
36738 36752
27842 27848
19998 20006
232 233
27066 27068
30801 30803
40759 40992
5681 5681
34754 34760
43877 43878
21568 21570
3262 3268
5998 6005
8676 8734
49002 49025
47054 47055
16962 16968
4400 4403
27102 27108
48847 48863
46769 46769
11594 11602
7550 7564
42454 42463
5673 5673
4602 4624
48930 48976
38993 38993
7193 7204
45969 46000
39174 39203
35034 35050
30656 30660
33501 33501
22740 22745
14429 14432
43767 43784
8776 8776
9025 9025
38070 38080
9917 9938
40017 40020
2716 2718
23936 23941
7428 7434
48108 48115
23233 23233
4958 5101
38952 38976
19108 19110
32129 32129
22957 22957
34294 34304
42762 42766
35500 35512
13296 13300
35084 35165
44052 44059
23649 23650
49600 49607
2687 2698
37858 37860
35518 35770
