1 10000
7684 9289
5298 7682
1293 5296
5298 6752
1293 5296
802 1016
5562 6752
1293 4424
6754 7682
482 800
7684 9289
1293 2883
9292 9648
9825 10000
5298 5560
6754 7682
2885 4422
5101 5101
5577 6752
5298 5560
1293 2883
5577 6752
2885 4422
2885 4422
7684 8950
3138 4422
9292 9648
8098 8950
2542 2883
655 770
110 400
7410 7682
1293 2272
3138 4248
9292 9616
7684 8060
8098 8950
7684 8060
5122 5296
6964 7408
972 1016
3138 4220
4401 4401
3138 4220
655 1016
1026 1291
4426 5000
9650 9812
3138 4160
8322 8950
4013 4013
5002 5110
7502 7682
5677 6027
2652 2883
5002 5460
7521 7521
1293 1460
772 928
9378 9527
6042 6144
110 400
110 400
672 770
1026 1291
3138 4220
530 653
8210 8320
1462 1536
6906 6962
8952 9100
5462 5560
5082 5110
8952 9100
110 400
5002 5080
8322 8950
3622 4220
1538 1600
2295 2540
4250 4422
6779 6848
6001 6001
3622 4220
7684 7986
1602 2100
3622 4220
930 970
7684 7986
5201 5201
6779 6848
1642 2100
772 928
7684 7986
7521 7521
8322 8800
8257 8257
7347 7435
8210 9150
7502 7682
7684 7986
4001 4001
1722 2100
8802 8950
4482 4640
6330 6750
8302 8320
3622 4220
8098 8208
1018 1090
8561 8561
5562 5664
930 970
2561 2561
6330 6590
7684 7872
4642 4792
1722 2032
1092 1291
2602 2800
202 384
1092 1291
1302 1446
9661 9661
5562 5664
3138 3360
5121 5121
7321 7321
6964 7112
7874 7986
6779 6848
2894 3136
2894 3136
7202 7345
6330 6552
9089 9089
6233 6252
3781 3781
530 635
4482 4792
2542 2576
9402 9527
3546 3620
5298 5400
8578 8800
4424 4480
7941 7941
1018 1090
1661 1661
3221 3221
1092 1291
7684 7795
7684 7795
5462 5612
6592 6702
6779 6850
3601 3601
2178 2245
2734 2800
7729 7729
6505 6505
2295 2396
674 770
474 524
8439 8576
110 384
6482 6552
1538 1560
9402 9527
5240 5296
6029 6140
9650 9794
6330 6480
2734 2800
5874 6027
5677 5761
4830 4920
8721 8721
1666 2176
6978 7112
4352 4422
2932 3476
1201 1201
8802 8950
3713 3713
4597 4792
972 1016
761 761
674 750
1538 1640
9854 9868
3249 3249
537 537
2112 2176
22 108
3249 3249
1293 1414
6337 6337
5521 5521
8377 8437
9870 10000
4482 4565
2602 2732
183 306
8751 8751
3271 3271
1559 1559
7347 7475
6906 6962
7874 7962
8271 8271
5142 5155
2734 2860
5142 5155
2602 2732
6113 6113
4082 4200
6793 6793
9521 9521
5874 5940
8161 8161
4922 4931
8681 8681
1491 1491
4794 4828
3796 3972
3974 4080
3409 3409
8442 8576
6937 6962
9441 9441
2033 2033
3622 3758
9425 9425
8977 8977
9152 9200
6254 6328
1462 1470
2081 2081
3522 3544
1 12
5462 5550
6674 6702
1 12
8756 8800
3546 3600
8153 8208
8802 8950
4962 5120
1931 1931
7061 7061
2578 2732
6754 6850
2401 2401
1962 2008
1289 1289
7401 7401
4424 4565
9174 9250
7977 7977
2401 2401
5763 5815
5677 5740
7601 7601
110 143
3974 4080
342 384
8442 8511
6077 6140
1666 1720
2561 2561
1330 1465
9667 9794
7546 7640
2578 2732
6254 6328
6034 6075
9877 9877
7684 7706
2554 2800
7761 7761
2802 2860
5142 5155
7601 7601
9870 10000
6946 6960
5817 5840
1569 1569
3690 3758
14 20
972 1016
5157 5208
4351 4351
3622 3758
8901 8901
1602 1632
9336 9388
3138 3380
2398 2460
530 653
2370 2883
2181 2181
8001 8001
1201 1201
4001 4001
9057 9150
3842 3912
7019 7126
7361 7361
9390 9400
1250 1280
8501 8501
4342 4402
9796 9812
6852 6866
6674 6702
2241 2241
2578 2732
1467 1470
2398 2460
8994 9055
9336 9388
5782 6368
6077 6144
2721 2721
9870 10000
4585 4585
4651 4651
8008 8040
7297 7330
5210 5238
460 461
4877 4920
9796 9812
4189 4189
9870 10000
6254 6320
3361 3361
2601 2601
8178 8208
8994 9055
2202 2245
7072 7073
1 2032
1250 1280
2619 2732
9921 9921
2945 2945
6801 6801
272 528
7690 7706
308 384
2501 2501
8456 8511
927 958
9796 9812
2081 2081
861 861
5717 5780
3792 3793
3602 3620
1946 2032
8381 8381
2885 3040
7072 7073
6001 6001
9402 9488
866 912
6162 6231
6162 6368
3521 3521
409 409
1041 1041
7442 7475
7587 7620
9201 9201
9372 9388
3974 4021
9529 9610
3402 3476
9201 9201
4512 4680
6330 6368
4933 4960
6561 6561
9905 9906
369 369
6254 6320
4456 4463
1041 1041
4937 4937
8881 8881
4241 4241
4121 4121
2761 2761
4621 4621
2802 2879
7794 7795
2991 2991
6082 6120
674 752
1702 1926
1561 1561
251 251
1 10000
5552 5578
3801 3801
3072 3136
3685 3685
1682 1685
9174 9248
3201 3308
1196 1224
6162 6231
1298 1344
22 96
637 653
769 769
8722 8752
6201 6201
8513 8542
1 12
3501 3501
8456 8511
3669 3758
4294 4402
5462 5500
9291 9334
159 159
1476 1480
8801 8801
4001 4001
2929 2929
5210 5232
1185 1185
9402 9488
6254 6320
9681 9681
2081 2081
4613 4613
1321 1321
4709 4748
7657 7682
1022 1041
561 561
8620 8696
2001 2001
2034 2110
417 417
6077 6120
9372 9388
1951 1951
7347 7475
1501 1501
1201 1201
3422 3476
3602 3620
9057 9095
2786 2879
7701 7701
1293 1344
6001 6001
4424 4447
7033 7033
8923 8949
8226 8300
1962 2005
1946 2005
2321 2321
1482 1944
2761 2761
5763 5780
6412 6530
5181 5181
9909 9909
2337 2337
8062 8096
3602 4266
3041 3041
1737 1737
2978 3048
2862 2879
1761 1761
9841 9841
8062 8150
2913 2913
8098 8150
3473 3473
4172 4248
7830 7872
1346 1370
4877 4912
1528 1601
1297 1297
6154 6184
4281 4281
4130 4168
4341 4341
8362 8448
8620 8696
7057 7057
1921 1921
7019 7126
6370 6410
8081 8081
7601 7601
8402 8437
3401 3401
8952 8976
3487 3536
8833 8833
8001 8001
3201 3308
7701 7701
5717 5740
308 384
4376 4376
6965 6965
9291 9334
8098 8120
7441 7441
4172 4243
2885 3057
9766 9794
2474 2483
4250 4266
9181 9181
8841 8841
3487 4266
4601 4601
2962 3057
4877 5460
1616 1617
5064 5064
6881 6881
3176 3177
8713 8713
7651 7651
9297 9297
5661 5661
5921 5921
4001 4001
1901 1901
1438 1446
5021 5021
282 400
2738 2784
2507 2552
8122 8150
6241 6241
1482 1632
8620 8640
8606 8610
8751 8751
8302 8336
3520 3521
4401 4401
2341 2396
4945 4945
7347 7475
6401 6401
8811 8811
7517 7560
4097 4097
3751 3751
1801 1801
7347 7475
6241 6241
129 129
1 10000
9930 9980
972 1016
8642 8692
5677 5690
2738 2784
8951 8992
2726 2726
2698 2736
7058 7126
657 657
5462 5548
609 609
929 929
4172 4243
6330 6360
5210 5460
2769 2769
1521 1521
9181 9181
4709 4748
2233 2245
8642 8692
3601 3601
2619 2680
3138 3170
8612 8640
4321 4321
3842 3864
8858 8921
1250 1260
9751 9751
2649 2649
9331 9331
6321 6321
3633 3633
4114 4128
6154 6160
2649 2649
8247 8247
4573 4573
1778 1895
2051 2051
201 201
372 432
7416 7416
7928 7962
481 481
9391 9393
5112 5155
7874 7896
3674 3746
308 346
8864 8865
9361 9361
751 751
5381 5381
8225 8225
4838 4875
9902 9928
9481 9481
3126 3126
772 832
2698 2736
3571 3571
9336 9502
2961 2961
5966 6024
4456 4463
8122 8150
9851 9851
2701 2701
7281 7281
6961 6961
1415 1415
401 401
1201 1201
6732 6790
4709 4740
3665 3665
4495 4510
2051 2051
4357 4357
1570 1601
2941 2941
2093 2093
22 88
9529 9564
7881 7881
4634 4670
282 304
6412 6530
5462 5548
8450 8454
4569 4569
7347 7475
2132 2240
6817 6817
372 432
1171 1171
3929 3929
3761 3761
738 832
1971 2000
1351 1351
2051 2051
2530 2540
311 311
9441 9441
6122 6152
2401 2401
4401 4401
3760 3810
5121 5121
2391 2391
9722 9764
5398 5400
9825 9856
2034 2240
2781 2781
4081 4081
1 10000
9433 9433
4601 4601
2577 2577
2702 2784
7347 7475
738 832
8544 8576
877 912
1361 1361
5250 5273
8352 8448
8952 8960
6521 6521
3201 3201
9814 9823
3396 3396
1528 1568
8561 8561
8170 8208
5849 5924
5462 5475
8962 9260
6478 6530
6001 6001
8210 8304
2602 2617
7533 7533
561 561
5398 5460
3929 3929
9176 9176
6993 6993
4966 5019
9401 9401
3792 3793
8593 8593
5745 5746
3623 4014
8170 8208
2847 2847
4514 4552
225 225
5406 5406
504 522
9667 9712
4742 4748
9937 9937
3722 3746
8210 8300
6161 6161
5051 5051
8801 8801
5411 5411
354 370
8210 8300
9092 9160
4722 4740
770 875
7001 7001
6370 6548
145 164
4966 5019
761 761
7690 7706
22 88
8751 8751
8352 8448
2329 2329
1105 1105
2885 3057
9149 9149
2941 2941
2288 2289
3072 3082
2241 2241
7981 7981
9930 9980
8001 8001
5398 5460
3906 3912
1 1
3570 3616
1876 1876
9473 9473
5112 5142
2731 2731
348 370
2786 2869
1793 1793
5986 6024
9181 9181
3201 3201
7151 7151
2554 2604
7546 7572
4581 4581
7347 7400
594 600
4181 4181
8177 8208
9513 9513
3241 3241
3669 3746
7773 7773
8661 8661
6721 6721
6401 6401
90 143
1321 1321
6781 6781
7898 7906
3021 3021
7633 7633
8901 8901
2281 2281
5061 5061
2001 2001
8001 8001
2642 2675
672 710
5884 5904
3233 3233
7681 7681
7257 7288
1265 1265
6981 6981
4370 9810
183 208
8177 8177
2786 2869
1778 1828
8751 8751
4401 4401
3571 3571
321 321
6009 6009
8001 8001
1134 1175
5697 5697
1634 1680
8772 8812
4634 4670
2981 2981
7361 7361
6273 6273
2132 2194
386 568
8057 8096
2562 2566
3321 3321
9453 9502
8481 8481
22 88
5879 5879
2771 2771
2101 2101
5281 5281
8993 8993
4801 4802
5425 5426
4301 4301
9722 9764
348 370
1521 1521
8700 8754
3346 3354
6201 6201
2721 2721
4988 5079
6489 6490
6833 6833
4951 4951
5302 5325
1601 1601
4897 4897
7727 7750
5369 5369
5622 5650
9577 9577
2151 2151
2786 2869
2381 2381
2885 2958
4268 4366
7797 7824
1177 1194
5884 5904
8612 8625
450 653
7846 7872
4853 4854
6085 6085
314 346
1801 1801
2451 2464
8772 8812
6201 6201
5580 5602
8858 8920
2418 2440
602 635
4258 4266
5583 5583
9501 9501
9601 9601
1608 1776
4966 4986
2627 2656
8513 8513
5112 5125
9951 9951
1745 1745
3059 3062
9825 9860
7421 7421
6993 6993
81 81
5334 5364
3760 3776
5001 5001
6562 6615
4465 4465
6421 6421
8402 8410
5951 5951
7830 7896
721 721
1634 1680
192 193
4621 4621
3982 4014
1162 1249
1001 1001
7601 7601
6441 6441
1249 1249
6034 6072
801 801
9529 9544
1338 1370
8481 8481
9453 9502
5580 5602
3072 3135
8985 8985
129 129
1532 1568
6330 6360
5001 5001
1928 1935
9586 9610
6550 6560
6941 6941
4249 4249
1389 1389
3761 3761
4537 4537
1821 1821
7249 7249
7770 7792
734 768
9541 9542
7969 7969
3107 3107
341 341
227 250
2600 2604
7546 7547
6812 6840
1778 1795
9529 9544
5381 5381
7611 7611
6805 6805
9426 9426
2057 2057
5600 5601
6178 6231
530 540
9089 9089
6705 6705
9881 9881
8751 8751
5966 6152
7727 7750
51 51
2049 2049
1 4368
1876 1876
9218 9248
997 1016
9252 9255
3609 3609
5884 5904
4554 4720
8849 8849
3356 3428
9553 9553
2978 3048
7433 7433
2074 2080
776 776
9585 9610
9097 9152
8161 8161
981 981
5884 5904
9921 9921
3709 3710
7019 7184
3310 3336
2821 2821
8897 8897
1841 1841
1 1
4942 4964
7651 7651
4301 4301
2685 2685
3841 3841
2539 2539
5652 5690
2288 2289
5275 5325
6917 6928
5201 5201
22 88
8586 8592
6209 6209
3081 3081
5342 5364
4753 4754
8030 8041
1691 1691
7425 7425
3531 3531
2451 2464
6045 6075
4329 4329
4321 4321
1066 1073
3489 3489
7462 7463
4514 4552
1857 1857
2201 2201
2301 2301
2917 2917
6421 6421
2960 2976
8833 8833
7281 7281
8721 8721
8627 8662
1 1
6481 6481
8193 8193
8627 8662
7541 7541
4857 4857
9617 9617
192 193
2001 2001
2568 2582
3031 3031
458 480
7830 7844
2801 2801
6545 6545
6271 6271
1311 1311
6450 6476
4274 4332
6601 6601
8893 8893
3517 3540
6305 6305
6902 7200
8544 8584
8966 8980
5921 5921
1970 2005
8209 8209
4274 4332
7885 7885
3284 3298
1553 1554
6905 6905
2531 2531
7293 7293
4709 4748
1801 1801
6722 6724
2001 2001
801 801
5993 5994
9473 9473
7621 7621
1043 1061
2881 2881
4642 4670
5001 5001
8761 8761
1439 1441
3781 3781
2001 2001
6951 6951
4294 4352
4337 4337
641 641
637 653
1 12
6481 6514
6191 6193
2402 2449
8141 8141
5873 5874
914 925
6801 6801
3401 3401
305 305
8081 8081
2501 2501
6001 6001
8982 8990
4709 4748
703 703
7770 7792
705 705
6837 6837
8122 8136
8352 8368
5634 5690
3310 3336
1132 1160
9250 9255
5218 5230
4204 4204
497 497
9521 9521
2539 2539
5510 5548
7132 7152
8721 8721
7881 7881
3104 3135
3851 3851
4294 4352
2247 2256
4233 4233
2627 2640
277 277
1725 1727
5881 5881
731 731
1797 1895
5073 5073
2455 2455
3251 3251
7441 7441
9153 9153
8402 8600
141 141
6541 6541
5969 5969
5884 5928
9425 9427
2361 2361
6481 6514
5634 5690
621 621
6353 6353
3221 3223
6325 6325
6207 6227
8125 8125
5191 5191
4851 4851
2917 2958
4138 4146
2682 2700
1169 1169
8353 8355
81 81
4737 4737
2960 2976
2321 2321
7651 7651
9985 9986
8138 8151
7257 7288
1715 1717
3181 3199
1105 1105
9881 9881
9801 9801
7251 7251
7001 7001
3137 3144
2868 2879
4371 4402
6441 6441
3481 3481
2885 2976
3241 3241
2731 2731
6726 6810
8814 8835
9859 9859
4157 4243
1901 1901
9473 9473
4370 9810
486 499
5023 5079
570 613
8673 8673
5552 5558
672 732
801 801
7521 7521
9641 9641
8444 8444
7876 7876
3641 3642
4461 4461
4109 4109
4097 4097
1537 1537
2870 2870
232 264
4103 4103
9441 9441
2400 2402
3715 3715
8202 8508
4281 4281
3713 3713
7731 7731
105 105
914 920
9777 9777
7644 7655
8814 8835
7761 7761
5023 5079
497 497
9711 9711
2364 2424
1285 1285
8561 8561
5477 5488
6753 6753
7801 7801
6501 6502
9786 9794
4750 4772
8881 8881
9910 9928
3670 3952
7761 7761
4301 4301
5901 5901
465 465
6601 6601
9505 9505
1465 1465
3161 3161
4322 4340
141 141
8529 8529
321 321
5031 5054
6421 6421
3525 3525
5585 5586
6234 6260
4465 4465
3623 3648
8321 8350
5884 5904
9796 9810
2501 2501
6751 6751
5273 5273
4933 5019
421 422
5193 5193
5366 5396
8742 8856
6431 6476
3681 3681
2393 2393
261 261
9290 9315
2258 2285
1 1
9761 9761
9290 9315
9761 9761
5733 5733
3081 3081
4433 4433
8577 8577
5801 5801
9186 9286
6876 6877
1751 1751
8011 8011
8926 8936
6025 6025
3881 3881
9425 9427
3885 3887
