236 2848
13090 20136
20138 29100
20138 29100
2850 13088
33502 34772
37022 42432
37022 42432
35602 37020
2850 4793
35602 36392
27212 29100
29102 31020
36394 37000
26258 26526
22466 23106
36394 37000
43740 44439
18754 19981
29102 31020
23752 24384
8338 8880
27502 29100
13572 14608
39462 40080
9656 10000
29102 29748
29750 30870
34822 35024
48490 48980
15434 16245
42434 42535
3502 4793
37450 38596
26528 26600
16247 17280
41267 42000
22778 22840
15434 16245
1292 1820
38598 38960
31926 32104
23752 24160
18842 19175
34355 34640
45538 45900
37042 37182
36394 37000
12077 12460
33698 34314
197 234
38598 38960
16247 17280
37450 38220
3502 4300
4795 6000
31926 32104
47546 47750
42537 42980
39475 39680
9702 10000
30026 30796
18322 18752
16247 17280
9422 9654
16247 17280
38962 39460
31362 31924
24162 24384
44065 44432
3502 4300
48490 48980
236 400
35195 36120
38222 38596
35195 36120
30798 30870
17332 17916
26682 26968
19302 19981
46052 46316
17332 17916
11186 11740
26064 26256
42982 43232
32106 32185
44241 44241
18962 19160
20710 20856
45202 45360
9422 9654
38634 38912
22594 22672
42982 43232
5478 5672
8522 8880
20710 20856
38634 38912
40364 40570
47202 47310
12478 12581
37450 38000
26064 26256
13302 13560
7026 7224
29102 29180
49252 49986
18002 18176
1822 2240
40002 40080
44482 44610
15012 15136
10632 10760
25940 26032
3632 4300
930 1290
14614 14946
46466 46751
1822 2240
41127 41265
34355 34548
3632 4300
8452 8520
33272 33355
27778 27975
20493 20708
44078 44432
17918 17998
35041 35041
27222 27436
402 500
9422 9654
41267 41872
43234 43347
14948 15010
5772 6000
28902 29048
38978 39390
10298 10400
49602 49986
1292 1496
27502 27640
29682 29748
39796 40128
33387 33500
19893 19981
15434 15808
7802 7900
8882 9186
7902 7976
7241 7241
44612 44772
7618 7800
24974 25376
49762 49986
11218 11500
45538 45662
36932 36976
23108 23624
11761 12038
49002 49145
21900 21984
8026 8072
39090 39460
30026 30288
41719 41872
40001 40001
34316 34353
31022 31360
36907 36930
40001 40001
3380 3620
22842 23000
14694 14946
34362 34480
37042 37182
42550 42732
31362 31456
25170 25376
41922 42000
7246 7338
24017 24017
28752 28836
37450 37600
4351 4620
15434 15700
16952 17280
11218 11304
12666 12712
22126 22164
13890 14112
17918 17968
18842 18938
29802 29856
19402 19656
35195 35520
21050 21080
3242 3280
7618 7800
19402 19656
20902 21030
42022 42180
42401 42401
30482 30794
502 678
34142 34314
3632 4160
21001 21001
2618 2848
8338 8393
26314 26475
6548 6624
5827 6000
38917 38960
4254 4300
18354 18456
3042 3180
24746 24832
26064 26160
8218 8336
11634 11740
40786 40940
38548 38596
20902 21030
12634 12664
11761 12038
10632 10700
33762 33858
687 740
10762 10784
25940 26032
20322 20440
36192 36385
32002 32024
26602 26680
14694 14946
18458 18608
16002 16097
8026 8072
2618 2848
3632 4160
21499 21600
28182 28592
9936 10100
6352 6974
29501 29501
13319 13486
27977 28180
38548 38598
4962 5072
3632 4160
2850 3040
44302 44364
41901 41901
13890 14112
12896 12972
8522 8660
9517 9654
5478 5590
23108 23578
47562 47750
2114 2385
25002 25168
2708 2848
7026 7056
30482 30794
10912 10928
23945 24160
5674 5770
44001 44001
45922 45976
22842 23000
45242 45360
37042 37182
17606 17665
2114 2385
17692 17752
28182 28550
31882 31924
10802 10910
16952 17172
26752 26800
37322 37448
35195 35520
39742 39786
40572 40745
19893 19981
44612 44701
17918 18100
30044 30140
11502 11600
13627 13806
20493 20708
24452 24564
27262 27297
33387 33500
6626 6720
27662 27776
12726 12894
17918 17968
47842 47956
27977 28180
37232 37320
21114 21125
23762 28592
31630 31753
49660 49736
29858 30000
7456 7616
562 624
30882 30968
30002 30024
41224 41265
19702 19796
45714 45920
7002 7015
29858 30000
33387 33500
40346 43000
47242 47310
15242 15275
40786 40870
45714 45816
6098 6196
19674 19700
24566 24704
21900 21984
47602 47710
29802 29856
36122 36190
35782 35809
35922 36018
21306 21430
13752 13806
1601 1601
14033 14033
26682 26720
17362 17604
19302 19500
32001 32001
3082 3120
47050 47183
1822 1959
18902 18938
5928 6000
37872 38000
34972 35020
27778 27840
30970 31000
4351 4416
32401 32401
29506 29680
4552 4620
16138 16160
38548 38556
11252 11304
17140 17172
9868 9934
9936 10100
44001 44001
30530 30608
31557 31628
11502 11740
16590 16828
49902 49908
23108 23122
11306 12238
23201 23201
19042 19120
25378 25405
25252 25276
6889 6955
29182 29288
19302 19500
24162 24200
31630 31753
6619 6720
33860 33988
47970 48025
30324 30355
49524 49592
31755 31800
33777 33816
31250 31360
5793 5825
8422 8450
19122 19135
5002 5072
39810 40020
40572 40745
1746 1774
22466 22592
16138 16160
28330 28550
5840 5926
25657 25688
18850 18900
4742 4784
28330 28550
44743 44772
11502 12200
9868 9934
7361 7361
21306 21430
38774 38912
12130 12200
36887 36904
33777 33816
27524 27655
26064 26160
9014 9186
10102 10150
37217 37600
24162 24200
10001 10001
40082 40112
13572 13600
5840 6096
30142 30238
14694 14786
39796 39808
40747 40768
45176 45240
30882 30968
29506 29680
35619 36822
7456 7600
4622 4736
17294 17330
19162 19264
20658 20708
13692 13728
30882 30968
15732 15850
13242 13300
35782 35920
13012 13076
46482 46620
7697 7697
20710 20748
27524 27616
11842 11894
5671 5671
10402 10448
8962 9012
16952 17016
45761 45761
44511 44511
17854 17916
6198 6300
42022 42125
19332 19384
1237 1290
38377 38430
36702 36822
4002 4120
34010 34070
44703 44838
13098 13124
8218 8260
17294 17330
24386 24400
43340 43347
19386 19474
2162 2385
27438 27460
39475 39538
21822 22080
41874 41992
2961 2961
9702 9856
5401 5420
34786 34820
44152 44204
37872 37984
2862 3040
4442 4504
46753 46884
34801 34801
14948 14980
35410 35448
32441 32441
8001 8001
40191 40191
21822 22080
29530 29748
13012 13076
39612 39680
38222 38256
43431 43480
25681 25681
22929 22929
48981 48981
49002 49042
4945 4945
45477 45520
25201 25201
37266 37320
13627 13690
347 400
20001 20001
40575 40745
29530 29748
16226 16245
1526 1608
13488 13570
48510 48640
22675 23122
41554 41656
35674 35780
13090 14692
31201 31248
42434 42470
46066 46112
5074 5520
25554 25600
35642 35672
42592 42680
30722 30775
13362 13486
16952 17798
18034 18080
28401 28401
44958 44980
1 50000
5266 5308
41224 41265
4798 4960
45978 46000
197 234
17240 17272
21502 21530
5236 5672
7802 7826
31002 31056
11842 11894
2886 3040
2466 2562
3134 3152
15378 15432
28594 29048
17696 17732
2961 2961
34862 34920
10366 10400
8892 9552
38978 39035
6801 6801
35450 35482
2162 2385
16162 16224
34701 34701
41560 41656
10 96
15206 15240
31947 32024
17240 17272
22907 22980
48962 49000
6776 6887
21761 21761
29130 29160
28394 28536
12166 12166
12932 12972
17372 17604
33914 33988
31755 31800
25278 25328
42225 42225
17918 17968
20750 20856
46601 46601
7434 7454
41560 41656
33052 33120
4384 4416
38182 38196
21752 22164
39810 40020
14822 14866
40001 40001
27368 27436
34190 34238
2762 2848
40290 40344
4254 4300
16882 19796
5002 5060
6321 6321
40188 40248
47098 47160
34701 34701
45842 45860
11306 11370
49561 49561
5928 6000
7384 8713
4622 4660
25576 26640
9936 10000
49094 49136
41702 41717
47808 47840
10486 10576
18465 18465
27538 27600
46066 46112
23209 23209
38481 38481
27368 27436
43809 43809
24212 24244
27182 27210
6619 6656
18634 18668
37352 37400
24902 24960
46066 46112
21802 21820
12001 12001
27977 28000
21306 21430
18534 18608
1371 1371
7498 7600
10480 10612
32370 32432
33052 33120
36306 36384
38222 38256
31844 31870
4622 4660
41860 41872
15284 15360
37760 40000
9936 10000
3242 3264
27299 27360
21601 21601
5710 5791
23342 23424
14401 14401
16786 16828
47098 47160
43482 43504
9014 9074
26106 26160
32766 32813
47098 47160
45341 45341
23342 23424
16162 16224
26348 26422
26284 26304
302 345
7498 7600
23426 23650
29601 29601
14172 14230
46052 46064
20752 20856
18362 18395
24466 24500
22230 22272
18102 18320
28752 28792
12202 12238
15455 15620
15601 15601
16590 16680
4552 4620
22842 22905
2862 2878
10298 10309
9250 9360
12552 12581
40676 40676
36866 36885
28538 28550
5710 5791
29325 29380
9746 9856
15393 15393
49452 49480
23017 23056
32241 32241
20336 20456
2222 2310
16001 16001
17441 17441
41560 41656
30254 30288
13442 13486
30146 30152
3242 3264
1526 1608
3380 3436
30642 30660
26552 26677
24978 25056
17476 17520
31362 31406
33452 33497
20336 20456
12369 12416
9554 9888
40402 40536
25927 26080
6876 6876
42182 42212
43837 43884
28481 28481
6976 7129
32521 32521
19921 19921
38751 38751
37698 37715
44146 44150
32766 32784
38057 38057
26701 26701
46658 46764
39475 39536
20336 20448
43521 43521
8381 8393
49910 49984
46466 46476
37792 37870
10762 10828
13842 13888
26001 26001
1 1
26477 26512
2708 2760
23997 24080
37441 37441
35058 35078
38222 38256
22481 22481
21574 21626
23354 23424
41202 41222
9412 9420
14632 14660
37402 37404
14172 14230
30370 30448
34434 34440
34442 34452
21105 21105
42242 42268
39186 39260
29542 29646
11306 11444
15918 15966
49061 49061
48702 48752
12632 12664
27368 27436
43637 43669
42362 42425
24348 24384
11282 11304
8726 8776
42812 42875
33921 33921
41005 41104
39892 40000
30204 30220
37467 37660
48962 49027
29440 29480
10327 10364
29938 30024
38774 38838
4122 4160
27222 27260
40114 40160
29876 29876
39788 39794
43349 43358
9562 9600
5881 5881
5681 5708
31146 31199
48002 48025
32936 32944
44850 44899
15378 15414
6722 6774
27834 27840
36962 36976
8962 9000
44703 46361
41462 41515
10501 10501
4601 4601
24602 24704
30662 30720
47226 47336
16561 16561
12962 12972
47442 47520
31465 31465
15882 15898
12202 12238
35312 35344
44152 44204
48027 48040
31252 31352
6065 6065
5938 6016
48298 48326
3930 3952
8962 9000
14694 14744
11660 11684
22913 22913
29234 29280
48510 48625
25614 25648
42369 42369
39241 39241
38222 38256
5938 6016
12161 12161
35852 35886
12978 13032
14301 14301
46040 46050
36682 36700
8582 8653
1254 1290
18121 18121
30154 30202
9422 9456
32060 32104
30560 30608
13488 13564
24386 24408
14948 14980
40802 40838
12692 12712
23762 23840
38802 38838
23017 23056
23001 23001
27058 27072
32936 32944
14548 14608
12321 12321
16872 16930
19769 19796
18064 18090
29767 29800
8631 8631
33526 33580
23997 24048
35522 35592
28801 28801
46944 46950
46695 46720
13890 14056
35922 36018
49362 49420
38352 38375
33582 33650
7954 8420
37467 37530
42130 42180
40701 40701
15037 15136
40290 40315
26552 26600
13842 13888
20002 20068
16841 16841
19436 19474
23882 23926
16632 16680
30401 30401
40881 40881
20072 20120
16872 16930
1526 1608
42081 42081
35210 35264
44541 44541
16872 16930
18478 18532
13163 13176
21802 22124
17502 17520
35663 35672
21538 21570
5401 5416
33452 33492
14948 14980
29542 29646
21538 21570
24132 24144
43445 43445
16457 16500
19190 19258
19702 19796
16306 16386
11902 11908
17002 17016
15622 15675
45978 45996
36682 36700
21752 21782
22472 22484
19506 19556
19927 19968
22230 22240
41279 41310
7572 7632
21761 21761
10912 10928
21938 21984
47958 47968
9754 9856
11686 11736
25166 25240
26392 26422
11847 11894
24602 24665
25657 25856
626 678
49377 49377
37977 37984
25166 25240
25690 25750
10632 10644
18478 18532
34072 34120
39796 39808
26462 26475
16306 16386
10454 10472
26342 26346
46402 46464
26858 26940
45666 45712
38978 39016
30357 30368
32457 32500
34082 34120
13298 13400
46658 46692
17377 17416
1167 1184
13666 13681
30 54
10110 10150
21646 21662
43264 43320
19107 19114
34982 35020
6512 6546
38802 38838
30842 31352
32958 33012
24050 24130
39351 39351
22982 23007
9702 9866
31556 33884
5921 5926
27001 27001
42861 42861
14250 14340
38641 38641
3632 3660
23438 23464
321 321
19262 19264
3186 3216
27401 27401
20752 20824
2599 3152
18902 18924
3989 4018
30662 30704
12792 12808
3989 4018
11932 11975
39742 39760
43837 43884
2587 2597
4401 4401
22675 22750
39298 39368
35346 35420
30370 30450
9062 9074
44594 44610
11256 11285
37172 37182
7746 7792
9474 9500
13666 13681
26858 26940
42130 42180
11666 11684
18478 18532
31906 31924
44129 44129
22946 22972
46363 46370
37484 37530
2962 2990
20946 21012
18286 18320
9458 9520
18001 18001
33752 33775
13767 13788
13163 13184
28182 28224
10152 10197
26642 26677
19192 19258
29858 29888
18641 18641
6801 6801
14548 14560
39918 39935
15037 15133
41612 41656
1203 1225
47250 47292
43601 43601
20122 20136
197 234
29018 29036
31954 31975
23017 23056
1 2
5090 5115
39041 39041
37217 37230
38722 38741
48730 48752
36498 36540
17546 17604
17184 17211
28001 28001
22059 22110
27273 27273
23961 23961
18702 18752
33153 33153
13451 13451
12077 12100
11012 11024
22059 22110
45070 45088
2922 2925
49122 49145
17881 17881
27524 27530
46801 46801
17841 17841
25169 25169
20884 20900
29938 29960
8812 8845
18199 18240
27042 27056
40610 40768
10102 10108
3177 3177
3526 3620
14868 14872
13126 13140
39729 39729
47611 47650
33499 33664
7521 7521
38161 38180
14562 14584
32373 32408
31002 31024
12810 12880
20122 20136
43597 43635
47958 47968
35922 36018
37986 38008
44958 44980
32457 32500
47925 47952
16590 16608
38537 38537
37662 37680
40818 40838
15832 15850
39662 39688
28554 28592
5222 5234
20522 20530
42834 42875
38481 38481
28633 28634
24887 24932
28668 28703
38394 38420
20049 20049
34262 34282
12810 12880
45249 45261
43837 43884
41721 41721
48562 48625
24942 24968
4442 4470
29182 29232
43536 43595
39892 39916
26722 26752
19518 19556
40001 40001
23295 23340
277 338
27302 27360
27074 27120
12861 12861
34001 34001
7421 7421
41862 41872
31282 31352
49122 49205
29650 29680
22657 22673
11847 11877
29018 29036
9682 9700
41321 41336
8422 8430
45070 45088
29832 29840
5592 5616
12638 12664
7746 7760
13298 13455
11402 11432
3561 3616
40290 40315
19332 19332
13752 13765
11761 11825
24887 24900
6634 6648
13163 13176
11372 11400
20241 20241
16632 16670
46946 46950
29089 29089
9677 9680
24722 24744
28562 28568
33582 33632
18482 18532
28838 28874
19702 19705
45282 45342
3532 3559
446 480
39322 39328
41101 41101
38422 38430
49922 49984
44797 44797
37172 37182
17754 17776
20042 20068
4737 4737
46801 46801
11372 11400
24801 24801
33149 33169
13372 13400
9201 9201
11522 11540
7970 8024
40897 40912
9422 9440
2722 2760
45552 45616
27952 27975
47729 47729
30326 30355
27524 27530
27368 27400
18951 18951
38662 38720
18001 18001
40370 40386
18312 18336
1 2
9462 9464
18670 18692
6593 6593
38222 38256
5945 5945
34610 34640
18994 19093
1797 2112
26481 26481
35501 35501
35111 35144
33387 33412
24602 24665
33122 33147
35466 35473
29650 29680
27302 27400
9682 9700
24674 24704
19476 19504
27457 27522
42002 42024
14440 14464
30802 30832
27745 27745
34786 35264
19984 20016
11889 11889
1890 1908
16738 16752
27682 27766
44192 44204
30098 30112
48328 48352
33201 33201
21551 21551
40582 40596
34929 34929
37400 37465
47712 47810
6692 6736
24261 24261
8208 8450
23287 23287
25858 25908
44392 44404
23631 23648
42082 42117
28849 28849
19002 19093
25226 25240
30114 30120
21574 21624
30254 30280
23430 23436
785 816
10614 10620
36242 36252
32193 32193
2927 2936
17240 17272
8601 8601
46127 46160
2564 2585
21930 22000
37760 37800
6252 6300
10632 10644
8486 8513
31906 31924
22126 22143
21348 21490
12948 12972
39932 39935
62 96
17572 17604
18362 18395
454 528
27402 27422
6058 6096
33777 33777
14250 14280
43631 43631
20801 20801
7634 7646
39777 39777
29858 29888
32766 32780
19073 19073
7144 7152
11092 11112
17918 17934
45552 45616
25209 25209
49761 49761
31844 31870
33018 33045
15477 15512
46865 46865
6198 6219
31940 31945
42568 42590
23702 23744
6577 6590
39833 39833
18721 18721
3839 3840
22306 22468
47001 47001
29658 29680
25538 25544
38321 38321
106 106
45351 45404
1890 1904
19121 19121
32026 32046
42877 42896
17961 18310
16001 16001
41312 41412
38021 38021
4254 4280
17882 17913
27931 27940
19921 19921
17489 17489
36566 36600
44802 44830
27308 27360
11552 11600
42800 42801
44594 44606
11634 11650
10358 10364
5282 5290
37467 37482
38027 38180
14746 14826
30 54
19116 19125
45001 45001
44564 44592
22059 22096
22486 22492
35269 35269
6478 6500
15016 15035
15732 15744
45101 45101
46589 46589
34869 34880
27424 27436
7460 7480
33177 33177
23034 23056
19842 19878
19812 19835
19842 19878
2017 2017
30326 30355
25940 25978
17284 17292
4254 4280
10186 10197
41813 41832
29041 29041
17572 17604
19927 19968
7970 8024
10726 10738
49372 49392
17651 17662
12001 12001
10217 10217
16642 16670
18362 18392
32898 32928
24712 24720
48869 48869
37827 37838
5657 5657
30881 30881
28433 28433
31412 31432
29968 30010
43744 43750
34302 34308
33009 33009
16202 16224
44961 44961
20666 20688
33706 33770
31716 31753
25144 25160
5601 5601
5062 5082
31354 31460
17377 17380
18641 18641
44366 44390
11450 11460
2994 3013
13036 13076
13457 13486
11547 11600
48901 48901
21802 22124
19915 19940
21938 21984
34394 34416
42401 42401
37316 37380
24572 24574
20770 20824
23626 23628
24866 25060
388 410
23153 23153
8389 8389
7838 7860
5482 5555
18670 18680
3839 3854
29102 29128
39210 39260
902 922
31698 31705
48721 48721
42026 42048
359 380
8338 8350
13036 13076
27645 27655
9297 9297
14930 14970
13325 13455
12321 12321
10801 10801
21032 21045
30241 30241
25927 25938
17030 17040
21538 21570
38662 38720
35663 36018
29961 29961
29902 29936
4489 4489
33745 33745
21227 21252
49594 49652
35594 35617
24257 24257
34240 34245
4622 4640
5793 5808
11522 11540
17351 17351
40610 41240
31060 31072
25218 25240
31990 31996
40250 40270
46722 46751
28161 28161
16714 16798
48993 48993
22145 22164
3744 3760
41602 41610
12034 12040
45552 45568
47718 47722
45570 45643
6957 6974
10353 10353
47129 47129
31570 31590
45477 45536
6962 6974
36146 36146
24722 24740
44916 44944
46818 46832
30482 30492
40850 40870
15918 15936
25467 25480
35951 36000
3026 3040
15968 16009
43256 43262
39840 39880
44530 44536
23892 23920
31393 31393
49270 49284
19089 19089
31217 31217
45676 45680
43218 43280
24602 24640
44662 44688
16952 16992
25246 25250
47185 47190
1438 1446
21802 21856
2564 2585
30954 30968
10912 10920
18766 18775
37001 37001
2251 2251
28332 28350
46176 46176
5860 5896
14326 14336
26706 26720
31051 31051
31101 31101
41462 41515
26833 26833
15477 15512
8292 8300
27241 27241
37602 37632
24786 24832
47192 47200
3666 3742
42210 42260
2881 2881
20858 20865
38569 38569
37010 37020
14251 14251
11352 11364
32786 32813
31501 31501
40978 41041
17347 17347
26161 26161
482 528
30530 30554
14828 14855
32877 32877
26562 26624
9370 9375
18152 18160
34550 34600
47146 47160
37072 37090
19152 19376
31101 31101
22022 22057
34582 34590
43802 43816
36034 36064
41834 41858
34394 34416
24102 24130
48941 48941
36371 36384
36835 36872
44063 44096
40560 40570
25576 25592
10268 10280
10001 10001
40541 40541
10674 10720
45471 45471
10096 10402
46169 46176
29591 29640
7698 7744
36394 36416
14301 14301
49606 49636
34077 34116
43921 43921
38801 38801
23958 23970
49914 49926
37890 37928
18064 18090
29441 29441
18536 18560
21642 21776
44441 44450
40747 40758
39101 39101
25527 25536
15416 15424
45452 45460
47578 47728
13325 13400
21442 21497
49006 49486
28022 28045
24132 24155
30530 30554
44392 44404
33281 33281
20626 20635
3588 3616
45682 45700
14694 14826
20902 21260
26392 26422
29261 29261
23652 23657
43322 43338
18201 18201
4142 4208
32502 32506
8352 8360
39933 39933
32162 32165
33875 33878
11771 11808
34042 34056
9492 9515
29177 29177
19162 19188
47848 47880
22842 22874
4712 4740
26846 26900
701 701
902 906
9936 9942
40712 40745
15191 15204
35542 35564
39278 39295
37528 37536
3015 3040
49502 49522
26137 26168
8945 8945
49928 49948
3722 3739
18978 19095
6548 6575
45921 45921
10910 10920
19761 19761
41560 41600
48705 48705
38650 38720
49350 49350
41658 41698
22741 22741
10794 10799
24712 24832
42417 42425
32310 32320
18199 18272
2180 2200
924 1462
16674 16690
35330 35344
17667 17688
41628 41640
47770 47776
11078 11085
32802 32813
8994 9020
24162 24186
27582 27594
45346 45349
13142 13150
9841 9841
39788 39794
31630 31668
11064 11076
5298 5448
19073 19073
28197 28242
10989 10989
12881 12881
26501 26501
11847 11877
19361 19361
34193 34193
3853 3853
29152 29182
49690 49700
16061 16061
11434 11444
12202 12220
48730 48750
24981 25020
10801 10801
23892 23926
21032 21045
16254 16296
46372 46390
47988 48025
45346 45349
22 28
26562 26580
26706 26752
16065 16065
7882 7904
5742 5858
46418 46435
5282 5294
21822 21856
46006 46032
18622 18628
19201 19201
7261 7261
513 513
14431 14692
24017 24017
9702 9888
7226 7244
46306 46316
35902 35945
45704 45712
46834 46968
16322 16353
27905 27905
23662 23700
30706 30736
39501 39501
41278 41304
37400 37465
7384 7390
5618 5640
44017 44017
8208 8240
19171 19188
9898 9950
4378 4382
36394 36404
19942 19981
31998 32006
9278 9292
10674 10720
31812 31820
43010 43025
40770 40774
39201 39202
7252 7264
6881 6881
31041 31041
27308 27316
37717 37755
46834 46968
18424 18432
13325 13360
11932 11950
12502 12528
2860 2872
45329 45330
8465 8465
75 75
3510 3524
11799 11808
37296 37314
27541 27541
44608 44620
21266 21266
10858 10908
16117 16136
8692 8713
25782 25816
8242 8270
8001 8001
18778 18840
44652 44656
44001 44001
8433 8433
32185 32256
46050 46064
13932 13960
5627 5640
36337 36337
43969 43969
3601 3601
6776 6796
28401 28401
27810 27832
48543 48550
6188 6196
1197 1197
4418 4588
2950 2976
19476 19502
9580 9597
39409 39409
20322 20334
18000 18032
2898 2936
32410 32422
12022 12032
40152 40160
26174 26196
14562 14692
5178 5218
37162 37170
43218 43362
24887 24890
8618 8684
14721 14721
31906 31984
32457 32465
39426 39460
30506 30528
49928 49948
40022 40074
44876 44899
34316 34364
40328 40336
20301 20301
45529 45529
16001 16001
21881 21881
31217 31217
21938 21984
9234 9248
21938 21984
18926 18938
44916 44944
8126 8126
40282 40315
43858 43884
41145 41145
25722 25750
39918 39976
13353 13353
32786 32790
34586 34586
14052 14056
2602 2616
5662 6096
38234 38252
40346 40362
40001 40001
21502 21525
20138 20334
10346 10356
37142 37182
17198 17868
12302 12306
26161 26161
49581 49581
2609 2609
3505 3505
46202 46215
44609 44609
16115 16172
42338 42350
46922 46942
17940 17958
2162 2178
37921 37921
12618 12624
15426 15675
43282 43338
34612 34640
45180 45188
49231 49231
8937 8937
30001 30001
18354 18376
40442 40473
33914 33964
41760 41777
10562 10565
25262 25276
39490 39881
38100 38112
43858 43884
41742 41758
49492 49560
28386 28390
46052 46075
23430 23436
18166 18184
45902 45960
21061 21061
37528 37571
20223 20260
19761 19761
12993 13008
12841 12841
42322 42336
16381 16381
9025 9025
7970 8206
2021 2021
45998 46004
6433 6433
41615 41620
45351 45404
39137 39137
13402 13448
41321 41325
19097 19105
47548 47560
22451 22451
32082 32104
43771 43771
38801 38801
10601 10601
22412 22457
29343 29404
47001 47001
47848 47864
14562 14584
12110 12120
27502 27522
22334 22359
48034 48040
32541 32541
43680 43835
36321 36321
41521 41521
43102 43124
21582 21600
9821 9821
868 900
14982 15168
24378 24384
32026 32046
29361 29361
28861 28861
23138 23146
13001 13001
25722 25750
30081 30081
27265 27266
4108 4128
35902 35945
29832 29856
18830 18840
32958 33045
31557 31628
23218 23228
5178 5456
25278 25320
46402 46454
2552 2562
42441 42441
34834 34912
21642 21750
24866 24885
15016 15035
46785 46785
39001 39001
21582 21600
26875 26877
8001 8001
14689 14689
16642 16672
11542 11545
49441 49441
2641 2641
43954 43966
23378 23401
42187 42320
12254 12276
28938 28960
30897 30940
43067 43088
1621 1621
14130 14170
4861 4861
17936 17938
31652 31668
114 160
23752 23925
25364 25376
634 648
24394 25115
29070 29074
24866 24885
31872 31880
6140 6144
43812 43816
13271 13296
36582 36600
36918 36928
34922 34940
25698 25712
868 900
8502 8616
46126 46361
1 1
26398 26422
48506 48508
707 816
45122 45160
27931 27950
30987 30992
19266 19280
26341 26341
15837 15854
11234 11254
28422 29003
17961 18420
42877 42896
29882 29888
47185 47250
6801 6801
39901 39901
19554 19574
43858 43884
20322 20334
9601 9601
10237 10240
7762 7780
46290 46300
20554 20635
22022 22057
46881 46881
20524 20530
250 275
8042 8062
3474 3490
11994 11996
45651 45651
785 816
8726 8736
31451 31460
30881 30881
40162 40186
10096 10150
19927 19936
36401 36401
39304 39325
610 624
31490 31503
10858 10908
13372 13400
46802 46810
47548 47560
19150 19169
19473 19473
39121 39121
10501 10501
38840 38850
19081 19081
27222 27234
34247 34247
40388 40420
47988 48000
10650 10672
22061 22124
36738 36768
21352 21396
44441 44450
43027 43030
23102 23136
15301 15301
48901 48901
33132 33140
44132 44144
39370 39372
25221 25221
25331 25344
1382 1392
32558 32578
26226 26238
2406 2412
43602 43635
27041 27041
5938 5952
49237 49268
8527 8536
3252 3264
15889 15889
20471 20552
5330 5350
45633 45633
44641 44641
26392 26396
9330 9368
25782 25816
46221 46221
20450 20456
4182 4208
30 54
23786 23800
21713 21713
6354 6360
11827 11877
47394 47404
5434 5448
17909 17909
722 739
19915 19920
10650 10672
39612 39660
40102 40112
10268 10276
9677 9700
10465 10465
15550 15557
14694 14698
1731 1731
14081 14081
14052 14066
48865 48865
30254 30260
30262 30288
6561 6561
1530 1534
6387 6390
45201 45201
35878 35886
34427 34440
33826 33858
48865 48865
19577 19584
46006 46032
18779 18788
23601 23601
44962 44980
30262 30655
10066 10080
40250 40270
24002 24032
48510 48531
13810 13828
19497 19502
24410 24431
45818 45840
27682 27737
57 64
28772 28832
38234 38252
3836 3840
9361 9361
14092 14096
13212 13220
26830 26970
14683 14683
31041 31041
33994 34000
45361 45361
43601 43601
47866 47890
32670 32869
46321 46321
546 900
45538 45572
39281 39281
29801 29801
20937 21010
38145 38145
5266 5280
15731 15744
30594 30614
46402 46454
16846 17144
657 657
17092 17144
15625 15670
26082 26096
21561 21561
16830 16836
13566 14176
49102 49108
15301 15301
7712 7744
48127 48140
36774 36830
10921 10921
12478 12498
20178 20202
18778 18840
12338 12352
12254 12276
9353 9353
41292 41304
12478 12498
7882 7904
44130 44154
24881 24881
38241 38241
28512 28520
44258 44296
34978 35015
29582 29589
39392 39424
29832 29860
21761 21761
20001 20002
33741 33741
34065 34065
28371 28384
37452 37465
38701 38701
41462 41495
23092 23100
8560 8570
22082 22100
42472 42520
31457 31457
7818 7826
2582 2585
1746 1765
33546 33612
46126 46361
46852 46884
1201 1201
47848 47864
2021 2021
40210 40272
11372 11388
821 821
34838 34867
11306 11440
28865 28874
1010 1027
11502 11540
11881 11881
4864 4896
13932 13976
32424 32432
27117 27117
37034 37040
4522 4550
28722 28750
18000 18032
30556 30564
39426 39440
19674 19696
18322 18336
17434 17440
12865 12865
3761 3761
47267 47269
18199 18320
44721 44730
32930 32948
33112 33115
4642 4660
5995 6000
7615 7632
27657 27660
21074 21088
17478 17524
340 345
25437 25450
13372 13400
38826 38838
1681 1681
35734 35767
48609 48609
14562 14590
20642 20648
45477 45520
23207 23216
241 241
45862 45888
43838 43848
35858 35864
29917 29936
25521 25521
12462 12464
26593 26593
36353 36353
31222 31239
30222 30238
32786 32813
19162 19169
7132 7144
48381 48390
37586 37632
29422 29438
6512 6544
1942 1955
10066 10094
2874 2990
16259 16272
22002 22020
9302 9312
4752 4770
10161 10161
25412 25435
19786 19796
3826 3854
40683 40698
43401 43401
2898 2936
7482 7534
16001 16001
13681 13681
17649 17649
43744 43750
11470 11500
21481 21481
1337 1340
22114 22123
39515 39528
46334 46345
25226 25240
5393 5393
33890 33912
35312 35617
8432 8450
22675 22724
37634 37660
10622 10671
45578 45596
4957 4984
6592 6600
11470 11500
16202 16240
18751 18751
36424 36448
45477 45520
5692 5718
19893 19899
8211 8240
46066 46075
10001 10001
71 80
3948 3987
40077 40092
25617 25617
4234 4249
34492 34528
30954 30968
359 368
17341 17341
16778 16798
46363 46692
9906 9975
27596 27635
49286 49316
48962 49568
15206 15216
48368 48379
14178 14324
40077 40092
45438 45448
33201 33201
16838 16843
1043 1057
38498 38518
11409 11409
24506 24528
9673 9700
30867 30870
45601 45601
20280 20312
48533 48535
20390 20400
19065 19065
3252 3264
15421 15421
40346 40352
9110 9125
19006 19056
38307 38325
42592 42625
7728 7834
28248 28270
45298 45308
1530 1575
25602 25606
13458 13468
8066 8072
23361 23361
46184 46205
19506 19514
42739 42744
49425 49425
35970 36018
1782 1795
37810 37825
33707 33730
30954 30971
18378 18392
13036 13048
1890 2028
8560 8570
17251 17251
17802 17816
30244 30250
23191 23191
10454 10472
33132 33140
9330 9360
6976 7129
24246 24292
18064 18067
42066 42084
41810 42696
5296 5305
31241 31256
26477 26491
43052 43124
42609 42609
23162 23164
29024 29044
22459 22550
21434 21450
46321 46321
937 958
35185 35185
7874 7968
9819 9860
26358 26390
45998 46000
4962 4976
8026 8040
11994 12168
48730 48750
39370 39460
23814 23850
29946 29952
16882 16925
47782 47806
20986 20995
8560 8570
24157 24226
18471 18471
41813 41850
35221 35232
7274 7280
4590 4645
6170 6186
36994 37000
47522 47536
3879 3888
28026 28026
42663 42684
9702 9751
8412 8419
4812 4834
27090 27091
36646 36872
23242 23248
19378 19384
9022 9060
16601 16601
12500 12504
49102 49109
38258 38288
25122 25142
33890 33906
10622 10630
5419 5419
22501 22501
39106 39126
40566 40570
580 602
45790 45796
37452 37465
47746 47756
42421 42421
462 480
6689 6689
28314 28316
45351 45798
21582 21624
9127 9264
12201 12201
39796 39881
34945 34946
13566 13608
13767 13784
9492 9498
38662 38720
37862 37870
33798 33873
31361 31361
37586 37616
4661 4661
1105 1105
14081 14081
21106 21112
24898 25072
43281 43281
46381 46390
17447 17454
49631 49631
8655 8690
29122 29128
359 384
8432 8450
42627 42640
2290 2318
49822 49852
14021 14021
35292 35296
44622 44650
37056 37061
39374 39380
14786 14786
13431 13448
31825 31839
27817 27820
32041 32041
25927 25938
48169 48178
15296 15302
9210 9220
47442 47446
44114 44130
36482 36500
34481 34481
20450 20456
28881 28881
16738 16770
15559 15560
4812 4832
49083 49100
46801 46801
10410 10432
22242 22264
20801 20801
27281 27281
12694 12790
2962 2980
10897 10897
48410 48418
19334 19495
17030 17040
47201 47201
46946 46950
27541 27541
7881 7881
37665 37665
18001 18001
21700 21708
13885 13926
6742 6755
27618 27624
7246 7317
5477 5480
28330 28350
46662 46680
32701 32701
49286 49316
46178 46182
13505 13505
46410 46416
21094 21104
9062 9108
29252 29272
4734 4736
26137 26168
15249 15250
16182 16240
41916 41936
17961 18420
41170 41184
15304 15338
4020 4416
11610 11624
10567 10588
7174 7182
28371 28384
40601 40601
36992 37001
9330 9368
27556 27580
14068 14090
40238 40250
47190 47240
36921 36921
3510 3524
6401 6401
40824 40832
38466 38486
38290 38300
9521 9521
13500 13518
14995 15000
20658 20684
38441 38441
35111 35150
22361 22390
28361 28361
10527 10530
40130 40144
41941 41941
34010 34028
43194 43207
39194 39255
33308 33320
7646 7648
11001 11001
37930 37950
20817 20817
48661 48661
30001 30001
4962 4984
8026 8064
15762 15834
2191 2205
23814 23850
48321 48321
48201 48201
40501 40501
48336 48344
42066 42084
24157 24186
273 273
8461 8461
18945 18945
7047 7051
42446 42450
42568 42625
41834 41850
211 248
17506 17524
25625 25625
29042 29048
37665 37665
30 54
17905 17905
42008 42011
32267 32300
18248 18252
47485 47504
13330 13360
12254 12276
33677 33684
42800 42801
14585 14585
32338 32408
43226 43338
20821 20821
21431 21431
34948 34950
41801 41801
11105 11105
15997 16008
27657 27676
5202 5660
49502 49516
28081 28098
30902 30930
47152 47170
11983 11983
6412 6450
47601 47601
47001 47001
11502 11520
33892 33906
45321 45321
6557 6575
28938 28990
39082 39092
36202 36220
20753 20753
25454 25458
43001 43001
17101 17101
14252 14324
42908 42916
34681 34681
8170 8180
13479 13479
10768 10775
33242 33246
2387 2404
37922 37928
5236 5260
26627 26640
3989 4018
10330 10337
31853 31870
1530 1552
7502 7534
26778 26786
15076 15128
34582 34590
35628 35638
40770 40774
41452 41536
13686 13690
26598 26624
18961 18961
15559 15596
47580 47596
28585 28585
33298 33358
44200 44201
3561 3561
27637 27643
33861 33861
10894 10908
13163 13240
16906 16925
45582 45616
28615 28631
32574 32578
10006 10064
47690 47710
5651 5651
1822 1840
30452 30460
11932 11940
42397 42415
1626 1640
40700 40740
15868 15936
23962 23968
40328 40344
3358 3380
14181 14181
14042 14048
10172 10195
35338 35349
31122 31132
25432 25435
9127 9552
46954 46970
45676 45774
34681 34681
12150 12168
6412 6450
49225 49225
3421 3421
39732 39750
28938 28942
47027 47056
40130 40144
22002 22020
36822 36825
12726 12790
16601 16601
45058 45068
36381 36381
45862 45888
18401 18401
37282 37294
25462 25480
44848 44860
5029 5040
23065 23065
42409 42409
36400 36409
11001 11001
15982 16294
4001 4001
23170 23179
28201 28201
25321 25321
34948 35048
14242 14248
20608 20610
11064 11085
32046 32058
19176 19188
3402 3410
39892 39908
5812 5822
4545 4545
42126 42220
43012 43025
22192 22215
41462 41495
34411 34416
26082 26096
8385 8385
23856 23880
43597 43600
15178 15276
33785 33785
49761 49761
3234 3250
12474 12476
41170 41184
26241 26241
37994 38004
14068 14090
14273 14298
27834 27848
12583 12608
42568 42640
6951 6951
38763 46000
1598 1622
25980 26004
28784 28810
48434 48448
12113 12113
7842 7859
27637 31216
33283 33283
43602 43635
36521 36521
47586 47596
16942 16992
33030 33045
47136 47140
29238 29272
39425 39460
22675 22724
12070 12136
6058 6100
39086 39104
25121 25121
3526 3854
2002 2015
17574 17612
12210 14324
10622 10671
7659 7663
13069 13069
32846 32869
32392 32408
31557 31616
32721 32721
6154 6168
26273 26273
40385 40385
42568 42600
31303 31320
29114 29438
14625 14625
11642 11648
20637 20656
2251 2251
36482 36512
38945 38945
4942 4950
44297 44297
18293 18293
49134 49145
46990 47015
9825 9825
31901 31901
4254 4264
35674 35712
12945 12945
14482 14492
10592 10606
42961 42961
14912 14980
19446 19450
17228 17248
24590 24612
19033 19033
16198 16240
49902 49908
15482 15512
1281 1281
11281 11281
17250 17272
14694 14710
32267 32312
18997 19004
36400 36409
11193 11193
41156 41156
27441 27441
2880 2890
41154 41168
46498 46512
42193 42193
39918 39976
4001 4001
9186 9186
29301 29301
33762 33764
3295 3313
3157 3157
18482 18490
46411 46416
35832 35838
6301 6301
1377 1377
3194 3200
22192 22215
15263 15263
25126 25126
15641 15641
24102 24111
2146 2162
24898 25030
34118 34125
13522 13532
13441 13441
43281 43281
16846 16864
34978 34987
35312 35420
28706 28720
24464 24465
33873 33873
19622 19646
32267 32312
29001 29001
9834 9840
18642 18648
24614 24636
33101 33101
6619 6632
37994 38004
49786 49820
12522 12526
24132 24136
29225 29225
12001 12001
49006 49020
33546 33590
46954 46970
2880 2890
39061 39147
1 2
4641 4641
7762 7780
25462 25544
7602 7613
5434 5448
48677 48677
42472 42520
36786 36800
1624 1656
29879 29879
36130 36180
38951 38951
23626 23629
29461 29461
41281 41281
18366 18376
26814 26828
27982 28002
39257 39260
44954 44984
12001 12001
41622 41650
4386 4416
4641 4641
4957 4984
44410 44432
21281 21281
2880 2890
20390 20440
20098 20120
3510 3520
3589 3589
39234 39255
32172 32175
9757 9796
7746 7792
48682 48710
28652 28660
36002 36018
18426 18426
4812 4834
37125 37125
23153 23153
27466 27479
30841 30841
9281 9281
31069 31069
9090 9108
28272 28304
8241 8241
25584 25592
28817 28825
18322 18325
19081 19081
9250 9260
44625 44625
49361 49361
33745 33745
47848 47864
48368 48372
41702 41717
22362 22376
30801 30801
17390 17420
37474 37520
25981 26000
18153 18153
5575 5590
16358 16382
3526 5660
2485 2492
10801 10801
31253 31253
18186 18192
31218 31554
4902 4910
29997 30002
11562 11598
44696 44701
47601 47601
9599 9603
21081 21081
2462 3152
17401 17401
26503 26512
42154 42160
11026 11032
20721 20721
2989 2989
23386 23400
18257 18257
10202 10210
37152 37168
6561 6561
19261 19261
38258 38288
21930 22000
45462 45475
29946 29952
27492 27510
10066 10094
7326 7365
42271 42271
33030 33045
2417 2417
24902 24908
11827 11836
9451 9456
5995 6017
12145 12145
34948 35048
42542 42548
44703 44830
16252 16256
22862 22874
43264 43268
2201 2201
29201 29201
44972 44984
35601 35601
33052 33147
26426 26428
43930 43944
6140 6150
786 800
47273 47273
11201 11201
46722 46750
36222 36240
10651 10651
8715 8724
43671 43678
37721 37721
44066 44240
19098 19105
26218 26468
33546 33590
12201 12201
41015 41020
20674 20723
27226 27226
17581 17581
5780 5791
24821 24821
48273 48273
1368 1392
39992 40008
32902 32910
30657 30712
7201 7201
6577 6608
17546 17554
45862 45888
48241 48241
48114 48128
21121 21121
7762 7780
25017 25017
18607 18624
49282 49316
49160 49180
17451 17451
3326 3346
15076 15080
33598 33612
3104 3110
32738 32869
41810 42640
24966 25030
15375 15380
24471 24488
10570 10588
8721 8722
40385 40396
5575 5590
37425 37426
44961 44961
3802 3854
7741 7741
6925 6928
20370 20375
30714 30730
31178 31199
4986 4988
40250 40263
1203 1208
7074 7076
26212 26468
35067 35086
37792 37808
40274 40280
4001 4001
14212 14224
42277 42277
23506 23512
47892 47900
9682 9696
11026 11032
25712 25836
1321 1322
31881 31881
48878 48895
20545 20900
14868 14869
45213 45213
5177 5184
17651 17662
17434 17445
17197 17197
91 91
7026 7034
24590 24612
721 721
46363 46988
42301 42301
35117 35140
40347 40352
21466 21484
11402 11432
42222 42240
20390 20400
16625 16625
8401 8401
1852 1865
11601 11601
23637 23643
2088 2096
44168 44172
18042 18050
1329 1329
17578 17582
23282 23293
32595 32608
44442 44450
12445 12464
28957 28957
1746 1752
49956 49972
31906 31984
23430 23436
43602 43635
26904 26924
6380 6385
27761 27761
11294 11302
11652 11975
29782 29796
23209 23209
9682 9700
15550 15556
9204 9218
30522 30554
18225 18225
9538 9550
9645 9645
1249 1249
28162 29438
33766 33788
30582 30614
11793 11793
8692 8704
10733 10733
47724 47744
16240 16294
8957 8957
28636 28640
38401 38401
14201 14201
14122 14170
40712 40728
25762 25770
44078 44096
15550 15556
48582 48592
48012 48044
1306 1319
47902 47984
31537 31537
49496 49560
42017 42017
18114 18192
30833 30833
7994 8010
15096 15120
12206 12208
25144 25164
14530 14540
39992 40008
33838 33839
2414 2418
33052 33147
34948 35048
21726 21746
9761 9761
43426 43429
5001 5001
11256 12208
39212 39220
23594 23600
2033 2033
1521 1521
20880 20881
31674 31984
40388 40396
5266 5280
43740 43742
28318 28480
34401 34401
1 1050
12145 12145
27381 27381
9082 9108
28222 28242
2485 2485
46462 46473
45937 45984
15037 15056
14552 14580
13750 13936
12321 12321
32102 32112
18666 18680
35050 35065
10942 10952
47601 47601
4101 4101
1584 1596
28865 28874
22585 22585
45927 45935
43148 43150
48361 48361
9352 9368
45506 45520
35302 35310
35956 35968
3989 4000
33427 33436
4662 4690
27758 27775
28449 28449
11094 11097
15201 15201
6976 7129
8009 8009
43802 43808
39014 39016
33242 33246
5332 5348
9381 9381
22770 22808
4372 4380
352 357
1254 1292
39662 39670
41906 41914
39194 39368
12369 12408
22166 22170
35697 35697
45586 45600
28282 28304
39281 39281
3202 3229
45862 45888
49502 49516
24334 24346
27502 27510
32761 32761
9896 9975
16001 16001
4565 4565
25698 25712
48130 48140
28190 28190
48552 48560
27040 27051
12502 12504
6077 6100
46610 46656
31686 31705
7132 7144
43101 43101
31412 31430
17651 17662
33842 33853
18286 18300
41961 41961
26137 26160
5676 5679
17190 17202
46865 46865
18199 18210
37034 37040
39322 39368
24851 24851
44997 44997
5552 5568
38042 38062
30762 30764
7570 7632
40923 40923
39345 39345
11256 11975
42277 42298
21553 21553
22907 22910
34012 34028
20038 20064
18199 18210
29981 29981
41842 41858
30954 30971
44800 44830
13194 13210
1425 1425
641 641
4070 4150
41 41
24712 24735
20777 20800
33408 33408
19864 19878
1441 1441
44735 44735
38541 38541
21969 21969
20232 20260
4428 4886
36582 36592
6380 6486
29697 29697
12661 12661
35674 35712
34241 34241
45426 45436
35582 35617
3154 3229
17447 17454
12730 12744
19648 19656
12852 12856
18466 18476
23947 23956
17001 17001
33308 33320
42810 42822
33762 33788
41005 41012
2651 2651
21466 21480
13101 13101
6393 6452
46470 46473
13807 13808
40134 40144
32200 32212
38290 38305
31718 31740
29177 29177
13394 13429
20493 20530
49434 49450
34281 34281
44484 44520
28838 28848
18131 18131
1811 1811
39774 39786
29594 29602
36362 36366
13071 13071
43481 43481
23869 23890
34328 34332
19137 19145
11652 11920
3649 3649
35868 36036
37066 37090
20204 20334
11281 11281
22486 22492
28850 28863
5702 5708
24792 24808
8974 9000
4178 4208
22572 22575
2592 2595
43001 43001
19554 19568
29611 29611
30434 30440
14576 14577
30244 30252
26679 26812
19502 19552
14406 14425
17601 17601
23772 23778
201 201
29018 29032
12721 12721
10354 10364
44192 44204
12500 12504
14435 14438
42973 42973
48465 48465
9819 9832
23554 23576
37796 37796
32581 32581
44881 44881
38930 38936
17229 17238
26751 26751
8662 8665
38354 38375
21520 21525
381 381
36801 36801
2082 2096
32258 32265
49252 49256
49812 49820
37916 37928
36002 36002
18666 18680
6412 6446
17836 17846
36002 36018
6354 6364
16532 16536
27297 27297
36078 36092
12506 12526
25144 25164
10673 10690
13163 13184
6498 6510
43426 43456
38561 38561
3681 3681
5729 5729
13178 13184
17390 17400
12641 12641
1476 1524
13470 13480
27212 27220
33348 33358
44641 44641
39138 39140
29401 29401
40289 40290
17961 17961
39030 39035
43152 43156
6140 6150
44338 44352
26882 26890
35312 35420
8618 8704
38050 38060
48382 48859
31080 31128
32802 32813
32066 32070
10570 10588
26849 26849
11606 11628
31633 31633
12721 12721
13501 13501
30761 30761
2954 2980
48271 48271
19519 19519
41154 41173
44466 44562
12993 13012
40872 40895
16240 16244
26400 26401
48017 48017
20010 20012
28784 28810
31602 31608
28962 28969
17800 17810
30122 30136
8148 8160
2030 2099
35001 35001
37296 37310
41890 41914
35582 35617
31172 31184
17777 17777
7634 7644
43924 43928
44876 44885
20593 20603
14113 14113
36152 36176
48481 48481
9466 9471
13137 13137
39801 39801
45574 45576
21040 21058
12621 12621
39306 39320
12369 12375
16259 16269
9922 9975
3602 3632
11634 11650
13534 13544
1488 1489
17362 17369
45521 45521
37034 37040
5313 5313
37813 37813
15822 15856
13441 13441
39401 39401
19607 19660
4561 4561
9458 9514
12070 12100
36832 36859
6770 6796
3161 3161
26292 26302
36381 36381
7297 7297
43777 43777
34801 34801
1633 1633
32369 32369
15416 15447
46542 46598
1797 1870
40670 40681
27556 27563
19801 19801
44410 44420
23972 23989
47580 48010
39753 39761
23092 23100
44322 44336
29330 29340
46240 46245
40940 40964
47521 47521
23386 23400
20114 20116
35619 36400
8591 8593
22922 22932
44564 44584
21974 21988
47510 47536
17478 17524
37410 37510
34065 34065
20981 20981
36646 36688
57 64
45910 45935
3348 3424
20801 20801
49771 49771
47226 47230
38796 38824
42815 42820
40602 40606
16240 16294
1514 1524
27401 27401
10602 10612
415 530
29014 29016
44534 44536
3231 3285
5921 5921
45742 45764
9402 9410
8574 8610
23945 23945
26071 26074
10501 10501
4221 4221
7201 7201
28201 28201
81 81
20493 20543
24837 24837
3927 4018
49606 49628
42602 42624
25381 25381
47086 47110
2033 2033
42870 42875
24712 24896
9982 9994
25462 25582
5001 5001
182 186
28844 28845
35362 35370
46149 46149
17690 17690
22001 22001
1952 1955
37601 37601
32077 32100
26627 26660
47062 47072
48621 48621
34081 34081
23574 23576
9631 9636
34533 34533
49582 49592
28615 28646
49633 49633
24070 24076
46827 46838
38810 38824
16259 16285
11627 11632
9977 9994
31080 31128
18401 18401
5754 5772
43946 43952
46634 46640
43994 44008
11826 11900
12030 12038
19006 19008
30033 30033
49633 49633
24754 24764
32279 32289
30693 30693
49594 49604
18199 18210
49921 49921
44721 44721
37501 37501
27705 27852
6866 6887
6242 6251
37598 37624
19361 19361
32077 32096
21012 21525
18534 18571
11386 11392
46542 46568
21202 21210
12206 12220
10511 10514
7289 7295
2972 2985
34801 34801
18622 18629
28694 28702
2129 2129
24394 24436
20162 20180
40730 40736
4901 4901
1256 1257
25201 25201
5176 5234
21642 21662
4251 4251
45501 45501
30891 30891
10688 10689
24746 25072
49301 49301
36079 36079
37662 37680
16942 16986
7289 7295
8369 8369
36122 36128
9332 9360
26858 26948
19661 19661
49368 49390
12921 12921
47925 47936
10170 10197
45766 45774
41855 41855
13192 13200
25810 25816
5751 5751
11922 11975
43994 44008
47774 47792
16033 16033
11942 11949
27202 27230
33171 33182
35585 35585
27677 27677
40265 40266
45742 45760
31633 31668
33030 33045
23752 23760
27756 27756
17478 17524
14068 14090
9682 9697
38561 38561
43113 43114
6894 6907
4058 4068
17836 17846
3022 3083
8547 8547
19281 19281
772 783
35174 35188
13714 13725
212 232
11122 11128
15001 15001
13489 13489
6112 6132
33375 33392
19741 19741
46249 46275
48985 48985
39430 39460
2546 2550
19864 19875
1061 1061
4647 4660
45124 45152
9638 9654
30947 30952
11256 11975
48919 49020
26788 26794
49083 49160
15976 15976
31921 31923
5761 5761
33410 33420
46774 46808
28961 28961
7615 7632
42456 42496
4502 4506
48197 48281
40402 40419
42689 42689
27537 27537
8741 8741
44156 44166
10354 10364
44682 44692
33767 33770
30031 30090
18397 18405
25144 25160
23930 23943
20390 20396
3806 3819
38081 38081
36421 36421
17752 17792
25510 25529
21921 21921
9266 9272
6077 6091
741 746
30120 30136
27857 27857
23341 23341
7602 7613
23530 23531
33925 33927
22782 22812
15191 15204
20206 20272
42898 42906
28838 28848
47278 47292
34798 34803
42824 43124
18546 18560
49062 49520
39985 39985
12993 13012
23214 23228
10185 10185
3101 3101
19983 20202
20232 20272
25166 25201
6412 6446
1825 1850
1910 1920
18130 18150
2314 2318
4647 4660
21914 21936
27758 27775
35796 35824
34948 35048
9278 9292
25821 25821
34157 34160
5521 5521
30449 30449
37051 37051
27637 27655
33006 33012
6210 7244
38977 38977
26877 26895
37601 37601
32701 32701
14105 14105
47338 47355
22822 22828
48752 48770
22182 22184
46570 46584
21281 21281
20569 20569
2088 2096
43638 43648
44801 44801
16661 16661
33312 33320
21823 21855
24062 24068
35878 35886
37512 37549
31281 31281
44797 44797
5010 5010
2599 2607
39526 39536
30796 30836
25938 26004
46281 46281
23728 23750
9151 9151
33193 33193
33387 33392
7810 7812
26082 26096
23057 23057
12337 12337
45421 45421
37001 37001
38840 38848
39222 39255
48490 48492
4817 4817
30657 30657
4657 4657
32706 32800
46610 46656
30222 30238
31761 31761
24330 24336
19356 19356
4372 4406
35902 35928
25505 25505
41570 41576
21251 21251
44960 44970
3400 3408
549 549
4597 4600
23961 23961
19341 19341
43872 43890
15184 15189
28648 28650
26393 26393
1201 1201
38866 38872
14977 14977
22032 22048
30684 30700
14018 14066
30766 30775
15101 15101
18312 18320
42256 42275
49351 49351
35666 35712
28049 28049
24746 24812
20314 20334
35737 35737
16453 16453
15130 15145
26391 26391
15449 15450
7721 7721
37590 37596
35902 35928
10237 10242
45477 45504
18881 18881
36038 36128
3601 3601
40001 40001
7090 7121
32273 32273
18345 18345
15152 15160
34240 34245
16374 16382
18958 18972
17393 17393
49162 49180
17824 17868
16969 16969
1249 1275
21714 21722
27040 27044
10721 10721
11617 11617
10518 10525
26304 26314
2593 2593
23086 23140
34971 34971
13265 13265
25601 25601
25722 25724
3888 3912
6915 6928
2992 2992
27556 27561
15218 15247
36835 36850
15651 15651
21886 21898
24481 24481
1897 1897
46945 46945
46141 46160
41449 41656
8330 8340
12342 12345
39425 39462
26601 26601
12169 12169
22186 22190
38831 38831
2101 2101
42958 43124
18913 18913
39342 39368
27722 27733
35312 35328
18130 18136
47986 48010
15001 15001
29201 29201
41658 41668
3721 3721
22066 22075
36786 36805
32190 32198
25916 25925
7710 7950
33986 33988
33382 33385
6457 6472
2470 2500
18401 18401
37121 37121
33726 33791
35902 35928
35777 35794
20070 20120
28590 28613
47471 47471
47751 47751
11921 11921
21686 21698
23106 23106
28466 28488
49122 49130
3400 3408
48162 48167
44697 44701
2761 2761
45105 45105
8214 8258
31718 31740
44489 44516
21953 21953
23166 23179
27170 27174
37916 37922
24350 24360
28799 28810
18212 18227
7466 7480
23701 23701
7450 7454
9407 9450
36157 36180
10782 10922
49041 49041
42162 42254
34102 34112
30204 30210
38081 38081
16492 16512
20833 20833
17882 17904
6678 6702
21001 21001
10660 10660
802 832
29084 29106
35966 36018
8352 8368
43383 43383
14267 14282
29138 29160
8501 8501
47190 47216
14321 14321
32958 32975
14122 14136
40376 40508
7730 7800
14645 14646
33616 33617
46198 46235
44758 44830
34892 34895
23051 23051
7741 7741
15070 15074
9394 9400
18239 18240
16890 16900
49405 49405
4290 4304
48392 48393
2231 2231
44721 44721
8029 8029
12593 12593
43671 43678
6330 6343
8332 8336
2794 2816
14105 14105
5236 5236
3361 3361
25062 25070
23651 23651
26913 26924
12501 12501
47179 47179
43101 43101
46961 46961
14021 14021
20754 20800
18790 18801
20569 20569
47910 47920
44758 44768
31997 32006
4310 4310
15184 15189
23276 23288
8012 8032
23386 23400
21262 21266
3798 3800
26176 26176
48201 48201
26941 26941
11482 11500
29962 29963
22742 22768
33842 33852
12082 12094
41401 41401
19076 19088
35351 35351
25726 25728
6641 6641
9751 9751
34185 34185
11896 11904
8081 8081
34501 34501
36992 37000
16705 16705
42392 42395
49594 49600
17377 17377
3982 3987
48600 48624
35345 35345
27787 27823
4251 4366
37705 37705
9985 9985
36934 36984
18926 18928
19097 19114
43906 43922
19928 19981
22197 22215
490 496
5192 5218
35126 35159
35021 35021
19801 19801
20162 20202
24710 24735
18310 18420
10462 10552
30311 30311
401 402
30822 30824
32961 32961
23594 23688
37501 37501
1073 1073
43602 43608
20918 20930
34501 34501
32777 32777
44697 44701
34759 34761
45730 45740
5185 5185
3101 3101
24929 24929
38774 38792
35480 35482
18561 18561
29850 29974
4570 4630
43418 43490
47986 48008
17124 17128
4444 4472
9850 9860
17994 17998
28548 28552
40631 40634
39820 39825
7057 7057
36812 36825
12337 12337
13521 13521
9201 9201
8427 8427
46712 46750
23614 23620
16582 16588
9927 9934
3000 3013
10850 10903
42397 42411
24910 24920
18578 18632
8994 9010
4570 4630
36419 36452
12481 12481
19732 19734
30796 30992
7132 7140
41722 41724
29052 29052
8427 8430
14714 14720
39041 39041
28321 28321
20361 20361
48221 48232
41258 41265
28222 28242
29592 29612
1886 1900
44808 44830
10617 10617
33282 33968
49594 49601
49074 49081
22557 22557
36532 36568
47782 47792
49177 49177
46521 46521
45937 45970
8170 8188
12096 12108
38669 38686
35582 35592
30534 30554
27442 27450
16602 16608
22002 22020
10399 10402
610 624
49032 49033
41458 41490
26518 26575
48537 48537
5511 5511
39041 39041
11435 11435
21532 21550
14982 15030
49083 49109
42627 42650
43906 43920
561 561
44202 44272
19997 20036
1001 1001
2257 2257
6140 6144
8517 8517
46774 46783
12932 12934
47196 47216
9682 9697
42641 42641
7710 7950
3046 3051
23002 23032
46240 46245
7329 7338
48458 48460
22922 22947
18750 18756
44001 44001
27098 27136
10796 10799
4070 4232
35619 35620
43730 43738
7131 7182
24321 24321
25546 25582
23386 23400
7289 7295
34906 34922
11641 11641
43152 43156
300 413
37760 37766
25576 25580
11450 11460
31718 31754
44750 44750
32160 32165
16642 16672
39488 39512
24178 24186
25835 25836
45036 45048
37404 37407
29865 29865
15206 15220
7281 7281
42958 42990
1818 1823
19010 19024
3505 3505
18634 18664
42578 42625
27241 27241
37369 37369
40001 40001
7250 7270
4182 4208
6337 6337
41658 41698
28381 28381
38018 38025
20554 20656
38433 38433
23150 23151
7323 7323
13158 13184
16866 16866
18661 18661
38276 38276
34435 34437
44731 44731
48221 48232
20351 20351
38977 38977
6361 6361
22370 22376
37695 37728
45213 45213
23550 23558
15901 15901
42066 42072
47690 47696
48982 49000
12765 12779
44150 44180
5946 5952
15806 15820
236 248
1249 1275
18000 18022
4182 4194
2050 2099
6033 6033
22321 22321
30101 30101
14923 14944
2638 2672
31756 31810
34658 34664
257 257
41341 41341
16722 16798
32670 32690
15342 15346
1249 1275
16722 16798
23207 23212
35619 35638
18001 18001
28274 28278
25081 25082
43701 43701
46684 46690
31921 31923
40434 40452
25009 25009
20991 20991
18958 19024
10042 10048
5400 5440
10577 10588
29499 29525
19402 19410
37566 37571
22866 22905
34386 34420
37453 37459
41107 41117
5681 5681
30515 30526
7187 7187
38489 38489
8962 8968
48526 48528
10901 10901
15263 15263
17870 17877
18408 18422
40644 40652
23900 23914
20336 20428
38881 38881
1490 1502
5145 5145
20336 20336
13512 13518
6652 6654
6652 6654
12242 12252
33099 33115
41810 44800
12040 12052
27596 27624
9486 9504
31227 31230
28514 28520
1051 1051
35554 35556
16545 16545
40231 40231
34338 34346
23528 23558
5654 5672
34411 34416
40621 40621
71 85
10404 11254
20390 20416
31756 31810
14130 14136
12993 13000
29907 29948
3481 3481
39351 39351
40010 40052
49761 49761
22534 22546
4081 4081
251 251
48901 48901
16951 16951
7010 7015
47401 47401
27098 27104
9699 9720
9834 9848
31505 31520
44145 44145
38438 38440
14730 14740
33061 33061
21877 21912
32580 32622
3281 3281
42001 42001
31994 32032
4162 4232
11944 11949
2530 2536
8142 8146
33880 33884
31761 31761
14145 14145
6278 6312
15296 15302
48221 48232
41022 41025
26076 26130
7053 7076
45090 45122
35937 35937
258 277
36562 36564
23347 23351
37249 37249
5052 5082
25074 25084
43598 43624
35682 35698
17297 17297
9850 9860
27098 27136
25614 25625
692 704
40872 40880
27145 27145
16306 16311
48392 48432
3538 3547
18194 18747
31798 31800
1 50000
19500 19550
11782 11800
4529 4529
33427 33475
34286 34295
35811 35811
44417 44425
9732 9736
19067 19074
5513 5513
1 1
4081 4081
48001 48001
46671 46671
37810 37826
48299 48299
34030 34040
23201 23201
19582 19604
35312 35320
33642 33644
45906 45920
32949 32949
24083 24125
16109 16113
4518 4680
890 896
37806 37808
34174 34175
26582 26594
35210 35219
15841 15841
49598 49601
13611 13611
40152 40176
29527 29539
46786 46797
17669 17669
12593 12593
27170 27174
12305 12305
29169 29169
3605 3605
17092 17128
30193 30193
49851 49851
42201 42201
32624 33020
10844 10848
10850 10852
10622 10724
30796 30806
34081 34081
41292 41300
2263 2263
4762 4784
25561 25561
48618 48618
29692 29736
11959 11963
15937 15937
25554 25555
24746 24812
13646 13654
13394 13400
3490 3495
3526 3536
44257 44257
19265 19265
43730 43738
17581 17581
1942 1955
5015 5024
38331 38332
1569 1569
6625 6625
6082 6091
34269 34275
9201 9201
13898 13920
5913 5913
16146 16172
33218 33220
46561 46561
47681 47681
25144 25160
28171 28171
13554 13560
15902 15912
31938 31952
41492 41520
47252 47336
41492 41538
48753 48753
4303 4304
42526 42529
18702 18736
6501 6501
43467 43486
651 651
38901 38901
29767 29780
41112 41113
12666 12675
18969 18969
33338 33344
16350 16353
19081 19081
7052 7052
13973 13976
1185 1185
3697 3697
48274 48282
11105 11105
35409 35409
41658 41724
22256 22328
38215 38224
23698 23720
47190 47216
498 525
27361 27361
33073 33073
27126 27136
10513 10513
18790 18800
41312 41320
37121 37121
25601 25601
38986 38986
26218 26296
41081 41092
2951 2951
1 1
37376 37380
33001 33001
37664 37684
1681 1681
13045 13048
25247 25250
49372 49384
42456 42486
16467 17295
7441 7441
49250 49264
4283 4304
2056 2096
41580 41594
7238 7244
23375 23377
32051 32051
28801 28801
11134 11136
21796 21809
36221 36221
45551 45551
16642 16675
1698 1719
12474 12488
12501 12501
39953 39953
11680 11684
45509 45527
39171 39171
9921 9921
6521 6521
40482 40548
21212 21224
9360 9361
39030 39035
43126 43126
39601 39601
40152 40176
42958 42968
31592 31608
33501 33501
20801 20801
2477 2477
16441 16441
44641 44641
45138 45152
24814 24832
7184 7244
41005 41011
33726 33791
28996 29001
49301 49301
31872 31888
10874 10898
10317 10325
3234 3248
23862 23898
26644 26650
44808 44820
16810 16815
14994 15030
43071 43071
26366 26374
31130 31204
44441 44450
7047 7076
22161 22161
30881 30881
44736 44738
9201 9201
3096 3168
24553 24553
15641 15641
20135 20202
7363 8764
16109 16112
3409 3409
25621 25621
37842 37850
25153 25153
16127 16137
4226 4232
12206 12220
10404 10450
6 15
40526 40534
35174 35184
40852 40870
36351 36351
11230 11240
23493 23506
39214 39220
44974 44980
7456 7546
25927 25941
3285 3285
46645 46656
27761 27761
19677 19692
20571 20571
36946 36952
11959 11960
45778 45780
25977 25991
15099 15099
7761 7761
1761 1761
15041 15041
8952 8992
9801 9804
46502 46512
14481 14481
12494 12538
25201 25201
36061 36061
24801 24801
10969 10969
24070 24081
1441 1441
31130 31204
7249 7283
41034 41036
26493 26501
48819 48823
32722 32736
27596 27624
45597 45597
46712 46725
31276 31280
11617 11617
45169 45169
44031 44031
43261 43261
23166 23179
12289 12289
4546 4550
41098 41104
7018 7121
47502 47505
21041 21041
5771 5771
30198 30202
26930 26944
8662 8686
26528 26544
10646 10670
48817 48817
31102 31112
5025 5025
19154 19168
20430 20456
20626 20635
45312 45334
18985 18985
28570 28574
41393 41393
8290 8308
21565 21569
3648 3648
19081 19081
43906 43922
6940 6955
41074 41076
5874 5882
20998 21010
9138 9156
26601 26624
32624 32642
20458 20469
39209 39209
39546 39548
35117 35117
4340 4366
16881 16881
15001 15001
41279 41290
4673 4673
16081 16081
17126 17126
14754 14760
15537 15546
37994 38008
33101 33101
49412 49417
27286 27291
1281 1281
37991 37992
45351 45449
24047 24047
11187 11220
32392 34888
741 770
38763 39780
25927 25938
4801 4801
28817 28825
34521 34521
14730 14740
27257 27257
32881 32881
37068 37078
36052 36070
22081 22081
46842 48380
19201 19201
47218 47238
42501 42501
3477 3495
36633 36644
23089 23089
7132 7144
38911 38914
2599 2607
38763 45970
9638 9643
16714 16735
45509 45527
43776 43780
45899 45935
41958 41975
33441 33441
28561 28561
12060 12068
33860 33870
1586 1600
19458 19469
15112 15125
561 561
23765 23768
41690 41698
16868 16870
3851 3851
20878 20882
47196 47204
30434 30440
49062 49072
19500 19550
48976 48978
20338 20340
32201 32201
41952 41956
26954 26960
21235 21248
11361 11361
8721 8722
43751 43751
38553 38553
17302 17320
21710 21716
33686 33695
11700 11702
41834 41858
36662 36672
45742 45764
40561 40561
46388 46408
39753 39761
6557 6584
32386 32387
38763 42625
43536 43536
1552 1575
20561 20561
40146 40146
31845 31845
28923 28990
29196 29202
29441 29441
8305 8305
4572 4572
18850 18870
5654 5660
28721 28721
16369 16369
39662 39670
37938 37947
38994 39000
3304 3312
29401 29401
41414 41420
39922 39935
5261 5261
43305 43305
24954 24960
28190 28242
32937 32944
45677 45688
19396 19396
49389 49560
27782 27785
44589 44594
2101 2126
10172 10176
10130 10163
7761 7761
26652 26655
49741 49741
19259 19268
10220 10221
42241 42241
40161 40161
46350 46361
1182 1195
34458 34468
22182 22200
17001 17001
24576 24625
15152 15162
6082 6091
28202 28242
43001 43004
24262 24270
30442 30495
8432 8448
2932 2936
38770 38772
37321 37321
401 402
17041 17041
31160 31184
22161 22161
31470 31473
36214 36568
7648 7657
26652 26655
36377 36385
13040 13043
5932 5936
15318 15336
32802 32804
42321 42321
34178 34188
9728 9730
47961 47961
6732 6736
41981 41981
10650 10656
26174 26178
4513 4513
30639 30646
45383 45392
14546 14546
23438 23458
42225 42225
18650 18657
49250 49256
20022 20030
2065 2065
20070 20133
11921 11921
7552 7558
1383 1404
632 678
26250 26258
32644 32660
14363 14363
5980 5988
49598 49601
37561 37561
41834 41850
38132 38159
3554 3559
25658 25664
40621 40621
2378 2385
48712 48716
36301 36315
27613 27613
19321 19322
6210 6212
18239 18246
146 156
44951 44951
25754 25780
5202 5218
36044 36050
9668 9831
37986 37989
6767 6796
49706 49710
45451 45798
20529 20529
5860 5926
41187 41208
37982 37984
16690 16706
11617 11617
39938 39948
29651 29651
18168 18181
25531 25536
2180 2189
36648 36656
30326 30328
10096 10128
49979 49992
39994 40008
19736 19756
10646 10648
29799 29806
43680 43685
9580 9597
6321 6321
8101 8101
19922 19925
33752 33764
43121 43121
10209 10209
9751 9751
22677 22677
43042 43100
23662 23680
29361 29361
20434 20440
34642 34664
30796 30806
43392 43504
27201 27201
37256 37261
5034 5050
16593 16593
2394 2404
11606 11624
40206 42488
17250 17268
6246 6251
48001 48001
30122 30136
14714 14728
21201 21201
9841 9841
43572 43580
23409 23409
26076 26098
9789 9789
25377 25385
10404 11254
47228 47234
7273 7283
30077 30090
13649 13649
44817 44817
19651 19651
3074 3083
36052 36076
27421 27421
34669 34681
34900 34901
36229 36229
28166 28166
46625 46630
24910 24920
27213 27213
38558 38565
9486 9504
23063 23063
30751 30751
43144 43146
1731 1735
1678 1694
33367 33367
23150 23212
41501 41501
498 510
41719 41724
27854 28484
12581 12581
14977 14977
30632 30636
22292 22305
38930 38946
3561 3561
948 952
39251 39251
19040 19128
48152 48170
3950 3955
45406 45406
1541 1541
34897 34922
22910 22920
1678 1694
29569 29569
3065 3065
22292 22305
20070 20102
28499 28508
15841 15841
21994 22006
31601 31601
47078 47084
45362 45376
20900 20936
20081 20081
32077 32088
22245 22251
28726 28744
40951 40951
2170 2176
49329 49329
13951 13951
43512 43514
4712 4732
8881 8881
36677 36712
9914 9975
2701 2701
31490 31496
34064 34065
36242 36248
7930 7940
2945 2945
40781 40781
17457 17457
29874 29928
42341 42341
23893 23893
32200 32212
35771 35771
23214 23251
23580 23589
32398 32407
1073 1074
13879 13879
32226 32232
35701 35701
1942 1948
12402 12408
36094 36096
46852 46864
17457 17457
1476 2208
35542 50000
4213 4213
48652 48660
39557 39557
12911 12911
21601 21601
19638 19638
12206 12220
226 234
29501 29501
16457 16461
43349 43356
7631 7631
29513 29513
10838 10848
22287 22290
12751 12751
30031 30592
28704 28808
15361 15361
42782 42788
2449 2449
16225 16225
1678 1694
35050 35056
43665 43665
37713 37713
39131 39131
39453 39453
19578 19604
22209 22209
159 159
16085 16085
48790 48800
9114 9125
7910 7924
13271 13323
7628 7632
48494 48585
47377 47380
46028 46035
12522 12526
21411 21432
8941 8941
41970 41975
7105 7105
11381 11381
4801 4801
18984 18992
6394 6404
17250 17268
24517 24528
1501 1501
18779 18782
31720 31740
18397 18405
28385 28385
46642 46651
20206 20208
17994 18017
46824 46825
22494 22504
43538 44464
1236 1404
48551 48551
13192 13215
26609 26609
6000 6007
45509 45527
960 966
10582 10590
7514 7532
45800 45802
10317 10325
32958 32968
17182 17202
48919 48930
48091 48091
42351 42351
44986 45008
721 721
3975 3980
3554 3559
2833 2833
11381 11381
32589 32589
40760 40774
49071 49071
49413 49432
4498 4506
35912 35934
359 386
11606 11624
5213 5213
24776 24776
30204 30212
24018 24048
1737 1740
15951 15951
45561 45561
25538 25544
33809 33809
5575 5584
4981 5027
9840 9850
41481 41481
24377 24389
32077 32088
38241 38241
22986 23022
20641 20641
32392 32492
14153 14168
38498 38518
6412 6428
29121 29126
19729 19729
25821 25821
22852 22860
33438 33470
23732 23746
15588 15596
11664 11678
48417 48417
8921 8921
11841 11841
13658 13680
43830 43834
4570 4580
13521 13521
41489 41489
38824 39462
5802 5858
4266 4280
33112 33115
37337 37346
47041 47041
10674 10704
101 101
17994 18017
18706 18709
16062 16064
32788 32791
21601 21601
36251 36251
17041 17041
39601 39601
27001 27001
47017 47025
35341 35341
29025 29026
7253 7253
34924 34926
12528 12531
24741 24741
2784 2822
6901 6901
22066 22066
41810 41811
35382 35396
49049 49066
44589 44594
24768 24790
28390 28400
1126 1134
34692 34761
34658 34664
29066 29072
5335 5345
21021 21021
4597 4615
8621 8621
33441 33441
33921 33921
6901 6901
39041 39041
9605 9628
35977 35977
10974 11010
45383 45392
41825 41825
13121 13121
35191 35193
19801 19801
36545 36545
29441 29441
21841 21841
7121 7121
43071 43071
19801 19801
15730 15753
17130 17144
6307 6337
14386 14404
33265 33265
22102 22110
35141 35141
46273 46273
34401 34401
42914 42920
29841 29841
34732 34737
14209 14213
13735 13735
9105 9105
31394 31402
13752 13760
1221 1221
42842 42855
48732 48736
13249 13249
47190 47238
19192 19204
48498 48502
33578 33791
17994 18017
5868 5868
34637 34640
4570 4645
12257 12257
18592 18605
11306 11308
43414 43416
47661 47661
33622 33640
49633 49633
33106 33115
24081 24081
33375 33375
49901 49908
1777 1777
24719 24744
14092 14102
49169 49169
9377 9456
3711 3722
28976 28990
22178 22228
27637 31208
33378 33406
47681 47681
20558 20572
35734 35866
7683 7693
20886 20888
18761 18761
11403 11403
15521 15522
10877 10896
33801 33801
17642 17664
8429 8448
22182 22228
46411 46416
27669 27669
22554 22570
16631 16631
15201 15201
29742 29745
23998 24013
8283 8309
22881 22881
98 104
38797 38800
43713 43720
33099 33124
37924 37962
10841 10841
14326 14336
26880 26881
5951 5951
9014 9456
20858 20864
17130 17144
17901 17901
34881 34881
47861 47861
17270 17295
39901 39954
42632 42650
37729 37729
7601 7602
43360 43362
31232 31239
45782 45786
2082 2096
2727 2779
45211 45211
25577 25582
27493 27510
10446 10446
37991 38008
9937 9937
40712 40718
191 191
8118 8118
17751 17751
16384 16403
26582 26624
6050 6056
17019 17050
11482 11650
4959 4979
45509 45516
40347 40352
21186 21192
4041 4041
27301 27301
32793 32800
11994 12024
6461 6461
19334 19386
18092 18112
14236 14258
47111 47111
25577 25582
2880 2888
4181 4181
20390 20416
28001 28001
28514 28527
401 401
30177 30177
15196 15200
10115 10120
48600 48834
49162 49168
21541 21541
12001 12001
24982 24996
36337 36337
9825 9825
10685 10688
8465 8465
35718 35728
39841 39841
46482 46496
30132 30150
49985 49985
39538 39544
3806 3819
31060 31060
42538 42542
1797 1900
13142 13154
32752 32760
13072 13090
38482 38486
31541 31541
28318 28444
33901 33901
742 745
46141 46156
27860 27868
34834 34848
17313 17313
23256 23266
34297 34314
13752 13760
37782 37803
19265 19265
22330 22344
14472 14490
46449 46449
13822 13830
7957 7958
45213 45213
35761 35761
45677 45688
324 332
14593 14593
34470 34484
13377 13384
20806 20824
43012 43020
28641 28641
34506 34524
41119 41123
12666 12673
6843 6907
43270 43300
44501 44501
16785 16790
47190 47238
21726 21744
9081 9081
21902 21905
38542 38761
37121 37121
21772 21782
35619 36872
25889 25889
33364 33494
19090 19095
15874 15875
13992 14000
7782 7804
41841 41841
32161 32161
211 234
28951 28951
8370 8378
1633 1633
1 4
14754 14764
14348 14368
28361 28361
1502 1512
308 310
47412 47413
35351 35351
17994 18017
2150 2162
17139 17139
35312 35320
8892 8950
12302 12306
25755 25770
46537 46537
29066 29068
2057 2057
29922 29928
10422 10429
20141 20141
14561 14561
38257 38257
40732 40740
35226 35600
2984 3051
39027 39035
43962 43966
20750 20756
30062 30090
24761 24761
42452 42454
47553 47553
15056 15068
22852 22864
46113 46113
7169 7169
18126 18126
12481 12481
43892 43896
32849 32849
43382 43390
25169 25169
14662 14672
9554 9575
31994 32006
5130 5136
7801 7801
34989 34989
7250 7256
47808 47809
30796 30806
49826 49840
12504 12520
34594 45970
25993 25993
5081 5081
49062 49066
16258 16294
42581 42581
47548 47566
49341 49341
19521 19521
32 36
21626 21724
43716 43717
43392 43504
25557 25560
15484 15530
27954 27975
2824 2830
33964 33978
23781 23781
49958 49968
785 791
24761 24761
40202 40204
32691 32736
15284 16461
49194 49196
34209 34209
7891 7891
28986 28990
3387 3387
7206 7206
36786 36805
48021 48021
12657 12657
11346 11355
21790 21794
4182 4194
48612 48632
4677 4677
27721 27721
12369 12432
29799 29848
2275 2275
29009 29010
11678 11678
36786 36805
835 848
25858 25872
15135 15146
28417 28417
1898 1900
17229 17230
47240 47250
32793 32804
14612 14612
2634 2696
43010 43026
16115 16137
16178 16461
28294 28300
30886 30895
14802 14817
3340 3495
10532 10535
48298 48318
15032 15035
7930 7944
40591 40596
8401 8401
23326 23330
42601 42601
24617 24617
47252 47460
38600 38761
6241 6241
42417 42424
35025 35025
22506 22512
25387 25390
16246 16256
28321 28321
16720 16721
29569 29569
37834 37850
28318 28322
37938 37947
47377 47380
28170 28176
16049 16049
37032 37090
345 345
1 1
19801 19801
43270 43300
43006 44464
45050 45080
29076 29106
28606 28613
17441 17441
14597 14597
23318 23324
4196 4198
2236 2250
9210 9295
4513 4513
35961 35961
45341 45341
29084 29085
25514 25521
34790 34803
7340 7344
21306 21318
41401 41401
10609 10609
27849 27849
17000 17010
10394 10397
15206 15212
40421 40421
29761 29761
10858 10868
39200 39210
21761 21765
30900 30904
32200 32212
35721 35721
34605 34606
23221 23221
38077 38081
24993 24993
36918 36920
32514 32534
8923 8934
25001 25001
46690 46840
462 472
43954 43966
22137 22139
4741 4741
9377 9412
43593 43593
46028 46032
11482 11650
4552 4560
33006 33012
41301 41301
33132 33136
21721 21721
3441 3452
10137 10137
20212 20220
8552 8564
12625 12625
35514 35528
44951 44951
19329 19329
18145 18145
15037 15048
23761 23761
30287 30305
46886 46952
13774 13778
222 234
9080 9088
4518 4680
22156 22160
36638 36646
42554 42592
40940 40946
19801 19801
14933 14933
36301 36312
42034 42048
20986 20986
15860 15970
24081 24081
7392 7400
35572 35580
3501 3502
38357 38761
32293 32294
3002 3009
7394 7400
26741 26741
28751 28751
22117 22123
32114 32125
21761 21761
39397 39423
27565 27581
33880 33890
11634 11649
2942 2971
47948 47950
30442 30458
48826 48826
39425 39448
42300 42322
19000 19001
28224 28242
47278 47292
11850 11855
3744 3760
13767 13990
30808 30810
31084 31084
27106 27116
23786 23788
33697 33704
29761 29761
48618 48618
46159 46159
20753 20754
5418 5440
25240 25241
40617 40617
17102 17128
12369 12369
24081 24081
30610 30614
24746 25145
17984 17992
21572 21580
37356 37392
46501 46501
27596 27624
8854 8856
19617 19640
6662 6676
41409 41409
37806 37808
26065 26066
17052 17144
28417 28417
18149 18149
41682 41698
21188 21192
35977 35990
20001 20001
30442 30592
16652 16661
25881 25881
3950 3955
7161 7161
32324 32333
39926 39954
10422 10429
1706 1712
20458 20464
34449 34449
4145 4145
28902 28904
34732 34736
6898 6898
26110 26160
7273 7273
9353 9353
31557 31672
14828 15068
41107 41154
13790 13805
9062 9064
19067 19070
24334 24340
29583 29612
26046 26056
17593 17612
1872 1884
13294 13296
27042 27076
46662 46680
32752 32780
5471 5471
20161 20161
3601 3601
3514 3536
7132 7172
6526 6526
45969 45969
7622 7624
9742 9746
34529 34529
8381 8385
17687 17688
1461 1461
6710 6730
3152 3165
40760 40813
33980 33986
37184 37192
10622 10630
43521 43521
10617 10617
40872 41025
39703 39703
42361 42361
29218 29236
23932 23940
8519 8519
25147 25164
23809 23809
20751 20751
20232 20244
8806 8824
8260 8368
35127 35159
46786 46808
7586 7613
5980 5988
10209 10209
23152 23160
43106 43124
32293 32312
22153 22153
3774 3780
4692 4912
33304 33306
45331 45331
43249 43249
29210 29216
45201 45201
34854 34867
20182 20202
12862 12874
6337 6337
28812 28815
18546 18570
47804 47805
32793 32804
1321 1321
2263 2263
14092 14115
26082 26088
38401 38401
12308 12334
46034 46046
37553 37553
6801 6801
1126 1134
3713 3714
30398 30425
13665 13665
26796 26812
5893 5893
33248 33249
37441 37441
16601 16601
41860 41869
29537 29537
29981 29981
32905 32905
44666 44667
8994 9004
23651 23651
43751 43751
43341 43347
46990 47006
39490 39624
27187 27221
10594 10612
31919 31984
26849 26849
28876 28886
42302 42322
110 120
15709 15715
30198 30208
30120 30130
18998 19001
27201 27202
11438 11440
10273 10305
11727 11730
16113 16113
43001 43001
16597 16634
48298 48318
9145 9145
32982 33024
21628 21636
32161 32161
28049 28049
22473 22473
15692 15707
29121 29121
26174 26219
32506 32512
15484 15512
43805 43805
26292 26296
29841 29841
24438 24480
24401 24401
2258 2272
21700 21708
34818 34830
42517 42520
1043 1050
43101 43101
5981 5981
22392 22393
25201 25201
26880 26881
32712 32736
11395 11413
29003 29010
25701 25710
20327 20334
3806 3819
22785 22785
19529 19529
48244 48248
11606 11632
11977 12232
7994 8032
29730 29745
32722 32728
34247 34295
42720 42726
28782 28808
30120 30730
5264 5320
47297 47297
42178 42256
42698 42744
39601 39601
5738 5888
42401 42401
35921 35921
18212 18227
36172 36196
42594 42608
26481 26481
43171 43171
14117 14324
28034 28040
45010 45012
30201 30201
43838 43838
43242 43308
41187 41200
39377 39377
3170 3229
47580 47675
40001 40001
11965 11971
40794 40806
3201 3201
40241 40241
47548 47576
11664 11678
9817 9817
8281 8281
28799 28808
9892 9896
43392 43504
29558 29558
44583 44583
23801 23801
4093 4093
30375 30375
47933 47933
5821 5821
43638 43648
16720 16721
18135 18135
12810 12821
27613 27613
4586 4588
40001 40001
27705 27852
8538 8550
801 801
17617 17617
4453 4470
6266 6337
42380 42383
48961 48961
10701 10701
22008 22164
18354 18360
46334 46345
38161 38165
19881 19881
17041 17041
10634 10638
11680 11684
25086 25086
39552 39570
43680 43685
20741 20741
45249 45249
49501 49506
33200 33212
27612 27624
35066 35074
17322 17336
34657 34657
37471 37471
1476 2364
6592 6610
25851 25851
19130 19174
10830 10836
33578 33640
45352 45424
49759 49776
17163 17172
122 175
1537 1537
35601 35601
17274 17295
18478 18500
41382 41398
47252 47368
2951 2951
9901 9901
41281 41281
1368 1376
5761 5761
35521 35521
42002 42006
27982 27992
44441 44447
7793 7793
30161 30161
1402 1415
48881 48881
14354 14368
33938 33952
14185 14185
16520 16530
37404 37450
9110 9140
35901 35901
1737 1740
46305 46332
26174 26178
14681 14681
24001 24001
9229 9229
16193 16193
1313 1313
34545 34545
6758 6760
5066 5082
32340 32344
13377 13384
18424 18571
24501 24501
8260 8360
29799 29802
34857 34857
11838 11845
42632 42650
45050 45070
19830 19870
23311 23311
40792 40813
2224 2292
13107 13120
22401 22401
35298 35310
49389 49390
21465 21465
7352 7357
2480 2483
31686 31694
19912 19912
11415 11430
32962 32968
46482 46496
16942 16950
24272 24280
13570 13640
40538 40541
43010 43012
48073 48090
19481 19481
13874 13888
37813 37962
14281 14281
31171 31171
3774 3790
20694 20700
42578 42592
28446 28450
39373 39373
43745 43745
32001 32001
44960 44965
38381 38518
23287 23287
14092 14115
1831 1831
28446 28484
17297 17297
49582 49590
37316 37332
13992 14090
43101 43101
21360 21409
16405 16406
23591 23592
2507 2515
5034 5052
1961 1984
47801 47801
25585 25585
47101 47101
17581 17581
19885 19885
19830 19860
45406 45410
32113 32113
36961 36965
5793 5822
43638 43648
13975 13975
43181 43181
46025 46025
11984 11992
21761 21761
47716 47717
45129 45129
22257 22257
35967 35990
38310 38320
19058 19062
10352 10364
49025 49025
36532 36540
46721 46721
2023 2023
5424 5430
48963 48968
23530 23531
28923 28946
33986 33986
34814 34848
34769 34769
44200 44201
2942 2971
6402 6486
16490 16518
28641 28641
18795 18798
31849 31849
27019 27038
29782 29797
15894 15896
13502 13530
43954 43960
46251 46251
6390 6486
38012 38025
46187 46187
110 120
29641 29641
31825 31828
6002 6007
22240 22254
32650 32656
37912 37920
4642 4690
23826 23830
39266 39266
37924 37962
23937 23937
38351 38355
47818 47820
5990 5993
20458 20484
21700 21712
29218 29240
22025 22025
17293 17293
40486 40490
27537 27537
14801 14801
36137 36140
21777 21777
27905 27905
45701 45701
38107 38113
23505 23505
16240 16244
21235 21252
21841 21841
42941 42941
1434 1440
29677 29682
28726 28736
32018 32019
10592 10612
