33342 47084
18402 26247
34626 39760
26605 30705
8582 15400
34626 37740
47282 48420
1720 3449
23562 25525
19750 21841
4330 8160
8582 15400
8582 15400
8582 15400
8582 15400
30707 31184
8582 10568
43082 44850
29122 30640
22629 22852
26034 26088
10647 15080
17362 17928
5452 6529
21843 22584
37786 38880
3451 3940
26605 28490
33820 34200
28842 29120
5452 6529
1202 1718
32762 33340
42098 42500
37180 37675
7102 8160
26090 26247
14328 14840
43632 44850
47510 47930
15082 15291
9352 10346
36942 37178
31344 31792
5452 6529
30707 31152
29138 29480
10647 10880
36098 36926
39502 39760
15402 15784
5452 6529
16974 17360
9420 10256
36942 37070
36098 36378
25950 26032
8636 8720
33502 33810
19154 19748
43632 44160
47282 47508
43098 43630
7004 8160
22184 22584
34202 34400
6762 6970
7004 8160
17930 18400
43632 44160
41564 41680
11890 12100
8722 9350
42581 43000
7004 8160
49106 49360
37394 37620
26249 26392
34626 34912
1720 1770
31794 32035
49362 49500
43098 43630
16828 16950
23282 23560
17930 18400
38506 38880
26562 26603
43098 43360
13234 13740
9938 10256
39788 39940
27659 28010
19154 19748
4602 5450
33502 33810
19922 20158
20160 20975
18960 19152
43632 44160
34402 34624
28012 28480
44970 45280
22184 22584
35732 35776
6586 6760
34290 34400
17960 18400
46690 47008
32282 32308
9442 10346
37786 38096
23822 24100
15402 15784
26605 27384
44162 44850
18666 18958
15952 16020
25002 25244
20160 20660
33361 33361
7658 8160
23570 23820
38717 38880
14058 14326
722 800
13796 14056
18666 18958
11362 11460
17450 17630
4077 4328
43234 43360
32578 32750
10892 11360
17402 17448
23248 23280
38138 38384
38506 38715
24462 24800
31154 31272
46900 47008
19922 20158
8244 8376
4330 4352
13302 13660
12292 12420
27758 28010
17686 17928
2491 2491
26249 26392
11890 12100
1232 1524
24802 24875
1 712
13762 13794
2642 2796
2082 2160
3026 3219
17001 17001
22994 23122
35074 35500
20522 20660
18193 18193
15402 15750
31274 31334
19922 20158
10348 10424
6130 6529
30707 31152
11362 11460
23282 23560
30246 30602
5178 5450
44502 44790
13234 13300
45546 45760
22458 22584
47973 48056
26415 26560
2652 2796
52 616
35128 35500
49752 49872
44792 44850
3451 3572
31344 31576
2282 2540
27693 27756
48570 48816
35778 35996
40188 40430
14802 14840
23946 24800
17077 17230
37394 37620
15442 15750
28434 28462
43002 43096
6762 6970
34402 34624
39162 39256
46354 46688
42098 42296
12001 12001
28012 28320
10595 10645
29172 29480
25950 26032
3352 3432
5178 5450
16299 16328
39942 40186
25452 25500
13762 14056
29172 29480
7211 7452
5552 5920
8502 8550
3574 3600
47086 47280
19586 19748
21222 21388
43818 44500
16477 16592
15786 25244
1246 1524
42658 42870
29663 29725
9746 9864
39373 39420
32282 32336
32818 32864
26906 27056
41060 41168
33799 33810
9442 9744
3451 3572
17702 17820
26605 26708
2652 2796
23946 24100
43098 43232
26906 27056
29042 29072
24102 24378
42600 42620
47282 47330
9938 9974
36442 36880
18820 18930
42350 42500
3802 3940
45802 46072
40188 40384
46074 46299
9442 9744
4077 4164
40690 40844
7211 7452
22650 22780
31344 31576
17362 17400
48422 48568
10914 11460
41170 41539
44970 45046
3102 3219
40188 40384
28946 28975
23961 23961
38717 38880
9976 10048
45142 45352
23822 23944
27802 27888
45890 46000
42350 42500
6130 6296
13796 13888
38138 38384
1666 8720
722 800
49378 49500
43478 43572
23570 23820
33018 33200
10200 10256
31344 31576
20160 20277
13132 13232
30812 31152
32338 32442
40432 40516
27218 27264
9138 9280
17960 18128
41170 41539
27106 27216
20677 20918
3102 3219
44970 44992
6586 6960
39258 39371
20434 20500
33229 33286
8378 8464
42536 42579
45122 45410
35778 35996
8502 8550
26930 27056
25201 25201
39010 39120
28842 28944
4834 4872
30060 30138
17930 17958
37394 37620
46301 46352
42350 42500
33945 33996
34342 34400
2652 2796
42872 43000
20994 21204
43632 43640
16330 16400
31794 32010
16414 16475
5842 5920
17522 17585
20434 20500
10258 10346
8957 9024
1 1
25810 25840
40694 40844
12722 12928
19482 19550
16828 16923
47010 47084
47510 47600
17587 17630
38426 38460
37502 37620
25201 25201
49515 49576
12961 12961
38177 38256
20522 20660
26350 26392
26415 26520
43873 43873
41994 42096
31038 31087
5002 5096
7652 8376
7050 7144
3802 3848
40694 40844
9627 9744
3026 3100
1426 1524
40248 40368
34467 34624
46786 46920
17838 17928
6586 6874
2298 2540
36001 36001
41317 41539
34202 34288
5002 5096
49106 49200
17522 17585
31862 32010
15952 16020
40526 40660
46354 46500
28227 28320
46128 49400
42098 42296
13236 13300
33018 33200
49874 50000
29532 29661
11098 11296
9352 9362
30361 30361
8274 8340
40370 40384
20367 20424
13302 14840
35041 35041
42670 42820
26350 26392
44626 44700
49515 49576
31274 31334
11326 11360
24877 25008
23051 23122
41317 41539
15617 15617
35732 35760
43954 44252
41994 42096
18210 18392
21543 21580
34361 34361
32338 32388
21582 21660
49126 49200
36095 36178
21582 21660
10882 10912
24102 24376
9157 9216
43752 43760
11226 11296
30428 30544
21986 22091
38898 38928
21251 21296
4166 4280
13132 13232
33229 33286
10001 10001
40432 40459
26720 26904
3682 3740
12102 12160
11326 11360
35077 35126
12626 12716
15801 15801
44001 44001
30743 30768
24073 24073
32602 32688
12802 12928
9042 9099
15952 16008
38258 38328
26562 26585
24842 24875
17232 17248
7001 7001
3957 4075
4077 4164
7842 7880
39942 40064
29817 29817
21189 21204
45601 45601
14706 14720
29482 29500
11298 11324
49756 49872
14202 14320
38022 38086
27502 27560
9282 9350
37052 37070
15426 15435
29172 29322
33945 33950
19592 19728
2298 2360
18210 18368
12758 12928
24380 24450
7242 7452
34622 34704
930 948
20401 20401
47086 47263
30801 30801
41564 41640
332 524
44852 44886
41317 41506
32977 32977
41170 41640
34802 34910
2154 2208
12321 12321
19592 19728
37970 38118
33952 33996
39854 39940
4077 4164
2601 2601
35186 35300
26720 26904
26605 26640
37202 37392
36314 36340
36738 36912
1 18
29752 29784
19907 20462
20718 20819
49210 49360
15426 15435
35402 35480
14202 14320
31862 32010
9627 9734
45752 45760
17077 17104
20322 20350
49756 49872
26906 26928
23282 23384
16992 17075
12938 13015
35550 35576
4077 4280
27650 27657
36192 36220
23124 23232
24462 24524
12201 12201
15442 15518
16721 16721
34426 34465
9157 9216
42350 42468
34802 34910
45122 45346
11822 11870
18666 18818
23594 23820
31346 31400
8112 8135
6535 6584
5142 5176
48901 48901
36401 36401
33018 33227
21986 22080
41060 41135
17434 17448
13236 13300
13752 13782
30707 30720
49210 49339
12570 12592
31702 31792
267 330
2807 2875
7030 7452
36003 36064
48752 48816
34622 34704
7540 7638
23857 23944
6898 6960
4282 4328
25201 25201
32037 32110
34001 34001
32390 32480
41564 41640
47602 47680
10816 10880
46354 46400
43574 43630
37202 38136
15906 15950
37202 37325
28954 28975
10116 10198
31546 31576
34574 34620
27814 27888
46518 46628
8766 8804
18332 18854
10914 11012
12002 12026
32012 32030
1921 1921
31841 31841
9841 9841
37327 37384
6535 6584
19242 19270
18577 18664
2632 2659
34912 35392
1666 1718
3102 3161
9138 9155
27522 27560
34316 34352
20352 20365
49412 49500
10812 10880
42828 42870
32282 32336
22208 22312
17362 17432
37078 37110
9797 9797
23386 23400
17350 17432
26165 26176
45074 45120
36801 36801
28130 28225
32790 32800
43158 43216
35682 35694
31301 31301
30642 30705
10816 10880
49515 49576
1010 1030
22650 22780
15244 15280
46128 46212
852 895
10812 11012
31487 31544
49756 49872
35402 35480
16022 16130
27482 29750
36774 36904
3451 3456
130 134
18714 18784
23962 24040
23124 23138
1772 1826
39026 39070
23642 23726
20610 20660
48741 48741
10452 10532
33601 33601
30290 30388
12722 13740
45020 45410
14188 14200
5001 5001
33918 33920
22208 22312
34356 34388
11182 11224
26609 26609
18018 18060
9382 9395
20352 20365
41774 41820
80 120
35594 35634
32242 32336
5312 5320
4986 5062
3163 3219
13644 13650
35891 35996
43398 43416
27421 27421
2701 2796
833 833
13378 13606
40822 40844
5142 5175
15058 15080
45890 46000
25686 25760
38562 38618
27921 27921
40930 40992
28227 28320
17707 17728
32001 32001
9157 9216
27693 27750
11182 11224
21646 21660
16925 16940
32690 32700
29482 29500
2142 2152
24882 24960
142 208
49126 49267
1554 1571
42670 42820
29324 29416
1845 1845
16414 16475
802 850
2801 2801
4077 4132
13154 13234
4402 4500
6002 6125
23442 23500
32762 32788
26781 26781
5266 5301
39440 39441
11970 12000
22602 22627
31389 31389
14170 14186
42872 42888
5041 5041
36586 36602
2949 2949
38963 38978
13506 13606
39010 39160
41762 41772
17842 17900
11858 11870
38098 38100
3602 3680
48058 48088
30162 30244
29122 29136
39072 39096
11226 11296
21927 21972
22635 22648
31862 31875
48282 48324
17186 17222
3792 3848
626 640
32790 32827
30557 30557
39281 39281
47362 47400
24962 25121
18075 18110
11041 11041
12865 12865
28082 28107
49066 49094
22216 22312
40934 40992
3436 3449
12938 13015
38120 38136
27344 27380
6535 6568
26225 26225
37522 37620
35201 35201
7801 7801
39570 39608
18856 18930
21298 21388
14058 14168
38506 38541
9946 9961
40292 40368
27522 27560
5699 5824
16925 16940
20718 20800
31877 31900
39788 39844
43511 43511
31154 31168
46582 46620
28833 28833
5064 5096
28821 28821
46274 46299
7185 7185
31578 31600
3004 3024
15361 15361
24114 24169
29907 29976
43158 43216
17730 17790
45354 45400
34086 34150
29502 29528
44002 44048
34852 34910
6586 6656
25250 25292
38138 38424
36770 36772
7681 7681
8902 8955
1102 1160
47434 47485
12722 15291
722 752
14729 14729
44117 44224
18714 18784
43358 43396
16638 16642
14002 14056
41362 41454
47061 47061
39266 39388
38141 38141
27570 27624
35658 35679
38620 39856
4210 4280
12938 13015
43422 43440
36462 36535
14953 14953
14079 14079
9026 9280
29042 29072
12251 12285
41650 41680
15578 15660
38138 38160
15907 15998
13652 13740
31877 31976
11226 11296
14626 14656
17301 17348
43950 44000
25810 25882
10394 10424
33722 33744
38882 38928
41137 41152
34169 34169
47737 47737
39484 39497
35201 35201
34356 34388
25643 25646
45412 45432
27106 27150
7302 7400
23409 23409
11841 11841
48852 48900
20367 20432
14514 14560
32448 32496
21132 21187
44262 44350
9912 9921
4210 4280
34054 34084
14562 14592
20842 20862
9577 9588
10667 10667
46817 46817
38177 38256
20881 20881
7302 7638
3352 3380
11801 11801
18601 18601
46128 46180
8601 8601
11034 11096
16468 16475
32351 32351
23307 23384
33352 33392
21543 21580
25426 25450
6972 6980
20322 20336
27841 27841
14953 14953
10857 10857
1 1
11540 11588
6152 6177
12801 12801
37394 37404
33234 33264
7975 8000
17250 17282
16051 16051
35601 35601
10482 10532
25250 25292
18601 18601
28772 28944
10452 10480
23248 23256
28162 28216
29178 29294
11801 11801
20802 20819
30066 30100
29502 29528
4680 4710
18856 18930
35786 35880
16558 16592
43052 43072
27898 27936
40001 40001
32348 32375
41602 41648
48512 48536
45793 45793
29663 29725
38002 38118
48586 48848
19602 19674
20610 20675
34984 35000
45001 45001
34240 34274
5842 5960
25884 25948
49907 50000
43111 43120
13242 13300
36241 36241
5566 5584
6972 6990
16414 16466
34014 34048
32448 32496
33201 33201
12035 12054
25527 25560
15018 15056
46518 46580
36192 36210
29016 29032
4077 4132
9471 9471
16022 16130
31352 31354
9086 9099
45242 45264
25226 25244
26481 26481
39281 39281
11474 11520
31877 31976
35138 35168
46986 47184
38751 38751
148 200
39026 39064
7454 7460
47038 47084
40482 40508
45708 45750
21986 22091
24948 24960
11402 11434
10847 10880
38459 38488
32441 32441
40292 40368
33298 33312
4902 4960
43281 43281
12035 12054
24415 24450
28251 28251
18977 19010
49105 49105
9627 9684
921 921
38282 38416
9086 9099
26330 26348
31546 31576
47202 47263
6194 6240
274 330
16181 16181
5009 5009
22641 22641
31402 31435
332 400
40074 40186
45890 46000
41057 41130
30601 30602
49664 49728
20718 20832
16752 16784
28645 28670
7706 7728
20537 20675
29178 29294
41317 41360
8894 9024
40822 40844
38562 38618
29901 29901
29841 29841
8894 9024
3850 3854
7342 7400
17702 17944
29982 30020
24452 24504
41782 41820
20610 20675
21422 21467
40874 40932
13154 13232
26241 26241
26401 26401
24415 24450
24171 24181
1438 1524
44626 44722
15318 15336
22441 22441
13837 13900
8527 8552
24497 24497
43358 43392
19181 19181
18001 18001
48846 48900
43111 43156
12570 12616
39724 39740
26302 26321
46452 46516
44970 44992
44482 44600
29582 29633
45353 45400
22721 22721
42750 42820
14864 14868
40562 41836
14001 14001
8554 8580
23090 23122
22021 22080
23794 23810
14562 14592
25686 25696
41142 41168
33471 33471
12362 12382
17362 17376
2298 2310
16644 16660
34001 34001
16828 16860
28358 28460
48497 48497
25010 25032
35105 35105
38337 38376
44602 44612
28834 28944
2001 2001
17472 17488
13987 14056
17902 17920
46690 46869
34290 34750
43642 43690
40994 41055
10130 10160
42001 42001
21422 21467
4752 4763
4729 4750
49159 49200
21132 21187
22331 22352
13154 13232
17702 17712
32390 32480
34622 34704
25889 25889
18714 18818
47458 47476
9062 9084
9361 9362
14514 14533
1082 1160
37414 37457
10266 10392
3866 3902
6577 6577
6130 6150
17077 17104
6378 6412
46930 46984
19192 19220
48002 48030
10241 10241
7670 7679
7526 7538
35170 35184
39098 39140
37970 38136
15303 15378
31877 42096
34 50
19782 19792
26993 26993
10177 10194
2174 2208
39390 39469
11970 12000
27118 27150
47282 47330
49486 49490
33789 33789
4001 4001
22777 22777
38835 38835
48090 48120
9801 9801
36314 36349
9538 9558
27572 27596
17501 17501
44341 44341
16689 16689
23361 23361
29582 29592
27902 27936
30022 30058
36462 36613
27814 27856
33792 33797
17462 17470
40822 40844
6130 6150
22401 22401
2142 2152
42764 42794
14342 14390
39892 39940
34917 34930
36961 36961
27522 27534
12034 12194
45209 45209
45546 45568
43692 43728
11226 11290
38141 38141
11346 11360
1641 1641
26943 27040
20552 20592
38717 38752
33682 33712
17474 17520
20742 20819
16644 16720
39858 39875
12742 12756
44324 44350
32790 32816
26002 26163
9826 9856
40694 40720
19996 20094
14274 14300
9002 9024
27752 27870
27118 27192
26481 26481
13081 13081
36952 36976
7050 7072
34401 34401
21927 21968
3127 3154
1852 1925
8378 8384
35921 35921
12561 12561
9758 9787
24526 24624
44262 44350
38990 39000
16426 16466
2890 2920
19328 19368
16081 16081
23642 23675
38963 38978
1246 1273
40600 40734
19832 19862
20610 20675
23051 23072
2327 2400
13801 13801
39752 39752
11093 11093
7926 7950
44994 45018
19602 19674
46670 46676
34201 34201
3574 3600
7342 7436
11326 11340
38354 38376
35702 35722
19817 19824
6338 6368
49480 49484
350 416
2154 2172
48608 48680
46128 46180
20718 20832
20696 20712
21347 21380
38701 38701
13546 13596
27738 27750
15303 15378
26481 26481
26188 26200
80 108
49502 49513
36978 37002
5526 5550
44040 46426
48682 48690
39190 39204
23527 23952
8114 8187
32990 33000
29074 29106
401 401
33462 33500
15970 15998
244 265
21986 22040
10038 10084
19041 19041
29502 29528
13302 13606
9233 9233
31634 31648
14738 14840
22721 22721
25362 25424
16014 16100
25294 25305
15407 15424
13026 13040
16524 16556
34370 34384
30102 30125
41137 41163
39742 39752
48801 48801
44128 44160
36389 36389
30546 30570
16001 16001
46522 46580
29361 29361
15497 15497
47194 47204
43830 43838
44852 44879
2327 2400
38918 38928
26801 26801
43202 43220
25201 25201
11201 11201
26554 26585
39098 39140
17843 17867
1 10
38822 38848
6046 6095
4718 4724
22752 22780
13784 13792
47946 47969
49201 49201
48538 48584
4261 4280
27814 27856
27814 27870
27963 27978
35569 35569
49752 49754
28961 28961
25477 25504
19730 19776
48002 48088
46241 46241
49442 49464
14450 14464
49104 49124
28466 28490
767 798
17417 17417
30506 30599
11658 11720
33281 33281
24882 24946
12449 12449
48911 48911
44458 44483
32642 32662
5762 5824
6969 6969
37112 37125
49061 49077
31634 31656
31351 31351
34752 34804
28850 28944
33961 33981
11970 12000
29034 29060
21212 21230
49210 49267
9801 9801
29952 29976
4014 4048
23090 23122
1196 1204
10608 10645
22802 22844
14882 14914
49901 49901
37296 37325
38835 38835
13051 13128
37006 37028
28821 28821
39873 39873
43331 43332
20610 20650
30672 30728
15018 15291
27986 28000
42600 42620
36906 36930
6554 6565
1 1
48337 48350
38002 38016
13662 13732
7730 7766
39242 39634
6880 6948
39636 39671
22402 22787
37901 37901
7975 8070
26302 26321
3957 4007
10282 10346
21851 21851
4834 4848
1102 1115
14648 14678
29989 30000
4014 4048
17730 17792
11722 11750
42114 42160
16252 16282
35502 35536
2682 2699
40934 40982
21142 21204
22802 22844
13611 13611
35891 35996
43601 43601
33058 33184
18642 18664
35095 35120
15617 15617
28018 28066
33746 33790
43954 43965
40897 40897
11982 12008
5922 6010
19874 19900
15817 15820
5466 5466
2482 2520
25307 25424
37241 37241
22331 22384
11226 11290
3513 3513
9408 9580
9042 9060
1976 2062
48352 48382
19242 19296
16227 16244
31726 31741
15722 15752
38454 38504
28462 28544
11385 11385
11226 11290
25294 25305
22482 22500
41430 41454
38022 38086
11298 11312
20126 20158
19101 19101
45670 45704
12962 13015
7192 7200
25042 25042
18402 18416
25281 25281
8342 8356
46978 47092
32482 32496
28446 28448
42387 42412
16392 16410
25066 25080
36833 36854
42881 42881
27986 28010
24842 24872
13326 13336
26702 26708
48751 48751
12851 12880
46876 47184
27002 27056
39681 39681
28717 28736
45570 45595
45614 45656
5106 5120
16468 16475
39622 39634
45614 45656
11502 11520
19154 19160
28645 28670
25010 25032
10050 10080
30486 30500
48238 48280
41838 41846
81 81
24490 24504
13987 14056
47487 47508
31902 31976
3682 3740
37030 37050
40822 40844
14916 14920
14251 14251
46401 46401
37081 37081
11402 11428
39294 39360
21543 21580
2174 2208
9366 9380
25827 25882
4874 4900
36180 36310
33408 33448
25174 25220
5458 5502
8450 8579
40529 40529
9382 9395
17601 17601
7342 7378
43842 43881
17314 17314
1 1
6442 6450
8094 8110
28772 28912
30812 30864
22273 22273
40074 40110
17982 17996
44670 44710
37921 37921
19733 19733
2327 2404
2466 2532
6921 6921
12348 12382
20777 20777
20961 20961
674 710
40874 40892
12758 12809
23697 23726
10557 10557
15745 15745
42674 42704
31489 31489
11556 11588
3324 3350
25601 25601
47186 47192
28370 28400
23230 23256
42337 42348
39026 39064
27601 27601
47722 47728
6179 6190
46862 46869
6046 6095
2481 2481
26305 26305
3752 3774
38138 38154
5347 5354
25884 25900
17474 17488
19522 19776
15216 15242
7380 7400
39892 39936
41322 41360
3004 3024
16426 16451
1162 1175
49210 49267
40654 40667
1169 1169
21222 21230
33038 33050
49863 49872
3217 3217
47971 48088
33404 33500
48767 48844
42401 42401
47973 48030
32106 32106
47301 47301
30060 30100
46129 46129
44414 44456
2582 2594
22226 22275
9042 9084
33442 33448
40002 40032
30428 30464
5581 5581
24822 24840
28977 28980
1887 1887
7161 7161
8051 8051
33122 33184
26522 26538
39877 39888
17106 17139
3866 3902
31877 32249
35953 35953
34467 34525
34226 34238
39951 39951
2210 2256
21123 21130
14292 14300
49874 49905
35095 35120
40412 40508
38741 38741
15521 15521
42081 42081
22273 22273
46914 46950
2001 2001
26050 26088
42526 42534
44117 44121
16321 16321
369 369
46337 46337
32172 32196
39431 39431
40921 40921
11474 11520
21666 21687
8244 8264
20521 20521
32401 32401
4401 4401
28232 28320
2841 2841
31681 31681
7137 7137
40112 40158
7174 7260
47601 47601
45268 45334
7380 11444
27758 27776
37648 37663
15244 15248
26554 26585
8257 8257
31487 31544
2818 2832
39742 39752
4646 4656
44994 45000
5762 5800
21836 21908
10433 10433
25352 25400
35891 35958
34467 34525
23022 23049
29084 29089
9826 9856
2827 2827
6081 6081
37900 37935
15380 15516
41137 41163
15573 15573
33234 33264
24330 24360
39742 39750
47478 47485
24771 24771
36831 36831
29762 29784
8606 8606
2940 2944
18002 18060
46449 46449
40286 40290
10620 10645
24171 24177
25338 25350
15970 15998
35401 35401
6561 6561
401 401
37271 37271
15346 15378
31162 31168
26562 26585
26256 26328
9826 9872
24128 24140
2258 2296
47720 47728
4071 4071
12348 12382
41902 41920
1117 1136
24369 24369
49004 49056
2377 2377
31038 31045
44724 44736
22629 22633
44274 44303
15101 15120
30330 30384
25246 29616
4390 4412
36262 36284
37241 37241
41994 42002
28914 28944
2552 2556
38874 38885
13201 13201
13987 14825
36241 36241
526 572
15122 15168
21401 21401
37081 37081
45729 45729
41708 41772
35891 35958
17553 17553
16992 16996
40188 40192
21347 21370
37304 37325
43621 43621
7962 7973
36801 36801
27452 27468
7361 7361
4617 4644
26895 26941
24690 24760
49178 49202
48148 48172
49041 49041
43791 43800
41456 41500
25702 25754
41170 41176
12401 12401
45268 45325
20920 20940
46914 46950
25174 25220
8554 8579
29312 29322
44002 44038
47570 47866
40211 40211
22146 22168
22662 22736
22144 22168
6719 6736
11345 11345
6721 6721
41746 41772
39104 39140
5848 5880
32401 32401
33845 33845
36212 36222
30157 30200
49178 49202
49161 49161
9844 9856
13161 13161
15170 15191
21882 21906
41296 41315
41602 41624
13987 15291
41746 41772
3401 3401
28274 28312
35594 35625
40889 40889
4151 4151
506 506
45890 45933
10562 10568
44251 44251
43692 43728
9976 9998
7618 7632
18062 18070
31487 31520
6301 6301
18714 18725
47361 47361
20642 20650
3301 3301
40549 40549
20002 20124
43851 43851
7514 7524
25969 25969
48174 48382
17284 17299
13201 13201
29710 29725
31578 31600
40418 40459
21418 21420
29034 29040
22662 22708
23140 23180
11430 11444
10858 10880
14438 14448
48978 48996
13401 13401
46347 46400
30487 30500
18246 18262
14978 14990
15907 15916
41198 41204
24380 24390
1282 1344
33325 33340
41810 41820
28370 28400
35569 35569
12691 12691
31561 31561
4258 4259
48187 48224
47364 47400
46042 46072
10249 10249
11436 11440
49591 49591
39422 39469
5762 5786
45617 45617
25521 25521
22401 22401
25001 25001
7276 7276
34538 34572
32578 32688
14490 14600
25884 26790
43851 43851
34114 34150
48922 48933
36504 36512
24776 24790
28717 28736
28370 28402
24210 24238
19096 19124
39233 39233
38853 38853
33861 33861
1196 1204
9841 9841
27365 27380
7681 7681
10163 10163
98 376
20624 20625
46026 46040
26540 26552
31282 31289
4014 4048
33602 33624
43001 43001
29222 29300
49210 49267
30258 30288
8713 8713
46601 46601
48512 48536
36738 36744
9474 9509
24801 24801
1 1
16022 16080
21561 21561
12081 12081
9976 9998
49079 49090
23532 23548
37858 37875
22754 22780
39980 40032
48066 48088
15252 15280
40822 40844
8702 8764
46970 46975
34944 34964
47026 47070
1906 1912
17302 17328
48238 48282
40557 40566
5297 5301
48284 48324
45242 46426
45393 45393
14602 14640
930 948
35361 35363
21554 21580
8224 8250
32401 32401
7514 7520
37030 37056
15521 15521
10754 10760
8476 8508
34642 34664
9042 9084
29618 29633
31410 31435
761 761
36928 36930
18454 18460
34422 34431
582 592
2661 2680
32022 32030
45865 45865
15161 15161
10473 10473
14332 14360
98 120
11738 11748
12461 12500
33666 33678
5142 5175
15301 15301
42321 42321
1201 1201
16371 16371
3930 3948
38321 38321
23697 23726
23386 23434
47644 47655
21282 21397
7380 9950
30586 30599
41438 41624
49693 49716
33697 33744
45708 45742
13122 13125
44705 44705
3569 3569
17802 17820
46997 47023
178 216
23051 23063
28818 28846
11556 11587
20322 20344
16241 16241
48425 48425
4501 4501
19252 19360
30601 31152
5777 5777
9314 9350
30127 30599
5906 5939
857 857
23090 23120
47218 47263
15662 15760
18130 18150
5762 5786
10355 10392
37595 37610
49766 49800
22252 22275
33127 33192
24942 24946
40841 40841
13662 13692
28958 28975
43150 43156
13921 13921
3382 3424
6012 6044
2033 2033
42252 42266
1 18
8435 8435
26849 26849
37648 37660
29058 29072
15018 15120
19734 19749
32922 32955
8 10
36914 36926
32617 32624
34752 35984
22942 22976
48097 48097
40112 40158
27958 27978
36833 36842
251 251
21446 21450
28178 28250
41082 41130
3417 3417
23882 23920
33522 33550
27408 27420
14342 14360
5848 5880
32498 32544
33697 33744
27522 27534
16468 16475
48922 49100
25001 25001
16753 16753
33185 33185
47570 47866
6193 6193
5418 5456
43270 43272
28914 28944
47458 47465
35500 35536
6781 6781
24776 24790
12532 12580
23182 23192
25572 25632
45778 45824
25066 25080
18041 18041
26415 26440
35802 35824
6465 6465
11921 11921
21498 21505
19902 19905
5064 5083
28637 28648
14738 14765
13142 13150
1852 1904
2661 2680
47701 47784
46167 46180
43554 43572
46244 46262
49571 49571
44117 44121
39942 39958
46997 47023
23194 23200
47617 47617
26387 26392
48767 48844
27290 27293
4161 4177
27167 27192
9590 9625
7642 7654
47201 47201
2321 2321
5952 5970
30396 30426
46405 46418
47026 47056
15905 15905
45345 45345
14501 14501
9261 9261
10394 10450
23346 23382
18501 18501
31601 31601
15868 15884
18786 18818
48384 48416
19081 19081
32801 32801
39392 39400
37514 37592
1 1
18001 18001
4202 4220
37332 37338
3676 3746
17028 17028
48630 48680
27948 27952
22710 22736
39594 39600
27817 27817
869 869
37253 37290
33082 33125
13751 13751
30657 30660
38457 38457
22089 22089
6298 6336
38426 38452
7361 7361
4646 5062
16152 16164
38801 38801
37589 37589
20126 20158
14282 14290
33866 33894
13837 13985
27142 27296
20106 20120
20481 20481
35901 35901
25572 25632
14001 14001
12258 12270
43187 43220
12124 12128
36561 36561
24380 24387
43611 43611
18161 18161
28145 28145
47570 47784
16166 16304
18127 18150
11658 11736
40001 40001
43081 43081
4521 4521
33396 33396
45449 45468
28274 28312
45505 45505
18264 18300
16393 16393
36252 36260
30202 30210
23889 23889
6786 6820
6383 6403
7642 8268
13089 13089
6433 6440
44396 44403
37514 37592
22093 22100
26165 26176
27802 27812
29194 29245
20062 20094
45762 45776
36454 36460
15042 15080
20314 20320
35594 35634
11873 11873
22191 22191
1025 1025
5031 5040
13366 13366
40931 40931
1215 1215
47129 47129
15481 15481
10130 10162
32081 32081
44638 44668
2068 2072
49646 49662
11556 11587
39602 39608
48767 48840
12626 12660
27758 27800
42001 42001
24612 24624
16561 16561
30396 30420
19755 19755
2001 2001
20202 20216
27490 27500
21766 21800
31942 31976
12437 12437
19873 19873
40694 40734
42433 42433
24706 24720
5134 5168
42001 42001
43818 43824
36380 36412
1117 1152
49682 49690
31351 31351
32818 32827
13174 13212
6181 6181
1072 1080
16975 17062
557 572
14049 14049
32914 32920
44674 44740
41774 41792
46802 46840
38822 38840
46927 46927
1441 1441
7174 7260
20001 20001
7013 7017
48075 48088
27689 27689
25104 25112
3038 3063
45935 46016
13132 13140
49708 49728
11288 11312
30302 30328
13444 13606
15868 15884
32101 32101
39570 39592
19762 19776
16001 16001
7345 7345
14552 14604
2181 2181
7514 7524
5961 5961
3957 4007
12993 12993
20961 20961
1620 1632
3201 3201
37030 37056
31546 31634
22412 22420
27345 27345
4071 4071
29422 29435
43692 43755
11841 11841
21110 21444
36631 36631
30961 30961
38591 38591
13846 13861
33761 33761
30561 30561
13732 13782
7457 7457
14102 14608
8114 8135
33902 33916
25307 25398
46802 46840
23249 23249
29952 29976
25521 25521
31561 31561
27816 27832
901 901
21986 22019
49204 49325
19336 19360
27142 27208
44396 44403
42501 42501
22854 22868
38481 38481
1969 1969
27106 27110
17652 17658
3382 3424
81 81
7890 7924
29252 29292
31089 31105
15293 15299
8586 8636
33482 33560
38670 38715
21251 21268
12742 12756
7174 7190
29387 29387
41626 41666
20881 20881
13698 13720
41556 41624
8224 8242
17869 17887
43234 43268
24369 24369
17451 17470
37521 37521
33298 33312
26415 26440
14016 14045
19073 19073
23170 23180
1172 1194
81 81
48496 48497
6972 6980
16561 16561
26801 26801
27218 27260
23027 23049
33041 33041
5848 5872
45852 45863
27401 27401
12594 12614
45081 45081
47001 47001
39377 39377
18577 18600
29194 29245
28801 28801
47772 47784
21681 21681
8401 8401
35417 35417
17587 17604
37877 50000
43071 43071
26341 26341
22650 22708
14727 14765
3541 3541
6433 6440
31356 31366
33298 33312
42454 42468
16434 17230
33670 33695
10441 10441
9632 9654
37803 37839
44881 44886
13051 13051
43701 43701
25281 25281
10475 10520
34917 34982
20961 20961
6283 6296
26770 26790
46902 46912
3676 3712
8054 8064
21554 21578
14436 14436
41340 41344
48936 48936
36928 36930
24206 24660
18858 18894
19929 19929
19940 19994
41981 41981
36833 36842
27572 27578
32884 32910
13745 13745
22001 22001
1002 1020
22173 22176
4361 4361
8252 8264
24257 24257
18581 18581
24953 24953
42701 42701
2162 2170
28849 28849
27167 27170
12618 12624
16032 16100
14592 14600
43452 43472
23557 23560
80 96
30396 30426
15694 15760
31378 31390
18577 18614
3830 3848
18332 18336
18075 18096
36462 36490
7267 7275
350 376
12918 12928
39754 39761
41001 41001
49622 49672
45972 46000
31291 31315
17025 17025
36721 36721
25206 25220
4340 4344
2716 2736
29861 29861
46842 46869
48914 49148
36380 36412
43554 43568
27598 27624
27298 28250
45954 45970
7501 7501
11297 11297
44433 44433
5356 5382
36492 36512
1728 1974
15231 15231
2962 3036
49341 49358
40954 40960
43158 43170
15918 15950
29474 29488
11038 11050
18501 18501
35729 35729
10647 10660
13032 13049
1526 1560
38977 38977
27068 27075
7066 7080
30290 30292
12082 12180
9921 9921
8051 8051
17660 17672
26762 26768
43318 43420
19430 19450
21142 21180
10140 10162
9061 9061
29760 29772
21626 21626
6442 6450
17162 17222
11402 11428
34514 34525
4542 4576
12758 12837
27878 27888
19907 19936
29922 29950
16102 16119
38138 38154
19841 19841
43150 43156
49832 49861
33983 34052
49874 49900
35170 35200
7201 7201
28082 28135
48197 48197
18858 18894
7161 7161
48256 48275
5494 5520
42506 42512
10534 10560
6719 6736
12545 12546
3604 3609
34538 34572
521 521
11002 11002
36245 36245
14804 14824
29922 29950
188 220
9976 9998
46244 46262
6130 6150
28582 28592
35032 35075
4054 4064
41234 41255
15578 15588
36193 36193
15201 15201
2682 2696
30382 30388
28959 28959
20770 20792
29989 30012
15461 15461
18402 18416
11261 11261
13987 14608
5064 5100
42298 42310
47990 47991
16029 16029
27707 27724
40750 40756
47921 47921
9194 9216
18758 18768
10858 10875
7488 7512
20677 20680
28098 28107
39266 39288
39921 39921
19734 19760
13249 13249
5031 5062
32986 32988
9072 9084
8334 8353
48241 48241
29202 29220
31582 31584
25185 25185
29794 29804
6945 6946
31135 31135
7996 8012
14392 14430
23409 23409
20321 20321
34086 34112
44537 44580
13477 13482
12418 12435
21843 21880
1412 1435
49622 49634
17284 17299
43782 43815
11132 11140
29302 29304
22521 22521
226 242
33404 33668
39517 39541
15143 15143
47394 47414
18012 18016
17761 17761
31118 31127
33778 33790
9854 9875
6602 6608
28222 28225
14727 14736
41456 41525
24822 24832
12595 12595
31322 31340
18402 18420
21259 21268
41652 41666
5906 6403
39041 39041
21322 21388
12182 12194
8112 8135
36831 36831
7101 7101
4401 4401
45759 45776
19351 19352
12751 12751
2140 2152
13472 13475
42801 42801
12082 12106
4841 4841
4942 4960
10130 10138
6502 6515
26322 29658
36878 36880
46997 47023
10341 10341
16761 16761
12987 12987
22929 22929
16778 16784
35446 35460
22472 22499
38177 38250
20801 20801
9531 9531
25473 25473
32352 32370
27295 27312
4822 4848
7322 7378
15408 15420
42112 42112
24984 24998
15101 15118
35170 35184
19561 19561
8162 8250
34241 34241
23726 23726
33501 33501
23876 23876
37354 37384
39001 39001
27492 27500
27632 27705
674 688
43041 43041
13553 13553
27276 27293
33096 33097
13778 13782
11601 11601
48481 48481
26497 26497
24296 24320
16082 16100
37613 37613
46432 46472
45727 45727
21010 21444
28637 28658
47896 47905
28165 28165
43681 43681
821 821
15018 15040
18512 18546
45633 45633
11954 11968
16246 16250
7121 7121
9101 9101
15057 15057
23872 23944
15954 15968
26906 26920
4587 4644
5567 5600
36320 36344
16161 16161
29353 29488
48238 48254
35681 35694
12874 12900
11326 11444
42551 42558
44638 44668
11482 11490
2001 2001
17572 17584
15042 15070
11142 11148
13051 13104
41556 41560
32132 32170
42417 42417
33918 33928
43741 43741
34527 34536
4414 4422
16695 16808
20165 20400
3126 3157
7097 7097
394 435
13801 13801
16661 16661
33281 33281
34992 35018
49907 49956
38806 38820
41761 41761
49204 49232
19192 19240
9194 9216
42945 42945
31162 31792
11212 11224
24534 24557
36914 36926
11250 11264
45656 45684
45105 45105
21265 21266
4691 4691
13538 13544
17970 17980
7707 7732
10355 10392
37009 37009
40457 40457
20452 20460
42764 42775
38892 38896
9291 9312
31306 31306
4529 4529
43318 43416
641 641
6071 6071
8586 8594
49506 49524
22241 22241
3918 3950
28202 28216
44396 44403
39517 39541
27218 27250
25010 25020
43393 43393
1585 1585
762 800
24806 24812
7228 7260
28227 28233
44590 44600
42161 42161
14316 14326
48581 48581
38441 38441
11657 11726
27802 27812
32132 32170
31452 31455
14178 14186
1117 1150
4066 4104
46529 46529
34467 34470
40772 40790
6719 6736
15786 15795
43201 43201
38681 38681
6338 6351
10994 11003
29474 29488
8689 8689
38562 38608
43883 43928
23041 23041
8094 8104
28109 28128
7953 7953
17551 17551
21061 21061
14016 14045
40114 40140
44396 44403
28082 28107
18492 18496
47341 47341
15025 15025
32218 32233
5726 5746
2657 2657
34342 34350
24922 24940
15801 15801
47606 47608
46481 46481
44872 44879
21641 21641
11990 11996
25951 25955
4261 4272
7542 7570
21689 21695
37595 37610
47801 47801
47971 48022
31681 31681
43496 43529
44994 45018
15049 15049
16400 16401
582 600
34561 34561
4336 4337
1481 1481
47834 47854
32617 32636
43921 43921
13461 13461
3234 3248
34538 34566
45778 45824
31487 31500
7752 7764
42401 42401
42876 42888
34632 34664
42674 47866
22093 22100
28361 28361
25876 25876
28637 28658
7130 7144
36658 36668
42368 42385
6517 6529
7658 7668
15441 15441
19592 19610
20501 20501
41298 41314
24559 24628
10772 10784
36001 36001
5532 5536
13734 13738
44687 44704
26540 26552
43437 43450
10902 10910
45247 45323
27276 27288
8081 8081
30650 30655
34086 34107
40202 40225
37088 37090
18786 18818
23232 23290
20731 20731
9854 9875
8625 8625
10595 10598
43351 43351
29761 29761
6254 6258
25633 25633
29821 29821
24362 24364
7789 7789
21662 21664
25971 25972
28201 28201
38322 38360
27681 27681
20096 20104
33596 33636
12541 12541
16482 16496
23876 23876
40922 40930
2889 2889
30770 30778
24506 24515
48742 48765
32323 32323
26291 26291
39581 39581
39294 39371
42268 42272
22601 22601
33464 33480
41712 41728
5952 6010
401 401
29846 29859
20341 20341
36084 36093
31730 31741
33796 33797
10164 10194
43525 43525
36890 36904
32977 33006
42237 42250
45466 45530
18217 18244
44378 44382
2161 2161
48225 48226
2108 2128
42361 42361
39233 39233
23406 23434
33697 33697
26415 26440
14501 14501
5848 5860
32801 32801
28252 28260
16998 17006
35861 35861
28914 28935
43452 43472
36782 36848
49442 49464
11121 11121
24380 24387
9569 9569
37000 37002
8402 8447
14302 14304
7842 7864
2625 2625
37000 37002
30914 30950
43681 43681
6561 6561
28384 28440
27598 27624
19581 19581
9750 9751
36411 36411
34944 34970
15361 15361
17451 17470
10177 10184
22173 22210
37698 37712
19996 20020
47691 47699
41651 41651
38390 38416
34817 34817
29761 29761
30501 30501
45601 45601
38832 38833
4183 4220
29490 29602
19401 19401
19126 19136
4738 4756
10321 10321
43802 43815
10529 10530
36462 36490
6977 6977
13298 13368
5721 5724
10000 10032
4817 4817
25448 25449
29142 29163
16866 16868
27707 27724
4641 4641
21010 21108
5764 5778
39245 39248
7201 7201
40600 40611
47072 47075
48561 48561
24562 24600
24922 24926
40940 40985
48754 48760
46 70
24490 24528
44281 44281
31681 31681
24321 24321
31990 32010
18622 18756
37052 37076
22226 22294
22412 22424
31901 31901
44812 44920
14102 14176
15682 15692
2962 3360
32352 32365
23570 23584
34127 34136
15490 15516
28527 28538
14961 14961
46369 46369
33531 33531
37849 37849
188 207
4802 4816
11556 11566
33727 33740
33610 33620
39788 39819
35186 35218
877 2231
10001 10001
16681 16681
45345 45345
2142 2152
20832 20846
33372 33384
11489 11489
17761 17761
48817 48817
40232 40246
7955 7960
14137 14137
48734 48765
14188 14200
7085 7172
10321 10321
11457 11458
11877 11884
6866 6872
32145 32145
16002 16008
8721 8721
36770 36772
35556 35586
11830 12105
2449 2449
36018 36022
19843 19856
20426 20432
42231 42231
16002 16008
14706 14724
14721 14721
28912 29245
8014 8032
47102 47140
45793 45793
21489 21490
46761 46761
2887 2938
28404 28440
3840 3841
3148 3154
739 758
47868 47878
49001 49001
6217 6232
21347 21358
29529 29529
30970 30976
24793 24793
37922 37925
30442 30461
26582 26603
18051 18051
11342 11376
29870 29880
16282 16305
47081 47081
31920 32240
22986 23004
18257 18257
39098 39102
14662 14678
37677 37686
3977 4007
13326 13339
29474 29488
26781 26781
9111 9111
7890 7928
20702 20712
15886 15905
33985 33985
31072 31080
31769 31769
37128 37149
3038 3124
25186 25204
44993 44993
42100 42101
845 857
17802 17824
4401 4401
45362 45400
46790 46840
40874 40930
15401 15401
24146 24161
13032 13049
37273 37288
5726 5746
32400 32414
14041 14041
43121 43121
10305 10306
41169 41554
32876 32882
29952 29976
30892 30898
43840 43864
28772 28785
10821 10821
19731 19731
25686 25754
14721 14721
4066 4105
38426 38445
41882 41983
23844 23855
41381 41381
36914 36998
10222 10226
48174 48185
47273 47273
26540 26552
38114 38118
34601 34601
23051 23100
12274 12300
26986 26992
47660 47661
17381 17381
33333 33340
13051 13098
7501 7501
10852 10856
28181 28181
35671 35671
18690 18705
42706 42732
43791 43815
37137 37137
21002 21008
39636 40144
20652 20670
10717 10735
1 1
25307 25312
33450 33525
26354 26356
28854 28873
37564 37592
12632 12660
8872 10604
8146 8187
46881 46881
27081 27081
48722 48730
39217 39225
49281 49281
20201 20201
44040 44145
31858 31875
28962 28975
18234 18244
45762 45776
30157 30240
42706 42732
29437 29472
24146 24161
4545 4545
29186 29230
11001 11002
36890 36904
35362 35376
21251 21268
42318 42335
26861 26861
33501 33501
47761 47761
49442 49464
19378 19388
24001 24001
28702 28712
7421 7421
5920 5926
8842 8845
41265 41266
22618 22627
46970 46975
5769 5769
5962 6010
41511 41511
13448 13466
19832 19860
19300 19388
2001 2001
30001 30001
44251 44251
6626 6648
20 25
20401 20401
35601 35601
40301 40301
28501 28501
13501 13501
6802 6820
9794 9794
32282 32303
19687 19708
42914 42930
16033 16033
6234 6258
33529 33529
1530 1544
28721 28721
36252 36260
30601 30601
40412 40432
9538 9556
39877 39890
26540 26552
34568 34579
13801 13801
37406 37517
38671 38671
40542 40555
13277 13296
28854 28873
7393 7393
37096 37106
7514 7527
18484 18488
15352 15378
1620 1634
26461 26461
19082 19090
6001 6001
29282 29292
31522 31562
6401 6401
42081 42081
24114 24124
46561 46561
16594 16599
23970 24008
14269 14328
49234 49288
5106 5110
36586 36668
20001 20001
29574 29592
6046 6088
36471 36471
38390 38424
1016 1030
27161 27161
7622 7632
13634 13642
1647 1650
39002 39010
24422 24434
42033 42033
34001 34001
41306 41314
16061 16090
13938 13948
11369 11369
827 832
21251 21268
3053 3053
46244 46250
7392 7436
37786 37792
43879 43879
46267 46267
12521 12521
44928 44965
12482 12500
37841 37841
35626 35634
4429 4429
6001 6001
34514 34525
2702 2714
18801 18801
21010 21108
31305 31307
21570 21624
49204 49232
8668 8680
44590 44612
2108 2128
10692 10710
36977 36977
41438 41450
41425 41425
16106 16119
19505 19505
30294 30300
25000 25048
14221 14221
30358 30376
18830 18835
28954 29024
40434 40459
47581 47581
47973 47976
46997 47000
32897 32897
26742 26750
35081 35082
43730 43750
15094 15095
8521 8521
32032 32060
27659 27705
39953 39953
44468 44483
11556 11556
1895 1904
38044 38075
13138 13232
28563 28592
14274 14304
23185 23185
29794 29804
6792 6800
27400 27424
30961 30961
39673 39704
13492 13502
48864 48888
8632 8636
27295 27370
11469 11472
35626 35634
28540 28544
35222 35240
33185 33192
21302 21312
43158 43207
40491 40491
2754 3360
12010 12026
24250 24262
10086 10096
417 440
32301 32301
8001 8001
4646 4675
8850 8864
4901 4901
18577 18577
15601 15601
29731 29731
18566 18575
19546 19550
10482 10528
16227 16280
2702 2714
19121 19121
8721 8721
32151 32151
39441 39441
39894 39904
1621 1621
37677 37686
27909 27926
26561 26561
2436 2465
12313 12313
39829 39829
1232 1570
33821 33821
26050 26072
13448 13466
47280 47281
13881 13881
31361 31361
22178 22206
36738 36744
110 116
10234 10255
1378 1408
17750 18010
19430 19458
14870 14900
2071 2071
11041 11041
1337 1338
48708 48860
36432 36442
47032 47050
21446 21496
342 445
22591 22610
23022 23025
23155 23205
22782 22787
34102 34124
27295 27370
40792 40814
20493 20493
11378 11402
35962 35975
44537 44537
49721 49721
44393 44394
3475 3510
18906 18924
42674 44912
8489 8489
31773 31777
14561 14561
12001 12001
5022 5062
20738 20752
18632 18650
22958 23004
47825 47825
7085 7172
35637 35637
24327 24327
4021 4021
33450 33525
47570 47704
29585 29585
30290 30376
44602 44612
18321 18321
37692 37696
32001 32001
18622 18630
47091 47091
3476 3476
20561 20561
14243 14244
8048 8144
8401 8401
3866 3895
22546 22640
34426 34431
20321 20321
24907 24920
31425 31425
33413 33413
9648 9648
40626 40636
26800 26828
8657 8657
33344 33350
38257 38257
3676 3760
47402 47414
37073 37073
13801 13801
29353 29362
45670 45680
14148 14160
38177 38250
27758 27780
35921 35921
20801 20801
30840 30898
6626 6648
2798 2800
1600 1634
7380 7467
8641 8641
45021 45021
3258 3288
8922 8928
19046 19936
44977 44977
32617 32662
24210 24238
30022 30052
32876 32920
9807 9810
8146 8160
24662 29658
5848 5856
34674 34680
34177 34177
5928 6000
34609 34609
13298 13302
12738 12756
26225 26225
41942 41956
35871 35871
37530 37562
10562 10592
38201 38201
23001 23001
32010 32020
13861 13861
37612 37620
18770 18782
34467 34468
560 580
23401 23401
36306 36308
15601 15601
32332 32346
25889 25889
27490 27508
30931 30931
16594 16608
3611 3625
18365 18365
48897 48897
15562 15576
19555 19556
31943 31952
3901 3901
2702 2714
5601 5601
27252 27274
42890 42932
46018 46024
49937 49937
36962 36990
18257 18257
30177 30177
36906 36912
14977 14977
14514 14533
32547 32551
19373 19373
39980 39985
11568 11584
33458 33462
10377 10448
22762 22770
4001 4001
41276 41280
2813 2860
15497 15497
47025 47030
20801 20801
49922 49942
34390 34402
44321 44321
34917 34930
44125 44126
39012 39044
23608 23621
36000 36022
27601 27601
2833 2833
19734 19744
37601 37601
48865 48865
3573 3600
22650 22656
47476 47477
3573 3584
8567 8579
2961 2961
49751 49751
45353 45385
16386 16432
9394 9405
26122 26160
26608 26627
20576 20625
34261 34262
36187 36280
43187 43200
43952 43978
4986 5020
20876 20876
45161 45161
1554 1570
14246 14256
40001 40001
36782 36834
43836 43838
34151 34151
17286 17296
17701 17705
9138 9154
8449 8494
22981 22981
8146 8187
29898 29905
9287 10128
23608 23621
48801 48801
26752 26762
17665 17670
45031 45031
41046 41055
14107 14122
19034 19044
44453 44453
8684 8691
16524 16550
11750 11762
19817 19840
43889 43889
13821 13821
22496 22704
19445 19454
9601 9601
2961 2961
27478 27630
49376 49376
15987 18010
39651 39651
1193 1193
22782 22787
35633 35633
4346 4351
9729 9729
46264 46268
177 177
10061 10061
7681 7681
21302 21312
2369 2369
32438 32450
3866 5062
13770 13776
46074 46088
1494 1524
18581 18581
31167 31170
16217 16305
22073 22073
13601 13601
36576 36576
48960 48979
41018 41229
48056 48057
12361 12361
18512 18531
3222 3252
26530 26538
30396 30420
5236 5240
23794 23842
22252 22275
42290 42294
45001 45001
45613 45696
11942 11952
17401 17401
48946 48958
41218 41229
28546 28561
36856 37106
18501 18501
30157 30172
48521 48521
13448 13466
32310 32350
18418 18429
10001 10001
10475 10496
3482 3528
4107 4132
301 322
17401 17401
37570 37607
22289 22289
42474 42480
44762 44780
31467 31484
45089 45089
12001 12001
42018 42028
25452 25472
4001 4001
49774 50000
1958 1974
36932 36942
9923 9929
19058 19090
39377 39377
18897 18897
41321 41321
39329 39329
42402 42412
23310 23328
42110 42160
12662 12680
34240 34258
10777 10777
35876 35889
27161 27161
10290 10304
9632 9654
3041 3041
25145 25145
34621 34621
29306 29308
42170 42235
8014 8028
1809 1809
42881 42881
22793 22800
7821 7821
17905 17905
46641 46641
21473 21473
43404 43404
41137 41144
41838 41846
4758 4788
3500 3528
12842 12849
2716 2752
4785 4785
37284 37294
12938 13015
26813 26813
33361 33361
2108 2170
21594 21616
19460 19728
26817 26817
38952 38988
36329 36329
38993 38993
30702 30720
32337 32337
4316 4328
4818 4820
4025 4025
29105 29106
37108 37110
30461 30461
8886 8892
46 120
16882 16896
42252 42265
5666 5697
35269 35288
36380 36406
23386 23401
26330 26340
25434 25522
16457 16457
21896 21908
42601 42601
44198 44208
8953 8955
18991 19032
22154 22171
12718 12722
10073 10084
15786 15816
37425 37430
33162 33166
41500 41510
34435 34435
17645 17648
1 18
43001 43001
19351 19353
27422 27424
12590 12599
32721 32721
40444 40485
28145 28145
23682 23688
13350 13353
2418 2434
26978 26992
28691 28691
16753 16753
32290 32303
29620 29621
32617 32630
20661 20661
40345 40368
40792 40800
40007 40022
37153 37153
4161 4177
8393 8393
41627 41640
12962 12990
38852 38864
15490 15500
37901 37901
22821 22821
45282 45323
3393 3393
44194 44260
6721 6721
37161 37161
46312 46338
8481 8481
17106 17138
31457 31458
22305 22305
22802 22822
26562 26606
38717 38736
19501 19501
24146 24161
12651 12651
49832 49840
9789 9794
33681 33681
1728 2062
25145 25145
4258 4259
5827 5835
10701 10701
30022 30288
14535 14559
11521 11521
37387 37528
42914 42930
22161 22161
1922 1925
352 376
41057 41057
3426 3434
31217 31217
11004 11050
13448 13464
29324 29350
38209 38209
18352 18360
26787 27150
29457 29457
21121 21121
30614 30644
1573 1590
46050 46064
29722 29740
10801 10801
14996 15016
30051 30051
8787 8787
10066 10068
2337 2337
17153 17153
11170 11177
49375 49458
10000 10032
6969 6969
29422 29435
28266 28270
10918 10953
19166 19184
28161 28161
15786 15920
16545 16545
16562 16592
10791 10791
1366 1410
46480 46481
37042 37046
25852 25882
39392 39403
25490 25504
38852 38872
30102 30128
4014 4105
37014 37016
13652 13664
35042 35057
5279 5288
13694 13708
6090 6403
28001 28001
12401 12401
14523 14523
1457 1457
6242 6250
40559 40559
5264 5295
23921 23921
42545 42545
11728 11736
28252 28793
31142 31145
19546 19550
34472 34475
42126 42160
46369 46369
29247 29596
34376 34376
11589 11760
2154 2164
44957 44957
34213 34213
8277 8300
31781 31788
30662 30670
25226 25226
1401 1401
11290 11312
45666 45684
36187 36208
13326 13368
34337 34337
45793 45793
6560 6561
14902 14912
23661 23661
43209 43260
30489 30489
1869 1869
21302 21312
7251 7251
24825 24832
27276 27452
30302 30336
27874 27900
4961 4961
47142 47156
26832 26874
2177 2177
16179 16208
27572 27630
16062 16080
19148 19152
44993 45018
9577 9588
29604 29658
34390 34394
23444 23462
1280 1304
37900 37925
1065 1065
12764 12809
9405 9405
32730 32730
32022 32086
40444 40485
31467 31484
27521 27521
48790 48810
15694 15696
401 401
23041 23041
2872 2885
48401 48401
11146 11444
14561 14604
24098 24112
3957 3968
49332 49336
31636 31672
5921 5921
834 843
29890 29905
19734 19768
7392 7436
11146 11177
39373 39378
38637 38655
22517 22525
27505 27508
43822 43824
38241 38241
44552 44576
47389 47389
46470 46477
16130 16150
90 120
17106 17132
8694 8700
19761 19761
3352 3368
14081 14081
18637 18637
30881 30881
40741 40741
2634 2648
8090 8109
45084 45085
2833 2833
34318 34340
110 116
4641 4641
42126 42168
26372 26385
18490 18564
12742 12756
43161 43161
25238 25296
41396 41397
27182 27188
20242 20250
1361 1361
38961 38961
28795 28813
15681 15681
3321 3322
42934 42968
34632 34668
21169 21169
13441 13441
33633 33633
21401 21401
40221 40221
27502 27503
10402 10439
26681 26681
22042 22080
7444 7455
37991 38000
30001 30001
3437 3449
33827 33851
27482 27488
34917 34930
42501 42502
47816 47816
27701 27701
16321 16321
15590 15660
21971 21971
21401 21401
44537 44555
12401 12401
26282 26290
24662 24812
26446 26447
10417 10417
39881 39881
25810 25818
42268 42310
25161 25161
11418 11426
9511 9520
37648 37663
12938 12974
43212 43240
1361 1361
45541 45541
39646 39671
39725 39725
28563 28592
8453 8460
1416 1427
16773 16773
19271 19275
13632 13650
36944 36960
10896 10912
47868 47876
674 688
47467 47485
37062 37070
6383 6403
44022 44032
1061 1061
12834 12837
17405 17408
5217 5217
47321 47321
8641 8641
21806 21820
28138 28150
12641 12641
44914 45696
10650 10652
14842 14914
21000 21051
38761 38761
44001 44001
23728 23729
43526 43529
33116 33125
36537 36580
8358 8364
34501 34501
45358 45385
28594 28620
38791 38791
13857 13857
47137 47137
10121 10184
7594 7616
49521 49521
41520 41552
38677 38688
1746 1752
5726 5746
8376 8382
31368 31385
40993 40993
43793 43794
12902 12936
4884 4898
15646 15660
38114 38118
150 156
10620 10682
11590 11619
45481 45481
20881 20881
4721 4721
43661 43674
1822 1840
13181 13181
1 1
5928 6032
21058 21080
40977 40977
34678 34679
5928 6032
12641 12641
12078 12096
23250 23272
44590 44612
18857 18864
49808 49905
17064 17138
14561 14561
5384 5387
31172 31195
25022 25128
3826 3850
22929 22929
5153 5153
37551 37551
49529 49529
301 314
11004 11094
37296 37300
401 401
16092 16119
35281 35281
15261 15261
29038 29089
28875 28904
1526 1530
19822 19826
8904 8912
8170 8187
16741 16741
8866 8866
4821 4821
14136 14180
39581 39581
3327 3449
3601 3601
37570 37593
30174 30184
250 256
30157 30208
18498 18504
34852 34860
23171 23171
1196 1200
29496 29504
46672 46869
40661 40661
3918 3948
48601 48601
44626 44636
13052 13136
25756 25818
43318 43416
17587 17600
14801 14801
16201 16201
17687 17692
4517 4536
4241 4241
14000 14002
22226 22256
25568 25569
18190 18200
15691 15691
27454 27476
28957 29008
23596 23618
23956 24035
5482 5552
26149 26149
30081 30081
20653 20653
1016 1030
44128 44138
44251 44251
2218 2226
232 330
11938 11940
48241 48241
47940 47969
27769 27864
32402 32409
26986 26992
25921 25921
23143 23144
1102 1115
17046 17046
47507 47628
37341 37341
7529 7536
48178 48185
2702 2720
17672 17684
35778 35781
21000 21051
40232 40245
48801 48801
13601 13601
20218 20224
20657 20657
37362 37376
21801 21801
21910 21925
12764 12809
25698 25718
38717 38720
6840 6850
33780 33789
1 1
30553 30554
37698 37765
23090 23120
44094 44112
42838 50000
245 246
11212 11224
24127 24140
14013 14013
48873 48873
46737 46737
12196 12208
30478 30512
30780 30793
19705 19705
14161 14161
26641 26641
27641 27641
13806 13810
47946 47964
26289 26289
7077 7077
43985 43985
13407 13416
13106 13125
3475 3484
29660 29768
18492 18585
16722 16754
29660 29768
21594 21616
5718 5719
1729 1729
7884 7900
29950 29996
7768 7784
27478 27528
28722 28726
11945 11945
2064 2072
41627 41660
16290 16297
30378 30514
15754 15775
28831 28834
22202 22206
22412 22416
8146 8168
37538 37548
31308 31315
9827 9844
34657 34657
32778 32806
12529 12588
18075 18092
26286 26328
28050 28066
1325 1325
22631 22631
9218 9282
26418 26444
5194 5214
11425 11425
31149 31152
16937 16937
34407 34431
4481 4481
23946 23950
21543 21660
27572 27630
16791 16795
49941 49942
24562 24578
46480 46481
12109 12109
18378 18384
21142 21180
90 100
43334 43344
38566 38566
25521 25521
7181 7181
24962 24978
37351 37351
26672 26678
26650 26660
34337 34337
25329 25329
45066 45068
43158 43180
9614 9616
40934 40938
8057 8057
47106 47156
34877 34915
42801 42801
7834 7852
49561 49561
41248 41268
32001 32001
6298 6320
25481 25481
13987 15985
47547 47570
15384 15405
9368 9380
43222 43228
30634 30644
48946 48947
34758 34779
24506 24515
26482 26500
20394 20415
26033 26033
6627 6645
31708 31724
6812 6818
24029 24035
29774 29804
39130 39142
48862 49148
20718 20778
34787 34804
7902 7924
23794 23832
42661 42661
26280 26284
7996 7996
15889 15889
7768 7776
27376 27376
18312 18322
28381 28381
4353 4353
20661 20661
40946 40952
23961 24008
29601 29601
38177 38177
4001 4001
27874 27876
47218 47263
6057 6057
10225 10225
9152 9154
9200 9216
24062 24070
41541 41550
32592 32592
19473 19473
49774 50000
22425 22426
23342 23348
17381 17381
45033 45040
10369 10369
39151 39151
45268 45323
21121 21180
6251 6251
2770 2784
9606 9612
4561 4561
32177 32177
2757 2768
48850 49148
28361 28361
5298 5308
39217 39222
40353 40353
29781 29782
40526 40544
39592 39600
49305 49305
6972 6990
34542 34566
40801 40801
43066 43072
12028 12033
49693 49700
22000 22014
46622 46624
27297 27297
43634 43776
41848 41848
22472 22494
12028 12033
26577 26577
8210 8216
4952 4973
44842 44850
11209 11209
11058 11065
16956 16956
12130 12144
49612 49624
42735 42735
3586 3602
29635 29640
32042 32088
15057 15057
3970 3975
27133 27133
40987 40992
28137 28175
14557 14559
15961 15961
1 6
22401 22401
33473 33473
9086 9099
39933 39933
9876 9876
20266 20277
26251 26251
44801 44801
18193 18193
35821 35822
16856 16856
19149 19149
9218 9282
33466 33476
16246 16248
30457 30457
30121 30121
33971 33971
1049 1049
41981 41981
44277 44300
12385 12385
8609 8609
37432 37448
39250 39378
25761 25761
28861 28861
1600 1616
14274 14304
48090 48132
34542 34550
20449 20449
49204 49264
31246 31248
20637 20637
40462 40485
27945 27945
39697 39697
24541 24541
5502 5523
45127 45152
33344 33354
1864 1872
33126 33152
14690 14718
42913 42930
16827 16827
17587 17604
1822 1826
12913 12913
31317 31342
45101 45101
11637 11637
24849 24849
15202 15262
11701 11701
25651 25651
48207 48222
25921 25921
19166 19184
18036 18036
9827 9844
37033 37033
37692 37765
30341 30344
22081 22081
26482 26500
40622 40636
9963 9974
1501 1501
19166 19184
7200 7240
19288 19298
30210 30230
3728 3744
19382 19388
44948 44965
801 801
11738 11743
27354 27360
33325 33331
28161 28161
43980 44008
1401 1401
38521 38521
29458 29467
32808 32820
41734 41744
15128 15140
6136 6150
5318 5326
40021 40021
1 6
19099 19388
33697 33728
17681 17681
33749 33749
33105 33105
1650 1664
21873 21873
28501 28501
49204 49264
16225 16225
18820 18836
3330 3350
28940 28944
30157 30208
6833 6833
15026 15040
38582 38590
10272 10308
11226 11230
28637 28658
21446 22358
36409 36409
27986 28008
13506 13520
33233 33234
2833 2833
33654 33660
15106 15118
23956 23960
35905 35905
20692 20712
42907 42907
35220 35248
43418 43850
35511 35511
38798 38804
24012 24025
20001 20001
7262 7340
23381 23381
23942 23944
43501 43501
9827 9836
40673 40673
27602 27624
44562 44576
10225 10225
32457 32457
34001 34001
36462 36482
9913 10046
45553 45553
38694 38698
37971 37971
1280 1300
10001 10001
6795 6802
730 762
34114 34125
2481 2481
11835 11835
10049 10049
19082 19090
46361 46361
48922 49008
14458 14464
11932 12008
26225 26225
8345 8345
35252 35267
24532 24532
12641 12641
28872 28873
47601 47601
11492 11500
48289 48289
21290 21320
4057 4057
14342 14360
28050 28066
43954 43978
11556 11566
21978 21993
30428 30432
47170 47188
4157 4157
4014 4032
44526 44526
13501 13501
26849 26849
17171 17171
45581 45581
38254 38255
29624 29633
11506 11516
42913 42932
8401 8401
13525 13525
4897 4897
19505 19505
24264 24270
2534 2544
29601 29601
40353 40353
41251 41251
33825 33825
4927 4938
26026 26026
17781 17781
25901 25901
24127 24192
2081 2081
11916 11928
90 116
8886 8892
21887 21935
22066 22072
10722 10736
6972 6988
16014 16025
48713 48714
15621 15621
38921 38921
29113 29113
12409 12409
2661 2664
48472 48485
13941 13941
20037 20037
1441 1441
3258 3284
16714 16720
12501 12501
30841 30841
11362 11382
18929 18929
574 580
10272 10304
40822 40836
39345 39345
22021 22058
18785 18794
4001 4001
46188 46194
5682 5697
21399 21444
33236 33246
26001 26001
6898 6916
18145 18146
2321 2325
25057 25057
30434 30456
12487 12496
26739 26739
16008 16119
35412 35444
9533 9533
7121 7122
41969 41969
46690 46744
48827 48838
32454 32490
2817 2817
29201 29201
17848 17864
47181 47181
47889 47889
38438 38445
44627 44636
5494 5552
4641 4641
12322 12339
43331 43356
19601 19601
22527 22560
35432 35444
31452 31634
33521 33521
5912 5926
7701 7701
42826 42932
23330 23340
20394 20415
10329 10329
37481 37481
28961 28961
17232 17663
27249 27249
20986 20998
28517 28550
29250 29272
35220 35248
20421 20421
16000 16004
25901 25901
38593 38593
5027 5029
20751 20751
30771 30778
25177 25179
27632 27657
30260 30273
28149 28149
43358 43400
30434 30456
4302 4314
5812 5816
16061 16100
44034 44038
19390 19428
22462 22464
23825 23825
26441 26441
49922 49952
13020 13021
31201 31202
40737 40737
25951 25955
49042 49051
23051 23052
47194 47210
40972 41016
14342 14368
22331 22336
20432 20450
29550 29560
4993 4993
20501 20501
48722 48728
13401 13401
21336 21345
17321 17321
1592 1596
40737 40737
28802 28813
13876 13904
3073 3073
5153 5153
43634 43850
27182 27538
38001 38001
15721 15721
39291 39291
37128 37144
11794 11809
39046 39058
29861 29861
16086 16100
31061 31061
42701 42701
41866 41876
48107 48125
8170 8187
47127 47148
17238 17245
13002 13007
44241 44241
30001 30001
24506 24515
35851 35851
32391 32391
6932 6934
36321 36321
37030 37076
34521 34521
4261 4279
36546 36566
28957 29032
47205 47205
16804 16808
40298 40320
41153 41153
38647 38654
43890 43918
5567 5606
36259 36259
11651 11651
13608 13630
41201 41201
27243 27243
5482 5662
9659 9663
23834 23842
37167 37168
15264 15291
49150 49316
35377 35377
28194 28206
48881 48881
16530 16542
16897 16897
48201 48201
44557 44706
46956 46968
6521 6521
1601 1612
25009 25009
15701 15701
10521 10521
49515 49524
12341 12346
3217 3217
18587 18602
43378 43388
28541 28541
36001 36022
41276 41283
11480 11504
1 12
2436 2450
40601 40601
22734 22760
14342 14411
49650 49672
4969 4969
29604 29658
16241 16241
30561 30561
46945 46945
11446 13429
44072 44080
35876 35889
41954 41983
37677 37684
10588 10593
24302 24336
30369 30369
27362 27363
11642 11736
15234 15236
25537 25540
48401 48401
43002 43010
42187 42200
26882 26888
1320 1326
21030 21444
39197 39212
34641 34641
20780 20780
20187 20190
46188 46224
22331 22336
20001 20001
30796 30802
46401 46401
8201 8201
4121 4121
12769 12769
25352 25355
40001 40001
4521 4521
21013 21013
12193 12193
18712 18756
22865 22865
6322 6332
49004 49010
48850 48855
49201 49201
34852 34860
26114 26117
6309 6309
18341 18341
38999 38999
39321 39321
48450 48451
40213 40213
37878 37896
30688 30736
37248 37250
24440 24458
2661 2662
17008 17044
6546 6550
41146 41155
26369 26369
26481 26482
48652 48666
40145 40145
43281 43281
40178 40180
46809 46809
4292 4300
29660 29768
49318 49373
2585 2675
2485 2485
6191 6191
49211 49211
42594 42594
25592 25622
15968 15975
4724 4754
25034 25048
30553 30554
18981 18981
33730 33744
40298 40320
29601 29601
29601 29601
47585 47587
39179 39188
4166 4177
19262 19269
7321 7321
39840 39862
39781 39781
5356 5367
28241 28241
23370 23525
26192 26200
24077 24077
36498 36500
49436 49458
46247 46260
6630 6640
12042 12054
22726 22726
49913 49913
786 792
29501 29501
38161 38161
44809 44809
24580 24588
24415 24434
35407 35410
15052 15071
9593 9593
28109 28116
16946 16973
26081 26081
43270 43293
43740 43755
961 961
18171 18184
16544 16550
34101 34101
40017 40022
31250 31260
3231 3231
24389 24410
102 116
6201 6352
27990 28008
25138 25229
21948 21956
2108 2116
39745 39745
48258 48265
49794 49804
39025 39044
6289 6289
15121 15121
30494 30504
27777 27777
1162 1250
22737 22737
26001 26001
8449 8450
48965 48965
5554 5562
9441 9441
24077 24081
16399 17136
38574 38576
11362 11382
9906 10046
6136 6137
26280 26284
5076 5077
401 401
5651 5652
7245 7250
1532 1598
3606 7378
11561 11561
13069 13069
27106 27116
48852 48855
18758 18849
7698 7698
37211 37214
8527 8579
12018 12024
16001 16001
5570 5600
44590 44612
21766 21776
6836 6838
8581 8581
16626 16636
8676 8680
3702 3710
40206 40224
23207 23220
31901 31901
2722 2805
38620 38624
3778 3864
44449 44449
35811 35852
42237 42265
9447 9450
25081 25081
32481 32481
7822 7832
26722 26728
36751 36751
31841 31841
28782 28785
33646 33652
20353 20353
40722 40732
15273 15273
16302 16302
45358 45408
42094 42108
1697 1697
14521 14528
40001 40001
28298 28301
28231 28231
35187 35216
35265 35265
1773 1773
29617 29617
33825 33825
13982 13985
35881 35881
21870 21883
40816 40858
24171 24177
22854 26444
49808 49808
48501 48501
3952 3980
49745 49745
11970 11996
38990 39164
21161 21161
37505 37505
34733 34733
34481 34481
32411 32414
20167 20167
7937 7937
1361 1361
34086 34096
24654 24660
29418 29420
16552 16810
36790 36796
27687 27687
34976 34976
27990 28008
28561 28561
19555 19555
601 601
21749 21786
6597 6640
14139 14146
44194 44713
14028 14030
39639 39639
46065 46065
18289 18289
35565 35568
1500 1520
27769 27926
26816 26822
42934 43207
37128 37144
24601 24601
44979 45006
13659 13659
20106 20124
32650 32662
3211 3214
7601 7601
1416 1417
37021 37021
34804 34820
4054 4060
14269 14280
36304 36310
45571 45571
44657 44657
40877 40879
2436 2465
13501 13501
17918 17920
42065 42065
27810 27814
45571 45571
20276 20276
29690 29700
9747 9756
7955 7973
970 979
27601 27601
16393 16393
3728 3752
34242 34258
28901 28901
7013 7017
33018 33044
42210 42212
2307 2307
27821 27821
20865 20865
3881 3881
29019 29019
22051 22051
34034 34052
46470 46516
8050 8062
18521 18521
14335 14340
1281 1281
40385 40580
19386 19388
40007 40012
13926 13930
13422 13429
22946 22952
8798 8802
2097 2100
29652 29658
29766 29768
42001 42001
19170 19184
14996 15010
38852 38872
35935 35945
20040 20052
48833 48833
39484 39488
23522 23525
2852 2870
22721 22721
42789 42789
39517 39525
39206 39212
44147 44161
11241 11241
36906 36998
49801 49801
42030 42031
30688 30736
8210 8222
48637 48644
44651 44651
37312 37325
40451 40451
42347 42350
29626 29626
9925 9929
33851 33851
34958 35140
46794 46848
27121 27121
9982 9998
37901 37901
48801 48801
17001 17001
37362 37375
102 116
3001 3001
27874 27876
29943 29943
30062 30092
36886 36904
5573 5573
40221 40221
19538 19550
29626 29627
25247 25247
6015 6015
11850 11856
7148 7153
27818 27828
47621 47621
30962 30968
12394 12404
10801 10801
36641 36641
14505 14505
39846 39850
7050 7064
45128 45154
26562 26578
40487 40504
25161 25161
17001 17001
9885 9885
11232 11274
32238 32245
39201 39201
8358 8361
43812 43814
19856 19856
14442 14460
21438 21444
44418 44420
38798 38832
26298 26312
42268 42276
23876 23900
14052 14060
28390 28397
40414 40426
11192 11230
13966 13980
49004 49148
32808 32820
27734 27736
34381 34381
35826 35837
7690 7716
42743 42743
35457 35457
46042 46072
12625 12625
5801 5801
9992 9993
14321 14321
11362 11382
39362 39371
11212 11224
9332 9366
12487 12496
47766 47768
17557 17571
10922 10944
18593 18593
6661 6661
6301 6301
15490 15548
46081 46081
17151 17151
49217 49217
1746 1752
24127 24140
7670 7679
19832 19840
9072 9084
4601 4601
45700 45701
25720 25740
12286 12307
13652 13656
30221 30221
41262 41304
4902 4925
42801 42801
34017 34017
11902 13429
27017 27042
23762 23792
17321 17321
36655 36655
29950 30020
30273 30273
34156 34172
31396 31419
49480 49498
41126 41126
19601 19601
35757 35770
40711 40711
37758 37762
44168 44180
41830 41834
1 12
43634 43635
41361 41361
16081 16081
15281 15281
5348 5382
12896 12897
23962 23985
4161 4164
12834 12837
45501 45501
9356 9356
27351 27351
15729 15729
44381 44381
8013 8013
44801 44801
28664 28670
34737 34737
17652 17658
48081 48081
1801 1801
35269 35288
43480 43481
18382 18384
24877 24892
11389 11391
24466 24482
48843 48843
32834 32840
20305 20306
49294 49309
7501 7501
7322 7336
16910 16923
41520 41554
36047 40707
9101 9101
90 116
28001 28002
25681 25681
5381 5381
18371 18371
8376 8382
41534 41552
31177 31177
1130 1264
33601 33601
33610 33620
25929 25929
8842 8866
169 182
21825 21827
42201 42201
18442 18448
16885 16905
31041 31041
31442 31450
35920 35945
4729 4733
38866 38872
49145 49146
42341 42341
9265 9265
31237 31237
13781 13781
47663 47676
46190 46426
2366 2404
4027 4040
3073 3073
9081 9081
20161 20161
37501 37501
17932 17941
23236 23250
40017 40035
22938 23234
11232 11250
42539 42558
17508 17510
43702 43712
39197 39204
24466 24660
31561 31561
35001 35001
29586 29590
14206 14216
28721 28721
22957 22957
34321 34321
7529 7536
15677 15685
8961 8961
14551 14551
38777 38780
25197 25204
14897 14897
27029 27029
44506 44510
21766 21786
1001 1014
6117 6117
38145 38145
25502 25510
27846 27864
47538 47608
28073 28073
36625 36625
19121 19121
1151 1151
46201 46201
5567 5662
31157 31160
35211 35211
12977 12977
28762 28770
38481 38481
4576 4576
47611 47613
8527 8870
8486 8494
49096 49108
16022 16030
33247 33265
26657 26657
23449 23465
39440 39441
30901 30901
20165 20190
1938 1974
7601 7601
2241 2241
25104 25120
4601 4601
274 338
3728 3850
35220 35248
5848 5853
30521 30521
26136 26136
34140 34368
42233 42233
35222 35248
29989 30000
14429 14434
28461 28461
37108 37125
11261 11261
14075 14079
31057 31057
28991 28991
15151 15151
41958 41970
14523 14523
1798 1810
14000 14010
42176 42218
35481 35481
14597 14604
46420 46426
10995 10995
34999 35010
8441 8447
20794 20803
26986 26992
23527 23533
28418 28444
7262 7378
29105 29106
28958 28968
31941 31941
27473 27473
25711 25711
15081 15081
21197 21197
15161 15291
1636 1640
49972 49975
20220 20221
29324 29340
6501 6501
33681 33681
40721 40721
33170 33172
20487 20489
44259 44259
41626 41648
43875 43876
36886 36904
9086 9099
11569 11569
12502 12526
43681 43681
38287 38388
13473 13473
32953 32953
11126 11144
2233 2250
41857 41857
18501 18501
4897 4897
8491 8491
17381 17381
7001 7001
45227 45245
24862 24866
18241 18241
26369 26369
37501 37501
3713 3713
23547 23547
43052 43092
4986 5013
13473 13473
42121 42121
26415 26447
45686 45696
12842 12849
5266 5288
49801 49801
10958 10970
11411 11411
20941 20943
31344 31364
34017 34017
25005 25005
31114 31145
34356 34368
34698 34704
48001 48001
9572 9619
48521 48521
43621 43621
41824 41825
4261 4261
20346 20360
15786 15966
20526 20574
4517 4536
15197 15209
30451 30451
45477 45484
14692 14725
925 925
22854 22900
8001 8001
20194 20208
38794 38796
15825 15825
3982 3995
45378 45408
5962 6016
26945 26946
32285 32285
22578 22584
35500 35528
47681 47681
29009 29009
47077 47080
40841 40841
13701 13701
7043 7043
43041 43041
48621 48621
17901 17901
15197 15209
29342 29351
35310 35320
46956 46975
38041 38041
41972 41983
6631 6631
601 601
45515 45515
38754 38775
9875 9876
35977 35984
35106 35124
5726 5749
22789 22852
14469 14485
9033 9033
42090 44912
47593 47598
25827 25828
42046 42048
29073 29073
14961 14961
47001 47002
31674 31777
29286 29292
46322 46338
25633 25633
43930 43940
851 851
14561 14595
25681 25681
13431 13985
26677 26677
31317 31328
48081 48081
25096 25096
41374 41389
2142 2144
46042 46072
29412 29416
6481 6481
10001 10001
26141 26141
35322 35340
5737 5737
9509 9509
8001 8001
18101 18101
24250 24262
19736 19737
21870 21880
44672 44682
47831 47831
38785 38785
35410 35476
28418 28444
39998 40004
4025 4025
2618 2648
31466 31562
14198 14240
41520 41525
10677 10682
49375 49386
18751 18751
28481 28481
24466 24660
46065 46065
25092 25102
36338 36368
36502 36625
41259 41260
33521 33521
42913 42928
18622 18656
22450 22460
29201 29201
22228 22244
44934 44934
8567 8579
41221 41221
4758 4780
49760 49772
11446 12500
20526 20535
9747 9756
9742 9743
5713 5713
10717 10736
3718 3722
34101 34101
10161 10161
16791 16802
18254 18262
17401 17401
37634 37876
26830 26893
29089 29089
31845 31845
12461 12461
24214 24238
29989 30016
38548 38562
6383 6386
16400 16401
29089 29089
24481 24481
24214 24238
39341 39341
43466 43487
12781 12781
5356 5367
32149 32170
9572 9619
32012 32017
28906 28910
3836 3848
39046 39058
33814 33848
14269 14300
46090 46096
25401 25401
34481 34481
27041 27041
45302 45323
39440 39441
27277 27293
5761 5761
44104 44115
32291 32291
767 770
17046 17056
562 572
30094 30136
23521 23521
44281 44281
10066 10071
42046 42050
11502 11527
38082 38092
28401 28402
38062 38162
36594 36682
38066 38092
16849 16849
46026 46040
31992 32020
30478 30504
38294 38308
13701 13701
45882 45888
20322 20344
8377 8377
45581 45581
36103 36165
24973 24973
46049 46049
41185 41185
5125 5125
42176 42218
5652 5662
34322 34340
111 111
24662 25236
24590 24604
24948 24982
38001 38001
19650 19662
25537 25558
26818 26822
37387 38042
21214 21272
32649 32649
13797 13802
14416 14460
11404 11409
44672 44682
2677 2842
42757 42762
47150 47188
16565 16565
3594 3602
11933 11933
43378 43388
28178 28324
1450 1485
3234 3248
22246 22256
26710 26712
44095 44095
28303 28312
2601 2601
7416 7436
45942 46112
48621 48621
15266 15276
36866 36872
1489 1489
12472 12477
15384 15392
3728 3864
4801 4801
43695 43710
33101 33101
9922 10007
35637 35645
10738 10745
41645 41645
35521 35521
25364 25378
275 276
27758 27767
15901 15901
342 348
18991 19044
37660 37661
40385 40560
39566 39584
44274 44275
19921 19921
29710 29768
19578 19676
30265 30265
15982 16004
7231 7231
7490 7517
46566 46582
6861 6861
18809 18809
8385 8390
49501 49501
42368 42380
41912 41918
44301 44301
42881 42881
26425 26425
15001 15001
14692 14725
10955 10970
49329 49329
36886 36888
39400 39402
45622 45625
31961 31961
24874 24875
7810 7820
49352 49355
16849 16849
792 810
13985 13985
12946 12965
21030 21180
24769 24769
47947 47947
44481 44481
2022 2040
28961 28961
38100 38103
22735 22735
11233 11233
9501 9501
6741 6741
21401 21401
40306 40328
11917 11917
48770 48838
25083 25083
42582 42594
42531 42531
33638 33644
32492 32494
42054 42088
11041 11041
39841 39841
40751 40758
48472 48485
38527 38536
9073 9073
17561 17561
48237 48254
9747 9758
36716 36736
24977 24977
10123 10184
30149 30149
47350 47358
37281 37281
12801 12801
41781 41781
16399 16412
30478 30504
7092 7378
31486 31536
48592 48604
9177 9177
28418 28515
17622 17625
44418 44425
42470 42496
8464 8476
23121 23121
26554 26608
2467 2660
19961 19961
43251 43251
898 908
13492 13500
47507 47568
36791 36791
1884 1893
11126 11136
7951 7951
32737 32740
11480 11527
11332 11340
2601 2601
31486 31562
15751 15751
4014 4016
49241 49241
49438 49454
28266 28269
19058 19097
38981 38981
38994 39001
5661 5662
15440 15447
17219 17219
17411 17411
28657 28657
6272 6281
45477 45480
10929 10931
36690 36696
37840 37860
28609 28609
633 633
30926 30929
37062 37076
11192 11230
23362 23368
46001 46001
3728 3744
48615 48628
5721 5724
4372 4376
10918 10953
34146 34172
36514 36525
23401 23401
14577 14578
46190 46245
4001 4001
46301 46338
26605 26608
1727 3604
49036 49051
21840 21841
35571 35571
29950 30017
18225 18225
25346 25347
38866 38872
14370 14411
22545 22545
27841 27841
16173 16194
13837 13848
8898 8914
20413 20413
46641 46641
9982 9998
20705 20706
26787 27150
21360 21369
22554 22560
11038 11050
30374 30378
12611 12611
25481 25481
36959 36959
19746 19770
25390 25398
45872 45880
17013 17013
4886 4886
36081 36081
49096 49100
23638 23645
22000 22072
37181 37181
47001 47002
44150 44161
11652 11666
1366 1408
15769 15769
19281 19281
21862 21868
9827 9842
2408 2465
38973 38973
47713 47713
39770 39777
19734 19744
39631 39631
4206 4284
48857 48860
43507 43507
7718 7750
35114 35127
33316 33402
13090 13098
11105 11105
29353 29362
7980 7992
41071 41071
29971 29971
21452 21488
9356 9366
44040 44074
33595 33595
11480 11500
47334 47348
10331 10346
23464 23465
23988 24012
36721 36721
42296 42310
29250 29260
20780 21432
45394 45408
34140 34725
33174 33175
1310 1326
21697 21720
48585 48585
42972 42986
10701 10701
40593 40598
11073 11073
44232 44248
31003 31004
18721 18721
12941 12941
20418 20424
15437 15474
627 664
24722 24730
24761 24761
30516 30599
1280 1304
36815 36820
47961 47961
18857 18860
30461 30461
15576 15576
16017 16017
24769 24875
32609 32609
37250 37302
31250 31260
27745 27745
9266 9280
13484 13488
33950 33981
5477 5484
24161 24161
12035 12048
10401 10401
45020 45031
44178 44180
34917 34932
12814 12837
15968 15975
49922 49956
43166 43166
12601 12604
22961 22961
20353 20353
32236 32240
29901 29901
30958 30980
36790 36796
31214 31275
46074 46112
32641 32641
29841 29841
36003 36016
25026 25030
29106 29106
14161 14161
35550 35554
5001 5001
17660 17663
7996 8019
11568 11584
19809 19809
45613 45696
637 637
45558 45563
9963 9970
2273 2273
42937 42937
24161 24161
27478 27542
28282 28290
25346 25355
34727 35140
27714 27728
6133 6133
2523 2523
2001 2001
2467 2544
8192 8268
19034 19044
43002 43010
47437 47505
45449 45458
1 21680
21636 21643
41545 41545
4542 4544
48201 48201
46201 46201
8417 8417
17268 17282
21896 21920
20106 20150
12610 12614
24519 24519
19582 19610
18549 18550
1995 1995
42054 42080
49122 49141
37745 37746
48625 48625
47617 47617
49760 49886
4606 4608
13585 13586
24791 24791
40290 40296
7297 7298
43890 43890
30866 30890
37030 37070
18612 18688
3281 3281
31421 31421
37031 37031
43201 43201
13742 13744
40761 40761
20065 20065
35042 35056
39321 39321
730 762
33430 33476
15345 15345
19353 19378
9481 9481
33269 33269
29574 29580
9729 9729
8401 8401
26066 26090
16081 16081
28961 28961
34051 34051
13668 13684
18220 18256
42836 42862
48697 48697
42913 42913
39994 40204
45156 45220
2402 2404
32887 32910
45621 45680
22360 22704
11024 11026
30908 30992
2585 2675
23350 23368
23527 23555
47442 47504
34081 34096
3077 3085
16179 16194
31481 31481
23970 23985
41958 41970
12461 12461
38798 38888
19631 19631
2064 2072
8290 8300
39179 39186
32801 32806
11864 11884
48131 48131
36131 36131
27730 27731
10816 10828
28833 28833
48326 48335
48481 48481
39592 39608
38906 38915
29262 29272
35500 35528
2032 2034
37250 37292
22051 22051
23921 23921
29069 29069
38414 38419
37252 37282
31321 31321
9025 9025
47298 47304
6857 6864
42832 42888
4654 4674
46766 46774
9757 9774
23801 23801
28641 28641
4646 4674
41249 41249
49846 49861
21321 21321
22001 22001
42312 42316
5992 6025
43575 43608
2522 2532
25726 25740
10000 10007
29201 29201
4398 4412
38501 38501
18247 18256
10958 10970
18762 18768
45621 45638
45070 45080
44640 44648
4769 4769
43201 43201
26650 26660
7738 7760
48961 49088
20041 20041
19312 19322
41845 41846
35730 35734
36401 36401
362 384
38978 38992
7955 13985
9601 9601
11857 11857
35701 35701
17092 17104
36266 36280
16021 16021
12938 13030
41972 41976
28301 28301
26510 26522
29496 29506
41985 41985
35627 35634
562 762
45041 45041
18950 18988
45431 45447
13201 13201
30195 30204
39436 39456
40226 40226
34527 34529
29063 29078
2064 2072
47820 47840
28977 28984
18640 18650
49311 49311
27017 27060
40201 40201
45422 45429
33201 33201
1401 1401
12312 12330
49506 49524
1818 1875
5710 5768
41341 41341
33520 33538
21682 25638
15321 15321
22527 22528
43561 43561
11297 11297
34209 34209
4071 4071
6907 6916
6681 6681
4735 4747
14460 14464
5992 6025
27593 27615
10073 10075
24277 24279
45962 45966
2008 2012
3761 3761
15174 15195
15789 15795
26982 26996
28345 28345
4941 4941
23626 23650
23051 23051
12293 12293
