2 400
434 520
402 432
434 520
752 970
1 280
102 280
622 700
377 432
625 700
456 464
54 100
782 860
167 280
466 496
27 52
514 520
818 848
27 52
167 224
882 904
1 16
1 165
1 1
662 700
317 376
882 914
167 454
182 216
948 956
266 280
1 165
456 1000
601 601
194 216
38 48
976 984
794 840
842 848
290 307
227 252
378 402
202 216
635 644
635 644
59 72
50 158
620 623
682 700
160 165
470 488
392 402
298 300
346 368
760 776
850 860
160 165
862 864
722 745
957 957
932 940
482 488
266 300
592 600
41 41
168 176
801 801
506 848
798 816
392 402
556 589
916 921
506 625
383 390
737 737
266 292
232 240
232 240
183 225
1 114
862 868
571 571
874 914
878 890
74 80
405 408
361 361
516 520
902 908
718 722
442 445
838 848
328 330
881 881
367 367
961 961
86 100
1 11
961 961
414 416
74 105
317 326
727 732
200 208
279 284
231 231
167 181
494 504
221 221
800 801
480 488
982 996
183 188
342 356
1 11
301 307
38 40
724 724
681 681
130 133
436 436
760 762
898 904
