1 50000
1 42144
1 42144
1 42144
1 42144
46601 50000
1 42144
46601 50000
13802 42144
13802 42144
46601 50000
42146 46599
36306 41490
13802 36304
37502 41490
13802 36304
2780 11520
13802 32470
1 2778
13802 32470
42146 46599
2780 11520
13802 32470
2780 11520
2780 11520
13802 32470
2780 11520
2780 11520
2780 11520
13802 32470
13802 32470
11522 13800
42658 46599
2780 8032
11522 13800
42658 46599
46601 50000
2780 8032
13802 32470
8034 11520
13802 32470
8034 11520
13802 31218
13802 31218
32472 36304
2780 8032
37502 41490
25559 31218
2780 8032
32472 36304
37502 41490
37502 41490
13802 25557
8034 11520
42658 46599
13802 25557
13802 25557
4520 8032
4520 8032
17076 25557
41492 42144
2780 4518
8034 13800
1 2778
8034 13800
46601 50000
36306 41490
46601 50000
42658 45840
15282 17074
17076 25557
31220 32470
36306 41490
36306 41490
42658 45840
17076 25557
2780 4080
31220 32470
17076 25557
42658 45840
1 2778
36306 40816
42658 45840
4520 8032
583 2778
17076 25557
8034 13800
40818 41490
1 581
25559 31218
25559 31218
40801 40801
35299 36304
8034 13800
4520 8032
25559 31218
17076 25557
32472 35297
17076 25557
32472 35297
45842 46599
25559 31218
31220 32470
17076 25557
2780 4080
10251 10251
42658 45840
25559 31218
2001 2001
2001 2001
45521 45521
25559 31218
8034 13800
40818 41490
4520 8032
15282 17074
43841 43841
31513 31513
8034 13800
583 2778
42658 45840
8034 13800
8034 13800
37872 40816
8034 13800
37872 40816
32472 35297
17076 24960
17076 24960
10641 10641
42658 45840
15282 17074
7417 8032
48122 50000
22001 22001
48122 50000
42658 45840
32002 32470
37872 40240
17076 24960
25952 31218
49121 49121
31220 32000
17076 24960
17076 24960
46601 48120
24962 25557
9466 13800
4520 6810
9466 13800
17076 24960
43042 45840
37872 40240
40242 40816
43042 45840
25952 31218
9806 13800
37872 40240
9806 13800
40242 40640
17076 24960
17076 24960
25952 31218
43042 45840
8466 9804
45842 46599
43001 43001
17076 24960
2780 4080
43042 45840
9806 13800
690 2778
17076 24960
17076 24960
32321 32321
8466 9804
24962 25557
43042 45840
11762 13800
11762 13800
4642 6810
25952 31218
15282 16440
43201 43201
25952 31218
46601 48120
11762 13800
690 2778
4642 6810
17076 24960
8466 9804
17076 24960
47521 47521
10060 11760
25952 31218
8466 9804
46601 48120
31220 32000
25952 31218
36082 36304
11762 13800
4642 6760
690 2778
46601 48120
37562 37870
25952 31218
37872 40240
40801 40801
17076 24960
4082 4518
25952 31135
48352 50000
37872 40240
48122 48350
8466 9804
11762 13800
7417 8005
41492 42144
18193 18193
37872 40240
17076 23264
4642 6760
17076 23264
34361 34361
27986 31135
17076 23264
17076 23264
27986 31135
4642 6760
48352 50000
45842 46599
43042 45840
34801 34801
4642 6760
27986 31135
40658 41490
48352 50000
31501 31501
13825 13825
37872 40240
23201 23201
36740 37560
25952 27984
15001 15001
18353 18353
10060 11760
25952 27984
28802 31135
45842 46599
45281 45281
40242 40640
48122 48350
24962 25557
47809 47809
42658 43040
9601 9601
36740 37560
43042 45840
17076 23264
17076 23264
15282 15944
41124 41490
43042 45840
42658 43040
10060 11760
31220 32000
48352 50000
4520 4640
46601 48120
17076 23264
27451 27451
690 2778
690 2778
17076 23264
690 2778
24962 25280
27986 28800
33149 33149
6962 7415
24962 25280
2780 4080
28802 31135
37872 40240
1841 1841
46721 46721
46601 48120
11025 11025
17076 23264
16442 16856
1 320
36082 36304
37562 37870
7417 8005
36546 36738
31501 31501
14754 15280
45842 46464
9801 9801
11762 13800
41147 41147
45842 46464
46601 48120
23266 24004
33502 34122
690 2778
4642 6760
26491 27984
2802 4080
10060 11760
17542 22986
28802 31135
5281 5281
26491 27984
17542 22986
23266 24004
26491 27984
13802 14752
33502 34122
35299 36080
27986 28800
18001 18001
33502 34122
25282 25557
21119 22986
48853 50000
2802 4080
27986 28800
30921 30921
31220 31896
40242 40640
23266 24004
4642 6760
40201 40201
12465 12465
48352 48851
25161 25161
40242 40640
48352 48851
42658 43040
40242 40640
24751 24751
15282 15944
26491 27984
19498 21117
6801 6801
40001 40001
41492 41700
17076 17540
10060 11760
13802 15280
31220 31896
27986 28800
22988 23264
21119 22986
17542 19496
45842 46464
36082 36304
32102 32448
24006 24960
690 2778
10060 11760
46601 47955
21119 22400
16442 16856
33502 34122
45842 46464
44143 44143
39841 39841
16465 16465
19498 21117
4642 5773
48122 48350
43042 45400
21119 22400
40658 40778
10060 11760
8466 9804
14754 15280
7302 7415
21119 22400
26491 27984
25282 25557
24006 24960
37420 37560
26029 26489
5775 6760
28802 31135
36740 37418
31220 31896
34306 34930
34306 34930
27986 28800
13201 13201
17542 19496
24225 24225
19297 19297
1 320
7033 7033
4642 5773
14401 14401
34306 34930
23266 23980
26491 27984
8516 9600
13001 13001
40780 41122
690 2200
690 2200
35299 36080
19498 21117
8516 9600
28802 31135
4642 5773
1 320
29601 29601
32472 33445
4082 4518
690 2200
690 2200
45402 45640
42270 42656
690 2200
28802 31135
23266 23980
37542 37560
14754 15280
41702 42144
28802 31135
12321 12321
17076 17540
16442 16856
42270 42656
8516 9600
2501 2501
34932 35297
28802 31135
11762 13632
32472 33445
37872 40640
2065 2065
26491 27647
37872 40640
19498 21117
10060 11760
35701 35701
44052 45320
46401 46401
690 2200
18452 19486
37872 40640
17076 17540
18452 19486
45642 45840
46601 47955
26029 26489
32472 33445
46601 47955
28802 31135
17542 18068
8516 9600
48853 50000
40401 40401
32801 32801
44052 45320
402 581
28802 31135
16545 16545
40780 41122
32102 32448
23266 23750
690 2200
45842 46464
8034 8464
41702 42144
16442 16744
28321 28321
33281 33281
46601 47955
36740 37418
13802 14752
4642 5773
2202 2778
34306 34930
4642 5773
29457 29457
48352 48851
35299 36532
23266 23750
37601 37601
21119 22400
16442 16744
25559 25950
19498 21117
402 581
37952 40000
36740 37418
17076 17540
26491 27647
24006 24960
6812 7040
37952 40640
690 2200
49841 49841
21119 22400
17521 17521
34661 34661
23266 23750
22988 23264
18070 18450
19498 21117
4025 4025
2202 2778
47957 48120
41076 41076
24006 24960
21119 22400
39601 39601
37562 37870
15422 15944
583 688
23073 23073
8034 8464
8034 8464
28802 31135
7417 8005
6401 6401
41124 41490
44052 45320
15127 15420
27802 27984
42658 44050
34001 34001
27333 27333
37952 40640
10001 10001
26029 26489
31220 31476
36740 37360
28802 31040
37952 40640
20025 20025
46601 47955
37952 40640
48352 48851
18452 19486
10060 11880
11882 12795
18452 19486
22988 23750
4082 4518
37420 37560
18452 19486
46601 47955
10060 11880
8034 8464
25042 25557
22001 22001
25042 25557
42658 44050
37952 40640
41124 41490
45402 45640
2802 3710
22402 22717
7417 8005
13802 14752
22402 22717
41124 41490
30314 30912
1 1
32001 32001
41702 42128
46601 47955
30314 30912
9806 9894
34161 34161
44052 45400
31898 32100
8034 8464
35561 35561
17542 18068
22988 23750
47957 48120
335 3710
8516 9600
41492 41700
37952 40640
690 2200
19498 21117
45842 46464
42270 42656
34641 34641
32472 33445
690 2200
33618 34054
15946 16440
16721 16721
16442 17074
12601 12601
34801 34801
42601 42601
48853 50000
6850 7040
27649 27984
14754 15077
37952 40640
26029 26489
11882 12795
10060 11880
46342 46464
17751 17751
16442 17074
13802 14752
12797 13632
42658 44050
6850 7040
37952 40640
24301 24301
10246 11880
13802 14752
42270 42656
45361 45361
24251 24251
28002 28800
22988 23750
8561 8561
14754 15077
5775 6760
19498 19820
19822 21117
10060 10244
5745 5745
17542 18068
42658 44050
28753 28753
5775 6760
9806 9894
27441 27441
32472 33445
22988 23750
48352 48851
4520 4640
26491 26952
48641 48641
28002 28800
2501 2501
81 81
30129 30129
7417 8005
40101 40101
12797 13632
14501 14501
7042 7232
29146 30312
46601 47740
12797 13632
10362 11880
44052 45400
36001 36001
4301 4301
1 320
42658 44050
15306 15420
37952 40640
24006 24800
8516 9600
31898 32100
33582 33616
7042 7232
37952 40640
10362 11880
19498 19820
35299 36080
22988 23750
5775 6760
13802 14752
31137 31218
11882 12795
25673 25673
15422 15944
5775 6760
35473 35473
46817 46817
16001 16001
15946 16440
37017 37017
12011 12011
6251 6251
48853 50000
31042 31135
37952 40656
4642 5396
33618 34054
34126 34304
16442 17074
19281 19281
27649 27984
17542 18068
15946 16440
690 2170
35299 36080
690 2170
40780 41122
43793 43793
34932 35297
15946 16440
26241 26241
7417 8005
8516 9600
5701 5701
2561 2561
44052 45400
30981 30981
12797 13632
15946 16440
46702 47740
46702 47740
26029 26304
35299 36080
26491 26952
29362 30312
22746 22986
8034 8464
40780 41122
10362 11880
42658 44050
1 320
35299 36080
26306 26489
32102 32448
23911 23911
46466 50000
31801 31801
15422 15944
15306 15420
16442 17074
4642 5396
37561 37561
48853 50000
29146 29360
12341 12341
13802 14752
5775 6760
17076 17480
7417 8005
21119 22717
36082 36304
18452 19486
26954 27578
30721 30721
4642 5396
44052 45400
34932 35297
17076 17480
3822 4080
8034 8464
36546 36738
32701 32701
43042 44050
46321 46321
21119 22717
38722 40640
43042 44050
21119 22717
45402 45640
15251 15251
30914 31040
34126 34304
25042 25557
37102 37360
45001 45001
10881 10881
8466 8514
30001 30001
16521 16521
33618 34054
40780 41122
24006 24800
19822 20164
13362 13632
3451 3451
25042 25557
35299 36304
40721 40721
26491 26800
33521 33521
29146 29360
8516 9804
47957 48120
9806 9894
4642 5396
23402 23750
37952 40640
44952 45400
14754 15077
47957 48120
37420 37540
1 304
26491 26800
46702 47740
14801 14801
11882 12795
37420 37540
23402 23750
26491 26800
46702 47740
46342 46464
36241 36241
8516 9804
48868 50000
43805 43805
16442 17074
33618 34054
690 2055
45642 45840
13634 13800
13090 13360
25042 25557
27986 28477
48241 48241
15422 15760
16481 16481
37542 37870
35001 35001
2302 2396
41702 42128
47949 47949
33582 33616
3822 4518
38801 38801
21858 22717
26041 26041
11882 12795
3822 4518
10897 10897
36737 36737
26491 26800
36877 36990
29561 29561
15921 15921
30438 30912
37569 37569
8034 8448
44889 44889
8678 9804
41977 41977
27839 27839
29146 29360
36081 36081
2890 3710
20369 20369
24001 24001
15422 15760
21152 21856
43042 43710
2890 3710
23201 23201
40481 40481
45842 46340
41761 41761
10446 11880
10937 10937
27986 28477
17201 17201
20166 21117
46561 46561
27986 28477
37952 40640
45361 45361
46702 47504
19921 19921
14754 15077
41124 41490
37952 40640
33285 33285
45642 45840
7417 7900
42658 43040
33961 33961
37952 40656
48122 48350
15422 15944
46466 46580
16842 17074
28479 28800
20166 21117
16842 17074
24006 24800
12513 12513
11602 11880
41249 41249
18452 19312
6401 6401
26491 26800
45842 46340
12501 12501
26491 26800
19498 19820
15422 15944
31478 31896
18070 18450
690 2055
32097 32097
25441 25441
8034 8448
34932 35297
690 2055
35299 36304
26954 27578
18401 18401
41492 41621
22001 22001
2401 2401
41889 41889
44952 45168
27801 27801
10060 10244
4001 4001
33449 33449
32472 33445
5775 6760
8516 9804
4302 4518
22988 23099
22273 22273
8516 9804
18452 19312
35299 36304
8516 9804
37102 37200
41124 41490
44746 44950
11025 11025
10641 10641
5775 6760
44281 44281
41001 41001
23250 23750
11561 11561
30438 30912
26954 27578
18452 19312
44497 44497
37872 38800
41702 42128
8516 9804
35299 36304
41124 41490
10446 11600
26954 27578
30948 31040
5775 6760
47957 48120
32472 33445
39621 39621
27990 28477
32472 33445
10446 11600
26774 26800
39487 40640
32472 33445
5865 5865
11751 11751
45842 46340
21482 22717
26306 26489
35299 36304
10481 10481
37601 37601
6251 6251
21482 22717
34747 34747
21152 21480
20899 21117
2442 2778
16442 16840
37501 37501
26491 26772
44952 45168
37362 37418
26491 26772
35299 36304
36546 36738
21152 21480
18161 18161
30001 30001
20705 20705
36241 36241
22657 22657
38002 38114
34001 34001
13601 13601
12797 12850
8516 9804
45402 45640
45705 45706
39762 40640
32111 32111
20434 20897
42302 42592
5398 5510
32947 33445
425 425
44052 44250
26401 26401
42172 42268
43713 43713
21152 21480
22786 22986
39762 40640
38002 38114
46710 47504
20434 20897
14301 14301
34932 35297
39251 39251
19498 19820
690 1608
46321 46321
13802 14700
45842 46340
3008 3710
16502 16840
27990 28240
46601 46708
23250 23750
49241 49241
2657 2657
33618 34054
18452 19312
12513 12513
28479 29144
37000 37100
690 1608
34932 35297
42594 42656
19401 19401
1 1
33618 34054
5601 5601
18452 19312
5775 6760
49002 50000
32376 32376
15409 15409
39441 39441
5775 6656
19401 19401
28479 29144
37430 37540
32947 33445
35601 35602
12225 12225
35153 35153
19822 20164
31898 32100
9457 9457
18452 19312
25061 25061
8721 8721
48481 48481
38802 39485
5217 5217
5681 5681
39261 39261
33361 33361
4141 4141
8007 8032
10446 15944
12852 13088
21902 22717
37000 37200
32241 32241
3008 3710
15761 15761
21902 22717
12401 12401
38851 38851
28831 28831
2369 2369
35201 35201
30330 30436
5775 6656
24006 24600
13421 13421
48853 48866
48751 48751
21902 22717
10401 10401
24006 24600
17698 18050
45642 45840
36001 36001
10446 11600
17409 17409
2780 2888
34126 34304
25714 26002
25761 25761
29282 29360
37861 37861
17698 18050
40001 40001
10446 11600
45201 45201
26301 26301
10446 11600
28617 28617
11882 12741
40658 40724
10060 10244
29251 29251
26452 26489
10446 11600
49101 49101
37542 37870
31220 31476
8450 8514
21119 21150
3939 4300
46897 46897
37542 37870
31846 31896
42658 43710
5775 6656
16641 16641
48122 48350
34056 34122
43712 43954
8450 8514
34654 34923
49002 49760
43751 43751
39729 39729
37265 37265
2251 2251
8516 9804
45642 45840
5513 5730
1 1
642 688
41623 42128
25242 25557
43617 43617
3001 3001
34932 35297
44952 45168
40857 40857
26961 26961
18452 19312
6850 7232
8516 9804
24001 24001
1441 1441
40851 40851
24006 24600
17482 17696
1 1
1610 1848
18452 19312
48081 48081
36306 36532
11882 12741
22401 22401
35801 35801
42658 43710
44529 44529
44052 44235
25714 25950
36073 36073
49002 49760
21922 22717
36761 36761
4642 5396
13090 14305
33505 33505
41201 41201
46641 46641
34126 34304
40801 40801
27521 27521
7417 7900
46710 47100
33447 33580
37761 37761
25242 25557
1 304
8170 8448
19822 20164
18452 19486
26954 27346
30438 30912
1 1
39487 39760
3939 4300
22961 22961
27901 27901
7234 7415
16842 17000
29737 30312
28479 29144
27990 28477
21922 22258
4642 5396
27678 27776
8473 8473
18093 18093
21922 22258
1 304
24211 24211
18452 19486
3822 3840
17416 17416
13090 14305
38116 39485
47765 47765
25714 25932
25201 25201
13361 13362
2321 2321
41510 41621
27778 27984
44952 45168
40955 41122
49762 50000
25001 25001
29877 30312
17482 17696
49762 50000
3939 4300
38801 38801
18001 18001
30438 30912
30589 30589
22376 22376
39169 39170
36193 36193
6658 6760
14702 15077
8516 8730
13090 14305
8034 8168
48122 48350
10446 11600
2442 2626
20001 20001
35489 35489
45482 45640
37420 37540
16842 17000
37542 37870
35299 36304
40955 41122
8732 9804
33057 33057
41666 42128
3105 3106
39762 40656
44977 44977
3249 3249
4642 5396
42594 42656
27348 27578
45842 46340
16601 16601
5982 5982
23706 23750
29681 29681
43121 43121
31082 31135
44746 44950
42001 42001
31489 31489
28479 29144
33425 33425
45170 45396
32472 32945
15422 15944
11882 12741
12907 13084
32102 32288
5501 5501
12921 12921
3008 3660
6193 6505
41666 42128
34932 35297
22260 22717
27778 27984
25681 25681
38116 38778
6507 6656
29877 30280
25801 25801
34306 34652
13153 13153
37000 37418
22097 22097
13073 13073
25559 25712
46466 46580
1 1
30438 30946
24351 24351
20041 20041
22561 22561
45642 45840
17482 18050
48122 48350
22260 22717
29877 30280
31961 31961
22260 22717
20529 20529
39762 40656
35299 36336
49002 49760
17821 17821
38116 38778
7417 7900
37601 37601
30282 30312
18452 19486
12721 12721
44558 44656
31521 31521
39762 40656
7234 7415
14001 14001
3842 3937
20041 20041
33618 34054
22241 22241
19822 20164
4642 5350
36546 36738
6850 7232
11481 11481
14702 15077
10446 11600
690 1608
23706 23996
29201 29201
39641 39641
8732 9804
2780 2888
23601 23601
49681 49681
25559 25874
41403 41403
45170 45396
30151 30151
37801 37801
46491 46491
21761 21761
5398 5511
22401 22401
19161 19161
27422 27578
38961 38961
18452 19210
33618 34054
19822 20164
30001 30001
27990 28280
433 433
49002 49760
2780 2888
41666 42128
7933 7933
31041 31041
28502 29144
1610 1848
22001 22001
21513 21513
49585 49585
3008 3660
43956 45640
5401 5401
27185 27185
26029 26304
5137 5137
8801 8801
5761 5761
13146 14305
18841 18841
47266 47485
19157 19157
21482 21920
41510 41621
49081 49081
28401 28401
48401 48401
47266 47485
48122 48350
21152 21480
9896 10058
45529 45529
41510 41621
22801 22801
10561 10561
40726 40778
10446 11720
37420 37540
35265 35265
8061 8061
13021 13021
7234 7415
34932 35297
2890 3006
23362 23704
24968 25240
31898 32100
22721 22721
26802 26952
37000 37418
13146 14305
587 640
335 576
39394 39485
3054 3660
18452 19210
2033 2033
21482 21920
9150 9804
32102 32288
7417 7900
9057 9057
6507 6656
28502 29144
1 308
22786 22986
24006 24600
3662 3710
47713 47713
17500 17501
16842 17074
35299 36304
14721 14721
4721 4721
35601 35602
49770 50000
9150 9804
3054 3660
19498 19768
39234 39292
39487 39760
24176 24176
36546 36738
48122 48350
25242 25557
1 308
10369 10369
8034 8150
14702 15077
3939 4300
33763 33763
49841 49841
14151 14151
39762 40000
6658 6760
49762 49768
12401 12401
46417 46417
2172 2272
26526 26704
6850 7232
20166 20384
23101 23248
38513 38513
34932 35297
8732 9148
48965 48966
42658 43120
7741 7741
10246 10444
8732 9148
8362 8514
41682 42128
4520 4640
2302 2396
29697 29697
5513 5730
38721 38721
2172 2272
14112 14305
37000 37418
45170 45330
2398 2626
1121 1121
20929 20929
46027 46340
15946 16232
23082 23099
20658 20800
1 308
21922 22258
1850 2055
14161 14161
5601 5601
23362 23704
3761 3762
23362 23704
32947 33445
27778 27984
8170 8360
27713 27713
11722 11760
1265 1265
11249 11251
9322 9804
37001 37001
22260 22717
40090 40656
43217 43217
30849 30849
10246 10444
3201 3201
36338 36532
6401 6401
41775 41777
29146 29280
16502 16840
30001 30001
27778 27984
16851 16851
24006 24600
23250 23360
23250 23704
6251 6251
26526 26704
22689 22689
48321 48321
44746 45168
10446 11600
36181 36181
1 308
42841 42841
30401 30401
28637 29144
49002 49700
48561 48561
30438 30946
30691 30691
10323 10323
1041 1041
8034 8150
2081 2081
43851 43851
22786 22986
6497 6497
24006 24600
44052 44235
7417 7900
11762 12741
11762 12741
38881 38881
35772 36304
4302 4360
45073 45073
11602 11720
28381 28381
37000 37418
33501 33501
11762 12741
21644 22258
33447 33580
6201 6201
42658 43120
42594 42656
29121 29121
4642 5350
11762 12741
26802 27346
44558 44656
16065 16065
49702 50000
21644 22258
3939 4300
17482 18050
16921 16921
16842 17074
4642 5350
24818 24966
27778 27984
22321 22321
10446 11600
40321 40321
43451 43451
2065 2065
10001 10001
6658 6760
9806 9894
5775 6191
24001 24001
6833 6833
48497 48497
45429 45429
6850 7232
38116 38778
35761 35761
21152 21480
25242 25557
48441 48441
36877 36980
21482 21642
25578 25874
9322 9804
27313 27313
17076 17480
44252 44556
13090 13144
4642 5350
40090 40724
47102 47264
38841 38841
2621 2621
601 601
8041 8041
38116 38778
36546 36738
46601 46708
42428 42592
19822 20164
8001 8001
37542 38114
21152 21480
9521 9521
9189 9189
310 576
19498 19768
28673 28673
27441 27441
4661 4661
38116 38778
29905 29905
32290 32376
13146 14110
46342 46464
16252 16500
36001 36001
30209 30209
42641 42641
18257 18257
13146 14110
49702 49760
46401 46401
18070 18450
26838 27346
45332 45396
24576 24577
7234 7332
10446 11600
16601 16601
6765 6810
34654 34923
22721 22721
9896 10058
1610 1848
24006 24600
10446 11600
22321 22321
22260 22528
16601 16601
19212 19486
26526 26704
31478 31744
21152 21480
36649 36649
41089 41089
41318 41490
16401 16401
43501 43501
38802 39232
30646 30646
7902 8005
13146 14110
42428 42592
38116 38778
30337 30337
19770 19820
26838 27346
27990 28280
36546 36738
46027 46340
1409 1409
19401 19401
15681 15681
37657 37657
46027 46340
11762 12741
39951 39951
22988 23040
28921 28921
25578 25874
4561 4561
43841 43841
31169 31169
10446 11600
41553 41553
36877 36998
9337 9337
15422 15944
37000 37418
34402 34652
40902 40953
36740 36820
41701 41701
30241 30241
45201 45201
11101 11101
45642 46025
41318 41490
17794 18050
39601 39601
6911 6911
17076 17480
24006 24600
81 81
42428 42592
41124 41664
15422 15568
17076 17480
49845 49958
45981 45981
10446 11600
16502 17074
23741 23741
657 657
13146 14110
30081 30081
47465 47465
26838 27346
35299 35770
9721 9721
61 61
8732 9148
33941 33941
27801 27801
31761 31761
19569 19569
47102 47264
39333 39333
4642 5118
46321 46321
7417 7900
36162 36304
21501 21501
3274 3449
24006 24600
37101 37101
41318 41490
21482 21642
37857 37857
35299 35770
10446 11720
2060 2061
14702 14881
35751 35751
2780 2868
21863 22258
44252 44556
48476 48500
40212 40392
40780 40900
44441 44441
18452 19210
44361 44361
41005 41005
9171 9171
5775 6191
5841 5841
46541 46541
21644 21727
46710 47092
13146 14110
8732 9148
23362 23704
1 704
40090 40210
22786 22986
35162 35297
37872 38114
35265 35265
10446 11600
41202 41316
12927 13084
10446 11600
44881 44881
5021 5021
21152 21480
401 401
37154 37418
49969 49969
8541 8541
31361 31361
14681 14681
16885 16885
43956 44050
12701 12701
3274 3449
41124 41200
21513 21513
3122 3272
4973 4973
706 1430
6658 6760
38802 39201
13146 14110
23161 23161
17794 18050
14001 14001
16252 16500
33521 33521
10446 11600
31898 32100
28637 29144
25681 25681
5775 6191
19473 19473
24818 24966
3729 3729
49201 49201
31441 31441
13146 14110
9550 9712
11633 11633
38116 38612
10446 11720
706 1430
43601 43601
7151 7151
32151 32151
29376 30152
47660 47661
39301 39301
21152 21480
18204 18326
19212 19486
8516 8730
4498 4518
34932 35160
21690 21691
10446 11600
33301 33301
15570 15944
15361 15362
16001 16001
42428 42592
19770 20164
37872 38114
9969 9969
3001 3001
10601 10601
1909 1909
6562 6640
35772 36160
19770 20164
1610 1848
31221 31221
11001 11001
21665 21665
28479 28510
30330 30436
34753 34753
11762 12741
4642 5118
9714 9804
37721 37721
40394 40724
23706 23996
42658 43710
39200 39201
29146 29280
31681 31681
48801 48801
40097 40097
45721 45721
42658 43710
1610 1848
12501 12501
28497 28497
26838 27346
47102 47260
39169 39170
47431 47431
26838 27346
14938 15066
26029 26304
3481 3481
19498 19768
48352 48474
3712 3820
16097 16097
32081 32081
43712 43954
8641 8641
25501 25501
38281 38281
18452 19210
81 81
16949 17074
49120 49700
6241 6241
37001 37001
42893 42893
45201 45201
20506 20506
5361 5361
7234 7332
10446 11440
49702 49843
11722 12741
34289 34289
17482 17792
19121 19121
28001 28002
14986 14986
27000 27001
2628 2778
21729 21861
33251 33251
26306 26450
8732 9148
45201 45201
27990 28280
14481 14481
1850 2055
18452 19210
1020 1021
1121 1121
32947 33445
1850 2055
47506 47768
20401 20402
6812 7232
42304 42426
2561 2561
18041 18041
12785 12785
16481 16481
30001 30001
11001 11001
27649 27676
23905 23905
19212 19486
46625 46626
15068 15077
38561 38561
24621 24621
32947 33445
32582 32945
33451 33451
46466 46580
42151 42151
12801 12801
16681 16681
42497 42497
13146 14110
42658 43710
39487 40070
37601 37601
39294 39440
47361 47361
36306 36336
39487 40070
4929 4929
25521 25521
38817 38817
5841 5841
42049 42049
14938 15066
22272 22717
5481 5481
37000 37152
33809 33809
18452 19210
38663 38663
41666 42144
33651 33651
25578 25874
33051 33051
23362 23704
24968 25240
10481 10481
35299 35770
39200 39201
3274 3449
32472 32580
40394 40724
19602 19768
3041 3041
40945 40945
35741 35741
37542 37870
47721 47721
4931 4931
6642 10444
17962 18050
11901 11901
28961 28961
2398 2480
18452 19210
49002 49118
13146 14110
24006 24640
10258 10444
35772 36160
19212 19486
24006 24640
28282 28477
4302 4496
41521 41521
17921 17921
1921 1921
28611 28611
45201 45201
29376 30152
46027 46340
45398 45640
18401 18401
43353 43353
25242 25557
15971 15971
706 1430
2780 2868
8732 9148
12401 12401
24701 24701
26838 27346
34126 34652
19877 20164
37377 37377
14235 14235
10446 11720
30449 30449
46710 47092
14112 14305
3921 3921
30817 30817
47201 47201
2172 2272
33705 33705
13146 13215
10446 11720
37872 38114
28801 28801
4657 4657
25242 25557
43712 43954
27801 27801
42001 42001
2780 2868
42658 43240
27181 27181
45762 47092
3313 3313
22541 22541
20766 20894
11921 11921
26838 27346
29376 30152
17962 18050
22026 22258
27729 27729
24471 24471
48961 48961
48868 49000
7531 7531
27778 27984
21601 21601
41553 41553
10446 11720
29376 30152
25651 25651
29553 29553
14433 14433
15718 15944
30438 30946
15541 15541
30330 30436
20766 20894
121 121
35772 36160
40072 40210
45729 45729
24006 24640
21152 21642
23521 23521
2628 2778
22305 22305
37872 38114
3939 4292
2274 2396
21201 21201
3274 3449
25401 25401
19498 19600
28081 28081
2780 2868
47338 47485
465 465
10258 10444
34932 35200
45081 45081
42658 43240
22786 23040
17076 17228
14702 14881
6529 6529
35299 35770
24801 24801
2045 2045
15606 15606
15718 15944
12751 12751
17230 17480
48961 48961
2172 2272
14883 15066
36001 36001
22026 22258
29201 29201
10446 11720
34126 34652
35772 36160
31576 31576
3121 3121
33618 33976
34851 34851
22272 22717
29377 30152
12297 12297
48657 48657
39601 39601
10441 10441
16221 16221
33106 33445
12561 12561
30161 30161
38361 38361
37265 37265
4833 4833
36534 36738
40394 40724
41371 41371
22272 22717
20689 20689
33569 33569
16581 16581
10060 10244
46027 46340
18452 19210
21152 21472
28273 28273
13217 14110
461 461
28121 28121
34126 34652
43956 44050
14481 14481
9081 9081
22901 22901
17677 17677
9550 9804
7417 8005
8516 8688
13217 14110
4273 4273
26838 27346
3939 4640
4281 4281
13921 13921
35772 36160
41961 41961
1739 1739
26838 27346
9150 9284
32472 32580
17073 17073
34654 34923
12401 12401
15304 15420
34925 35297
27633 27633
9058 9148
43712 43954
40811 40811
22272 22717
29601 29601
6812 7232
17121 17121
38805 38805
3281 3281
42658 43240
9322 9344
37154 37418
20803 20894
13146 13215
29146 29374
3939 4292
8001 8001
38721 38721
46900 46901
41201 41201
30041 30041
46027 46340
28637 29068
29377 30152
8761 8761
13217 14110
40072 40085
5001 5001
19602 19768
38177 38177
15946 16020
44341 44341
20658 20764
23617 23617
20546 20656
48349 48349
43474 43710
5521 5521
46865 46865
37569 37569
12743 12850
32582 32945
36073 36073
7160 7161
21201 21201
22272 22717
47611 47611
40385 40385
8301 8301
14161 14161
2628 2778
31746 31844
34129 34129
39546 40064
6812 7232
44746 45088
37872 38114
1610 1800
6658 6763
17101 17101
8921 8921
15304 15420
30990 31135
34951 34951
44121 44121
43857 43857
32472 32580
24006 24640
46193 46193
4111 4111
4817 4817
3274 3449
30849 30849
9806 9894
13217 14240
26706 26760
42594 42656
32582 32945
5120 5396
42465 42465
36129 36129
15601 15601
46817 46818
26838 27346
44746 45088
1841 1841
17962 18050
24818 24966
12743 12850
19121 19121
43556 43557
45398 45640
48624 48740
6765 6810
18705 18705
24818 24966
11722 12741
561 561
6065 6065
21901 21901
13442 14110
7681 7681
16177 16232
25113 25113
29002 29068
16701 16701
11722 12741
10001 10001
10446 11720
38780 39201
40353 40353
16841 16841
15304 15420
1921 1921
32851 32851
14789 14789
15601 15601
49799 49843
1721 1721
46097 46097
31898 32376
28512 28635
15901 15901
24929 24929
2482 2518
45941 45942
31137 31137
48170 48350
33801 33801
26838 27346
15441 15441
19901 19901
49181 49181
40140 40210
8801 8801
39041 39041
38780 39201
27990 28280
26 576
2826 2827
41124 41490
19498 19600
37361 37361
15153 15153
6812 7232
34361 34361
34001 34001
29876 29876
30081 30081
41124 41490
14173 14173
4401 4401
8993 8993
14598 14622
12852 12905
46401 46401
29951 29951
4642 5118
1 1
17962 18050
46027 46340
47721 47721
15281 15281
30177 30177
23874 23996
22449 22449
30097 30097
49390 49522
39729 39729
29501 29501
15764 15944
25186 25557
8362 8688
31282 31476
46953 46953
5921 5921
193 193
25578 25874
18452 19210
45642 45712
11061 11061
39546 40064
24642 24816
5041 5041
25777 25777
17401 17401
7289 7289
30801 30801
34681 34681
26547 26547
19602 19768
47266 47336
28131 28131
30990 31135
42172 42406
706 954
12361 12361
9389 9389
38116 38430
18276 18276
27329 27329
13442 14110
21251 21251
33618 33976
28577 28577
8610 8688
3601 3601
41585 41585
16629 16629
41162 41490
7417 8005
5120 5396
25537 25537
20178 20384
22786 23040
20714 20764
46027 46340
45842 46016
13751 13751
22746 22784
3041 3041
3054 3272
706 954
36877 36980
33809 33809
11722 12741
48476 48622
39901 39901
29377 30152
11402 11720
33582 33616
44345 44345
19212 19403
24052 24640
31600 31601
39701 39701
8801 8801
20981 20981
11722 12741
21501 21501
16546 16947
39002 39201
7001 7001
3586 3820
17441 17441
22545 22545
21361 21361
5120 5396
9921 9921
35101 35101
35751 35751
43889 43889
25372 25552
44062 44114
14751 14751
14101 14101
23231 23231
43242 43472
46001 46001
26526 26704
3939 4292
4561 4561
36338 36398
25841 25841
8152 8168
3586 3820
40449 40449
26401 26401
42172 42406
6193 6505
3939 4292
43712 43954
48376 48376
31121 31121
7953 7953
29146 29220
44274 44656
36761 36761
7089 7089
20721 20721
24017 24017
40225 40225
27098 27098
23362 23632
13001 13001
14737 14737
26 576
18452 19210
48051 48051
38573 38573
34881 34881
28701 28701
46027 46316
12961 12961
29861 29861
36740 36820
11361 11361
10741 10741
29146 29220
48001 48001
23101 23248
7234 7332
17482 17792
40394 40648
8170 8280
46401 46401
8282 9148
16001 16001
45853 45853
12743 12850
28965 28965
23676 23676
25372 25552
48868 49118
41162 41664
1850 2046
1981 1981
42172 42406
49273 49273
46738 46800
48042 48168
30990 31135
4001 4001
26838 27346
17681 17681
36625 36625
30438 30968
23101 23248
23265 23265
45170 45330
47094 47100
9075 9075
706 954
49681 49681
4642 5118
11402 11720
40394 40648
1993 1993
9081 9081
47770 47878
22561 22561
3451 3584
14865 14865
26081 26081
33447 33500
9001 9001
13262 13440
12927 13084
41191 41191
16546 16947
11722 12000
11001 11001
39681 39681
35259 35259
43041 43041
30849 30849
40781 40781
27649 27676
32785 32785
33618 33976
8732 9056
25618 25874
587 656
45762 46016
6193 6505
31262 31476
497 497
27580 27647
31159 31159
28282 28477
18593 18593
2127 2170
1501 1501
7490 8005
27558 27558
27401 27401
3951 3951
29377 30152
37321 37321
23489 23489
25372 25552
36534 36738
13217 13260
18452 19210
39203 39292
21241 21241
26981 26981
11722 12000
32655 32657
40650 40724
22260 22717
13981 13981
35465 35465
46609 46609
18335 18335
30438 30968
30161 30161
2398 2480
2193 2396
27678 27984
12049 12049
45851 45851
17821 17821
24642 24966
37542 37870
65 65
7490 8005
1665 1665
23874 23950
41921 41921
21153 21153
13841 13841
29601 29601
39294 39424
42658 42704
48833 48833
45057 45057
34451 34451
18452 19210
6357 6357
47506 47768
4882 5118
47338 47420
26629 26629
37921 37921
22561 22561
26961 26961
18701 18701
12002 12741
43856 43857
956 1240
31658 31844
6401 6401
201 201
18801 18801
47729 47729
5025 5025
35579 35770
1721 1721
33447 33500
39546 39650
8732 9056
42801 42801
4806 4806
46626 46626
41239 41239
28113 28113
45620 45640
27505 27505
25761 25761
44553 44553
4882 5118
34126 34480
9806 9894
15946 16175
30449 30449
3041 3041
48521 48521
38432 38590
4520 4539
9745 9745
47506 47768
14609 14609
38035 38036
44274 44656
4021 4021
24881 24881
21021 21021
46113 46113
35070 35297
38753 38753
47770 47878
4481 4481
41623 41664
31955 31955
37154 37418
30154 30328
15946 16175
22109 22109
9918 10025
22260 22717
41124 41160
7490 8005
36441 36441
28738 29068
801 801
47487 47768
40961 40961
14883 15302
5301 5301
15079 15088
25793 25793
26838 27346
35293 35293
9841 9841
28637 28736
48381 48381
13295 13297
3521 3521
34321 34321
4541 4640
6507 6640
15570 15716
17230 17480
20899 21080
16201 16201
7501 7501
49650 49797
41510 41621
20489 20489
28738 29068
26838 27346
36553 36553
5321 5321
9201 9201
6781 6781
32947 33077
17076 17113
4294 4462
38780 39000
36801 36801
23501 23501
13262 14110
22786 23056
27678 29082
46001 46001
1 50000
18452 19210
43273 43273
21613 21613
22260 22717
40072 40085
35897 35897
15422 15520
19251 19251
6289 6289
46318 47092
35933 35933
28133 28133
14841 14841
13409 13409
2641 2641
22260 22717
44274 44656
26452 26489
13201 13201
49524 49648
46771 46771
29870 30152
17451 17451
40801 40801
24049 24049
18328 18450
42658 43240
29825 29826
36534 36738
6801 6801
28512 28635
3561 3561
31301 31302
17151 17228
20178 20384
7661 7661
49449 49449
42886 43240
48213 48213
13649 13649
44401 44401
17794 17960
19877 20164
33294 33445
22301 22301
49505 49505
22097 22097
20546 20656
3054 3272
26841 26841
48541 48541
21729 21861
10462 11080
35070 35297
48337 48337
48802 48851
20341 20341
15422 15520
25934 26027
28738 29068
18204 18326
3809 3809
12705 12705
2657 2657
39487 39650
26401 26401
39652 40036
41978 42170
21361 21361
20899 21080
47025 47025
15946 16007
251 251
37642 37905
40671 40671
15764 15944
36926 36980
14201 14201
35772 36190
47939 47939
20434 20520
5901 5901
31181 31181
28741 28741
30438 30930
48217 48217
32114 32370
9806 9894
43441 43441
14702 14881
8451 8451
11401 11401
37000 37152
27501 27501
5449 5449
8533 8533
48170 49797
29870 30152
7602 8005
30145 30145
28773 28773
4001 4001
26029 26150
2870 3006
3054 3272
34482 34652
34033 34033
30713 30713
15138 15302
5775 5980
27681 27681
15079 15088
15913 15913
31220 31476
18561 18561
9169 9169
6594 6760
46001 46001
14865 14865
29377 29620
13789 13789
21551 21552
32029 32029
34161 34161
41378 41490
16502 16880
38116 38430
22700 22702
33201 33201
20178 20384
3054 3272
20899 21084
49889 49890
18452 19210
41785 41786
5882 5980
49001 49001
39313 39313
29377 29620
18721 18721
9654 9654
37571 37571
21281 21281
30929 30929
19601 19601
45281 45281
15138 15302
13617 13617
47338 49797
35070 35297
40212 40392
20178 20384
9918 10025
23891 23891
11900 11901
26801 26801
3054 3272
32001 32001
1701 1701
7417 7600
16201 16201
45001 45001
32001 32001
36513 36513
32947 33077
11041 11041
38001 38001
726 726
1610 1780
41997 41997
34056 37905
43809 43809
13177 13177
18994 18994
35772 36190
47221 47221
16196 16197
49301 49301
38601 38601
23385 23385
5120 5396
31833 31833
8977 8977
46631 46631
38761 38761
8101 8101
14624 14881
26981 26981
24052 24966
11722 12741
49326 49326
33521 33522
34951 34951
44116 44235
14833 14833
26838 27346
12743 12850
21119 21440
27907 27988
29622 29868
40415 40415
15153 15153
17465 17465
2641 2641
1521 1521
29921 29921
31600 31601
42408 42426
38721 38721
19445 19445
34932 35068
33401 33401
43907 43907
15601 15601
2801 2801
10673 10673
887 887
32561 32561
14210 14368
3274 3449
27678 27905
35299 35500
28017 28017
35579 35770
17281 17281
45137 45137
16001 16001
28738 29068
44381 44381
3841 3841
20178 20384
33618 33678
40230 40230
37073 37073
41081 41081
13761 13761
34482 34652
8200 8201
44401 44401
17341 17341
33929 33930
21217 21217
12743 13215
22260 22717
24401 24401
5120 5212
31262 31476
49799 49843
36001 36001
29084 29220
35579 35770
42289 42289
35001 35001
43681 43681
17121 17121
42172 42406
16969 16969
41162 42406
242 576
49497 49497
36822 36854
49390 49522
49914 49958
41510 41621
11281 11281
18452 19210
15121 15121
39377 39485
17151 17228
6594 6760
7602 8005
6641 6641
33033 33033
27678 27905
21921 21921
11401 11401
42929 42929
27678 27905
10979 10979
21119 21440
8801 8801
22961 22961
16462 16800
30401 30401
13279 14110
40970 41108
2561 2561
6193 6505
9821 9821
48701 48701
7865 7865
31561 31561
37456 37540
39641 39641
48541 48541
20661 20661
15718 15762
40185 40185
4891 4891
42529 42529
41393 41393
40640 40641
8362 8664
30438 30930
5459 5459
4882 5118
8225 8225
19081 19081
44353 44353
23605 23605
22260 22717
32947 33077
1881 1881
43939 43939
31478 31656
5591 5593
31921 31921
42901 42901
3409 3409
42381 42381
35121 35121
32681 32681
11722 12352
34654 37905
21585 21585
30001 30001
31478 31656
31045 31045
18452 19210
601 601
48551 48551
28161 28161
4141 4141
10861 10861
48577 48577
15409 15409
12927 13084
14210 14240
10231 10231
3452 3584
26601 26601
40955 40968
38251 38251
43361 43361
6081 6081
28657 28657
43625 43625
7041 7041
8281 8281
24561 24561
16705 16705
34041 34041
32501 32501
11722 12316
11761 11761
15841 15944
15841 15944
11841 11841
31251 31251
11889 11889
21489 21489
3754 3791
44062 44114
38240 38241
22218 22258
42481 42481
45782 45926
3313 3313
16462 16880
27441 27441
47242 47485
26237 26450
33201 33201
40780 40900
13569 13569
26100 26101
45501 45501
38116 38430
14210 14591
13841 13841
3939 4204
14113 14114
43425 43425
3274 3449
20737 20737
40601 40601
19701 19701
31262 31476
44274 44656
29561 29561
6656 6657
177 177
8673 8673
25329 25329
40201 40201
1361 1361
29161 29161
47157 47157
1513 1513
40451 40451
18452 19210
16353 16353
36241 36241
25186 25370
9896 9916
49377 49377
42172 42406
6953 6953
23593 23593
18204 18326
35076 35076
1089 1089
47953 47953
19121 19121
1934 2046
8426 8664
34742 34923
37242 37418
2628 2778
38466 38590
41851 41851
33201 33201
16471 16471
39153 39153
6041 6041
9481 9481
19321 19321
31631 31631
17696 17696
28738 29068
29749 29749
11582 11720
43250 43450
5775 5880
26029 26112
36385 36385
11513 11513
36001 36001
24225 24225
27711 27711
38780 39000
4681 4682
24057 24057
16462 16947
1809 1809
26751 26751
39873 39873
15251 15251
26526 26544
14491 14491
29121 29121
23101 23248
27849 27849
18401 18401
1008 1425
28738 29068
44297 44297
3274 3449
39311 39311
46193 46193
2045 2045
47242 47485
22641 22642
9036 9036
29793 29793
31231 31231
40101 40101
9841 9841
45261 45261
42201 42201
15161 15161
1 1
27171 27171
20129 20129
17681 17681
42949 42949
6812 7176
9685 9685
13913 13913
36917 36917
28738 29068
27931 27931
37001 37001
5233 5233
19401 19401
37000 37240
32472 32580
8152 8168
12585 12585
42802 42884
31262 31476
37001 37001
20501 20501
17921 17921
19521 19521
44746 45024
40297 40297
29021 29021
47242 47485
41421 41421
5882 5980
24178 24178
2901 2901
23681 23681
39164 39292
7801 7801
39377 39485
34312 34480
6241 6241
4206 4292
321 321
11082 11580
29084 29220
44274 44656
6511 6511
11001 11001
49650 49713
17431 17431
43501 43501
39465 39465
29377 29475
6382 10880
30438 30930
33321 33322
38780 39162
18782 19210
38325 38326
29681 29681
1782 1848
46625 46626
13279 13616
28011 28012
34509 34509
21009 21009
21809 21809
37881 37881
9265 9265
1610 1780
41975 41977
4741 4741
18625 18625
31441 31441
17482 17792
31841 31841
45620 45640
40780 40900
11082 11580
16462 16947
1042 1360
20899 21084
23041 23041
48921 48921
26601 26601
45642 45712
26029 26112
10601 10601
30857 30857
23250 23360
46318 46736
41162 41376
23793 23793
39322 39375
37907 38114
49126 49126
46381 46381
46651 46651
11521 11521
24281 24281
4190 4191
32852 32883
10265 10265
32386 32448
39781 39781
24801 24801
1432 1608
29761 29761
49715 49797
48497 48497
18305 18305
46251 46251
16462 16947
20241 20241
47041 47041
22152 22216
46033 46033
17901 17901
44209 44209
20841 20841
24176 24178
42886 43240
3937 3937
47201 47201
706 954
19201 19201
38193 38193
46201 46201
39377 39485
28738 29068
35321 35321
12751 12751
17361 17361
16421 16421
48170 48350
30361 30361
36145 36145
48881 48881
1161 1162
15281 15281
30438 30930
876 876
38466 38590
2977 2977
13369 13369
35139 35139
49001 49001
33571 33571
47957 48168
23321 23321
28738 29068
33296 33445
47361 47361
32450 32540
42141 42141
6113 6113
22079 22150
45561 45561
25400 25552
24953 24953
2193 2396
17777 17777
6812 7176
23745 23745
10752 10880
44274 44656
32901 32901
23401 23401
5201 5201
6507 6592
44274 44656
11871 11871
46081 46081
48521 48521
21425 21425
27012 27346
23766 23872
14722 14881
29857 29857
24452 24966
39733 39733
32947 33077
18782 19210
26762 26836
2113 2113
28637 28736
19001 19001
15101 15101
38702 38778
8651 8651
36921 36921
10001 10001
27012 27346
46018 46316
14369 14369
45801 45801
2321 2321
1008 1040
39652 39726
22260 22717
34801 34801
30990 31135
13721 13721
17585 17585
4401 4401
27012 27346
14996 15066
3942 4204
46908 46908
24689 24689
22433 22433
21962 22024
28561 28561
12354 12741
37000 37240
4882 5118
18561 18561
7706 7888
44625 44625
45049 45049
4206 4292
6812 7176
48868 49118
4310 4462
24452 24966
3553 3553
11561 11561
45937 45938
48473 48473
34353 34353
5982 6191
45026 45168
33785 33785
15718 15762
8170 8320
37001 37001
39273 39273
24901 24901
6701 6701
23921 23921
25241 25241
3942 4204
49161 49161
24452 24966
25501 25501
28282 28477
15090 15125
1351 1351
1561 1561
14641 14641
4816 4818
1934 2046
4425 4425
26237 26489
9137 9137
34161 34161
18529 18529
45057 45057
21001 21001
17393 17393
18801 18801
37242 37298
29265 29265
12948 13044
30433 30433
27241 27241
24577 24577
13245 13245
25201 25201
9169 9169
41801 41801
48717 48717
16462 16947
32610 32784
43161 43161
47585 47585
2385 2385
18204 18326
561 561
25709 25709
2051 2051
45464 45618
19212 19403
26137 26137
23185 23185
34601 34601
33978 34032
28465 28466
28512 28635
27828 27829
14841 14842
21119 21250
20241 20241
583 668
25578 25616
25007 25009
37169 37169
9081 9081
17201 17201
19344 19345
14901 14901
30990 31135
44621 44621
38737 38737
4417 4417
6061 6061
41742 42406
44 478
10801 10801
7651 7652
28738 29068
2761 2761
31221 31221
22735 22744
42856 42856
44746 45024
5577 5577
48241 48241
1413 1413
3822 3872
34817 34817
35579 35770
6141 6141
6031 6031
49960 50000
46318 46912
24001 24001
27626 27627
4365 4365
47098 47240
40087 40138
49425 49425
1951 1951
40394 40648
48191 48191
3281 3281
21489 21489
3534 3534
3942 4204
46721 46721
961 961
46269 46269
16001 16001
3942 4204
27754 27905
33702 33976
27057 27057
22609 22609
48721 48721
4310 4462
40212 40392
8732 8774
28595 28595
708 708
7706 7888
8992 9056
38373 38373
14624 14881
31401 31401
7381 7381
14081 14081
17801 17801
29106 29107
11025 11026
39021 39021
41681 41681
18551 18551
21152 21250
48701 48701
35579 35770
36201 36201
37985 37985
30345 30345
7334 7394
16409 16409
43601 43601
3276 3276
5841 5841
33425 33425
47501 47501
21334 21472
9201 9201
26001 26001
16141 16141
7971 7971
28282 28337
35299 35577
29793 29793
23841 23841
18315 18315
28329 28329
21353 21353
31906 32245
19421 19421
10882 11080
9342 9544
18657 18657
34312 34480
46318 46912
22079 22216
13681 13681
39761 39761
4529 4530
37350 37351
5265 5265
1042 1360
33173 33173
44130 44235
48641 48641
41781 41781
41556 41558
33921 33921
33809 33809
8376 8376
15127 15136
48868 49118
18452 18780
12111 12113
44726 45024
11001 11001
15351 15351
33901 33901
16462 16947
26237 26489
44 478
46961 46961
19405 19426
29257 29257
16462 16928
28001 28001
35070 35297
45301 45301
44116 44128
805 805
4833 4833
7417 7704
37585 37586
12354 12606
39457 39457
27741 27741
40690 40724
32873 32873
13841 13841
46018 46316
30483 30483
18851 18851
44305 44305
37761 37761
39661 39661
11835 11835
19428 19486
40780 40900
35681 35681
8170 8340
8081 8081
47100 47101
257 257
32821 32821
14717 14717
36192 36336
3939 11480
23761 23761
1782 1848
35579 35770
17456 17792
10351 10351
20001 20001
34601 34601
9201 9201
25001 25001
45601 45601
8666 8730
11041 11041
11201 11201
28041 28041
39377 39485
5777 5777
21729 21861
3274 3292
22994 23056
3529 3529
3441 3441
8426 8664
28609 28609
15021 15021
38497 38497
4705 4706
41862 41863
34641 34641
21252 21332
21152 21250
33106 33292
25441 25441
32101 32101
19618 19750
12354 12606
22081 22081
26769 26769
22079 22216
27917 27917
10401 10401
26345 26345
45782 45926
49141 49141
4816 4818
4018 4204
27057 27057
38625 38625
41943 41943
42001 42001
3452 3584
22534 22717
38466 38576
18473 18473
17171 17171
31433 31433
37073 37073
26838 27578
43281 43281
28753 28753
45714 45926
4322 4394
21745 21745
7051 7051
24854 24966
36841 36841
44726 45024
8001 8001
47185 47185
42746 42884
4603 4603
23665 23665
9265 9265
34257 34258
26029 26085
37242 37298
11361 11361
41201 41201
6801 6801
26499 26499
1 1
5137 5137
15946 16007
47333 47333
42221 42221
13273 13273
48501 48501
41162 41673
14897 14897
27341 27341
9861 9861
45026 45168
48193 48193
26726 26836
44305 44305
35579 35770
42577 42577
706 954
8065 8065
44726 45024
44317 44317
20161 20161
8426 8664
5456 5457
11521 11521
40902 40953
32701 32701
44445 44445
32281 32281
34167 34167
42353 42353
19281 19281
15304 15420
47957 48070
17982 18068
43250 43648
10941 10941
34841 34841
44726 45024
45377 45377
24114 24450
1809 1809
27185 27185
29622 29840
28932 29068
42281 42281
10060 10244
11482 11580
42241 42241
12354 12606
31713 31713
23101 23248
9753 9753
10853 10853
7329 7329
19877 20164
43931 43931
41124 41160
34482 34652
37141 37141
43381 43381
43901 43901
2001 2001
36816 36817
13369 13369
43801 43801
14210 14591
8776 8928
42001 42001
28451 28451
3302 3376
29265 29267
641 641
36561 36561
39281 39281
14753 14753
35299 35577
36401 36401
31089 31089
43250 43648
26001 26001
47041 47041
30993 30993
37000 37240
36878 36923
15522 15568
26225 26225
38116 38430
25174 25370
23601 23601
31262 31476
36793 36793
43250 43648
32789 32791
29501 29501
24561 24561
14561 14561
30546 30720
33702 33976
20951 20951
4018 4204
5282 5396
17456 17792
7417 7704
27151 27152
49777 49777
34126 34300
26001 26001
37041 37041
34676 34676
1601 1601
16061 16061
35821 35821
44465 44465
24641 24641
9152 9544
22501 22501
36449 36449
11441 11441
12354 12606
28482 28635
26001 26001
40394 40648
49601 49601
17794 17980
2751 2751
26497 26497
34932 35068
11166 11465
24001 24001
44726 45024
16797 16797
33521 33522
45251 45251
9946 10025
18441 18441
1321 1321
44001 44001
23540 23632
38821 38821
8433 8433
33505 33505
25329 25329
16625 16625
24452 24852
31089 31089
25174 25370
2780 2868
7941 7941
34001 34001
21017 21017
36534 36700
29721 29721
10921 10921
15812 15944
47217 47217
42582 42712
34241 34241
11381 11381
10941 10941
33618 33678
6361 6361
13634 13920
5126 5126
49551 49551
5732 5773
49601 49601
19889 19889
43613 43613
4337 4337
44025 44025
2321 2321
38116 38430
11961 11961
41501 41501
42561 42561
29281 29281
1432 1736
41489 41489
23613 23613
3302 3376
26546 26590
44130 44235
43501 43501
11237 11465
44821 44821
15501 15501
45440 45441
9896 9916
18574 18780
13634 13920
4913 4913
22405 22405
20546 20736
30161 30161
30689 30689
27901 27901
14112 14591
47015 47015
49551 49551
26705 26705
26751 26751
14883 14994
25938 26027
49346 49388
28932 29068
8721 8721
27678 27752
3489 3489
38049 38050
4541 4880
30353 30353
1008 1430
2780 2868
29912 30152
46018 46316
21567 21567
14883 14994
27553 27553
35549 35551
37300 37414
42582 42712
41201 41201
7234 7280
11681 11681
39322 39485
2501 2501
48321 48321
42981 42981
26152 26182
16673 16673
27611 27611
42310 42311
30161 30161
12001 12001
43836 43837
39401 39401
34401 34401
31505 31505
22260 22444
30041 30041
30932 30968
48401 48401
49601 49601
49120 49208
6752 6763
32093 32093
21809 21809
19986 20164
24257 24257
17456 17584
19265 19265
45642 47904
38614 38778
16301 16301
31333 31333
19921 19921
21152 21250
19553 19553
41101 41101
5604 5678
49534 49713
24017 24017
16581 16581
20677 20677
12021 12021
17312 17454
46402 46912
40101 40101
36641 36641
46657 46657
28642 28736
4951 4953
15351 15351
37201 37201
1301 1301
49120 49208
27938 27988
40212 40392
11605 11605
30001 30001
32641 32641
39807 40033
31041 31041
37601 37601
36737 36737
25174 25370
6681 6681
24561 24561
4257 4258
34312 34480
36917 36917
35299 35577
42714 42884
13094 13164
39199 39202
37300 37414
16341 16341
24114 24450
23025 23025
43421 43421
28001 28002
12251 12251
6812 6900
21701 21701
1613 1613
39322 39485
2453 2453
3441 3441
28867 28869
29169 29169
30265 30265
28609 28609
20714 20736
5401 5401
29981 29981
22241 22241
7001 7001
25841 25841
24721 24722
25174 25370
44726 44920
16009 16175
23362 23494
4605 4605
31726 31726
46018 46316
32961 32961
35662 35770
4731 4731
48017 48017
42064 42170
4464 4518
30351 30351
22601 22601
25781 25781
25249 25249
26737 26739
27161 27161
7234 7332
44274 44656
5501 5501
11237 11465
1141 1141
7874 7876
14112 14591
34961 34962
28482 28635
2316 2396
22534 22717
39164 39250
36501 36501
29057 29057
32641 32641
20661 20661
31658 31716
17586 17792
29777 29777
16673 16673
5985 5986
24303 24303
48465 48465
5489 5489
6153 6153
6561 6561
2889 2889
22719 22733
17586 17792
9489 9489
821 821
25985 25985
4464 4518
22381 22381
23217 23217
22181 22181
28738 28930
15936 15937
34056 34092
28482 28635
29989 29989
8732 8774
24921 24921
46829 46829
14001 14001
7501 7501
2702 2730
19061 19061
38377 38377
37682 37750
25971 25971
30022 30152
16097 16097
11471 11471
32361 32361
20081 20081
33313 33313
40527 40648
19111 19111
15251 15251
3126 3126
40193 40193
4961 4961
18801 18801
8241 8241
37501 37501
23496 23538
17456 17584
4206 4292
10438 10750
17586 17792
34056 39726
41162 41376
48945 48945
12105 12105
5604 5678
22841 22841
21817 21817
10752 11080
19545 19545
48433 48433
9985 9985
42969 42969
5951 5951
17500 17501
45471 45471
6382 11480
32002 32160
23503 23503
3601 3601
16462 16928
32610 32883
5775 5880
40817 40817
3658 3752
26673 26673
36031 36031
4251 4251
18482 18780
1601 1601
3121 3121
10752 11164
40153 40153
34001 34001
27997 27997
31979 31979
16631 16631
31906 32245
23385 23385
31906 32245
32481 32481
12513 12513
13181 13181
42714 43710
23161 23161
16462 16928
9345 9347
28339 29082
12354 12606
33079 33250
45170 45420
10438 10750
38962 39162
15138 15302
27649 27676
1 1
5537 5537
46881 46881
34391 34391
29239 29239
36926 36980
35201 35201
27721 27721
27990 28120
11591 11591
27441 27441
20721 20721
12646 12646
23441 23441
31478 31656
11809 11809
34312 34480
8581 8582
721 721
33106 33250
16833 16833
6193 6380
4257 4259
31846 31850
24953 24953
6507 6592
22534 22717
13922 14079
21474 21642
28113 28113
37682 37750
2677 2677
10481 10481
44999 45001
24385 24385
46751 46751
8666 8730
29951 29953
11237 11465
29561 29561
30061 30061
29526 29526
21377 21377
35857 35857
4706 4706
41911 41911
33393 33393
33831 33831
42451 42451
480 550
31721 31721
41633 41633
11249 11251
28861 28861
47521 47521
24833 24833
14665 14665
14855 14855
48759 48759
20766 20801
35070 35297
24785 24785
23540 23632
29961 29961
34482 34685
24121 24121
21474 21642
26661 26661
16341 16341
23437 23437
39322 39485
9166 9166
48721 48721
20141 20141
27501 27501
37121 37121
11761 11761
26301 26489
42077 42077
45185 45185
14624 14881
27361 27361
28861 28861
32951 32951
24860 24966
26401 26401
44237 44264
18869 18869
16462 16928
4940 5118
49276 49277
37456 37540
26751 26751
23952 23996
16462 16928
27697 27697
45440 45441
18452 18780
26636 26724
17456 17584
33447 33506
4190 4191
16462 16928
13989 13989
9151 9151
4000 4001
30330 30436
25939 25939
11961 11961
24121 24121
12608 12741
25641 25641
26201 26201
18983 18983
15464 15520
30202 30302
24860 24966
45041 45041
18921 18921
46537 46537
44101 44101
33106 33250
35001 35001
23729 23729
5982 6064
48521 48521
47953 47953
9669 9669
8652 9544
6961 6961
8501 8501
10114 10244
37682 37750
27281 27281
12354 12606
38921 38921
20801 20801
20785 20785
40140 40176
2555 2557
33601 33601
26401 26401
40650 40680
32737 32737
7925 7926
2870 2991
6602 6660
34451 34451
37465 37466
49458 49522
46318 46912
36893 36893
1553 1553
20257 20257
23253 23253
10001 10001
32885 32945
23481 23481
18452 18780
43250 43480
47201 47201
46641 46641
8603 8603
3008 3184
30161 30161
22065 22065
38751 38751
14883 14994
19831 19831
37074 37298
6193 6495
26561 26561
21334 21642
49169 49169
27881 27881
33618 33678
901 901
1713 1713
32549 32549
31852 31896
30336 30337
12361 12361
11041 11041
45065 45065
17301 17302
3649 3649
10526 10526
23321 23321
45633 45633
7373 7373
37621 37621
11783 11783
2851 2851
9873 9873
39011 39011
16251 16251
41585 41585
19407 19407
22218 22258
38930 38960
43055 43057
44721 44721
4921 4921
20766 20801
26838 27008
13601 13601
19170 19170
28945 28945
34124 34307
44 478
28193 28193
8355 8356
12076 12076
36207 36207
43836 43837
35922 36190
12321 12321
38001 38001
40394 40648
4541 4825
23651 23651
14996 15125
30438 30446
41241 41241
38789 38791
49799 49843
33881 33881
39901 39901
46017 46017
38363 38363
1121 1121
33161 33161
13346 13704
14665 14665
48868 49118
41435 41435
21893 21893
49041 49041
21216 21217
28929 28929
1432 1736
11751 11751
15304 15420
22393 22393
16321 16321
44709 44709
18017 18017
28181 28181
1008 1430
31718 31844
33106 33250
46318 46912
43609 43609
24625 24625
44341 44341
14501 14501
49761 49761
39169 39171
37509 37509
24449 24449
7396 7415
4065 4065
48531 48531
22505 22505
14141 14141
44117 44117
49981 49981
4310 4394
29201 29201
36151 36151
48501 48501
13421 13421
10201 10201
9550 9804
23321 23321
3939 4016
9289 9291
6023 6023
3789 3789
31569 31569
33106 33250
42529 42529
34829 34829
39089 39090
28401 28401
26301 26489
8802 8928
22786 22992
3969 3969
44545 44546
41361 41361
13761 13761
41889 41889
541 541
47936 47936
11237 11465
6193 6495
29410 29475
28738 28930
3661 3661
38861 38861
36192 36235
25400 25552
5513 5602
28482 28635
23001 23002
39681 39681
33276 33276
2801 2801
31701 31701
2241 2241
43841 43841
45229 45229
9845 9845
43250 43480
43502 43605
8557 8557
956 1000
47376 47377
31041 31041
9541 9541
12517 12517
44465 44465
17175 17175
39001 39001
48637 48637
10258 10360
25441 25441
38851 38851
32610 32883
13611 13611
15841 16007
20425 20425
32321 32321
49271 49271
23766 23950
39551 39551
37921 37921
8776 8928
41162 41256
24751 24751
21334 21642
37542 37680
9809 9809
15764 15800
47755 47755
40097 40097
17062 17074
22353 22353
32761 32761
3793 3793
44201 44201
3501 3501
33467 33467
46913 46913
15304 15420
33586 33586
35922 39726
47957 48070
7421 7421
21334 21642
35001 35001
27348 27465
43551 43551
14097 14097
45170 45420
10942 11164
45170 45420
21644 21727
47351 47351
41162 41256
13541 13541
29865 29865
36177 36177
6765 6810
7681 7681
3658 3752
9033 9033
46881 46881
30801 30801
48901 48901
18335 18337
33321 33322
31201 31201
44178 44235
7681 7681
31220 31476
29912 30302
49201 49201
37362 37414
13922 14079
9416 9544
31220 31476
20631 20631
41402 41440
40521 40521
11237 11465
47426 47485
23766 23950
15578 15762
48881 48881
30496 30497
12948 13044
3946 3947
49534 49713
19618 19768
37420 37750
23729 23729
361 361
36601 36601
46081 46081
33041 33041
4206 4292
28949 28949
18529 18529
26425 26425
19840 19984
42129 42129
13769 13769
46741 46741
72 180
36275 36275
42886 43130
40581 40581
32177 32177
44701 44701
16923 16923
25480 25481
45170 45420
18433 18433
6721 6721
24641 24641
17761 17761
31073 31073
21644 22532
36400 36532
7163 7163
26969 26969
38689 38689
8159 8159
11601 11601
22446 22532
10401 10401
35221 35221
32450 32540
39193 39193
18721 18721
47457 47457
27961 27961
26844 26845
2896 2897
42097 42097
49290 49344
17331 17331
25025 25025
49715 49797
35969 35969
41761 41761
18801 18801
43281 43281
42085 42085
46318 47048
48200 48201
40087 40138
41442 41490
9053 9053
3241 3241
41761 41761
47941 47941
5700 5701
521 521
37907 38114
22865 22866
24651 24651
25806 25809
40561 40561
28282 28337
72 180
7706 7888
20621 20621
14956 14956
44001 44001
34171 34171
29081 29081
9661 9661
5120 5212
27121 27121
8761 8761
15764 17890
706 954
35605 35605
18489 18489
24191 24193
8241 8241
41749 41749
13001 13001
27678 27752
19561 19561
4018 4204
32881 32881
39164 39250
7441 7441
329 329
29649 29649
182 478
24017 24017
3939 39125
18001 18001
28335 28337
34793 34793
13121 13121
47809 47809
17586 17890
21617 21617
20401 20402
42801 42801
48881 48881
8802 8990
4776 4776
30873 30873
19212 19300
9161 9161
8776 8800
3061 3061
7449 7449
5982 6191
25441 25441
44681 44681
13201 13201
38751 38751
2281 2281
22609 22609
7153 7153
37800 37801
751 751
29606 29686
38497 38497
49425 49425
17982 18068
27991 27993
47601 47601
6567 6600
5501 5501
38122 38430
17025 17025
2786 2868
36021 36021
10177 10177
35705 35705
35922 36190
42225 42225
39252 39320
14006 14006
18882 19210
8426 8650
20386 20520
2201 2201
38001 38001
29921 29921
11504 11505
27481 27481
26726 26832
18811 18811
17449 17449
24561 24561
45026 45110
529 529
19840 19984
48961 48962
45201 45201
9697 9697
27165 27165
40041 40041
9833 9833
6297 6297
17922 17980
7234 7308
23962 23996
34405 34405
15076 15081
7461 7461
30180 30181
30473 30473
42172 42400
16097 16097
22657 22657
20087 20208
35205 35205
30546 30930
29341 29341
46981 46981
33505 33505
11978 12106
12137 12137
26345 26345
49641 49641
5398 5506
4310 4394
7234 7308
32873 32873
9481 9481
4018 4204
26999 27001
22994 23056
8529 8529
21881 21881
23981 23981
41281 41281
40780 40900
34700 34923
22026 22077
40273 40273
40468 40724
46318 47048
41249 41251
10942 11164
32610 32883
38930 39120
47361 47361
15547 15547
12354 12606
39546 39650
44721 44721
23281 23281
13408 13704
24811 24811
4273 4273
12337 12337
7021 7021
49245 49245
31121 31121
1641 1641
33601 33601
28738 28930
35857 35857
3137 3137
23297 23297
44274 44560
16009 16947
30001 30001
21517 21517
30042 30152
6812 7176
27201 27201
22754 22784
11301 11301
48325 48326
49390 49522
31275 31276
22321 22321
35417 35417
30001 30001
43607 43648
6701 6701
26501 26502
32225 32225
9761 9761
9657 9804
36740 36854
39751 39751
25681 25681
42663 42663
10281 10281
14624 14881
1121 1121
31478 31569
22534 22717
41441 41441
35461 35461
1477 1477
39164 39250
43256 43258
43521 43522
6567 6660
1081 1081
13201 13201
23561 23561
35441 35441
24017 25952
8170 8340
4481 4481
6765 6810
34330 34476
20399 20403
34721 34721
49365 49365
24481 24481
20522 20544
41761 41761
11751 11751
16080 16081
23766 23950
31220 31476
42771 42771
33985 33985
6812 7176
38001 38001
5882 5954
27501 27501
34385 34385
43361 43361
21513 21513
20566 20566
34561 34561
12930 12946
33665 33666
11841 11841
39490 39650
23841 23841
29713 29713
4681 4681
7465 7465
26838 27000
21334 21642
44497 44497
18882 19210
511 511
16361 16361
29501 29501
10691 10691
5056 5057
21520 21521
35922 36190
8289 8289
12041 12041
16210 16928
42602 42884
32809 32809
12108 12244
13951 13951
27601 27601
36400 36532
22251 22251
9918 9944
13951 13953
4193 4193
30661 30661
24452 24852
15241 15241
7178 7232
21221 21221
10661 10661
38519 38519
32081 32081
25601 25601
49377 49377
44425 44425
4306 4306
48624 48772
8033 8033
36001 36001
24225 24225
48352 48474
10114 10244
6662 6704
29824 29910
25901 25901
49981 49981
22600 22601
13313 13313
14713 14714
41361 41361
33508 33700
5001 5001
161 161
1 1
23197 23197
9021 9021
14482 14575
20386 20520
28866 28867
24114 24160
3313 3313
14121 14121
28001 28002
11851 11851
3601 3601
21051 21051
16015 16947
182 478
28634 28635
44801 44801
3274 3292
27831 27831
10483 10750
5645 5645
6602 6640
3510 3580
15144 15302
18070 18174
35913 35913
34851 34851
42602 42884
21697 21697
40721 40721
38156 38156
22786 22992
40561 40561
10577 10577
30056 30056
9425 9425
49001 49001
49097 49097
26469 26469
39164 39250
22446 22532
33508 33700
30361 30361
42481 42481
11585 11585
19809 19809
29021 29021
10752 10872
30448 30862
46318 47048
10081 10081
3571 3572
38809 38809
7361 7361
4577 4577
14883 14992
36926 36980
41941 41941
16457 16457
37016 37017
15578 15762
2801 2801
48705 48705
46001 46001
41841 41841
39261 39261
20087 20208
37456 37540
23201 23201
35441 35441
15401 15401
45600 45601
24332 24408
39411 39411
33601 33601
8909 8909
36562 36700
49914 49958
36993 36993
43057 43057
38556 38557
37641 37641
480 581
21921 21921
11783 11783
22841 22841
35173 35173
8929 8929
41249 41251
15985 15985
590 590
48501 48501
39322 39466
37752 37905
17001 17001
33077 33077
18452 18664
42887 42887
33508 33700
33296 33506
7234 7415
6001 6001
11978 12106
45821 45821
41524 41673
7041 7041
19841 19841
26879 26881
37000 37001
26838 27000
13408 13704
34929 34929
14873 14873
9791 9791
33336 33337
27348 27465
8881 8881
21281 21281
29252 29374
30864 30930
38517 38517
30001 30001
8426 8664
35144 35144
34981 34981
25321 25321
21712 21713
34651 34651
37162 37298
26901 26901
45464 45618
29121 29121
23007 23056
23540 23764
40292 40392
10382 10436
12017 12017
39826 40033
44321 44321
49897 49897
11166 11235
41492 41516
31478 31534
15961 15961
47200 47201
3553 3553
24065 24065
43221 43221
14221 14221
38751 38751
41195 41196
6209 6209
18769 18770
14624 14750
11121 11121
29199 29199
289 289
48431 48431
26871 26871
19111 19113
47121 47121
12948 13044
16193 16193
49120 49208
48130 48350
26877 26877
23681 23681
19618 19768
5513 5602
39241 39241
32610 32883
19373 19374
40273 40273
24452 24852
8961 8961
24907 24966
21301 21301
15640 15641
30161 30161
15039 15041
14230 14231
16251 16251
43956 44008
1201 1201
38780 39120
44482 44560
25871 25873
37841 37841
44401 44401
26961 26961
27057 27057
7009 7009
43793 43793
27078 27346
13601 13601
48352 48474
39815 39816
15637 15637
7481 7481
39490 39650
27341 27341
2811 2811
40289 40289
25521 25521
36049 36049
47770 47856
2501 2501
11777 11777
25137 25137
38305 38305
16060 16175
4425 4427
39901 39901
46561 46561
35062 35297
40433 40433
34700 34923
12981 12981
18070 18174
7562 7625
42916 42917
10281 10281
38434 38464
26321 26321
27520 27521
43265 43265
29376 29408
36881 36881
4833 4833
6675 6675
28512 28635
48624 48772
21741 21741
29333 29333
34951 34951
18561 18561
31249 31249
19657 19657
22201 22201
20025 20025
3832 3872
13353 13353
4673 4673
15969 16007
34056 39726
45642 45720
3116 3117
10001 10001
19373 19377
31078 31078
46141 46141
35505 35505
26577 26577
34925 35060
39057 39057
2051 2051
20677 20677
4121 4121
13749 13749
40780 40880
18869 18869
1976 1977
43353 43353
42481 42481
5232 5233
40337 40337
26289 26289
43496 43605
2511 2511
11101 11101
22082 22216
16251 16251
46363 46363
18301 18301
38041 38041
18529 18529
19249 19249
1731 1731
5641 5641
42865 42865
39601 39601
24114 24160
46209 46211
40468 40680
7334 7394
20001 20001
5604 5678
23665 23665
3151 3151
15841 15967
45754 45926
21401 21401
33535 33535
47622 47748
19473 19473
34149 34149
42241 42241
46426 46426
2661 2661
28091 28091
18681 18681
33505 33505
33296 33506
31898 32245
1008 1296
6881 6881
30721 30721
3889 3889
7091 7091
32450 32540
13201 13201
25501 25501
4801 4801
9767 9767
48811 48811
37768 37905
24711 24711
28738 28930
34661 34661
26131 26131
10826 10826
31041 31041
13279 13306
45601 45601
5681 5681
11761 11761
30821 30821
45681 45681
23121 23121
16210 16928
26637 26637
15261 15261
32321 32321
18321 18321
36785 36786
1901 1901
14497 14497
42401 42401
12145 12145
48001 48001
22786 22920
22534 22620
35005 35005
11761 11761
7469 7469
34642 34685
21361 21361
30626 30626
12354 12606
40241 40241
41153 41153
43009 43009
25485 25485
49451 49451
28932 29040
11337 11337
20546 20712
31641 31641
32857 32857
42281 42281
17729 17729
37 37
34124 34307
3057 3057
3761 3761
41810 41983
32381 32381
7011 7011
29729 29729
24781 24781
22017 22017
13867 13867
28961 28961
28001 28002
7201 7202
46101 46101
22922 22992
45401 45401
38881 38881
37969 37971
13937 13937
40801 40801
16949 18664
15629 15629
29222 29250
1185 1185
16657 16657
20928 20931
26481 26481
17602 17756
23540 23764
7925 7926
49326 49326
20361 20361
42172 42370
39826 40033
31953 31953
15090 15125
39826 40033
22211 22211
49534 49651
45754 45926
6497 6498
13279 13306
40649 40649
47745 47746
19618 19768
10071 10071
41675 41808
5882 5954
24017 24852
31409 31409
31265 31265
12161 12161
36201 36201
44041 44041
2334 2334
7280 7281
34193 34193
2742 2778
47681 47681
12225 12225
35181 35181
39652 39726
221 221
273 273
480 550
14752 14881
39826 40033
37841 37841
21781 21781
24652 24852
31220 31256
11171 11171
45101 45101
32365 32367
5513 5602
6507 6565
45081 45081
34700 34923
39535 39537
33401 33401
20241 20241
46384 46386
23731 23731
40241 40241
45464 45618
23496 23536
44471 44471
34124 34307
41985 42170
12551 12551
47585 47585
49346 49713
72 180
28416 28417
43496 43605
11978 12106
10483 10804
16585 16585
9041 9041
18865 18866
24801 24801
9537 9537
32633 32634
2751 2751
29338 29374
34273 34273
24191 24193
40376 40376
26081 26081
38083 38083
44762 44920
41810 41983
35891 35891
28881 28881
7627 7704
12108 12244
42001 42001
15801 15801
331 331
23025 23025
20910 21080
14261 14261
39826 40033
36433 36433
46149 46149
29313 29313
33106 33294
35549 35551
1 1
44825 44827
5225 5350
35285 35285
37300 37398
42553 42553
47242 47424
14336 14466
31021 31021
40501 40501
38466 38576
46961 46961
40961 40961
45635 45635
28343 28346
10801 10801
16865 16865
36945 36945
45137 45137
30329 30329
35041 35041
16949 17074
1277 1277
717 717
21249 21249
13308 13406
8595 8596
13345 13345
1 1
48875 48875
38301 38430
41497 41497
46542 47048
44353 44353
47622 47748
47622 47748
15767 15767
20001 20001
4411 4411
21394 21642
48319 48321
28676 28676
45464 45618
31341 31341
38721 38721
32361 32361
24501 24501
13279 13306
45722 45752
34124 34307
14491 14491
38001 38001
33810 34032
26993 26993
19351 19351
17586 17756
14761 14761
6567 6660
14833 14833
15441 15441
37541 37541
34901 34901
21641 21641
45761 45761
10483 10804
3874 3937
40781 40781
46542 47050
39169 39171
35579 35920
11631 11631
12251 12251
25590 25616
18817 18817
26121 26121
5509 5509
41201 41201
29144 29145
956 1006
23345 23345
24577 24577
25601 25601
39123 39123
11184 11185
7597 7597
8381 8381
37281 37282
44457 44457
33991 33991
31898 32245
10001 10001
10001 10001
44457 44457
15058 15125
31478 31569
39826 39950
182 478
42417 42417
25001 25001
23548 23764
1301 1301
18666 18780
14277 14277
13513 13513
14501 14501
38825 38825
12721 12721
9897 9897
16210 16928
14553 14553
28987 28988
48776 48777
46220 46221
25778 25818
46542 47050
46218 46316
33376 33377
37901 37901
10241 10241
47622 47748
40151 40151
15841 15967
20951 20951
38695 38697
6370 6495
23619 23621
34993 34993
25281 25281
36553 36553
5956 5976
42077 42077
24221 24221
34689 34689
2780 2781
6181 6181
23171 23171
480 668
6481 6481
17456 17584
9286 9340
27000 27001
2177 2177
43749 43751
12641 12642
46735 46735
13308 13406
5092 5118
28901 28901
12930 13092
45737 45737
27012 27076
37061 37061
30864 30930
39881 39881
12948 13044
35443 35558
26301 26488
33453 33453
37665 37665
43858 43930
37377 37377
40212 40392
1401 1401
37105 37105
14752 14881
7178 7704
30785 30786
17982 18068
22786 22992
18204 18312
26726 27465
49402 49522
3451 3451
21033 21033
20050 20085
48921 48921
20489 20489
11111 11111
37300 37360
24440 24441
46801 46801
48889 48890
47758 47758
15281 15281
45473 45473
46001 46001
24641 24641
182 478
29912 30000
37907 38114
38122 38299
12401 12401
32002 32245
32545 32545
9201 9201
30401 30401
2611 2611
41413 41413
20281 20281
46849 46849
17153 17153
37465 37466
13094 13144
5711 5711
36721 36721
7289 7289
23921 23921
17169 17169
29513 29513
7001 7001
21001 21001
1891 1891
29688 29822
14336 14466
38780 39120
13073 13074
21401 21401
9713 9713
30264 30265
37126 37126
9493 9493
15921 15921
23391 23490
26801 26801
13681 13681
41124 41268
18927 19210
26291 26291
43315 43363
47957 48070
42825 42825
20087 20208
8621 8621
42681 42681
47242 47356
1829 1831
21585 21585
41977 41977
49 49
7482 7704
29201 29201
8001 8001
20561 20561
33810 34054
8273 8273
41985 42170
17758 17980
5225 5350
21863 21960
34401 34401
40801 40801
24801 24801
27580 27602
4969 4969
21861 21861
5398 5506
19488 20085
15304 15420
34321 34321
19431 19431
24241 24241
34548 34685
30465 30465
24860 24905
6701 6701
48361 48361
12161 12161
27295 27295
31501 31501
44386 44600
17575 17575
34700 34923
11105 11105
42255 42257
25151 25151
12651 12651
17249 17249
37101 37101
23169 23169
40921 40921
3302 3344
11561 11561
20080 20081
47475 47475
23551 23551
3008 3272
18927 19210
30752 30812
37907 38114
11141 11141
46601 46601
41505 41505
24332 24450
31600 31601
22600 22601
23429 23429
41524 41673
38519 38519
20033 20033
14052 14079
42193 42193
41378 41450
40945 40945
22786 22992
28351 28353
21617 21617
376 376
7235 7236
24849 24849
9665 9665
3451 3580
3921 3921
22001 22001
30371 30440
11876 11976
27938 27988
10737 10737
39361 39361
13888 14050
44297 44297
18261 18261
17500 17501
17961 17961
27259 27259
27921 27921
48121 48121
27201 27201
21394 21642
19481 19481
49141 49141
8795 8795
15521 15521
39969 39969
44701 44701
16242 16928
21201 21202
35062 35297
36625 36625
24769 24769
13341 13341
14161 14162
33508 33700
5732 5773
27081 27081
40653 40653
37081 37081
42751 42751
141 141
8104 8158
32481 32481
11680 11720
43141 43141
182 478
33531 33531
37681 37681
38432 38576
18927 19210
2581 2581
43433 43433
48349 48349
33841 33841
4541 4825
17297 17297
38737 38737
12354 12606
6812 7176
35129 35129
20785 20785
32672 32883
36177 36177
45281 45281
37074 37298
23401 23401
15901 15901
23001 23002
3553 3553
9969 9969
32641 32641
42064 42080
231 231
24231 24231
24161 24161
31771 31771
46542 46808
38981 38981
32129 32131
16345 16345
49501 49502
40097 40099
45601 45601
30801 30801
36545 36545
48936 49118
45431 45431
40811 40811
13024 13025
49534 49696
704 954
28735 28735
4018 4204
27881 27881
37722 37750
15585 15585
6812 7176
31521 31522
42463 42465
33301 33303
25841 25841
12011 12011
9930 10048
38421 38421
8273 8340
44561 44561
38951 38951
22786 22992
31433 31433
42431 42432
19817 19817
20386 20520
9961 9961
22001 22001
30571 30571
3725 3725
47880 47932
19761 19761
44001 44001
42129 42129
42639 42639
42841 42841
47511 47511
5132 5223
34276 34276
7791 7791
6567 6704
49451 49451
12743 12872
48164 48442
5132 5223
1761 1761
44201 44201
34001 34001
37893 37893
16381 16381
9422 9440
13481 13481
30056 30057
19986 20048
6833 6833
480 581
48320 48321
4971 4971
20161 20161
36001 36001
47689 47689
31718 31775
2581 2581
16242 16904
1156 1296
32505 32505
49421 49421
31258 31436
46810 47050
14901 14901
37889 37889
19243 19243
48881 48881
22501 22501
5361 5361
17001 17001
45754 48768
25921 25921
1953 1953
11881 11881
2870 2871
5035 5035
24501 24501
35553 35553
25201 25201
16653 16654
2061 2061
30617 30617
26361 26361
31929 31929
21698 22532
42172 42370
29688 29822
22897 22897
38432 38576
19697 19698
19840 19984
28161 28161
8776 9120
48641 48642
41041 41041
19331 19331
11143 11145
43461 43461
42531 42531
21673 21676
36071 36071
45281 45281
42401 42401
25233 25233
18204 18312
23250 23389
43873 43873
5865 5865
101 101
28881 28881
38335 38338
16961 16961
2106 2191
1819 1819
21489 21489
48393 48393
14956 14957
18521 18521
21101 21101
7601 7601
24968 25112
34571 34571
7082 7176
27025 27025
16568 16573
24114 24312
10065 10066
48001 48001
17758 17980
5401 5401
32073 32073
8751 8751
23793 23793
40481 40481
30369 30369
2949 2949
2417 2417
29084 29170
28761 28761
30501 30501
8104 8158
2401 2401
1000 1001
10589 10589
34181 34181
28932 29068
27741 27741
13810 13886
30161 30161
25505 25506
13024 13025
41524 41673
4625 4625
39601 39601
36301 36301
26201 26201
6009 6009
22101 22103
3853 3853
23777 23777
14865 14865
1505 1506
17500 17584
40640 40641
20080 20081
41202 41268
4201 4201
24369 24369
38597 38597
19273 19360
15453 15453
47098 47356
17967 17967
38626 38778
7665 7667
13783 13805
43121 43121
29481 29481
47201 47201
46755 46755
39382 39466
16251 16251
18096 18097
16741 16741
36400 36504
16181 16181
40471 40471
19618 19768
34225 34225
10241 10241
48961 48962
9001 9001
14154 14188
29385 29386
15464 15576
27201 27201
46401 46401
38626 38778
40961 40961
25872 25873
8481 8481
13105 13105
21201 21202
45336 45336
28153 28153
3008 3272
37722 37750
43641 43641
25641 25641
1681 1681
48624 48712
3121 3121
11681 11682
29361 29362
45411 45411
10817 10817
34241 34241
42221 42221
33473 33473
10225 10225
8732 8774
16822 16904
48481 48481
5882 5954
48476 48622
31852 32384
35233 35233
7706 8015
1721 1721
31725 31725
6193 6368
31898 32245
31217 31218
48476 48622
18429 18429
8342 8424
22726 22726
25741 25741
16242 16416
47393 47393
25174 25398
7313 7313
118 180
20065 20065
3781 3781
28298 28477
28057 28057
3832 3872
22501 22501
21729 21806
23501 23501
15457 15457
28401 28401
44609 44609
40468 40680
5680 5730
42601 42601
5001 5001
8776 9120
31585 31585
5986 6191
3176 3176
16435 16437
27478 27578
8801 8801
20254 20384
24968 25149
33361 33361
17411 17411
16401 16401
8061 8061
37456 37700
5361 5361
27505 27505
32981 32981
14126 14126
37663 37663
13841 13841
13297 13297
46071 46071
46810 47050
32505 32505
13046 13092
4000 4001
1 1
1 24
19809 19809
17281 17454
40065 40065
17751 17751
13001 13001
26721 26721
24661 24661
9351 9351
33478 33776
49907 49907
47606 47606
33296 33424
17273 17273
45126 45127
12785 12785
40780 40912
25761 25762
14255 14255
4721 4721
24229 24229
15658 15762
5751 5751
44714 44920
18126 18126
9442 9548
6416 6417
13441 13441
27626 27627
44881 44881
3008 3272
18601 18601
907 907
2106 2191
16281 16281
49681 49681
26951 26951
42538 42996
30041 30041
43736 43848
39993 39993
22615 22617
14786 14786
28065 28066
35314 35368
32505 32505
38049 38051
14468 14556
704 954
6193 6193
45501 45501
42881 42881
18753 18754
36871 36871
49601 49601
8221 8221
45081 45081
28738 28930
22261 22261
5157 5157
31617 31617
39729 39729
39683 39683
48625 48625
3939 9928
42538 42996
40601 40602
40468 40680
11701 11701
13530 13704
24001 24001
13825 13825
1434 1728
22731 22731
31 33
42681 42681
19681 19681
49361 49361
45825 45825
34468 34469
31258 31436
6593 6593
25585 25585
48621 48621
31209 31209
4621 4621
8776 9120
6621 6621
2491 2491
18849 18849
9146 9240
41191 41191
7169 7169
34056 34092
10001 10001
8426 8664
24261 24261
3121 3121
37456 37700
25266 25398
34937 34937
30733 30733
12529 12529
30141 30141
10891 10891
27580 27602
18853 18853
37300 37390
19537 19538
40275 40275
49189 49189
45345 45345
17758 17790
11121 11121
49889 49891
15941 15941
13921 13921
30977 31156
6161 6161
36841 36841
11629 11633
30611 30611
10087 10087
17811 17811
44 180
29251 29251
43365 43494
11233 11233
15233 15233
37071 37071
28881 28881
32353 32353
10461 10461
31501 31501
46391 46391
27348 27465
10961 10961
23857 23858
9633 9633
48801 48801
7649 7649
12768 12769
24001 24001
8732 8774
38910 38911
1333 1333
36921 36923
587 668
26838 26970
1251 1251
1041 1041
34776 34777
2985 2986
22905 22905
6597 6597
3405 3405
47751 47751
42538 42996
47970 48070
40418 40466
42641 42641
13888 14050
11760 11790
12721 12721
8661 8661
38865 38865
39601 39601
25186 25312
37645 37645
16060 16175
34001 34001
37300 37390
48782 48851
30632 30812
22149 22149
4721 4721
