46490 50000
33778 46488
9083 19330
19332 30520
1 7270
2754 7270
9083 15560
32257 33776
3402 7270
33962 35888
42170 45640
22367 30200
30202 30520
3402 7270
17490 19330
12370 15560
24659 30200
17490 19330
17490 19330
17490 19330
9083 12368
3402 7270
46490 50000
15562 17300
9083 11000
11002 12368
13627 15440
39954 40665
42338 44984
42338 44660
638 2048
3730 5600
3730 5600
30202 30520
22367 24152
690 2048
44986 45200
16227 17300
26770 29878
42338 43990
30202 30520
48979 50000
6412 7270
37434 38440
20110 21248
15562 16005
28190 29801
38442 39560
33474 33776
45452 45640
33778 33880
35002 35850
27468 28188
6321 6321
17490 19330
36618 37432
13072 13472
46140 46488
27468 27632
35162 35850
7110 7270
32702 33284
12866 13070
22367 23350
3730 5600
38442 39560
7446 8350
42338 43712
32002 32255
35162 35850
13072 13472
25530 26768
33474 33776
3730 5600
6138 6720
47677 48128
5602 6136
23812 24152
42442 43132
35890 36570
31146 31386
41552 42168
14930 15440
17490 18876
48130 48950
43134 43712
11002 11584
31016 31144
44242 44660
48130 48950
48130 48950
1 96
37438 38440
18501 18501
41552 42168
10450 11000
9377 9572
6722 6952
8494 8804
24702 25528
3957 4590
28488 28760
13072 13160
47677 48128
9574 10400
47244 47408
28527 28760
49477 49720
46730 46952
48130 48950
690 1222
17490 18757
33474 33776
16227 16500
6412 6952
43402 43712
21250 21584
40917 41120
13228 13428
43134 43192
44380 44660
32257 32510
26801 26801
37902 38440
16706 16924
3957 4590
8498 8804
35282 35700
48130 48950
49242 49475
16417 16500
30837 31014
31630 32255
9282 9375
10450 11000
14948 15364
27334 27466
20973 21248
20806 20971
49778 50000
43402 43712
38567 38775
49477 49720
29057 29801
15366 15440
12594 12864
34150 34260
42610 43024
5915 6000
32257 32510
46730 46952
47244 47348
47350 47408
4592 4892
31016 31144
3138 3290
16502 16704
10450 10624
23642 23810
21250 21552
47410 47448
29962 30180
27642 28048
6501 6501
29057 29801
26601 26601
6034 6136
48130 48750
23210 23330
30202 30520
10322 11944
34150 34260
12594 12864
4952 5528
27642 28048
29130 29801
7272 7352
36802 37432
22095 22198
46562 46700
8382 8492
11586 11800
47677 48128
36802 37432
7874 8350
41452 41550
47350 47408
7476 7744
15786 15858
28772 29000
36618 36800
13627 13740
2002 2048
40173 40462
10322 10448
402 578
44188 44230
41714 42168
35314 35700
11946 12096
21250 21552
26770 26928
18878 19060
17086 17240
40917 41088
27642 28000
12370 12464
46954 47068
33286 33425
46250 46488
98 352
44242 44336
17612 17800
12370 12464
33174 33284
14413 14510
2652 2744
38777 39016
17490 17610
402 578
28772 29000
37601 37601
45312 45450
580 636
33474 33536
41217 41450
28050 28280
8826 9016
4434 4556
14562 14672
44380 44660
39254 39560
22209 22209
47450 47539
39790 39934
11818 11908
30442 30520
707 800
10450 10624
44188 44230
29130 29740
45168 45310
28772 28963
3292 3592
16926 16952
47677 48128
45030 45140
6840 6952
41122 41144
4083 4400
580 636
48130 48320
14562 14672
2754 3136
36802 37432
12466 12864
4001 4001
12102 12188
31418 31472
46877 46952
28282 28464
11946 12100
44692 44984
354 400
3292 3592
18485 18757
11002 11200
4592 4738
30161 30161
6321 6321
28001 28001
44380 44560
36802 37432
43194 43396
33962 34056
22042 22088
9574 10080
32711 45920
12466 12864
2242 2300
21601 21601
43992 44044
25690 25774
12102 12188
30546 30656
36802 37432
23210 23330
45570 45640
1450 1660
22890 22936
1565 1565
34377 34592
21970 22040
35572 35850
34061 34061
22890 22936
21646 21712
19332 19440
12466 12864
24312 24352
2830 3020
16417 16500
6801 6801
46544 46640
11586 11800
46174 46240
17612 17800
16417 16500
38763 38766
41002 41088
19214 19330
30267 30400
2830 3020
48502 48750
9362 22210
860 1004
27077 27284
18172 18376
37902 38010
2352 2650
46097 46097
47677 47968
10481 10481
43992 44044
24154 24264
22367 22560
15768 15784
18801 18801
32938 32944
29761 29761
580 636
14718 14760
29057 29128
8174 8350
39790 39934
8462 8492
41972 42144
31146 31386
22337 22337
10322 10448
8646 8804
49084 49125
16050 16064
27468 27600
30202 30265
18882 19060
35150 35312
12370 12464
24802 25024
47297 47297
47001 47001
36676 37250
35082 35148
30522 30544
18485 18757
28226 28280
31146 31354
16954 17270
7489 7489
16162 16225
44046 44152
28965 29000
38012 38108
47677 47968
41354 41450
35314 35494
5182 5351
36202 36355
31482 31535
47244 47320
17242 17270
28001 28001
7476 7684
11216 11396
30124 30200
17934 18170
37309 37432
26380 26560
98 258
32050 32255
6840 6952
40260 40462
39254 39505
28926 28963
23362 23400
5915 5941
20801 20801
10082 10230
8382 8460
16417 16498
20042 20108
4952 5000
35314 35494
2754 3020
33441 33441
24802 25024
48801 48801
18770 18876
1 258
39172 39243
4434 4556
48322 48488
14302 14411
14774 14834
6566 6612
38629 38761
48490 48500
11882 11908
16337 16415
2352 2571
27642 27870
32721 32721
5182 5351
8494 8552
21054 21152
1314 1380
25776 25832
7476 7562
44232 44368
33041 33041
24802 25104
8034 8172
3346 3592
32050 32250
23843 23880
37993 37993
19287 19330
98 200
41002 41088
48242 48320
42536 42600
44188 44230
38110 38364
994 1004
1694 1797
12102 12188
1314 1380
580 618
36158 36240
10456 10624
33570 33648
1922 2140
23070 23208
41146 41215
5265 5265
48242 48320
14558 14716
3242 3250
30546 30656
21154 21248
5432 5528
42374 42534
13342 13428
9202 9360
34849 34849
16706 16726
9574 9900
12498 12672
29057 29514
18610 18757
30837 30900
49709 49738
19782 19928
37309 37428
29342 29512
15562 15730
14164 14212
16954 17084
12674 12800
48522 48582
2001 2001
47677 47812
39507 39560
1836 1920
41241 41241
45030 45112
28004 28048
6091 6091
25042 25104
2252 2300
21154 21216
6882 6952
42641 42641
37438 37540
26202 26265
2754 3020
31442 31453
39936 40070
15366 15424
98 200
22794 22888
36682 37221
40121 40144
36050 36104
21714 21875
38768 38775
42338 42372
28926 28963
12919 13010
28376 28376
26287 26372
23554 23614
8641 8641
22367 22512
24462 24540
24462 24540
30014 30058
11442 11504
38530 38565
44396 44464
6678 6778
41777 41913
36682 37221
29618 29740
45601 45601
37309 37428
8662 8663
26287 26372
12102 12188
8782 8804
23051 23051
8096 8172
48322 48488
32986 33060
26738 27180
34932 34956
33174 33207
22242 22319
17086 17240
28578 28625
11818 11840
19062 19200
29258 29296
17666 17800
5442 5528
46250 46352
39441 39441
9482 9572
34638 34769
9282 9328
5054 5180
15761 15761
29022 29055
42536 42600
42162 42168
4434 4520
34251 34251
28658 28750
36682 37120
48242 48285
26812 27000
3138 3180
45570 45640
46250 46352
44046 44088
3368 3630
24659 24700
13251 13251
47814 47968
1382 1396
46140 46172
17007 17070
977 1004
43069 44044
19062 19212
29803 29870
14842 14890
29618 29696
8174 8200
42731 42731
49778 49804
32451 32451
3957 3968
23482 23552
24851 24851
12866 12904
10262 10300
21877 21947
41354 41450
39507 39560
7354 7364
38162 38364
40173 40240
22794 23350
12498 12639
44466 44635
47602 47648
21714 21875
16337 16415
4612 4640
12501 12501
38777 38896
1799 2152
12674 12864
18082 18170
48952 48977
44232 44368
29880 29950
98 200
4658 4736
34262 34375
32782 32931
14938 14946
13061 13160
10050 10230
4102 4432
40402 40462
7062 7140
23294 23350
34820 34930
24292 24310
43374 43940
13228 13340
36242 36355
49127 49180
12324 12432
31630 31742
46966 46988
4977 4977
13430 13460
42536 42608
11514 11563
34442 34592
26082 26180
44637 44660
4202 4432
1178 1222
18442 18483
37410 38080
44482 44635
8382 8460
8961 8961
3862 3920
15098 15264
1314 1380
11313 11313
39936 40040
12001 12001
15562 15730
22641 22641
47842 47968
9644 9928
42961 42961
7842 7968
37777 37777
31016 31066
26812 27000
1922 2000
24562 24632
32986 33040
16001 16001
8130 8172
707 717
29746 29801
41552 41640
45168 45280
36081 36081
47762 47812
34642 34769
10562 10624
26812 27000
98 176
11022 11378
32211 32250
8964 9016
20301 20301
18882 19060
3022 3096
31935 31940
372 464
43862 43940
45142 45157
10753 10783
24818 24974
1490 1636
21066 21152
35202 35415
5943 5966
13839 13872
3862 3920
14059 14110
23362 23440
18770 18876
46442 46467
32782 32931
42610 42672
10497 10497
37329 37329
30912 30960
32081 32081
16401 16401
1398 1444
37981 37981
49662 49697
39432 39505
2026 2140
44232 44320
35202 35415
34150 34200
17601 17601
16630 16704
47170 47230
10262 10300
2754 2820
25205 25205
11514 11563
5354 5808
2352 2448
36357 36400
16191 16191
26601 26601
42674 42700
12286 12430
40738 40804
43281 43281
3138 3176
9682 9784
11742 11781
10122 10230
34442 34520
49477 49540
44190 44230
19070 19108
44852 44920
25834 25932
28050 28148
3361 3361
48130 48240
9156 9360
25001 25001
34642 34746
18770 18876
36050 36104
19962 20040
45074 45112
3801 3801
30662 30792
38382 38402
39441 39441
30881 30881
33122 33154
11102 11210
16873 16888
49182 49232
31165 31240
38952 38980
23812 23840
48522 48582
43134 43192
13441 13441
49650 49660
16962 17000
45712 45800
2450 2571
37542 37622
35922 35943
31165 31240
40810 40890
38567 38615
37874 38010
15918 16005
41146 41215
39134 39160
37682 37700
20110 20144
34001 34001
34262 34365
1926 2152
4083 4100
49001 49001
29298 29308
3634 3685
16812 16871
42220 42284
6622 6676
25578 25660
8782 8804
37646 37668
32151 32151
33677 33733
28381 28484
27026 27134
25690 25752
28154 28192
48522 48582
15786 15858
14302 14349
30274 30320
23096 23208
19201 19201
27761 27761
28194 28224
19962 19985
2450 2571
19110 19285
9970 10048
9482 9540
6177 6177
9458 9460
11380 11563
37438 37540
42761 42761
40738 40804
38678 38752
44702 44794
20614 20716
2866 3020
2866 3020
18514 18528
47170 47216
20257 20296
31612 31628
2450 2571
8964 9016
17201 17201
26321 26321
31942 32000
12919 13000
19794 19928
45872 45920
15761 15761
39700 39788
1427 1427
44081 44081
43714 43826
15341 15341
2754 2820
30902 31144
14446 14510
19938 19960
13186 13226
38567 38590
9381 9381
23210 23292
14441 14441
38157 38240
18610 18757
21761 21761
44300 44683
10681 10681
5882 5913
47842 47968
28761 28761
19492 19518
40201 40240
36202 36240
8096 8128
24818 24880
32834 32931
1001 1001
19657 19714
9682 9834
20162 20255
14558 14772
19283 19283
44796 44801
44002 44044
24180 24264
10732 10744
49610 49636
2277 2300
30274 30320
42508 42866
35243 35415
3938 4644
13186 13226
37842 37872
46969 46969
13186 13226
14059 14110
8964 9016
15860 15872
4806 4844
30014 30058
29266 29296
9644 9680
35502 35532
42643 42672
45286 45450
34001 34001
41557 41640
2 70
11050 11068
38777 38824
23450 23479
42417 42417
27286 27375
19133 19133
36689 36689
29342 29512
33441 33441
31548 32266
23378 23400
21322 21355
3553 3553
22242 22272
44117 44152
25193 25193
28786 28924
13061 13428
39122 39200
39286 39430
25202 25241
9105 9105
44986 45028
42536 42552
24034 24055
5782 5808
3476 3500
34692 34746
32051 32051
37042 37065
39481 39481
24034 24055
8901 8901
12674 12697
21054 21094
43731 43731
12001 12001
12730 12750
47601 47601
39041 39041
20870 20944
25578 25680
4690 4789
16728 16790
22394 22560
11774 11875
30267 30332
11419 11440
9836 9904
21752 21952
45953 45953
1246 1288
3185 3185
34932 34950
11742 11750
16926 17884
43862 43920
1490 1628
32143 32209
46140 46153
42142 42144
29345 29345
46130 47068
26021 26021
34367 34375
98 136
43134 43192
16962 17005
33552 33578
4894 4912
4125 4200
17612 17640
2833 2833
41915 41952
2145 2145
8562 8595
34262 34365
9201 9201
14746 14760
5001 5001
49960 49982
19406 19518
41289 41289
4527 4556
39914 39934
32630 32668
34771 34818
1490 1628
27047 27047
8284 8370
18794 18876
10302 10320
457 500
38984 39016
1450 1488
12561 12561
28881 28881
29801 29801
29342 29512
48097 48250
48961 48961
24818 24940
5746 5746
29618 29654
21218 21236
42065 42120
16337 16366
7412 7444
10911 10911
23891 23928
35092 35130
38952 47675
49662 49697
26920 27024
27642 27658
28050 28100
12919 13059
22242 22272
39162 39170
16586 16628
41901 41901
12501 12501
5082 5180
24659 24814
2866 3020
28122 28148
6786 6808
38462 38502
10732 10783
13634 13708
9682 9834
543 562
7970 7988
39790 39855
17896 17932
17282 17500
6678 6772
47338 47348
17102 17128
9761 9761
43270 43372
24818 24880
36202 36320
26812 26918
23752 23810
1650 1660
31809 31876
34161 34161
33387 33425
33454 33536
48753 48753
9970 10048
34881 34881
24214 24224
37309 37362
28754 28784
2822 2856
32451 32451
24601 24601
17346 17370
18530 18585
26402 26560
2026 2100
34522 34536
48870 48896
17681 17681
19182 19212
32177 32177
42220 42284
25482 25528
40042 40066
30087 30096
13550 13570
12721 12721
24993 24993
15894 15916
41921 41921
37452 37540
27932 27960
44337 44337
29241 29241
32501 32501
30074 30660
16182 16225
20986 21052
17534 17592
41557 41644
19602 19655
37734 37796
17141 17240
19716 19776
19406 19430
34001 34001
19361 19361
29606 29654
16801 16801
45159 45166
45841 45841
31041 31041
30161 30161
32540 32560
12384 12430
3025 3026
4083 4100
28786 28880
2450 2571
10378 10448
20850 20868
36106 36132
580 618
32952 32984
37842 37872
10904 10987
47677 47984
43270 43372
20386 20492
23574 23597
33849 33849
46490 46534
42211 42211
13451 13451
35243 35415
33701 33701
11602 11614
42201 42201
26562 26629
40464 40520
9083 9108
17141 17240
22513 22513
1 1
13641 13641
40001 40001
8089 8089
30014 30058
9157 9200
16812 16865
21169 21169
32268 32278
39562 39575
45761 45761
12721 12721
20354 20372
45057 45057
31252 31272
23616 23651
7993 7994
32050 32120
31550 31552
30620 30640
38545 38545
48000 48001
580 618
12384 12430
11198 11210
14214 14275
8646 8712
14214 14275
13474 13500
3601 3601
12561 12561
48321 48321
21441 21441
37819 37825
29641 29641
3121 3121
41513 41513
34072 34100
29952 29960
32721 32721
46688 46852
48303 48400
34801 34801
1638 1732
21658 21706
37940 38008
19121 19121
27767 27788
39441 39441
6777 6784
30222 30260
28442 28484
22137 22137
2638 2664
49127 49152
16417 16454
27490 27590
26202 26228
29962 30000
18240 18300
47414 47523
2002 2016
49242 49355
11922 11930
49602 49770
30350 30388
14166 14180
28965 29020
39172 39243
17601 17601
1481 1481
14978 14992
11726 11740
46560 46656
26812 26918
457 500
11452 11512
30146 30178
13309 13309
561 561
44966 44984
25192 25200
1926 2030
4578 4596
25521 25521
42036 42044
35658 35680
15552 15625
34102 34148
22075 22093
30994 31014
24722 24750
26721 26722
46849 46851
43398 43420
21297 21297
35746 36825
2370 2416
17802 17830
1836 1856
47877 47877
32801 32801
30529 30530
34538 34572
22662 22720
402 455
19558 19571
15561 15561
7842 7850
1894 1920
10962 10987
34446 34510
20386 20448
40602 40656
14994 15070
15167 15240
9754 9834
46658 46686
29429 29429
17346 17370
9852 9888
15929 15929
36914 37006
14446 14556
39821 39821
28189 28189
41282 41290
11742 11750
18587 18608
14059 14080
22494 22552
4521 4521
12033 12033
5484 5528
15602 15625
41292 41450
16576 16576
39936 40016
45051 45051
11752 11772
19110 19180
6867 6896
29902 29916
17666 17685
46065 46066
20494 20556
16368 16415
26251 26251
18686 18700
13802 13837
17687 17710
48138 48216
43784 43826
41086 41088
33298 33358
29130 29200
13505 13519
8321 8321
45170 45248
45051 45051
4690 4736
15167 15200
15552 15600
22081 22081
37008 37040
20001 20001
9097 9097
9377 9450
38547 38565
342 370
42046 42060
3368 3400
17072 17084
48138 48216
19341 19341
4401 4401
16077 16160
39306 39408
29434 29512
25122 25304
16364 16366
11216 11280
6801 6801
10902 11020
47006 47055
32602 32628
3702 3720
35001 35001
33662 33733
29057 29223
49798 50000
7228 11196
26719 26719
36751 36751
40448 40462
23682 23716
28004 28048
33472 33473
34338 34365
12609 12609
30082 30122
34001 34001
13122 13166
49561 49561
38404 38434
13561 13561
10050 10120
43082 43128
23602 23651
32902 32931
31177 31272
9574 9680
5216 5312
15342 15370
25262 25286
12098 12186
39700 39740
31873 31873
12098 12186
34262 34336
23352 23400
14842 14890
23891 23928
31641 31641
48218 48250
24998 25024
30498 30530
25482 25504
38898 38950
37102 37120
20900 20928
36618 36674
44866 44920
25776 25808
14674 14700
45074 45140
36801 36801
44232 44298
31177 31272
18794 18876
31151 31151
43407 43407
12098 12186
43363 43363
22890 22990
34692 34746
1290 1348
29042 29055
27962 28002
22251 22251
34781 34781
41801 41801
2189 2224
31821 31821
49740 49760
37830 37840
17272 17710
1586 1628
35722 35744
34574 34592
29281 29281
26190 26200
81 81
21970 22073
45490 45500
8646 8712
290 340
49477 49504
26021 26071
6840 6856
7318 7328
18794 18864
44662 44683
41501 41501
10904 10928
15860 15872
37522 37540
24180 24264
7811 7840
27841 27841
46966 46988
34102 34148
43760 43780
28606 28624
10390 10800
22593 22593
21498 21616
48522 48548
43625 43625
13802 13810
46004 46032
1734 1760
29215 29223
27676 27694
22494 22552
5682 5775
20806 20830
48246 48246
36401 36401
32241 32241
707 716
402 455
26682 26688
38567 38590
35081 35081
7956 7968
1027 1060
32849 32896
37309 37350
38110 38155
47277 47282
1586 1628
25577 25577
48402 48480
17249 17249
14446 14500
14302 14349
31945 31945
10278 10304
26251 26251
15521 15521
37542 37622
34127 34148
24451 24451
35001 35001
8321 8321
38082 38093
21554 21616
8364 8370
11070 11196
30301 30301
16812 16850
14446 14500
34538 35532
40929 40929
21682 21706
36801 36801
24001 24001
41801 41801
33994 34040
19002 19044
34748 34756
41362 41450
46561 46561
36502 36616
35161 35184
16673 16704
40448 40462
36466 36500
32123 32141
46560 46656
5489 5490
29701 29701
10422 10448
6510 6536
18021 18021
32812 32820
35874 36423
17141 17178
1027 1060
17896 17920
10204 10230
48490 48512
6412 6424
32280 32333
8479 8492
43301 43301
5569 5592
16641 16641
24266 24290
4465 4465
39410 39430
49806 49842
22562 22720
23551 23551
13839 13872
48351 48351
30662 30680
26305 26305
33622 33660
16586 16628
44803 44844
48550 48588
3476 3500
18794 18864
34594 34618
33282 33284
22032 22048
719 800
21761 21761
31562 31568
18302 18355
14948 14964
39020 39062
5225 5225
5021 5043
47361 47361
9452 9460
4138 4148
45805 45808
22193 22193
40401 40401
3879 3936
46314 46345
7086 7226
29761 29761
42536 42552
32166 32209
18794 18864
29718 29736
13122 13166
27334 27348
44035 44044
9970 10048
20210 20232
24327 24350
3201 3201
14993 14993
26001 26001
7201 7201
12098 12186
41362 41450
14978 15020
47249 47249
361 361
41921 41921
43973 43974
9970 10048
27901 27901
18561 18561
29670 29680
15317 15340
22286 22319
36974 37004
30074 30180
47758 47858
11901 11901
20570 20588
12534 12600
9786 9834
10575 10624
41501 41501
25553 25553
29962 29992
12699 12728
38366 38376
17534 17550
35496 35532
5746 5746
41130 41170
8034 8094
1070 1080
1633 1633
22242 22272
30498 30530
47841 47841
14774 14931
20986 21052
28972 29020
23616 23651
1146 1156
33938 33944
11690 11740
29122 29223
7633 7633
44522 44560
47814 47824
19938 19968
41827 41900
252 275
14378 14411
33021 33021
17764 17805
15281 15281
42579 42579
35496 35532
31908 31933
49806 49842
26920 27160
23682 24588
23745 23746
25306 25313
5777 5800
19620 19655
25944 25969
24497 24540
35201 35201
34 40
44041 44041
49061 49061
3030 3096
25262 25286
46004 46128
20400 20401
5484 5508
13021 13021
39001 39001
46561 46561
38271 38271
13266 13280
20498 21282
22101 22101
24660 24696
47921 47921
25441 25441
2824 2864
14721 14721
17530 17532
17905 17905
27696 27760
13345 13380
34522 34536
3921 3921
13578 13610
32081 32081
14601 14601
4752 4780
37681 37681
10881 10881
43530 43600
22881 22881
33146 33192
27350 27375
4962 5018
1560 1584
32801 32801
19558 19571
34538 42587
12098 12184
36161 36161
25205 25241
9182 9253
12190 12200
11298 11344
30682 30695
29994 30012
30821 30821
44232 44298
12730 12750
18270 18300
36581 36581
44881 44881
44922 44964
33454 33512
6398 6410
2418 2448
37042 37065
9665 9665
23518 23651
44441 44441
17502 17520
31489 31489
49357 49362
34001 34001
8719 8752
24377 24408
10041 10041
27581 27581
38200 38266
6678 6736
36001 36001
44641 44641
32465 32466
3361 3361
45159 45166
30001 30001
10123 10123
21954 22073
6510 6536
9241 9241
11142 11169
2754 2800
29057 29080
37089 37089
48734 48755
5969 6016
41519 41550
641 641
14481 14481
18018 18035
26496 26528
40848 40890
43530 43605
4846 4864
44435 44435
6626 6676
13906 13945
21114 21180
21195 21204
6242 6280
15681 15681
28050 28120
31461 31461
13462 13540
47541 47675
3442 3630
21634 21706
10402 10420
37746 37796
39064 39104
42170 42208
42626 42641
39937 39937
881 881
34662 34687
4314 4355
49853 49860
36357 36384
31558 31560
22201 22201
46673 46673
2277 2330
31489 31489
4806 4844
25477 25504
31809 31893
17372 17426
4621 4621
8850 8900
1785 1785
23777 23777
13202 13226
6442 6508
45642 45688
19818 19928
24757 24757
12501 12501
36914 36960
12145 12145
45256 45260
45401 45401
8964 8994
42762 42792
4752 4780
10682 10682
22253 22253
32341 32341
4938 4950
34826 34826
3030 3096
30482 30640
8193 8193
30371 30371
47301 47301
17992 18032
35885 35885
39041 39041
41102 41112
45602 45626
26562 26594
14001 14001
502 529
41201 41201
39929 39929
37046 37046
11090 11140
5886 5886
3197 3197
25641 25641
17196 17240
40738 40800
24851 24851
20015 20015
32711 32944
11388 11442
32849 32900
12699 12710
49167 49240
38273 38273
9272 9375
6152 6170
43511 43511
25944 25969
49450 49770
31321 31321
14608 14610
1638 1732
29880 30012
46200 46201
13981 14020
3800 3801
3217 3217
26118 26140
12286 12322
19074 19088
1746 1764
28230 28310
36392 36400
37254 37362
10152 10200
38202 38250
34121 34121
2450 2571
8289 8289
3144 3152
11658 11685
49137 49137
9601 9601
9267 9267
26221 26221
20370 20416
6428 6536
4641 4641
15746 15764
44446 44462
17847 17884
46557 46558
31809 31876
43585 43585
43751 43751
6613 6613
34952 34992
222 234
28394 28416
31753 31753
13361 13361
2824 2864
36257 36257
45590 45626
16861 16861
6305 6305
38032 38052
20006 20031
14561 14561
45526 45526
21626 21656
37223 37248
35302 35415
35682 35704
17200 17202
29803 30072
21281 21281
45905 45905
3502 3536
48782 48800
1926 2000
35302 35415
29096 29108
22590 22680
12384 12400
21738 21750
36754 36794
24602 24632
34150 34200
32301 32301
30562 30600
42401 42401
24321 24321
33062 33100
10689 10689
43481 43520
17764 17805
30321 30321
16337 16362
34072 34100
17832 17838
33042 33054
36404 36423
14522 14537
47126 47168
31392 31410
40161 40161
47170 47190
19461 19461
15103 15370
2502 2536
17332 17338
4033 4033
6946 6952
15346 15370
20658 20672
18526 18585
17007 17036
10561 10561
32465 32472
35078 35110
18402 18420
7970 7976
8406 8440
21554 21600
16081 16081
29601 29601
20418 20430
20545 20545
40001 40001
7366 7416
20161 20161
19401 19401
30262 30296
41640 42440
27182 27284
15393 15393
46874 46928
10575 10624
37159 37182
35041 35041
31935 32100
24993 24993
47777 47812
14352 14370
33802 33813
20154 20184
30361 30361
21154 21282
18021 18021
22689 22689
21881 21881
11002 11042
6711 6711
24081 24081
31506 31516
42726 42752
19090 19108
14130 14228
7446 7472
2887 2976
43994 44033
7208 7224
40001 40001
25726 25750
18276 18277
4215 4304
46977 46977
2351 2351
18392 18483
20906 20928
7142 7184
31169 31169
43082 43128
45451 45451
1290 1348
31501 31501
17745 17745
12562 12608
17534 17555
21501 21501
7889 7889
21554 21605
15607 15696
3337 3363
42081 42081
13376 13376
29531 29531
641 641
14449 14449
36542 36560
41741 41741
18650 18712
43025 43025
24882 24920
15512 15532
9952 9964
12994 13001
25585 25585
30662 30680
16500 16556
18001 18001
3181 3181
26118 26372
36152 36176
7281 7290
14441 14441
44370 44378
26596 26629
33938 34025
8510 8535
34538 34544
28050 28120
28097 28097
3701 3701
48177 48177
36322 36355
24302 24312
44041 44041
23891 23908
16202 16225
2221 2221
28794 28844
19558 19571
7020 7044
33721 33721
18641 18641
13474 13500
26162 26180
49853 49860
33561 33561
17501 17501
226 234
49480 49507
1269 1316
14842 14890
23570 23597
25401 25402
7081 7081
28857 28857
14558 14587
28161 28161
21054 21090
29761 29761
43482 43520
42801 42801
47057 47060
14646 14664
17658 17664
3882 3925
46560 46576
14950 14965
41105 41105
37746 37796
32082 32100
21206 21236
39961 39961
4821 4821
47662 47675
37401 37401
573 573
25345 25345
29516 29592
1401 1401
11687 11721
23628 23984
12657 12662
48753 48753
40702 40729
17934 17952
34347 34365
13266 13280
19818 19884
22212 22410
47777 47812
29803 29870
45665 45665
8754 8780
46810 46828
33162 33168
8317 8352
5301 5301
39535 39560
13363 13380
40414 40489
7487 7544
8996 9016
41665 41665
46140 46216
22946 23006
3441 3441
7651 7651
49867 49948
22130 22181
40414 40865
10801 10801
34521 34521
34210 34260
6626 6676
26493 26493
47121 47121
19920 19921
30901 30901
1877 1877
866 920
34287 34336
45172 45236
27185 27185
3681 3681
11514 11536
2201 2201
38851 38851
4449 4450
12258 12260
947 972
19201 19201
20570 20600
45931 45931
37201 37201
21022 21052
8494 8496
14377 14400
46174 46192
36471 36471
12610 12620
30961 30961
3425 3425
17401 17401
17441 17441
5314 5328
42501 42501
36241 36241
22200 22392
7764 7809
22761 22761
20281 20281
6266 6266
5186 5226
41954 41970
34401 34401
31073 31073
42931 42946
22418 22460
24882 24920
13505 13519
7487 7560
38361 38361
3601 3601
48782 48826
44242 44288
39081 39081
7970 7976
28851 28851
33701 33701
16233 16233
2419 2419
25205 25241
16673 16704
39637 39696
28170 28200
11329 11329
46740 46808
35858 35882
8722 8739
30750 30895
38198 38292
37646 37648
1591 1591
26399 26480
13182 13204
35746 35750
48561 48561
29502 29512
16926 16992
23024 23056
46941 46941
8382 8508
2160 2161
482 528
49321 49321
41650 41658
10801 10801
10834 10844
31829 31829
35992 36032
30562 30592
7718 7726
4546 4556
24882 24920
32533 32533
33899 33913
37377 37377
20210 20232
5562 5820
41009 41009
2344 2360
19373 19373
22241 22241
32001 32001
39217 39243
44353 44353
40771 40771
12030 12080
39535 39587
2418 2441
44506 44515
3502 3536
34801 34801
9193 9193
43751 43751
35078 35090
14271 14271
20930 20944
24481 24481
45201 45201
20501 20501
37477 37920
7487 7496
32001 32001
35906 35915
13066 13288
20518 20612
13761 13761
6618 6624
21418 21424
14541 14541
49740 49750
1170 1222
15970 16005
29618 29632
45101 45102
38361 38361
5721 5721
26230 26265
29169 29169
12262 12284
33326 33358
472 480
1870 2120
13357 13358
433 433
45241 45241
21834 21876
6529 6529
49051 49051
49177 49216
34771 34818
17058 17065
32347 32376
49302 49355
27921 27921
14466 14510
13363 13380
33946 33985
47218 47260
7842 7850
20518 20568
36404 36752
39700 39736
37146 37157
40242 40412
25477 25504
24354 24372
3633 3633
18002 18032
12298 12322
36357 36384
12262 12284
45436 45480
21752 21760
46951 46951
38032 38050
6859 6860
10682 10699
14642 14664
33736 33768
48697 48704
19281 19281
36859 36912
44662 44683
27218 27227
36961 36961
14352 14360
13382 13428
4977 4977
13890 13896
41292 41312
27057 27057
12366 12430
14022 14057
24657 24657
3788 3820
45114 45140
43482 43520
6152 6280
33468 33500
18002 18032
46626 46633
28785 28785
49673 49673
14121 14121
43977 44104
24521 24521
16632 16650
20941 20941
38281 38281
31274 31386
19537 19537
18498 18752
45269 45275
8782 8792
5510 5538
23822 23841
46222 46256
22801 22801
27482 27488
21249 21249
26782 26810
787 820
31908 31920
28937 28937
47725 47725
16681 16681
23831 23831
14737 14737
25002 25032
49601 49601
18551 18551
49870 49948
26945 26945
8521 8521
6902 6944
33946 33985
26001 26001
5442 5552
28158 28168
28050 28120
13741 13741
10501 10501
1255 1264
46801 46801
13281 13281
48000 48001
43681 43681
45786 45803
3598 3624
41672 41680
45872 45888
18527 18585
45961 45961
32147 32164
22842 22888
4022 4076
41777 41808
14558 14587
20485 20492
8952 8960
45786 45803
37585 37724
38417 38417
16373 16373
25521 25521
37927 37938
44090 44092
46472 46488
5276 5276
6978 7000
4797 4804
19665 19665
18281 18281
49536 49537
9967 10076
33258 33273
40401 40401
23250 23346
34692 34720
27714 27760
14472 14510
15402 15428
15607 15664
17832 17838
47976 48285
34071 34071
40201 40201
19721 19721
31274 31288
37650 37712
11912 11912
39790 39855
20788 20800
47677 47741
10526 10564
30146 30178
28422 28440
27569 27569
24519 24519
994 1004
3030 3096
7521 7521
39480 39481
26021 26028
33834 33845
32891 32891
26882 26912
37091 37091
29502 29512
18761 18761
5622 5638
6081 6081
41172 41184
19185 19185
21206 21236
4401 4401
40260 40290
11541 11541
44562 44624
17738 17750
48881 48881
14166 14192
37681 37681
44986 45028
39254 39264
28161 28161
22513 22513
31744 31755
27592 27674
6282 6387
24722 24752
14593 14593
28394 28416
5244 5304
44825 44825
45720 45750
2322 2342
39217 39243
22721 22721
24630 24632
31501 31501
14642 14664
37033 37033
994 1004
9985 9985
38001 38001
5569 5569
22010 22030
14316 14344
38241 38241
44046 44077
23617 23617
43778 43791
9156 9270
8174 8210
11092 11140
8510 8535
44762 44780
29434 29500
17038 17055
42529 42529
10862 10900
32540 32550
35358 35392
32692 32709
33514 33542
20993 20993
3801 3801
29241 29241
4001 4001
1290 1316
5721 5721
18161 18161
43201 43201
41533 41533
33156 33160
21377 21377
41377 41377
22346 22365
16811 16811
3762 3860
33905 33906
29215 29223
16962 16990
259 259
22966 22990
26705 26705
43055 43055
34027 34044
46854 47040
14277 14300
37027 37028
36365 36365
46152 46216
49458 49470
22462 22515
47170 47184
33287 33324
28972 29020
12224 12256
6626 6672
11927 11962
49665 49665
29132 29140
47890 47915
23010 23022
23297 23297
2606 3632
16792 16865
8485 8486
27370 27398
27921 27921
22521 22521
29742 29796
11171 11344
11910 11918
30014 30040
21594 21605
14321 14321
8819 8855
33287 33324
2666 2700
8501 8501
27552 27590
20773 20773
41470 41500
49364 49374
42643 42665
26145 26145
39559 39587
11041 11041
6902 6912
1273 1273
31612 31630
11497 11497
4962 5018
49872 49948
3037 3082
27052 27110
21040 21041
43482 43510
1 32
13650 13660
42017 42017
7886 7922
1158 1200
38810 38874
37781 37781
49406 49406
7346 7352
47860 47888
48977 48977
6342 6360
6825 6825
5437 5437
35210 35241
29521 29521
6274 6280
35385 35385
37008 37020
3562 3573
41338 41424
35612 35624
20906 20928
1205 1205
20946 20971
14221 14221
24794 24806
29821 29821
10569 10573
27907 27915
39306 39328
26290 26300
43236 43604
35746 35790
48622 48654
31674 31711
19930 19936
40325 40372
12102 12180
35150 35192
17501 17501
29594 29602
16361 16361
5186 5226
43825 43825
8161 8162
48287 48335
7418 7440
32882 33212
23194 23208
28251 28251
44081 44081
20658 20672
3301 3301
21351 21351
6226 6230
1401 1401
40781 40781
198 234
16917 16917
27286 27712
7025 7026
30954 31144
48418 48460
49669 49669
141 141
25754 25840
28369 28369
31536 31537
43760 43776
49201 49201
26601 26601
866 904
24818 24920
38842 38874
10081 10081
49201 49201
20866 20870
31221 31221
46374 46410
19151 19151
18417 18417
8096 8097
30001 30001
38310 38364
29266 29280
5074 5088
6901 6901
3736 3926
26272 26285
37726 37730
1169 1169
45661 45661
1926 2030
42321 42321
25025 25025
42098 42100
24413 24430
19756 19780
26153 26153
10078 10202
1986 2016
19130 19180
10402 10416
21542 21552
11902 12328
44417 44417
34501 34501
36914 36980
42501 42501
32042 32100
45682 45688
7346 7352
25384 25400
47677 47692
39001 39001
19698 20024
37537 37537
49873 49873
42351 42351
40738 40804
40810 40822
42890 42900
17626 17988
28796 29152
4901 4901
5362 5380
32622 32672
11301 11301
15481 15481
9877 9888
12117 12140
18172 18228
36796 36817
10921 10964
28686 28752
10158 10188
10464 10465
24945 24945
8122 8128
7565 7566
25068 25083
25666 25666
42813 42840
6657 6657
47701 47701
11937 11937
26449 26449
34722 34746
20641 20641
11617 11617
43638 43653
13001 13001
29441 29441
44562 44634
906 920
21374 21416
8049 8049
10145 10145
23891 23908
34758 34769
49492 49507
2601 2601
37066 37066
1926 1960
38921 38921
15361 15361
48762 48800
24818 24898
33037 33040
334 376
17007 17036
26940 26946
40353 40353
28961 28961
12330 12608
44300 44354
12384 12430
5652 5660
7281 7300
28641 28641
10862 10900
25411 25411
9537 9560
2705 2706
22838 22944
21708 21750
24101 24128
21834 21876
36657 36657
40874 40890
20874 20896
32482 32500
28584 28584
3882 3925
37058 37076
38985 38985
11282 11320
26241 26241
43729 43729
20906 20928
24502 24540
42589 42672
19941 19941
41762 41775
962 972
23013 23013
5536 5538
5657 5657
11136 11136
38601 38601
40148 40163
33873 33873
47161 47161
39064 39088
21554 21592
48961 48961
19201 19201
21498 21524
37260 37296
12881 12881
25805 25808
10225 10225
48951 48951
40738 40804
8817 8817
23230 23248
48401 48401
27201 27201
12102 12180
23761 23761
41954 41970
43201 43201
10321 10321
10721 10721
24642 24654
19401 19401
8494 8508
14948 14965
11297 11297
10145 10145
27939 27970
37874 37876
36401 36401
12117 12140
36273 36273
5388 5550
25986 27712
35841 35841
974 992
8406 8430
21081 21081
2402 2480
49249 49249
38952 39846
1502 1528
35026 35110
3105 3105
49610 49632
5691 5766
7261 7261
14191 14191
7124 7140
12901 12901
13092 13104
13550 13576
44609 44609
36542 36590
40509 40576
14558 14683
27489 27489
45256 45260
34701 34701
15970 15982
21233 21233
42041 42041
44470 44480
42241 42241
29175 29210
48418 48460
24170 24212
22701 22701
31632 31665
8952 8960
27552 27590
38376 38565
35776 35776
38131 38131
22091 22091
22689 22689
28894 28970
7330 7338
22462 22964
14543 14556
26081 26081
41902 42064
47896 47915
29110 29125
1662 1701
13106 13120
48492 48512
39857 39894
7535 7535
8561 8561
39201 39201
28801 28801
21778 21832
38545 38545
35746 35800
6312 6340
4646 4688
5993 5993
43577 43577
6761 6761
10329 10329
10001 10001
27136 27160
34094 34114
29397 29397
2596 2604
34692 34756
6578 6616
15426 15428
2640 2641
49218 49232
3001 3001
334 576
48301 48301
11561 11561
17738 17750
29201 29201
14558 14587
15167 15190
35802 36008
14929 14929
23377 23414
17345 17370
48091 48091
32641 32641
21954 21996
27451 27451
28501 28502
27366 27368
38514 38518
26491 26491
33546 33550
947 992
44017 44017
46081 46081
16481 16482
32552 32580
8652 8670
19217 19217
20954 20971
23345 23345
23981 23981
8258 8280
16441 16441
39936 40000
20204 20215
39232 39233
38442 38450
25575 25616
32501 32501
46451 46451
29506 29512
20769 20769
15501 15501
42046 42063
42394 42436
16753 16753
44257 44257
9890 9928
4806 4844
12093 12160
47121 47121
6206 6224
27131 27131
24386 24405
23857 23857
29601 29601
33146 33154
15042 15054
3417 3459
3126 3142
27601 27601
39001 39001
8849 8849
40417 40417
19601 19601
246 265
6624 6640
47491 47491
16673 16673
313 313
32849 32875
8494 8508
39592 39604
11329 11329
18802 18816
29504 29514
25290 25328
29271 29271
2930 2976
5881 5881
38751 38751
11216 11264
4851 4851
42302 42320
41752 42300
45321 45321
39857 39868
9255 9270
26502 26528
19601 19601
14441 14441
20392 20416
23121 23121
22321 22321
44470 44480
27270 27280
4441 4441
12001 12001
45302 45360
48341 48341
40553 40553
10321 10321
33767 33767
11426 11442
24010 24055
48385 48385
42332 42336
26698 26716
15268 15306
5414 5420
29921 29921
44079 44104
13641 13641
46472 46476
30130 30140
4206 4213
11269 11269
14645 14645
18401 18401
6250 6272
37927 37938
44501 44501
18857 18992
19073 19073
43201 43201
27962 27970
10542 10560
12117 12140
8690 8704
39535 39557
7634 7684
40330 40372
10929 10929
30691 30691
40173 40185
22201 22201
17377 17377
32321 32321
44029 44029
20146 20150
5581 5581
15461 15461
18401 18401
802 920
15746 15750
9521 9521
2501 2501
13382 13410
44513 44513
13281 13281
35461 35461
49291 49291
31101 31101
26000 26018
6816 6820
27714 32598
9697 9697
38842 38864
38281 38281
1487 1490
31601 31601
27271 27271
28230 28245
30228 30264
32166 32180
32201 32201
49258 49300
26721 26721
28804 28824
41172 41180
30417 30417
21904 21912
16673 16673
32709 32709
29425 29426
38159 38196
44046 44077
34376 34384
32385 32385
292 309
44501 44501
33146 33184
27601 27601
4513 4513
42049 42049
46374 46410
13281 13281
37282 37296
39313 39313
34386 34401
18338 18355
27714 27764
36425 36590
40036 40048
43625 43625
10390 10448
16652 16664
47677 47744
42999 43026
5510 5520
21322 21330
31954 31968
44882 44915
44106 44116
39281 39281
27401 27401
35261 35261
18357 18376
17832 17838
1962 1976
38641 38641
45341 45341
31895 31904
28952 28963
797 797
37382 37426
19809 19809
43951 43954
5183 5226
8301 8301
45506 45568
19542 19545
620 636
12457 12457
31995 32012
36010 36040
49042 49058
34726 34746
5802 5820
25431 25431
19762 19909
31651 31651
10361 10361
6859 6952
22214 22266
13078 13085
11546 11563
13517 13518
6469 6469
26001 26001
13101 13101
30569 30569
21778 21832
6538 6564
6460 6506
45570 45588
25754 25969
10101 10101
26001 26001
42813 42866
17142 17160
10301 10301
47821 47821
15153 15153
28150 28530
5388 5400
37817 37817
24292 24312
39592 39600
12432 12450
23891 23908
15251 15251
47694 47712
2177 2180
34201 34201
28817 28817
41640 41650
6777 6784
26209 26209
36778 36794
11402 11417
8033 8046
34301 34301
18641 18641
27081 27081
40530 40576
7366 7416
21150 21193
14842 14855
141 141
13250 13288
3220 3228
33232 33248
7501 7501
19209 19209
40598 40616
45601 45601
8819 8855
41470 41500
31451 31451
14446 14470
29326 29350
4397 4404
46773 46774
46001 46001
41326 41326
9393 9393
21644 21654
20655 20672
6146 6170
3791 3791
3417 3459
33668 33684
10514 10520
37670 37700
32721 32721
18392 18398
8485 8486
32822 32840
39924 40026
36481 36481
15242 15266
36862 37006
33480 33512
26596 26616
10650 10650
16652 16865
34941 34941
26401 26401
14565 14565
26062 26071
17417 17417
33201 33201
29110 29125
4903 4903
27831 27851
46478 46488
34692 34756
41489 41489
21271 21271
49434 49448
49409 49409
8964 8992
36662 36764
34616 34616
14497 14497
14351 14360
5352 5380
32501 32501
44232 44250
11031 11031
17272 17588
44079 44104
3502 3540
47201 47201
9974 10020
12033 12033
9112 9130
26353 26353
2880 2881
29618 29648
12162 12184
33901 33901
30810 30820
20973 20976
30396 30400
42641 42641
18001 18001
26515 26515
42343 42368
5702 5743
39090 39104
6351 6351
6982 7018
30197 30197
23262 23292
13486 13500
21505 21505
90 100
23169 23169
29656 29696
42452 42464
43551 43551
33517 33542
21778 21832
29110 29125
48130 48136
36425 36426
1492 1528
31834 31860
17007 17036
28801 28801
49731 49738
29964 30012
34156 34156
44157 44157
36089 36089
30889 30889
39217 39233
10522 10540
12582 12592
47354 47368
20494 20516
11902 11908
22412 22457
20052 20088
8510 8535
24993 24993
48769 48769
2418 2441
42406 42436
37902 37925
35381 35381
18529 18529
40561 40561
65 65
25641 25641
6538 6555
2241 2241
3505 3505
26145 26145
44646 44660
24882 24898
41640 42587
10492 10504
43994 44033
26431 26431
34425 34425
46700 46828
21697 21697
18001 18001
28816 29360
37592 37622
41011 41011
31952 31952
11102 11130
37682 37700
17905 17905
43146 43160
42794 42811
29217 29217
34403 34464
41338 41368
40201 40201
45834 45836
6013 6013
43201 43201
24413 24440
23686 23712
8119 8119
13125 13126
30032 30040
20841 20841
14626 14627
46914 46928
48074 48095
44753 44753
35890 35942
45651 45651
33850 33875
6292 6304
44106 44908
13567 13567
28952 28963
13572 13576
48303 48312
46551 46551
27421 27421
24682 24752
8767 8775
8226 8240
25702 25969
8042 8096
46462 46467
36895 36895
32711 32740
34129 34129
11201 11201
16322 16335
37553 37553
24413 24440
27841 27841
41738 41750
19985 19986
31042 31104
47303 47324
6909 6909
9132 9146
21441 21441
28692 28720
1780 1797
39177 39177
35706 35726
25137 25137
13290 13340
62 70
19153 19153
38081 38081
13752 13764
32072 32080
34801 34801
29421 29421
1746 1750
43969 43970
46258 46272
30081 30081
31356 31366
8257 8257
22562 22570
20535 20568
8819 8840
44594 44612
13329 13329
6497 6497
40509 40596
11216 11264
20402 20416
19601 19601
19768 19875
42722 42740
29168 29169
5425 5425
45905 45934
34577 34577
43601 43601
4161 4161
15761 15761
11393 11393
29913 29913
42302 42341
31097 31097
25361 25361
3841 3841
47874 47894
32267 32278
22346 22365
28532 28570
4201 4201
31729 31729
9810 9824
17626 17636
44800 44801
3092 3142
38778 38950
30967 31000
11551 11551
33306 33324
19492 19504
31335 31354
9349 9380
21141 21141
31181 31181
16926 16940
42066 42083
31921 31921
17098 17139
31418 31448
23481 23626
28816 28824
18961 18961
20170 20184
33401 33401
10162 10169
34150 34159
40301 40388
39637 39696
36945 36945
49026 49058
30817 30817
14001 14001
29298 29308
22286 22300
19891 19891
690 706
24721 24721
24572 24582
35682 35704
22805 22805
34743 34743
35194 35476
9730 9750
41473 41473
31809 31840
22946 22964
29132 29140
28930 28970
40461 40461
8317 8340
6161 6161
8687 8704
10474 10504
6810 6812
10921 10921
2083 2115
6642 6672
35245 35245
22838 22944
44721 44721
1251 1251
2271 2271
6068 6088
37382 37424
43684 43696
8289 8290
40321 40321
2930 2976
23482 23495
11213 11213
15808 15816
4213 4213
41876 41890
30078 30085
44741 44741
11361 11361
39682 39696
12626 12626
37726 37732
30572 30605
42171 42171
32615 32628
1361 1361
36114 36128
21656 21704
290 332
8597 8614
28757 28787
30822 30832
13418 13428
30608 30618
22286 22319
32401 32401
26742 26760
42452 42506
9361 9361
42726 42736
41876 41890
4111 4111
23970 23984
1601 1601
9121 9121
6203 6224
15234 15266
25601 25601
45277 45282
22897 22897
14214 14226
30562 30660
37632 37680
23601 23601
29298 29308
4553 4553
29752 29780
48241 48241
15350 15386
2458 2480
39064 39075
47921 47921
31842 31860
37201 37201
48881 48881
15567 15589
902 904
15962 16005
11273 11273
44194 44225
37078 37128
12591 12608
492 504
33277 33284
48913 48913
38810 38840
26989 27020
8225 8280
7233 7233
31016 31020
32926 32931
8626 8644
45553 45553
6501 6502
39848 39855
49223 49223
44966 44976
19633 19633
31601 31601
32501 32501
18794 18816
42674 42750
39501 39501
16886 16924
35489 35489
25377 25400
29217 29217
16901 16901
47161 47161
43977 45254
42101 42101
40721 40721
46101 46101
11041 11041
15943 15943
35728 35744
34425 34425
36162 36176
9032 9035
8226 8250
34150 34243
10542 10564
27234 27272
21022 21104
32378 32396
32724 34536
41470 41512
8661 8662
26382 26432
24502 24540
48289 48289
10226 10264
16613 16613
17612 17624
25313 25313
26530 26560
44431 44431
15937 15937
23105 23105
5169 5169
22601 22601
7948 8013
19729 19729
16942 16952
25338 25400
35746 35766
46370 46410
10301 10301
1446 1464
31577 31610
34945 34945
33018 33032
25721 25721
30161 30161
18497 18497
39473 39473
18305 18305
30228 30250
2166 2169
13951 13951
35323 35323
25821 25821
49206 49216
41130 41152
42766 42866
45601 45601
35170 35188
37146 37152
11877 11898
27939 27945
20071 20071
25001 25001
35171 35171
25298 25324
27522 27548
37759 37768
16567 16567
18934 18950
38497 38499
19513 19513
36694 36720
6761 6761
47345 47345
18172 18228
28921 28921
2700 2744
16417 16417
37650 37668
3626 3630
38394 38402
21058 21090
4433 4433
9438 9450
20281 20281
40148 40171
14622 14628
43802 43822
13138 13147
1 1
46502 46516
31221 31221
6538 6690
42006 42020
17601 17601
44127 44171
18125 18148
3153 3153
14842 14855
46401 46401
10697 10699
18818 18855
1 1
30210 30225
33214 33240
49218 49240
30493 30493
46761 46761
24271 24271
2353 2353
39489 39489
40302 40321
32406 32430
977 986
13796 14020
6345 6345
34321 34329
11920 11970
21401 21401
22401 22401
20001 20001
27801 27801
25771 25771
21296 21304
40081 40081
39700 39736
17152 17152
18241 18241
21284 21288
14661 14661
18076 18080
26001 26001
41169 41169
11171 11184
35761 35761
19449 19449
22321 22344
38952 39032
7822 7840
35313 35313
43698 43712
30817 30817
33101 33101
20881 20882
9974 10076
45986 46016
35649 35649
49509 49537
18861 18861
20982 21000
36490 36500
23162 23192
35728 35744
14072 14120
10089 10089
5298 5320
45841 45841
27571 27571
30611 30612
10862 10900
4102 4105
34929 34929
10801 10801
30797 30797
36134 36150
18258 18268
17777 17777
4016 4017
6090 6109
24479 24500
39209 39209
43482 43499
17492 17508
30820 30895
12022 12028
29201 29201
21441 21441
11171 11171
28386 28392
23970 24008
32862 32875
3602 3624
9641 9641
15014 15024
48697 48704
28004 28018
39330 39372
16337 16415
6401 6401
21457 21457
34881 34881
31112 31138
39521 39521
16421 16421
21502 21518
30226 30240
35708 35726
23401 23401
45061 45061
29489 29489
39116 39124
46776 46808
40078 40084
47489 47489
31085 31086
9361 9361
12994 12996
34721 34721
49782 49790
3752 3776
32406 32430
39778 39784
30465 30465
24327 24344
15591 15605
415 448
29810 29840
41681 41681
26481 26481
34190 34208
43872 43892
40192 40199
29801 29801
6777 6814
36502 36640
10862 10900
10862 10919
33533 33533
28541 28541
13849 13888
22762 22769
26822 26850
27391 27398
40976 40997
11058 11068
31489 31489
38992 39005
29594 29602
29902 29925
30053 30053
15192 15224
4096 4097
4527 4540
36802 36817
45186 45220
4051 4051
46642 46672
28945 28950
42609 42624
24713 24720
3542 3560
27302 27315
24881 24881
26901 26901
33987 34008
44546 44592
12433 12433
36317 36340
32101 32101
49650 49660
22183 22196
35281 35281
41370 41440
21251 21251
4304 4355
23482 23488
42017 42017
35570 35608
32201 32201
45114 45130
32724 32976
15611 15611
29735 29746
18037 18080
39985 39985
39618 39633
1641 1641
41281 41281
22590 22616
8806 8817
11657 11657
43541 43550
18714 18740
1870 1890
26226 26238
22130 22144
15151 15165
39473 39473
5169 5169
27489 27489
45606 45625
45001 45001
7081 7081
13561 13562
31601 31601
12161 12161
42273 42273
47265 47265
11626 11626
12701 12701
44362 44368
1856 1857
10529 10529
10289 10289
39458 39464
39151 39155
26742 26760
25057 25057
44541 44541
15618 15693
39516 39568
23433 23433
2129 2129
29283 29292
4410 4428
30641 30641
18602 18932
35210 35288
21708 21720
3189 3212
37364 37376
16169 16169
23891 23908
49662 49697
29504 29900
46206 46216
25001 25001
19712 19734
24621 24621
43905 43905
41761 41761
21165 21165
36483 36483
29801 29801
26502 27232
8624 8640
2552 2571
43096 43121
14201 14201
31461 31461
42452 42506
49702 49725
12202 12214
32692 32700
3237 3237
18365 18366
10393 10393
38541 38541
4527 4540
27610 32722
37521 37521
44106 44298
2922 2928
18897 18897
48097 48136
12801 12801
13095 13095
46200 46201
42554 42572
49662 49725
10201 10201
38761 38761
12030 12080
41181 41181
39417 39417
16096 16096
43772 43791
34461 34461
342 370
13250 13254
49977 49977
8432 8452
32313 32328
26308 26356
5834 5852
46386 46600
37601 37601
18225 18226
353 353
36113 36113
19569 19569
1848 1868
41390 41392
39020 39048
38426 38432
23081 23081
15551 15551
31057 31057
31862 31876
26062 26071
13561 13562
32645 32645
6018 6744
44201 44201
6282 6290
34705 34705
17041 17041
26001 26001
21058 21090
37558 37566
18172 18228
34287 34298
8033 8033
28835 28836
36404 36423
5452 5552
16690 16726
42931 42946
30945 30945
34272 34285
25571 25616
36650 36768
46497 46497
4606 4690
46717 46717
42082 42083
41704 41712
30021 30021
37402 37408
49434 49780
4721 4721
947 992
22650 22680
42529 42529
48169 48196
25992 25998
34515 34536
6596 6597
4251 4251
501 502
38992 39005
16802 16845
730 765
236 332
25052 26500
21665 21736
43833 43833
22966 23626
4737 4737
19586 19620
46611 46611
45701 45701
27856 27857
28074 28120
19201 19201
23061 23061
513 513
17254 17258
46258 46272
36401 36401
8944 8992
45936 45960
4753 4753
24621 24621
41962 42300
25632 25969
47209 47209
1082 1114
27926 27926
27590 27608
19978 20004
507 528
45401 45401
18909 18911
7340 7361
39638 39680
3189 3212
40758 40770
18329 18336
39535 39557
29201 29201
23068 23094
17751 17751
13676 13676
3982 3990
26473 26473
32552 32580
8681 8681
24152 24164
6203 6218
5302 5320
3753 3753
13974 13979
49901 49901
49060 49076
9890 9928
40450 40455
30498 30530
18818 18855
3542 3560
45649 45649
37890 37938
48918 48976
5996 6016
5041 5041
46001 46001
43398 43398
5358 5380
37790 37796
7728 7739
35496 35532
48321 48321
30472 30485
25232 25260
11735 11735
9930 9960
23751 23751
21022 21108
41751 41751
45953 45953
49522 49535
16458 16480
38952 39846
22745 22746
3982 3990
29110 29115
49766 49775
35206 35241
19072 19096
6306 6336
29057 29088
19736 19766
21791 21791
23841 23842
17041 17041
40530 40592
13041 13041
32000 32001
31201 31201
14705 14705
26481 26481
42069 42069
49458 49470
9168 9184
9993 9993
43977 44033
48402 48416
7732 7739
49699 49700
46721 46721
20896 20896
22705 22706
47265 47265
29075 29077
7221 7221
41745 41745
33501 33501
8033 8033
955 957
31729 31729
15241 15241
25751 25751
11297 11297
19712 19734
47921 47921
9753 9753
42343 42368
28481 28481
10078 10112
18818 18855
6961 6961
32724 32944
46001 46001
15808 15816
24660 24671
32926 32931
25121 25121
43641 43641
24818 24865
35534 35783
6306 6336
21778 21832
44423 44432
8114 8120
27891 27891
7378 7416
43340 43341
35721 35721
6825 6838
49130 49152
19920 19921
38401 38401
29530 29585
23701 23701
11202 11210
24721 24721
42401 42401
48898 48916
8317 8326
45526 45527
22401 22401
32191 32191
32909 32909
23498 23530
1150 1227
44757 44768
21281 21281
5001 5001
37001 37001
20852 20858
2047 2081
5169 5169
10238 10264
144 640
34501 34501
27610 32722
32473 32473
9702 9719
47501 47501
12605 12606
4828 4872
45601 45601
14214 14226
40433 40433
31577 31610
46218 46229
34521 34521
49095 49095
8761 8762
10525 10525
29261 29261
8441 8441
36097 36097
25338 25630
26369 26369
31274 31330
24734 24752
40181 40181
3476 3492
14938 14946
47976 48010
8916 8942
22934 22936
49650 49660
45862 45872
6398 6424
39289 39289
8226 8231
31626 31630
49489 49489
47217 47217
25121 25121
19842 19870
9590 10160
33873 33873
48981 48981
4190 4604
415 436
14241 14241
39393 39393
42965 42965
30914 30925
43526 43526
18800 18801
27171 27171
9241 9241
4007 4020
5251 5251
16277 16300
25843 25875
30051 30051
40530 40592
24721 24721
18331 18331
28091 28091
43501 43510
48402 48416
4946 5018
45153 45153
41665 41666
33777 33777
2321 2321
13321 13321
18058 18074
24977 24977
18532 18585
1261 1261
25218 25230
20102 20104
10162 10169
17372 17374
38230 38231
17261 17261
44546 44592
20905 20906
9761 9761
41367 41367
29212 29264
6381 6381
22443 22443
37249 37249
39881 39881
46449 46449
10929 10929
32801 32801
4441 4450
20773 20773
37181 37181
48801 48801
37078 37128
8501 8501
14851 14851
31490 31498
30750 30895
49305 49305
41962 42300
41820 41821
21347 21366
46065 46120
7929 7929
42561 42561
7682 7726
22673 22673
14301 14301
27921 27921
6929 6929
48881 48881
26401 26401
20305 20305
11551 11551
13474 13484
7001 7001
41035 41035
44012 44033
2241 2241
37186 37210
25121 25121
23441 23441
30850 30895
5072 5088
41361 41361
22993 22993
43262 43265
4977 4977
49612 49619
3501 3502
3126 3136
48514 48532
39962 40026
28816 28864
378 466
42589 50000
17862 17884
43153 43153
46740 46748
28081 28081
17793 17794
23251 23251
23628 24152
44521 44521
41034 41054
37008 37020
11380 11408
10032 10048
7201 7201
11690 11721
17497 17497
15521 15521
38127 38129
26920 26931
35409 35409
3542 3714
4001 4001
27553 27553
34225 34225
38478 38495
47006 47042
13486 13568
23958 23982
233 233
10501 10501
46351 46351
30750 30768
23401 23401
22501 22501
46066 46066
8101 8101
37941 37941
15231 15231
10017 10017
32267 32278
24934 24950
34897 34897
27706 27706
5501 5501
23857 23876
13228 13240
9169 9170
1211 1211
19942 19950
10349 10349
35926 35942
37008 37020
415 436
35826 35826
14413 14444
48402 48624
39266 39284
45132 45140
35081 35081
47976 48146
16851 16851
10921 10921
39020 39038
40293 40293
31112 31120
16121 16121
32561 32561
44636 44637
7185 7185
30625 30625
12366 12400
28866 28892
48502 48512
26202 26372
31612 31625
1 1
33617 33617
20374 20528
48388 48395
3740 3771
3788 3800
5822 5825
41056 41064
43338 43362
14671 14671
30273 30273
13881 13881
8624 8640
48913 48913
8730 8739
48012 48020
31181 31181
42609 42750
14558 14576
18753 18753
27425 27426
7506 7544
17272 17279
30850 30895
35224 35288
28978 29006
22049 22049
30750 30895
29842 29850
48632 48652
16513 16520
44241 44241
822 875
625 626
11007 11084
708 920
19705 19705
22913 22914
37189 37191
42753 42754
47072 47100
45690 45692
877 888
2706 2706
32161 32161
28801 28801
18312 18313
41590 41628
1601 1601
36453 36453
32267 32278
14701 14701
1721 1721
25089 25089
23693 23712
6088 6109
48641 48641
44986 45000
16873 16875
41121 41121
3422 3452
38651 38651
48721 48721
19446 19476
21562 21572
40629 40629
3728 3729
8351 8351
3422 3452
5472 5482
42766 42770
13822 14020
5761 5761
9553 9553
11201 11201
11882 11886
42931 42946
48289 48289
43981 43981
3512 3520
1641 1641
11300 11324
40761 40761
17982 17988
14321 14323
13332 13343
23194 23248
23262 23310
19104 19110
23498 23512
46155 46172
28641 28641
16926 16992
9377 9377
15389 15389
14271 14271
42667 42702
20631 20631
21846 21864
27489 27489
161 162
43793 43846
10177 10177
21706 21736
43206 43220
18485 18496
48534 48582
44210 44225
47921 47921
4962 4990
27873 27873
45801 45801
39602 39846
25810 25841
25961 25961
17441 17441
4187 4187
40549 40549
24001 24001
10145 10145
4817 4817
11001 11001
47303 47464
38801 38801
30081 30082
39787 39787
21742 21766
43628 43656
14230 14255
6301 6301
47874 47888
18630 18635
48734 48750
38952 39846
40801 40801
44962 45028
11646 11646
35994 36016
13281 13281
21989 21989
29990 30043
17601 17601
15810 15816
44234 44320
49104 49105
32540 32550
31668 31670
38751 38751
33537 33537
33422 33440
12384 12408
4474 4525
33722 33730
7941 7941
7990 8013
48241 48241
21482 21543
48851 48851
37249 37249
5566 5700
23451 23451
33261 33261
18800 18801
34692 34720
4781 4781
1536 1544
30876 30876
46034 46044
42318 42330
40530 40592
497 497
17751 17752
45926 45926
33287 33287
41292 41304
1998 2007
955 955
36466 36480
20006 20024
45341 45341
30608 30618
32641 32641
43206 43220
21058 21090
44476 44476
25431 25431
43872 43875
33761 33761
2052 2080
10850 10964
43772 43780
8375 8395
17141 17250
27790 27915
18960 19024
38200 38204
14977 14977
44762 44776
4083 4096
17051 17051
39040 39050
47169 47169
6282 6387
5633 5633
48919 48919
34577 34577
47746 47856
31632 31664
17200 17203
30750 30895
21651 21651
33553 33554
28401 28401
42917 42917
236 288
44762 44776
27400 27404
10109 10109
32782 32860
49201 49201
26511 26511
40327 40412
2337 2337
4527 4542
43394 43396
41034 41054
468 483
31781 31781
48832 48844
35994 36016
30608 30618
24976 24990
10150 10169
41234 41248
37481 37481
2811 2822
11250 11250
15963 15963
34852 34904
24757 24757
29656 29668
35194 35336
47650 47675
20134 20150
22882 22894
11380 11408
29521 29521
19540 19545
16401 16401
44546 44570
24958 24974
39269 39269
48388 48395
46481 46481
26306 26334
46737 46737
26145 26145
11066 11084
3575 3578
32082 32141
41609 41609
14938 14946
10902 10919
18209 18220
1674 1701
3126 3136
46386 46652
47982 48012
31361 31361
47849 47856
46761 46761
23526 23536
28969 28969
1350 1366
8241 8241
37871 37871
17729 17729
11865 11865
49061 49061
29288 29292
16158 16164
31701 31701
43096 43100
38467 38476
19073 19073
19994 20004
23857 23876
5601 5601
24107 24116
34561 34561
46621 46621
48541 48541
39081 39081
34154 34159
3727 3734
1978 1984
9590 9620
2872 2875
10669 10669
32751 32751
28227 28304
12497 12560
12066 12088
24782 24806
4811 4811
28401 28401
21001 21001
29798 29801
18651 18651
44958 45028
24801 24801
3417 3460
45445 45759
36102 36218
46586 46608
20545 20545
29956 29960
18617 18617
39745 39745
34818 34904
43552 43564
30536 30550
44551 44551
49833 49833
44966 44980
32052 32070
36542 36616
47351 47351
33478 33490
23681 23681
42801 42801
11641 11641
23861 23861
14748 14752
36866 36888
21460 21480
29990 30043
31058 31076
2705 2706
23871 23871
22070 22094
40501 40501
5521 5521
23501 23501
5101 5101
22896 22922
34094 34114
28766 28787
29175 29210
43838 43844
28001 28001
25902 25931
31862 31919
12102 12115
43153 43153
43125 43144
9001 9001
12506 12528
19540 19545
6081 6081
22771 22792
20918 20940
29345 29345
25301 25301
8417 8417
28866 28892
7805 7805
23801 23801
33046 33050
17288 17317
17654 17655
33815 33876
45761 45784
34776 34776
44242 44318
15513 15513
40775 40775
877 896
21745 21745
9520 9532
20629 20629
23842 23855
26577 26577
15051 15051
1282 1338
38453 38545
20400 20401
27767 27788
30342 30442
13513 13513
34376 34393
38106 38106
31393 31393
40087 40092
11466 11528
43577 43590
47326 47332
35455 35476
28021 28021
43482 43575
37223 37230
11441 11441
25122 25138
15396 15408
4458 4525
14546 14556
2650 2698
34422 34432
24227 24228
13941 13941
44541 44541
21922 22068
15217 15217
30161 30161
41251 41251
2302 2325
39393 39393
15167 15180
9534 9588
25340 25345
34561 34561
4800 4804
19506 19545
24465 24465
11051 11056
39301 39301
21953 21953
43905 43920
21926 21936
47746 47765
1229 1244
43901 43902
20271 20271
36080 36081
37801 37801
33851 33851
46769 46769
26834 26850
3671 3710
44685 44715
33501 33501
7562 7628
41390 41392
34973 34973
44825 44830
38851 38851
5510 5532
38289 38289
44401 44401
37966 37970
17272 17286
33186 33212
23775 23775
48451 48451
17638 17655
13430 13472
25921 25921
17626 18090
46545 46545
9338 9350
31891 31891
32300 32301
513 513
17340 17374
17782 17830
40345 40345
49510 49535
45752 45759
26862 26876
20986 21020
8454 8460
43375 43377
47554 47608
29938 29954
42801 42801
11793 11793
31361 31361
18752 18932
36961 36961
4410 4428
8305 8305
36253 36253
20481 20481
10078 10112
38667 38691
5689 5689
4997 5019
41827 41850
29516 29746
48598 48608
24697 24697
34689 34689
45722 45740
25511 25511
12051 12051
43986 44044
20561 20561
21160 21161
32616 32617
42589 46672
42766 42784
27401 27401
16368 16380
28661 28661
14275 14277
23601 23601
15396 15400
2485 2485
7294 7338
7682 7726
21306 21312
3787 3856
42580 42584
20915 20916
45454 45472
752 765
17272 17286
27052 27072
41265 41265
5091 5125
8826 8850
32076 32076
20374 20422
29554 29585
43181 43181
5971 5971
15410 15424
41640 41644
32521 32530
23958 23982
19842 19870
16094 16108
46490 46534
12730 12772
17217 17270
17501 17501
20954 20971
21401 21402
20001 20001
5096 5112
14666 14683
30721 30721
48501 48501
4914 4935
47006 47042
236 332
35336 35336
7001 7001
21460 21461
13974 13979
15498 15565
32770 32988
29594 29604
39581 39581
24002 24056
12145 12145
5937 5937
25362 25440
31282 31296
33751 33751
40701 40703
44978 45028
3501 3502
34794 34816
11007 11064
45493 45504
5021 5043
21706 21736
41801 41801
44242 44318
31746 31758
30441 30441
44385 44387
37041 37041
36998 36998
32651 32651
31751 31751
16561 16561
17142 17194
4545 4545
27601 27601
36277 36310
2027 3714
466 466
48401 48401
5662 5680
30820 30835
38706 38748
45697 45697
42173 42173
40466 40474
45554 45584
15200 15201
2521 2521
15801 15801
43986 44044
22842 22864
32862 32912
46386 46652
11712 11713
37404 37408
36137 36137
25681 25681
17601 17601
42241 42241
12848 13008
22226 22226
48198 48209
415 420
4742 4789
34401 34401
49662 49697
16122 16139
26308 26334
43917 43917
40598 40608
29426 29440
14233 14233
40659 40712
7506 7544
46452 46464
42041 42041
4206 4213
10481 10481
39042 39048
10905 10905
22838 22864
25121 25121
19930 19950
43134 43184
32600 32628
11751 11751
31181 31181
11921 11921
5601 5601
20230 20232
23826 23872
46529 46529
12145 12145
18529 18529
39797 39797
28368 28369
9967 10048
31577 31610
45361 45361
37713 37713
30482 30525
39153 39153
1961 1961
44962 44964
30490 30522
25221 25221
34681 34681
14002 14012
40441 40441
39769 39769
4190 4604
7741 7748
8106 8112
3808 3809
28725 28725
6961 6961
47694 47704
36470 36488
31485 31511
34515 34525
1296 1297
11387 11396
4394 4400
29451 29451
41122 41128
21054 21058
14738 14766
39172 39192
46155 46172
26842 26850
13411 13411
5816 5820
40422 40446
2638 2640
26170 26186
18452 18483
43905 43922
32630 32656
23462 23479
2001 2001
35967 35990
35473 35476
2650 2680
20882 20888
23670 23684
23312 23322
34121 34121
44546 44592
8101 8101
1851 1851
47105 47105
25216 25308
33126 33136
6921 6921
41514 41542
4306 4342
17641 17641
33170 33184
26697 26760
5521 5521
38317 38317
26901 26901
34081 34081
33361 33361
40629 40629
27306 27316
43986 44033
5252 5286
30258 30269
9490 9498
37364 37368
7124 7192
22130 22144
33732 33768
49592 49600
42464 42480
35884 35942
47130 47166
11783 11799
26000 26168
29521 29521
1 20
3234 3256
8956 9154
7751 7751
5761 5761
25681 25681
45132 45140
10082 10105
21545 21552
21401 21402
10785 10785
20841 20841
35586 35600
42165 42165
8624 8648
2212 2220
19601 19601
26161 26161
13941 13941
6034 6044
4161 4161
43991 43991
41240 41241
8906 8914
3687 3687
8417 8417
6566 6592
32305 32376
23673 23673
20154 20165
31047 31056
8956 8992
21952 22015
442 448
33481 33481
49731 49738
18800 18801
10801 10801
16688 16688
45330 45356
12922 12925
42562 42576
28281 28281
12896 12904
44281 44281
43028 43060
32274 32276
26866 26876
41761 41761
14798 14805
18991 18991
11889 11889
41514 41530
39585 39585
32572 32598
47937 47937
21751 21751
49121 49121
28593 28593
12918 12920
35338 35364
46182 46200
16505 16505
11489 11495
32267 32450
41480 41481
25193 25193
1022 1030
12129 12129
18001 18001
901 901
41162 41185
43782 43790
41120 41140
42146 42154
21281 21281
31241 31241
19606 19614
36857 36858
34593 34593
33645 33645
16641 16641
39102 39114
44581 44581
35550 35688
44717 44720
43541 43548
11945 11945
43009 43009
16277 16288
1861 1861
8761 8762
26308 26334
9425 9425
21460 21480
11812 11816
41114 41116
48851 48851
8866 8878
35491 35491
23237 23260
29899 29899
37189 37189
22492 22500
5991 5991
34801 34801
46716 46728
19809 19809
15841 15841
22482 22515
33481 33481
37830 37846
1208 1338
41902 41913
34901 34901
257 258
44297 44297
37985 37985
5377 5377
20613 20700
6954 6969
9662 9667
46575 46576
42609 42624
12324 12328
47427 47464
246 265
7709 7709
47681 47681
42108 42120
36945 36945
9272 9350
42273 42273
45692 45759
20872 20882
10238 10264
11976 11976
2570 2571
30670 30695
31888 31889
17387 17396
7298 7338
34401 34401
33922 33978
4642 4680
12654 12680
17821 17821
13281 13281
40476 40484
5961 5961
39541 39541
42452 42462
32641 32641
41827 41850
46126 46132
3601 3601
49184 49196
7201 7201
39801 39801
44176 44176
42401 42401
12017 12017
28555 28555
28001 28001
673 673
19373 19373
45302 45375
17313 17313
38530 38530
42000 42004
40041 40048
14191 14191
42202 42385
46490 46500
2360 2364
38226 38265
9482 9746
33121 33121
46961 46961
19089 19089
16251 16251
20066 20084
30501 30501
33018 33054
3101 3101
6750 6764
40625 40626
8328 8362
26181 26181
6034 6060
5537 5537
21768 21772
31065 31065
47402 47412
31425 31425
1882 1896
16522 16557
46947 46948
12682 12697
14201 14201
26596 26608
37953 37953
5608 5620
14885 14890
28702 28735
13797 13804
23656 24065
3940 3940
39953 39953
6817 6817
30465 30465
26351 26351
29081 29081
4601 4601
3167 3280
45041 45041
16258 16273
41852 41872
41437 41437
23937 23937
11910 12425
29434 29480
33277 33289
48329 48335
5801 5801
39914 40026
6510 6520
4921 4921
15057 15057
17430 17440
47006 47042
40969 40969
32794 32810
40353 40353
47554 47584
34378 34380
10001 10001
45883 45888
45905 45905
34657 34752
26273 26273
18361 18361
21801 21801
18686 18696
937 937
3282 3312
15094 15096
46182 46200
15911 15913
32082 32141
28274 28300
25304 25308
13931 14012
27791 27791
48673 48673
43801 43801
24900 24932
37041 37041
11625 11625
6401 6401
17690 17712
34217 34217
4237 4260
42887 42900
13652 13660
30846 30865
10001 10001
37274 37296
16490 16498
40201 40201
26181 26181
35161 35170
41824 41825
20721 20721
24908 24916
33241 33241
7902 7924
1803 1803
46780 46788
547 560
25001 25001
44793 44793
26199 26216
40390 40400
2541 2541
23201 23201
46921 46921
5141 5141
9169 9180
19009 19009
25992 25998
44049 44049
26857 26857
16801 16801
547 575
37625 37627
16889 16889
18686 18712
6921 6921
9748 9754
46905 46905
36918 36986
41793 41793
26073 26100
35969 35969
27972 27980
13801 13801
21710 21736
7281 7281
6129 6129
40054 40066
47586 47594
45838 45846
29395 29406
9490 9498
1 1
20001 20001
33736 33746
11697 11697
28281 28281
28082 28104
40321 40321
46992 47056
37521 37521
9585 9585
25575 25618
35185 35185
48185 48185
25791 25791
33951 33951
15830 15832
6245 6245
28254 28264
19768 19772
8906 8914
18105 18105
20186 20195
31298 31319
40304 40321
37026 37070
12427 12430
23294 23322
48718 48732
38178 38192
15361 15361
3553 3553
17401 17401
8258 8260
43371 43371
36584 36612
10714 10730
24458 24477
15321 15321
16913 16913
14967 14972
9781 9781
9105 9105
5388 5439
30350 30394
1006 1008
24981 24981
46065 46067
19857 19857
42001 42001
37194 37224
28796 28802
23722 23730
49761 49761
5550 5564
14630 14664
1487 1520
33521 33521
29892 29900
20665 20665
30801 30801
35578 35590
7978 8013
18681 18681
25941 26672
15113 15113
43550 43575
1 20
15801 15801
8251 8251
28358 28375
38001 38001
30385 30385
38706 38736
6121 6121
30266 30269
12162 12186
13570 13576
41451 41451
8552 8596
38778 38944
4951 4951
187 196
11481 11481
43161 43161
41262 41276
20553 20553
24818 24898
23861 23861
43105 43105
11574 11581
18516 18552
22161 22161
14018 14020
24801 24801
14594 14600
23688 23691
16396 16400
20170 20372
7750 7808
22356 22375
43329 43329
35302 35336
38376 38418
21238 21272
27201 27201
19301 19301
19201 19201
19461 19461
30697 30716
19008 19024
20601 20601
40778 40804
12171 12171
49937 49937
23311 23311
23210 23238
5529 5529
4828 4892
34810 34811
14860 14880
2083 2100
21665 21946
46081 46081
41978 42010
4065 4065
16401 16401
8513 8513
19877 20050
7597 7606
14961 14961
11457 11457
13206 13215
43986 44040
19573 19594
28766 28766
26041 26043
32711 32722
8881 8881
43422 43426
2458 2468
5996 6012
6236 6238
31544 31546
40281 40281
7756 7762
28898 28906
48397 48410
17671 17736
24561 24561
46472 46534
20413 20413
12427 12444
24625 24626
3422 3450
14122 14125
9438 9447
9169 9464
6201 6201
2027 2040
19427 19427
8417 8417
28821 28821
3922 4150
18115 18115
23515 23515
34842 34850
40253 40253
7126 7152
30837 30838
45226 45226
24154 24535
35994 36016
10609 10609
43681 43681
29311 29311
27022 27136
7294 7296
29879 29888
46992 47004
19490 19518
21562 21592
24449 24449
35073 35073
24890 24898
10958 11004
1990 1996
12446 12466
23294 23322
35478 35484
43192 43216
1190 1191
43853 43854
4301 4301
27893 27905
38497 38497
2513 2513
14630 14640
6236 6258
22601 22602
26647 26661
46296 46296
2641 2641
9241 9241
47776 47776
30821 30821
15992 16002
10865 10865
20561 20561
7049 7049
9516 9516
42562 42572
24801 24801
9670 9670
36529 36529
42999 43007
40033 40033
15591 15596
33969 33969
8887 8896
22987 23006
17401 17401
14074 14096
37544 37552
35979 35979
9126 9126
47914 47940
48537 48576
6696 6697
42402 42420
20591 20591
21801 21801
8652 8670
25297 25297
15268 15280
7496 7496
32000 32001
45606 45666
46903 46925
2153 2153
11541 11541
29168 29210
21804 21832
19659 19659
17801 17801
15585 15585
46291 46316
29429 29429
30561 30561
43126 43184
27873 27873
44577 44612
5873 5873
38845 38845
18705 18705
11201 11201
24849 24849
20701 20702
625 625
39985 39985
44886 44908
19962 19976
24905 24905
9590 9608
30572 30580
13135 13147
4401 4401
12776 12776
6921 6921
26032 26044
15732 15736
31201 31201
31737 31737
8961 8961
15361 15361
19513 19513
40714 40727
3465 3465
44961 44961
821 821
33994 34024
4573 4573
33926 33943
32194 32209
16531 16542
36510 36524
2277 2281
27534 27540
26562 26864
47303 47448
8481 8481
3422 3450
28931 28931
40218 40228
4641 4641
47218 47464
1432 1672
37987 38010
48492 48532
45694 45720
7686 7700
39089 39089
37650 37668
33277 33902
2258 2272
33994 34024
7811 7817
2302 2358
2801 2801
6817 6817
17386 17396
48821 48821
38001 38001
1345 1345
40667 40684
48261 48261
30048 30058
13710 13740
46601 46601
29905 29905
41041 41041
39518 39536
40910 41180
34192 34197
44176 44176
8151 8151
48641 48641
12787 12795
41609 41609
34272 34276
5183 5226
43107 43190
17563 17563
10890 10919
23874 23884
6062 6066
48081 48081
2769 2769
8566 8588
42589 50000
13801 13801
14072 14100
3512 3550
137 137
28796 28814
15761 15761
19425 19425
45905 45926
7169 7169
44434 44444
25911 25931
13948 14012
24905 24905
33277 33280
44401 44401
42705 42705
26266 26285
29449 29449
12401 12401
48075 48077
32770 32784
23693 23716
18001 18001
35631 35631
30414 30442
29033 29033
26001 26001
33478 33542
4961 4961
35473 35476
42881 42881
44257 44257
10114 10132
23210 23228
33407 33416
14716 14717
18041 18041
46930 46945
5834 5850
21201 21201
41247 41247
44993 44993
14751 14751
25291 25291
5745 5750
18153 18212
35370 35415
11326 11378
34950 34951
23514 23524
1351 1351
38049 38049
35569 35569
5341 5341
23841 23843
40993 40993
41109 41109
25730 25733
3494 3498
31954 31968
32512 32518
20606 20611
3089 3089
28796 28814
39738 39757
29408 29500
22253 22253
21666 21680
4931 4931
10650 10672
18029 18030
47141 47141
37057 37057
41650 41658
35681 35681
41801 41801
7281 7281
44886 44900
38738 38748
23514 23524
37514 37519
34256 34270
26401 26401
46699 46700
2081 2081
28394 28403
19241 19241
4737 4768
20941 20941
26081 26081
4444 4446
10401 10401
9490 9498
47466 47480
8397 8416
33158 33166
9141 9141
38386 38402
35455 35470
45642 45664
2225 2226
45590 45604
47281 47281
43942 43949
23628 23651
34542 34552
20190 20191
47326 47332
38033 38033
18017 18017
1322 1330
35746 35750
39914 39960
45358 45368
15851 15851
11874 11886
49937 49937
39086 39100
6602 6616
21501 21501
21713 21713
19681 19681
26041 26043
44321 44321
3385 3385
13627 13646
36251 36251
31409 31409
11801 11801
34446 34466
38706 38748
24073 24073
6337 6337
15057 15057
28532 28535
21601 21601
16993 16993
17755 17755
5463 5482
25557 25565
26306 26372
23068 23106
4521 4521
842 848
24421 24435
25532 25548
37274 37304
47185 47185
32882 32902
8289 8291
8284 8302
42891 42891
42981 42981
36361 36361
16626 16626
23861 23861
4977 4977
10321 10321
41633 41633
6636 6652
16206 16227
24483 24495
32353 32353
32347 32372
47796 47812
14897 14899
34865 34865
3582 3648
9809 9809
41601 41601
9582 9588
17398 17440
9751 9751
12281 12281
40177 40177
32032 32042
13298 13300
23593 23593
37061 37061
3241 3241
30932 30954
15281 15281
24572 24579
34631 34631
42016 42022
42951 42951
38321 38321
35058 35073
33486 33500
39476 39490
14433 14433
43451 43451
44001 44001
42192 42196
9329 9329
47776 47776
42589 47180
22987 23006
34771 34774
36965 36977
24161 24161
33881 33881
37609 37609
15020 15021
24497 24512
31781 31781
2370 2380
36753 36753
34161 34161
27601 27601
15028 15044
38693 38704
14418 14450
5569 5569
10993 10993
16001 16001
48801 48801
4821 4821
44858 44864
791 810
18241 18241
34431 34444
38952 39846
38081 38081
17241 17241
43361 43361
41711 41711
41511 41511
47860 47888
45345 45345
2341 2341
21813 21832
6002 6012
22282 22375
49230 49284
38921 38921
23134 23176
11741 11741
37594 37622
28576 28594
40486 40507
37821 37821
40401 40401
15721 15721
40414 40455
49061 49061
22736 22737
26562 26756
23751 23751
4441 4456
31550 31575
13278 13286
12441 12441
36401 36401
21885 21886
21031 21031
4287 4298
13451 13451
12401 12401
41201 41201
4022 4032
42577 42577
46830 47180
11837 11848
877 890
1 20
35282 35292
45569 45569
6926 6926
29803 29808
27152 27183
27781 27781
36830 36860
46776 46776
3413 3413
7953 7953
17050 17055
45241 45241
28337 28350
1345 1345
30846 30855
5987 6020
31151 31151
39825 39825
1 20
673 682
10172 10198
4001 4001
29168 29210
29070 29090
38693 38704
6467 6495
21457 21457
23074 23080
22386 22460
42343 42368
13106 13120
3970 4032
49201 49201
38751 38751
34052 34115
36483 36483
6457 6457
42161 42161
15397 15397
31995 32016
47058 47070
47205 47205
28129 28129
2331 2331
42954 43190
3983 3983
42609 42609
23929 23929
38265 38265
11724 11756
43618 43636
48659 48755
46021 46021
48412 48560
22289 22289
8315 8362
10456 10466
49889 49889
38834 38856
27234 27256
25650 25675
36929 36929
35661 35672
12881 12881
47401 47401
35815 35815
44758 44768
29426 29474
1746 1750
18098 18105
42393 42393
27281 27281
48801 48801
10053 10068
28150 28214
44706 44736
18657 18657
34577 34577
17521 17521
22838 22870
9758 9760
43905 43905
36769 36769
40497 40499
31752 31758
35441 35441
3740 3771
30202 30256
362 466
43655 43661
14731 14731
19316 19316
31012 31014
27622 27648
36241 36241
37601 37601
5402 5420
48772 48787
5691 5700
40545 40545
45539 45539
36698 36704
22223 22245
11041 11041
21726 21726
24551 24551
485 485
32498 32510
23310 23311
23041 23041
34072 34074
1153 1155
45209 45220
29258 29281
41646 41648
24660 24671
24321 24321
25682 25700
44369 44370
34465 34466
14568 14576
32123 32138
15896 15917
45529 45529
16001 16001
15808 15933
14951 14951
41751 41751
6781 6781
18098 18105
32513 32513
17201 17201
6088 6096
29938 29954
43353 43353
40130 40135
18001 18001
12609 12609
26141 26141
18153 18210
49218 49228
25241 25241
14481 14481
33567 33614
620 636
43140 43142
2578 2594
32975 32988
16990 17048
39929 39929
17866 17884
22569 22569
7750 7817
47401 47401
10905 10905
36513 36513
33904 34044
44758 44768
44481 44481
2165 2169
43448 43472
47182 47196
18622 18664
28796 28814
3041 3041
16661 16661
32433 32433
47489 47489
24670 24671
30228 30231
26866 27304
1802 1828
7462 7474
6321 6321
14642 14662
16673 16673
49602 49606
7298 7325
14391 14391
33980 33984
40711 40711
21649 21649
27122 27130
20921 20921
17159 17159
38856 38856
1340 1378
9502 9744
3411 3411
5816 5820
6840 6850
8114 8152
32724 32724
19366 19404
38201 38202
4417 4428
31655 31655
4946 4970
7198 7205
8031 8031
49937 49958
31809 31811
7942 7985
23041 23041
39251 39251
40081 40081
14458 14470
15501 15503
12881 12881
44941 44941
26201 26201
43719 43719
4409 4409
36654 36660
32977 32977
25561 25561
35926 35930
41747 41762
44162 44164
30974 30996
46182 46204
29121 29121
7126 7196
9670 9671
3036 3066
10475 10477
36436 36439
13288 13296
41321 41321
21195 21202
34542 34580
2245 2246
28529 28529
37981 37981
43361 43361
40881 40881
1735 1736
49122 49138
43482 43499
41399 41401
11314 11324
43009 43009
42001 42001
11583 11585
10172 10198
7041 7041
22193 22193
19425 19425
35078 35110
23108 23176
39804 39804
2877 2950
12446 12448
41633 41633
36940 36963
21110 21140
25397 25620
43801 43801
29601 29601
16867 16954
4902 4912
4633 4633
20091 20091
23601 23601
30124 30147
47381 47381
39896 39896
35282 35292
35944 36046
17121 17122
5314 5336
16905 16905
43682 43682
34272 34276
4052 4070
45762 45770
7753 7754
6301 6301
20775 20775
30801 30801
13898 13921
12161 12161
24417 24417
23722 24065
8361 8361
23546 23550
17201 17201
23161 23161
507 520
47690 47692
36763 36763
2498 2510
19358 19374
1938 1952
21002 21008
43772 43780
32398 32446
17012 17016
