12666 41219
1 10639
44540 47500
31532 40800
17594 19790
27666 31530
35586 36880
49570 50000
34234 35584
7053 9420
25522 27664
13418 14000
31532 33447
10978 12664
3445 6608
36882 37836
10978 12664
37838 38932
43010 43370
17594 17940
42162 43008
46252 47140
36058 36880
9934 10400
39682 40430
10978 12216
34512 35580
30258 30432
10641 10960
47146 47500
4142 5544
45363 45430
44540 44920
29852 30256
48042 48470
26170 27429
18352 18424
29737 30432
46252 47140
39682 40000
46252 47140
43698 44000
18498 19790
7053 7496
24606 24758
39682 39840
35202 35392
15042 15500
39162 39250
4908 5544
31252 31530
10754 10904
20402 20480
43698 44000
37818 37836
38402 38864
23682 24060
12322 12448
47146 47500
15502 15741
27922 28417
1522 1784
43698 44000
32522 33056
6272 6608
9658 9932
3588 3938
24084 24320
1 8
33884 34152
42162 42406
7250 7496
20530 20784
29002 29735
18066 18195
27002 27300
26002 26168
27666 27920
7498 7914
20912 21162
6272 6608
132 288
6052 6206
42162 42406
48790 48965
42957 43008
4930 5116
1522 1784
21377 21400
17594 17760
10002 10160
35862 36056
3028 3443
7053 7156
42002 42060
19182 19328
36058 36125
43542 43696
18498 18560
6052 6080
24760 24774
25746 26168
23018 23080
47622 47776
34452 34510
46252 46400
32502 32520
46944 47140
33884 34152
48722 48788
19194 19328
36946 37120
31252 31400
38402 38744
3028 3443
10482 10639
40432 40630
12610 12664
24618 24740
33884 34152
18352 18424
40897 41000
16706 16906
38154 38296
47214 47500
4962 5116
35134 35200
12336 12448
2454 2706
4222 4320
587 748
37970 38032
26601 26601
30443 30620
21176 21202
13814 13928
20594 20672
32546 32851
27002 27300
2050 2224
43542 43675
36252 36750
41284 41408
6645 6816
6208 6214
30162 30256
28534 28760
46384 46400
15902 16136
44540 44640
11522 11754
29746 29850
38402 38560
14002 14175
8402 8449
8982 9420
37662 37750
17074 17137
25810 25890
15902 16136
48806 48883
15042 15216
14574 14673
8180 8280
4322 4600
44778 44910
48122 48400
29472 29520
4130 4140
8451 8548
43138 43298
21592 21650
8550 8602
24842 24975
12161 12161
39458 39680
13814 13928
13658 13664
36298 36400
11426 11628
33652 33812
39905 40032
39014 39160
1453 1520
26624 26720
43698 43760
25082 25160
28394 28417
21947 22180
23982 24032
32010 32304
33202 33280
11838 11860
13600 13624
40178 40240
23601 23601
13814 13928
38402 38560
43698 43760
7174 7248
25818 25890
1453 2100
8122 8178
32010 32304
42361 42406
29054 29280
30658 30720
46458 46560
24084 24240
25082 25160
14636 14673
31098 31176
13814 13928
31472 31500
30258 30328
24842 24920
38362 38400
8752 8881
48180 48400
48790 48804
26002 26068
36946 37120
34942 35132
39905 40032
32546 32596
17952 18000
4142 4220
47842 47944
33362 33447
38822 38855
27528 27568
36001 36001
8451 8496
28842 28920
18307 18350
2502 2706
23982 24604
10162 10200
47622 47717
10226 10288
44120 44240
44002 44118
27002 27219
14762 14800
11372 11424
25746 25808
46402 46410
15042 15200
9401 9401
20986 21020
38502 38560
28922 29282
20227 20307
25606 25704
33570 33650
13002 13040
47266 47500
29921 29940
42553 42645
45330 45356
37002 37096
24977 25060
23982 24032
26226 26400
4002 4080
48973 49034
48722 48788
29746 29850
40862 40876
16449 16500
31098 31120
11522 11530
6110 6206
11008 11136
31098 31120
7490 7496
27431 27476
22382 22450
22662 22694
41152 41175
46962 47112
38562 38690
40082 40120
15350 15480
2194 2248
15018 15200
35832 35980
18893 18960
27666 27920
28442 28524
21521 21521
9698 9704
30434 31056
18307 18350
30978 30980
31410 31470
36626 36750
1612 1716
2866 2876
49722 49797
46002 46038
42722 42777
6994 7051
18962 19142
41702 41750
24842 24920
27322 27408
9450 9500
3842 3881
41702 41750
30162 30184
42244 42359
18197 18200
4162 4220
23841 23841
28227 28340
36252 36284
12152 12206
18202 18210
31742 31760
39122 39160
32598 32750
5766 5792
22200 22304
14834 14885
7404 7448
18802 18891
42361 42406
23042 23060
41302 41424
22182 22198
15601 15601
31472 31500
1352 1440
38098 38138
48062 48112
26762 26805
15929 16264
38822 38855
29474 29520
18162 18184
5457 5478
34582 34640
6645 6740
23802 23888
31122 31165
41632 41680
14117 14175
12506 12520
30626 30652
48658 48672
36176 36250
45742 45868
44148 44155
3722 4140
37838 37874
3770 3840
21182 21192
12060 12100
32402 32416
44540 44570
43427 43472
33570 33650
14177 14190
41330 41376
25914 25938
1612 1716
12060 12151
39162 39192
46172 46240
36176 36512
25642 25648
13298 13335
23702 23758
2102 2160
43970 44090
32560 32596
6402 6494
15776 15808
31272 31334
4627 4720
18893 18960
31742 31760
18566 18750
48973 49034
9706 9780
16266 16400
1878 1952
32146 32222
4922 4940
48062 48112
1074 1104
34022 34152
46962 47056
21182 21192
12322 12334
12161 12161
28999 29020
8885 8906
930 1000
44661 44760
29054 29122
18186 18195
11516 11628
29170 29280
27221 27250
6402 6432
6498 6576
37970 38032
17410 17422
18114 18160
30982 31023
2102 2160
32310 32385
9482 9500
442 550
25826 25890
48218 48240
38419 38480
18994 19142
20642 20660
11602 11628
37771 37771
14018 14060
27431 27448
27002 27200
2071 2100
31336 31368
35466 35492
9377 9420
22382 22420
1 1
40248 40400
28910 28979
22066 22180
21618 21648
30924 30994
37970 38000
10586 10625
11682 11754
42980 43136
23210 23252
36176 36217
45461 45520
20674 20760
16184 16189
317 360
2401 2401
45768 45800
8210 8226
22818 22852
21022 21100
17802 17825
48472 48500
44438 44480
28627 28720
16001 16001
22514 22576
31877 31941
9076 9095
22762 22816
29233 29233
45294 45310
20642 20660
46845 46880
11652 11675
39494 39580
6948 6990
35832 35944
20538 20560
41954 42102
13472 13510
34822 34864
29330 29384
39730 39755
12872 12920
40878 40895
7852 7864
9784 9800
737 737
40721 40721
24242 24316
9250 9251
12432 12448
34560 34672
32562 32596
38952 38985
36127 36160
40122 40163
23108 23120
4627 4720
48898 48935
23760 23799
49162 49208
43382 43424
28428 28440
8081 8081
13389 13416
13794 13836
48967 48971
28255 28340
34501 34501
29474 29520
5281 5281
1226 1235
33658 33698
49382 49462
31946 32000
38952 38985
40122 40163
25826 25876
39987 40000
19241 19241
10954 10976
38250 38272
41002 41040
28999 29020
35977 35977
7198 7220
27002 27096
9162 9226
30546 30574
11862 11872
17337 17360
29443 29470
9162 9199
13472 13510
11432 11495
31410 31418
4162 4220
49750 49768
49722 49748
42262 42280
23037 23060
42174 42210
22834 22852
11302 11370
12281 12281
9726 9780
49398 49462
26930 26948
3266 3274
42104 42160
46714 46768
47642 47682
48472 48500
37802 37815
45984 46000
10994 11004
24859 24914
48018 48040
4960 4965
23702 23720
43499 43514
47146 47200
27692 27835
18352 18400
28002 28014
12452 12462
38322 38344
12078 12100
28050 28094
16721 16721
37270 37280
35282 35296
1906 1940
32546 32558
5304 5332
13717 13725
45562 45622
14161 14161
43162 43298
5202 5300
21022 21064
2102 2324
34546 34558
370 440
25942 26068
18893 18960
2454 2470
45350 45356
45202 45256
26239 26250
36058 36075
27150 27200
3462 3500
18837 18890
35322 35340
36176 36217
49053 49060
2546 2648
28482 28510
41532 41705
16102 16136
22066 22160
26134 26148
43517 43525
14031 14031
29872 29892
425 425
45122 45156
35049 35110
5042 5093
24776 24857
22200 22224
37662 37680
22002 22060
36754 36800
38402 38417
23082 23106
39264 39291
38172 38248
33361 33361
41302 41504
2102 2192
24241 24241
47226 47264
9261 9261
16002 16010
33115 33170
21252 21296
46550 46560
37876 37900
28860 28883
41632 41680
39601 39601
28022 28200
19182 19192
12472 12504
35889 35938
2561 2561
42478 42500
46944 46960
36602 36640
6584 6608
23254 23276
4566 5180
7818 7850
2102 2160
36425 36425
23234 23252
48885 48896
29330 29384
33344 33350
43747 44370
1 8
11930 12000
33268 33280
11231 11264
33202 33232
23760 23799
20662 20672
30722 30750
25708 25715
5142 5180
20402 20432
6642 6643
40582 40610
5877 5920
6498 6520
45186 45292
23722 23758
32224 32272
40299 40324
16721 16721
42002 42076
37529 37547
21378 21396
36127 36160
23456 23690
28050 28094
32802 32851
5801 5801
44092 44272
27450 27461
16706 16741
41457 41504
902 914
30002 30060
39228 39250
38801 38801
40001 40001
35181 35276
33822 33880
32224 32558
7818 7850
22696 22702
18114 18128
37752 37776
46398 46408
1478 1504
44450 44480
21022 21064
24582 24604
9135 9158
42609 42640
3650 4000
47902 47936
13522 13560
39194 39206
34334 34372
33198 33232
20322 20444
33962 34000
25002 25040
22082 22160
40902 40960
5877 5920
25810 25938
30890 30919
5378 5419
15586 15600
32562 32596
8936 8968
26382 26400
43747 44272
31272 31332
21416 21439
18530 18550
24802 24820
49107 49142
16274 16400
2766 2820
27984 28014
28885 28908
15514 15536
44791 44832
7546 7672
92 100
4866 6320
45029 45050
14022 14060
6208 6212
20482 20500
36662 36736
48549 48560
24622 24857
2210 2224
49515 49570
35730 35768
42401 42401
34242 34294
13057 13057
11410 11424
930 968
44372 44538
17601 17601
45506 45520
47902 47936
23819 23830
5927 5984
44026 44032
23632 23640
46418 46456
3912 3926
31025 31026
47984 48011
12791 12848
43592 44272
32258 32272
27841 27841
19321 19380
34512 34535
18712 18750
39870 39888
15802 15808
30658 30674
29894 30100
37142 37168
15401 15401
5378 5419
36514 36556
46490 46500
21868 21900
48062 48101
41802 41840
26812 26850
12957 12980
27521 27889
25708 25710
23002 23016
28752 28760
47646 47660
29970 30000
22758 22816
13600 13620
33487 33509
588 624
33487 33500
14497 14497
49752 49768
43592 43608
32224 32388
31878 31941
588 624
7556 7672
20001 20001
38387 38416
20538 20552
41338 41350
4259 4272
4302 4320
19410 19438
10917 10917
33906 33960
13990 14008
40582 40610
29074 29208
44482 44536
32466 32500
20102 20112
11213 11296
23234 23240
41417 41424
27528 27536
14580 14634
46846 46880
34334 34372
15722 15784
25302 25320
10994 11004
17251 17251
13937 13937
4502 4540
42914 42950
39116 39116
18434 18456
23760 24560
46810 46823
38877 38892
30442 30991
12111 12180
5282 5302
21176 21180
15558 15572
1148 1155
23026 23035
25127 25140
6645 6656
29472 29516
22737 22740
35714 35720
19642 19799
19952 20000
27554 27657
36514 36556
8936 8968
41153 41153
2006 2010
8422 8449
43747 43756
10452 10464
3174 3192
21640 21648
49152 49160
39002 46084
40962 41155
43499 43514
14018 14053
18712 18772
4860 4864
16066 16100
1290 1302
23760 23784
11601 11601
34481 34486
40582 40620
21082 21100
34402 34425
32625 32625
34967 35012
14609 14609
28394 28416
7962 7994
23666 23684
35770 35792
44352 44370
3714 3720
33298 33446
18798 18835
29329 29329
30608 30620
41274 41282
47702 47717
41002 41008
27162 27270
18279 18305
21618 21638
45052 45134
1328 1345
3330 3352
4566 4638
1 1200
22686 22694
8721 8721
44966 44992
7202 7219
17074 17100
7410 7432
2746 2928
26134 26148
15490 15500
301 301
8212 8221
43042 43080
8772 8784
41661 41661
4381 4381
26762 26768
15018 15040
8970 8976
33884 33890
46660 46712
40326 40368
6498 6520
10866 10879
25280 25292
45102 45134
40742 40760
49252 49263
35801 35801
38419 38436
4081 4081
28436 28448
41378 41398
1121 1121
26950 26976
7390 7402
13842 13860
47732 47738
32856 32928
10168 10200
39978 39985
38192 38230
896 900
29501 29501
40842 41155
36332 36360
42243 42243
8772 8784
3588 3600
7510 7536
23760 25192
30102 30144
41602 41630
6562 6576
27891 27920
49627 49639
37782 37808
38602 38619
44281 44281
13478 13504
24978 25168
44157 44170
17337 17376
15954 16030
27698 27725
42169 42172
37529 37547
40502 40528
35982 36006
28051 28051
10322 10376
481 481
22252 22260
3445 3460
14869 14872
7546 7554
44791 44796
3912 3920
8841 8841
7382 7500
8674 8679
36162 36300
22542 22560
2354 2368
1453 1505
37712 39000
16888 16898
5204 5280
25122 25168
11930 12020
37838 37860
48062 48101
9228 9232
20992 21008
45492 45528
30102 30144
3022 4564
10466 10505
15442 15488
14938 14944
20019 20030
14930 14936
40836 40852
37412 37418
28918 28940
9732 9752
26282 26316
46989 47032
23018 23028
46458 46488
33842 33860
38934 38948
39600 39672
39404 39421
29301 29312
40646 40660
8498 8528
24438 24448
30676 30702
21027 21046
42690 42700
30609 30609
24978 25168
6610 6628
33530 33680
33898 33904
15642 15670
32757 32839
46384 46390
40836 40852
14514 14516
18212 18835
4866 5024
22726 22726
32226 32288
17739 17752
13970 14000
36026 36026
40605 40605
6891 6910
16505 16530
834 840
23954 24120
3090 3104
47720 47730
22662 22680
12336 12350
15286 15927
8797 8820
18114 18128
276 288
39311 39400
28050 28070
3402 3416
30460 30466
43382 43424
22484 22500
30601 30601
10778 10800
27 48
38438 38480
27606 27657
40398 40415
4322 4564
28918 28940
21602 22008
11662 11675
45842 45852
9834 9848
39978 40000
46146 46164
22401 22401
10762 10776
2034 2048
16248 16253
40482 40528
37876 37890
49282 49332
18212 18250
2638 2648
15286 15927
49682 49730
19467 19799
31182 31224
20001 20001
1132 1140
8536 8548
34612 34625
43912 43920
27378 27384
40807 40852
43538 43540
15092 15105
41506 41530
24450 24482
9900 9924
14554 14572
17102 17120
13160 13161
1878 1958
15902 15915
11930 12000
15490 15500
40276 40282
27418 27429
24685 24716
26636 26675
41702 41704
47118 47140
10906 10924
25217 25217
17330 17335
37970 38032
28801 28801
30890 30919
22898 23016
15922 15927
23546 23560
49981 49992
4866 7291
25422 25444
3866 3866
19826 19835
30626 30632
972 992
7602 7994
18552 18564
33002 33160
19562 19572
11182 11211
43661 43661
23622 23630
41707 41740
20162 20168
8642 8672
47870 47875
1796 1812
36850 36860
30166 30184
26066 26068
30704 30716
12249 12254
13666 13692
16032 16264
35982 36006
9253 9284
36458 36480
34512 34520
46412 46416
29478 29520
19701 19701
5458 5832
46202 46250
15350 15372
15522 15542
36834 37242
16138 16166
25826 25872
49752 49780
48376 48400
4914 4920
18418 18424
17935 18160
1922 1934
38192 38230
48590 48610
30482 30544
31111 31124
22286 22300
27984 28008
41947 41956
19467 19488
11010 11040
1826 1830
43170 43198
37170 37180
6645 6656
44722 44736
22414 22420
47646 47660
30352 30368
15544 15556
226 250
1162 1170
46846 46888
36092 36104
17992 18000
6458 6469
19012 19024
401 401
2426 2448
38954 38976
44322 44340
46422 46441
33058 33069
38746 38750
16921 16921
15502 15915
12490 12496
45506 45528
46902 46914
30497 30544
5541 5541
9253 9290
35466 35480
30042 30057
48801 48801
25730 25784
40582 40624
27170 27216
10482 10505
21978 22000
41401 41401
28611 28738
25122 25160
11010 11064
6392 6400
37506 37508
19914 19915
46834 46843
48412 48456
481 481
26745 26745
8752 8770
26522 26550
4274 4292
44352 44370
3753 3760
39770 39788
22626 22652
33842 33860
17606 17618
23982 24012
20752 20852
25560 25562
40013 40030
32001 32001
886 960
6594 6607
20795 20804
37665 37665
16978 16982
1507 1512
47286 47312
15229 15248
19042 19056
29074 29120
45158 45170
14730 14738
25194 25224
14841 14846
9422 9443
4376 4384
20421 20421
13923 13928
1586 1600
36227 36240
47650 47660
9850 9863
22481 22481
38104 38108
32394 32428
27577 27602
1842 1873
25521 25521
23470 23490
3562 3580
42188 42192
13092 13122
25554 25715
3850 3856
22382 22405
46786 46800
15502 15640
7642 7668
32932 32944
14946 14952
40722 40760
46374 46382
42194 42210
23457 23457
22662 22680
972 992
44482 44512
41351 41351
42361 42361
3127 3204
43748 43756
39686 39704
886 1112
35049 35056
18162 18178
9630 9645
17207 17220
21842 22008
19537 19543
38562 38580
40972 40995
27286 27336
22914 22958
19690 19731
28050 28130
39542 39575
25834 25872
3726 3800
48806 48824
37552 37556
3726 3751
15642 15670
11617 11780
44722 44736
29318 29334
21602 21616
7556 7580
49649 49649
36157 36160
37484 37502
48952 48965
22682 22694
16908 16944
7390 7400
3082 3116
24778 24800
18351 18351
18534 18564
39905 40006
9841 9841
46490 46621
38546 38560
16860 16886
18802 18820
13298 13344
34254 34264
1 8
19498 19543
6434 6448
9186 9205
38154 38162
20227 20236
46217 46240
30996 31012
25122 25136
4770 4784
25878 25880
24182 24184
3343 3352
23422 23450
48674 48700
8738 8750
8392 8412
3834 3840
27810 27820
4381 4381
17840 17850
13002 13012
40261 40261
11970 12018
16532 16544
24450 24480
25682 25704
15401 15401
48508 48544
39905 40006
43902 43904
27588 27600
13972 14016
35406 35432
19182 19465
41162 41172
35137 35152
3152 3172
46040 46042
28918 28932
37002 37017
16195 16197
8847 8870
15250 15270
13020 13060
47272 48875
17424 17440
1970 1972
338 360
3972 3982
41157 41284
45906 45920
17739 17834
36157 36216
12802 12835
33329 33329
6322 6400
21266 21312
36571 36571
10228 10250
30497 30544
27938 27944
10321 10321
28050 28070
10926 10932
9026 9095
33742 33750
24990 25060
14993 15016
19601 19601
10778 10844
38309 38320
3028 3059
13432 13449
11838 11855
30930 30940
47842 47848
42194 42220
40972 40992
29387 29415
26698 26720
20146 20205
45158 45170
37002 37017
36418 36496
38419 38428
15072 15076
23456 23468
44701 44701
17390 17400
35906 35910
37789 37800
29182 29208
17318 17328
10705 10705
42432 42452
47522 47536
34506 34510
19594 19605
33789 33796
26002 26037
35450 35454
16505 16530
42902 42950
12718 12722
32098 32120
1418 1423
48995 49034
11682 11736
3218 3230
32372 32385
42586 42596
29575 29600
4542 4564
31890 31921
45432 45455
37298 37350
22605 22694
10748 10752
40193 40193
17054 17064
40082 40085
38035 38096
43354 43366
4011 4019
13244 13250
42194 42224
22372 22380
14042 14053
42980 43016
40087 40129
2490 2496
25906 25910
26212 26221
26282 26316
9754 9768
39121 39125
20042 20056
21721 21721
44130 44538
7270 7288
20601 20601
11152 11155
4738 4750
42386 42396
37918 37940
30996 31012
5218 5302
24450 24480
40594 40610
22526 22540
30352 30368
8198 8210
46344 46364
4642 4656
3388 4320
14096 14102
32978 33160
45942 45952
27441 27441
49682 49732
33760 33781
33449 33460
30281 30281
36246 36248
32708 32708
44128 44128
31482 31504
46931 46942
42553 42580
8841 8841
7916 7930
21142 21170
9717 9717
23001 23001
19801 19808
16001 16001
38140 38172
8978 9024
24306 24316
30201 30201
47984 47985
34722 34900
28394 28416
19602 19731
48180 48204
47938 47982
40902 40992
7686 7694
36642 36650
31282 31308
49442 49584
31370 31388
49702 49732
21452 21456
18074 18090
9876 9886
20207 20225
45106 45107
29417 29462
33081 33082
29650 29664
41308 41320
17207 17220
8154 8210
32123 32132
42114 42130
5438 5440
24221 24221
7382 7500
25786 25800
3418 3430
33198 33222
34110 34120
46398 46404
14410 14450
26823 26848
4770 4792
12542 12550
2886 2928
37438 37482
5550 5565
43202 43270
30102 30156
24886 24904
7757 7765
25597 25604
13642 13650
47127 47142
40718 40760
28670 28800
28010 28014
13244 13250
27042 27084
5142 5180
30460 30466
40401 40401
33862 33892
5673 5696
38052 38065
49932 49936
13862 13872
36602 36632
4294 4300
19516 19535
23050 23056
9230 9232
23050 23056
27034 27084
2078 2120
21027 21046
13570 13576
24669 24683
29617 29648
14636 14664
9870 9874
15558 15580
7462 7500
4480 4486
24722 24740
35074 35089
474 480
23546 23584
20058 20075
9186 9199
38362 38380
27750 27808
48982 48993
29852 29860
33906 34195
45714 45734
39742 39752
30102 30156
34512 34580
49081 49081
35906 35910
44388 44450
7510 7525
28209 28218
1737 1744
20874 20888
7434 7444
3588 3600
6566 6576
28554 28568
12177 12180
37964 37968
32862 32870
41297 41300
38052 38065
37084 37096
46890 46914
15797 15848
14452 14500
26134 26137
25560 25562
2822 2884
5858 5870
386 416
31134 31144
3681 3681
19690 19728
5018 5045
226 240
5001 5016
41863 41931
26498 26520
14954 14976
18241 18241
8627 8658
48103 48104
10857 10880
16012 16028
6881 6896
27866 27876
22484 22512
26698 26735
48777 48784
44442 44448
7474 7482
13127 13152
5142 5180
16906 16982
2193 2200
38638 38716
6702 6715
16222 16246
38174 38190
5964 5965
45234 45235
39041 39041
15857 15857
11187 11200
7696 7705
28999 29002
23866 23888
35104 35110
16702 16768
9672 9692
807 832
26386 26417
46182 46188
19388 19408
47393 47393
27866 27876
49077 49105
35794 35802
27094 27096
4322 4374
35137 35152
29954 29968
29348 29360
19712 19720
38681 38690
33474 33485
1352 1360
2351 2351
45809 45810
27482 27492
2370 2377
40082 40085
43441 43441
10432 10448
38274 38280
42007 42010
46718 46736
20434 20444
35494 35510
18701 18701
28255 28256
30930 30940
6322 6416
9097 9164
13984 13995
47958 47962
40646 40690
18370 18390
33822 33850
4070 4096
29284 29288
23982 24012
2784 2820
49192 49200
47082 47098
46754 46756
12914 12948
49286 49332
30258 30270
22001 22001
32892 32928
1886 1904
23977 23977
40692 40700
5161 5161
7356 7360
5182 5320
25627 25648
25341 25350
34170 34184
47482 47485
347 472
43562 43570
43758 43764
38146 38152
9281 9281
43542 43552
46344 46345
21082 21097
30071 30080
1697 1713
37842 37860
49972 49979
22770 22795
17799 17799
29038 29048
46324 46342
3962 3970
27418 27424
35181 35200
9990 9998
10934 10940
40801 40801
1237 1288
12025 12025
49355 49364
4206 4312
25280 25350
3996 4006
4667 4720
13000 13012
12072 12080
18002 18090
28740 28760
26154 26156
25370 25400
40778 40790
4259 4270
47104 47104
12694 12709
43592 43730
44320 44340
23766 23784
36501 36501
37121 37121
13842 13860
13302 13312
8972 9020
47322 47340
42914 42936
13226 13232
48590 48600
1453 2039
19986 20005
46203 46250
15154 15197
7627 7640
11332 11355
38546 38555
22898 23106
11782 12058
14465 14472
37582 37620
23722 23732
35368 35392
30522 30576
33579 33595
16994 17044
43202 43270
26481 26481
24922 24948
7466 7488
11384 11392
24074 24079
7290 7291
18671 18686
2507 2520
23760 24240
9804 9810
10072 10088
21242 21246
3474 3552
15630 15757
43202 43270
34050 34064
49601 49625
46203 46250
12222 12230
2894 2910
15490 15500
39712 39725
10000 10010
12249 12400
27698 27725
31294 31308
12472 12504
15554 15556
31890 31892
35442 35448
17970 17990
17330 17331
767 780
35329 35329
7585 7585
13842 13860
18632 18635
8786 8795
4086 4090
27840 27850
31594 31604
48062 48080
37582 37710
39600 39648
6946 6980
15561 15561
41052 41065
43592 43730
41177 41219
30434 30656
5304 5320
14626 14634
22042 22064
24892 24904
31858 31882
35553 35553
41690 41692
31582 31620
30690 30696
5927 5933
5056 5093
18658 18669
39800 39813
49601 49625
38802 38818
4472 4478
42027 42070
47646 47806
48337 48337
45512 45528
9298 9408
46443 46460
42834 42840
18726 18735
15154 15212
29413 29415
29464 29476
10621 10621
40512 40516
27207 27208
30894 30922
37338 37350
29986 30016
46644 46844
14312 14320
10520 10535
35962 35966
48300 48304
12658 12660
11170 11177
5780 5808
34016 34025
26139 26148
12490 12496
42454 42476
33760 33781
32833 32833
32209 32209
33418 33436
46602 46616
29522 34584
4914 4920
40718 40760
34941 34966
38802 38818
40165 40176
11680 11685
15929 16004
19281 19281
39757 39898
36162 36176
38306 40610
23196 23196
30191 30208
21640 21648
31962 31980
5880 5890
8627 8683
47602 47627
29387 29411
38718 39400
370 380
19650 19664
3681 3681
34374 34391
32798 32854
47272 47284
11537 11544
32759 32780
7510 7525
5673 5688
35134 35179
6626 8426
22518 22524
45432 45452
3129 3129
587 625
39466 39476
31320 31328
33801 33801
32626 32640
44181 44181
33006 33030
18434 18448
44778 44784
33852 33860
2282 2322
34353 34353
17840 17848
11942 11968
43354 43370
49014 49021
22914 22956
43401 43401
1826 1830
9461 9461
6550 6554
23938 23950
807 830
30522 30576
21681 21681
6322 6360
33418 33436
36747 37710
32184 32220
46781 46781
23329 23329
44642 44648
22010 22016
35218 35228
27538 27552
3996 4006
42818 42832
7410 7424
28220 28253
15810 15820
26978 26988
18927 18954
24074 24079
47672 47684
6214 6230
6272 6320
34337 34360
49178 49248
32712 32757
48683 48694
32402 32510
39250 39253
28697 28698
5378 5400
21506 21524
717 721
228 240
31841 31841
2786 2786
27302 27314
18751 18751
48354 48425
2467 2492
23312 23348
35902 35904
30482 30492
21607 21614
18414 18416
32123 32132
49555 49568
13196 13205
16177 16182
13434 13440
36466 36680
42902 42905
36250 36300
44733 44733
41499 41504
39947 39968
40289 40300
37442 37470
23477 23490
10265 10272
46641 46641
4786 4792
47787 47800
43202 43228
47454 47458
26992 26998
12022 12027
30634 30652
39985 40004
9148 9158
8562 8596
42178 42280
48777 48784
16793 16808
12298 12304
30658 30672
20961 20961
33237 33237
45894 45900
20150 20160
1638 1655
15302 15320
32302 32510
1478 1504
40193 40193
19801 19812
4046 4047
46481 46481
1290 1302
10992 11004
13714 13715
38594 38619
23108 23148
36032 36056
47548 47560
28240 28253
31792 31793
33793 33793
15490 15503
44994 45004
22282 22284
34296 34304
5641 5641
43009 43009
26082 26091
43970 43990
1000 1018
20310 20312
42262 42272
4801 4801
29080 29282
10507 10970
15092 15104
26552 26560
892 1280
16401 16401
22762 22768
45892 45919
41204 41219
47934 47936
27322 27336
38992 38996
27272 34584
23201 23201
7484 7488
852 1451
29478 29500
48180 48204
5210 5212
15266 15270
49779 49822
21626 21626
8544 8548
3624 3638
40854 40875
17 17
2290 2303
30290 30298
20114 20120
29650 29664
34642 34655
26289 26289
10 19
44320 44349
6277 6286
30330 30330
6385 6385
42210 42232
42914 42920
20038 20284
39842 39898
14410 14450
22182 22205
42586 42596
17786 17800
42426 42452
43706 43730
13041 13041
48106 48112
36302 36316
19961 19961
9550 9630
48230 48240
44372 44385
49602 49620
31435 31452
14538 14552
4506 4530
8338 8342
5276 5288
21372 21392
22714 22728
25972 26344
14561 14561
31594 31604
1 8
43372 43390
39427 39436
27826 27830
19377 19382
40706 40716
39592 39595
35266 35276
9026 9080
36468 36478
23766 23784
37817 37824
27837 27838
13418 13441
34978 35000
656 686
25007 25040
35026 35040
39985 40004
39512 39569
4338 4341
4480 4484
21618 21624
37161 37161
49374 49378
49526 49540
37817 37850
34032 34042
41382 41398
11887 11900
19598 19605
20986 20990
35218 35228
28394 28416
45684 45696
44862 44872
48062 48083
4277 4374
41252 41264
8231 8231
2326 2352
37798 37804
17121 17121
30119 30156
38770 38840
23942 23950
35026 35040
48472 48480
42980 42995
49938 49962
4987 4999
42762 42772
46081 46081
32546 32554
16006 16010
16994 17000
31506 31520
44132 44158
72 75
4506 4530
23722 23732
9346 9360
43597 43616
27554 27560
22487 22490
8250 8255
9479 9479
31746 31764
46514 46536
28385 28385
28132 28140
12472 12480
1178 1190
31772 31776
46718 46722
15122 15141
45874 45884
37985 38032
5304 5320
34398 34406
26350 26352
27978 27982
19058 19070
37298 37313
22445 22795
31294 31308
14993 15048
46050 46052
8258 8312
13666 13683
33746 33750
31272 31280
1962 1968
2174 2184
20416 20425
13522 13538
35494 35500
49077 49088
29986 30008
29162 29200
5376 5412
13998 14004
23105 23105
25722 25728
41863 41931
24802 24812
30119 30156
35402 36006
41662 41692
46860 46875
6488 6540
13540 13880
39177 39177
859 870
1914 1934
7730 7774
34862 34864
12328 12334
22797 22820
39352 39380
48952 48956
5242 5280
17970 17990
42521 42521
19052 19056
31456 31468
40248 40287
27002 27015
8897 8910
47086 47168
44202 44218
40632 40690
36162 36175
29706 29712
16822 16856
16038 16042
43233 43233
46050 46052
19601 19601
4702 4716
34279 34284
9162 9164
9298 9408
38438 38445
10627 10639
7531 7536
21361 21361
29142 29160
6385 6385
31192 31216
6821 6821
25789 25794
14210 14220
31390 31392
14466 14576
9926 10064
17275 17280
23192 23233
3502 3642
3082 3251
14582 14594
32048 32055
7370 7564
46641 46641
16214 16220
43376 43376
43890 43900
41204 41219
6777 6784
26798 26805
8797 8810
19482 19495
8392 8400
9182 9296
29081 29081
22433 22438
48446 48466
42389 42390
30634 30652
24254 24482
47732 47746
12208 12215
22605 22656
45741 45768
9565 9576
16241 16241
9261 9261
34122 34125
45358 45361
2150 2160
1462 1472
12182 12188
16549 16555
41933 41952
22152 22180
37442 37470
36966 36970
41746 41816
11626 11626
31663 31672
322 326
8841 8841
22164 22178
26419 26426
20227 20236
35406 35416
31646 31661
32846 32850
18201 18201
41642 41652
29326 29415
48354 48368
20124 20129
1022 1040
28410 28426
2202 2223
7582 7640
30658 30968
43290 43297
20012 20017
2426 2444
6645 6656
43077 43114
22494 22500
13426 13430
12102 12320
49555 49570
27538 27550
49793 49793
12432 12436
29717 29734
5152 5180
8357 8449
46401 46401
37852 37865
38140 38152
23456 23472
8627 8630
9346 9352
42401 42401
10848 10852
40898 40952
33179 33182
48740 48750
40087 40100
31962 32015
25388 25400
38250 38264
9474 9480
37954 37960
47010 47045
29841 29841
48514 48520
6016 6020
31594 31604
45827 45840
23722 23732
46554 46565
27984 28020
24392 24393
33894 34128
38722 38750
12646 12664
37598 37602
17542 17548
33041 33041
38802 38824
594 603
33179 33182
39264 39274
47202 47270
3794 3848
46201 46201
42565 42574
28630 28642
47322 47450
21220 21222
12921 12921
13634 13640
32910 32930
34090 34092
43142 43148
21972 21976
34722 34724
35208 35228
24760 24780
41306 41429
42791 42810
31649 31649
11042 11054
20332 20336
23501 23501
19250 19260
18641 18641
29284 29312
9658 9660
17910 17931
18792 18796
13301 13301
32818 32821
33601 33601
33927 33940
23832 23848
34337 34350
9770 9802
17622 17646
40401 40402
13721 13724
7382 7388
40898 40952
14514 14516
10278 10303
41346 41375
32377 32385
27554 27575
8486 8518
44442 44450
5594 5696
39412 39492
44866 44872
39802 40072
4086 4090
40854 40860
17556 17568
1247 1260
22154 22180
34318 34330
10378 10384
20460 20464
33970 33971
39802 40072
7114 7122
12072 12081
35778 35780
30970 30976
8907 8907
30642 30652
49916 49930
750 755
38722 38730
42682 42710
43970 43984
25571 25571
11860 11872
43706 43730
1207 1218
48721 48721
3192 3208
9717 9717
8370 8390
46401 46401
25328 25330
15304 15320
2611 2611
5998 6010
38638 38650
41233 41233
786 805
3073 3073
17282 17290
38778 38788
37918 37936
19814 19820
20930 20933
1886 1896
45791 45798
3410 4456
4320 4329
15748 15757
4034 4047
4320 4329
33152 33160
44777 44864
15657 15680
29254 29282
44070 44072
43622 43635
45601 45601
8002 8016
12769 12769
15272 15275
48602 48610
11562 11578
2822 2830
30033 30033
140 165
13738 13752
42818 42832
22770 22795
21574 21584
18197 18210
31792 31793
33338 33360
13681 13681
30790 30844
39001 39001
14232 14240
18714 18772
23594 23599
30238 30248
31242 31280
9027 9032
12712 12724
9565 9576
35298 35302
43110 43114
47590 47627
992 998
23142 23148
2948 2984
42868 42870
32390 32392
2832 2848
9819 9820
33579 33585
34822 34825
9201 9201
4794 4812
17881 17881
23932 23936
38362 38380
31014 31020
41592 41600
15759 15784
13745 13745
4754 4764
35138 35144
43354 43370
27773 27824
34968 34976
45036 45040
48590 48600
24088 24095
18342 18348
12672 12676
35861 35861
18498 18512
32146 32168
15362 15376
39762 39776
45754 45760
242 250
28999 29002
11217 11217
20786 20801
4690 4716
33074 33090
17936 18068
44753 44758
43246 43264
6208 6209
38400 38410
3164 3168
3366 3368
9112 9548
43246 43264
46776 46780
5628 5635
41550 41552
4398 4414
22106 22110
38047 38210
15686 15690
6826 6876
25953 25953
30909 30919
38850 38875
20817 20817
47278 47284
14612 14634
167 190
43164 43168
29970 29984
8578 8590
9598 9610
26196 26204
2515 2540
14488 14492
46085 46085
32194 32200
7092 7127
22518 22540
21052 21064
20273 20276
38577 38577
7114 7122
41062 41065
36437 36456
18592 18600
717 720
7021 7021
43852 43856
38181 38181
39311 39328
23058 23060
44198 44218
6081 6081
46690 46704
14580 14600
7650 7660
20594 20608
18671 18678
18538 18550
27781 27786
2634 2652
13474 13476
9662 9666
23562 23580
37630 37710
27450 27461
43542 43550
16505 16520
12394 12407
27659 27688
12452 12515
27528 27536
43440 43450
33041 33041
2950 2984
36138 36144
41994 42000
3358 3360
18098 18116
46758 46759
34206 34208
30782 30787
27562 27568
19479 19495
9329 9340
5674 5688
37818 37824
43562 43570
49192 49208
1426 1432
23217 23217
42980 42995
27840 27864
9272 9280
41351 41351
12266 12288
21906 21918
23760 23968
40189 40198
31192 31224
24626 24640
35681 35681
23203 23208
25797 25804
8105 8355
27921 27921
28952 28952
47358 47368
45674 45682
546 556
13201 13201
30824 30840
25884 25904
26751 26751
35782 35784
15432 15436
10808 10821
1732 1760
10158 10166
41662 41692
49381 49390
39218 39224
17146 17554
16994 17000
19177 19192
42842 42849
27320 27340
12429 12450
33841 33841
19950 19984
43998 44020
6630 6632
25780 25784
1386 1404
20518 20536
49306 49332
8427 8427
30120 30128
11790 11800
6872 6876
40837 40875
36950 36960
37938 38045
35821 35821
26127 26148
48701 48701
1370 1380
36850 36860
7321 7321
19502 19508
1552 1554
37718 37732
43906 43925
43162 43200
7881 7881
45121 45121
20114 20122
20474 20484
30032 30064
19239 19248
31714 31882
627 645
14863 14880
45082 45098
15894 15902
40993 40993
30477 30492
33658 34195
43622 43680
25202 25220
32872 33000
37941 37941
44050 44053
11942 12024
36616 36632
36152 36155
25261 25261
29650 29670
44388 44404
21936 21950
40208 40220
22066 22076
11179 11180
24946 24948
14117 14120
43930 43939
10557 10580
44753 44758
28450 28528
33894 33896
25514 25525
4787 5116
25198 25250
7242 7258
46644 46888
4242 4275
29874 29880
11701 11701
11593 11593
35250 35302
47278 47284
27898 27904
3127 3130
23050 23060
28174 28192
33052 33095
45002 45004
31994 32008
44672 44676
7360 7361
8107 8240
23734 23740
27111 27118
10978 10988
249 250
19218 19237
6451 6460
40742 40750
4070 4080
23251 23251
41690 41692
40193 40193
14266 14284
31482 31498
33842 33845
4892 4896
36786 36840
3097 3116
36014 36020
31174 31176
14612 14634
33179 33182
39013 39013
4326 4374
34376 34376
16505 16520
10168 10176
142 160
18321 18321
15225 15225
45218 45232
47198 47256
2898 2910
35601 35609
40801 40801
5242 5282
13077 13080
16524 16528
25573 25580
20333 20333
301 301
16477 16490
19098 19112
37122 37134
34886 34928
14001 14001
15982 15983
23712 23712
228 232
41431 41432
36518 36525
627 645
13642 13650
2731 2731
15301 15301
9042 9070
39698 39702
20193 20193
45998 46036
31394 31408
19814 19820
31402 31408
48782 48793
15505 15505
34228 34232
35368 35400
44821 44821
42478 42596
48234 48240
5394 5400
1953 1953
29550 29558
36010 36012
34171 34180
2193 2292
28082 28094
36897 36916
29986 30008
11790 11804
38178 38190
33752 33755
25294 25310
6522 6535
20858 20866
14122 14131
35166 35176
1814 1818
30158 30350
13934 13935
14772 14780
11766 11776
37474 37482
24198 24216
49058 49060
33006 33030
44753 44758
13088 13090
45301 45301
35406 35410
22978 23010
12726 12850
17942 18016
41342 41375
3030 3040
46541 46541
15141 15141
35146 35149
14666 14672
47590 47632
29520 29526
13170 13172
45634 45639
9058 9070
33226 33240
40357 40375
1670 1688
17030 17038
48584 48588
48001 48001
25362 25368
34628 34650
39066 39071
17898 17908
15107 15212
49 49
10066 10068
46002 46016
5363 5363
22662 22672
33458 33460
40962 40973
22408 22412
48306 48338
17801 17801
26421 26421
44898 44909
31827 31832
32266 32392
27638 27650
12572 12576
26842 26848
26342 26348
13756 13764
730 744
44994 45008
39073 39084
31410 31418
45272 45288
19198 19216
5112 5116
13921 13921
14072 14090
19921 19921
36450 36456
2426 3408
3902 3908
3253 3254
25717 25720
18496 18501
18012 18016
24484 24492
47378 47384
32303 32305
18837 18875
11736 11736
23174 23248
7452 7460
28197 28207
6626 6862
17452 17468
7370 7435
32798 32830
23327 23331
8850 8916
43826 43832
9446 9464
42422 42466
33450 33452
9706 9924
11102 11121
31601 31601
32962 32985
45741 45750
17759 17768
47906 47936
47460 47464
18812 18820
6830 6850
36897 36904
38905 38905
13041 13041
23890 23968
5777 5778
1172 1176
23722 23732
44062 44063
39806 39811
33049 33049
31394 31444
342 345
45906 45919
28147 28150
49127 49174
10041 10043
11617 13520
10054 10400
23477 23490
28022 28100
42882 42900
32612 32685
21114 21120
25874 25882
38250 38264
46685 46704
2494 2505
26453 26453
35482 35528
31022 31332
1138 1220
13584 13624
24162 24170
37070 37072
5421 5438
29986 30008
19814 19835
9253 9260
42212 42222
44651 44658
32042 32046
44272 44292
2766 2782
4556 4556
1670 1688
5541 5541
932 936
34414 34415
38248 38340
21280 21296
40530 40532
4738 4750
33170 33278
14938 14944
43009 43009
39177 39177
8920 8921
37682 37696
47857 47860
31842 31856
24465 24465
30433 30433
32926 32926
15786 15790
12394 12424
41442 41450
13434 13440
17418 17484
12914 12972
33394 33408
2450 2452
34502 34510
24552 24574
25068 25080
49468 49472
19941 19941
9538 9544
5310 5321
27891 28218
49241 49241
32622 32645
16152 16164
11448 11615
23825 23825
35182 35228
578 592
22818 22835
32151 32151
40034 40070
44070 44072
5747 5768
36897 37008
49982 49992
34754 34776
13634 13692
28461 28461
32070 32074
10751 10751
22278 22284
13366 13370
46962 46964
24913 24913
13418 13441
3196 3204
48417 48417
46203 46255
43816 43822
17556 17565
38666 38679
18514 18532
6092 6108
31606 31620
39686 39696
19522 19535
27338 27340
8428 8432
18538 18550
14092 16012
13540 13564
33810 33812
30993 31332
35094 35102
45871 45871
13685 13690
40087 40129
40718 40728
9121 9121
25294 25310
37906 37910
2370 2377
605 608
45546 45621
29650 29664
27222 27270
28653 28712
26181 26181
47452 47560
37630 37650
17836 17848
6881 6883
42714 42750
41346 41360
39512 39521
8717 8731
12712 12724
19946 20000
13210 13213
47106 47130
29952 29964
19177 19248
26796 26920
36066 36104
33251 33251
34546 34550
16289 16289
33752 33781
44721 44721
22638 22648
36245 36248
2981 2984
42794 42840
21424 21424
15227 15264
18802 18806
33554 33570
737 737
28450 28504
46330 46340
31908 31919
39803 39803
10612 10624
7394 7435
10246 10250
34025 36680
31074 31085
15810 15819
49438 49450
3972 3982
37838 37850
19612 19621
23227 23231
8986 8996
25153 25153
16822 16832
47498 47510
30593 30593
4206 4228
40398 40404
27172 27184
23235 23240
202 850
17001 17001
13617 13617
35866 35980
18392 18412
37474 37482
11701 11701
28789 28789
10265 10272
41174 41175
48492 48506
39970 39976
47425 47425
14222 14241
38689 38694
2986 2988
28362 28368
28630 28642
2242 2249
20610 20688
26277 26280
26050 26060
8042 8050
24541 24541
39868 39868
7977 7984
446 446
23413 23420
23681 23681
46931 46987
45014 45018
8558 8560
44202 44218
16813 16813
7602 7612
31666 31672
45894 45895
11634 11640
11860 11870
13397 13404
1627 1632
6350 6354
20314 20336
3457 3457
19986 20000
40558 40566
43392 43400
46877 46888
23518 23521
42200 42210
26106 26110
6288 6306
22557 22580
15601 15601
28834 28848
8717 8731
16378 16428
44321 44321
45634 45788
16102 16136
45822 45825
4376 4376
46310 46311
15573 15582
46412 46416
36978 37000
41694 41704
48554 48555
48131 48131
26877 26884
33901 33901
26001 26001
35182 35228
10054 10208
8107 8260
22494 23078
37985 38030
40977 40999
31527 31536
46634 46642
13496 13504
5186 5194
5567 5572
27394 27416
35842 35852
47293 47293
24514 24544
6626 7230
45646 45650
32612 32685
20118 20122
18854 18875
46406 46406
2474 2482
10881 10904
13998 14053
8392 8412
20690 20692
11972 12016
34628 34636
32782 32795
20008 20017
36702 36710
21877 21881
42252 42264
30158 30350
11076 11092
42337 42337
1490 1496
27281 27281
47377 47445
1006 1018
31456 31566
44587 44592
40632 40636
10544 10550
40792 40793
38718 38768
10552 10554
6277 6286
32082 32088
28815 28824
5777 5778
39494 39496
44493 44510
20012 20017
6222 6256
45530 45536
37402 37405
38470 38475
8562 8575
44798 44810
28653 28668
21361 21361
37077 37082
35026 35030
46921 46921
767 810
8392 8412
40646 40686
13184 13190
39041 39041
11874 11885
486 510
34608 34608
43162 43228
24102 24106
44874 44890
20874 20875
28026 28100
23683 23708
34238 34243
49226 49234
14458 14463
39356 39373
8285 8285
43338 43341
25127 25132
44874 44890
44522 44872
23766 23778
46554 46565
20954 20955
15022 15025
32782 32795
13127 13168
43234 43352
47342 47450
22578 22580
3073 3073
16346 16376
6974 6980
33884 33892
7360 7361
19497 19543
34347 34360
2264 2276
32146 32155
30977 30980
14577 14600
11713 11713
13937 13937
28798 28803
24108 24112
17455 17455
38005 38005
33738 33781
26522 26528
13377 13385
10594 10624
43470 43478
31154 31156
31126 31144
26272 26274
10258 10315
6294 6306
11332 11348
40862 40875
39922 39934
7491 7540
32462 32494
1814 1818
10246 10250
23780 23968
16612 16616
4026 4028
26396 26412
41681 41681
11285 11286
25717 25722
37352 37362
44687 44688
28630 28642
23751 23756
37504 37510
22917 22928
42060 42064
34418 34424
5560 5585
24066 24079
26698 26720
19977 19977
1634 1648
25108 25140
10865 10879
46176 46176
32707 32722
36913 36913
28132 28140
6982 7220
41204 41216
4826 4826
42851 42851
33793 33793
14222 14247
32134 32140
9138 9160
47521 47521
40458 40464
49716 49752
15759 15808
8910 8910
15650 15655
16170 16182
43691 43691
8932 8934
16793 16812
49725 49728
4698 4716
45870 45872
38627 38627
42269 42272
7081 7081
48362 48425
8748 8768
6399 6405
41987 41996
47590 47632
41679 41688
33798 33845
34817 34817
41238 41245
23314 23325
36927 36936
86 102
7426 7432
37210 37216
6932 6936
22837 22846
3922 3928
43039 43050
7438 7441
24069 24069
36506 36532
42957 42961
28538 28550
7978 7984
40558 40566
38362 38376
9367 9379
7482 7489
30961 30961
33730 33736
1351 1351
42269 42272
34171 34171
44294 44349
30002 31332
37868 37874
17432 17437
20292 20298
26796 26920
2060 2069
17146 17211
18283 18288
1910 1912
26737 26765
28318 28328
17521 17521
34781 34781
43852 43857
11758 11762
41482 42410
1 1
15438 15450
45474 45491
7664 7670
35914 35918
42727 42736
4146 4152
42553 42553
26858 26863
16862 16878
23795 23799
31862 31882
42512 42516
15141 15141
24466 24478
13184 13213
38800 38875
41506 41509
9322 9327
15750 15757
10980 10987
33338 33346
42641 42641
47061 47061
15154 15172
9578 9610
49258 49284
7410 7424
29464 29470
36978 36992
17486 17499
44388 44459
2962 2970
34542 34551
31782 31793
44651 44658
28385 28385
48492 48504
774 780
41436 41440
19198 19237
20502 20512
25742 25755
14322 14354
18658 18660
25618 25690
45501 45501
12182 12190
33921 33921
3064 3080
46646 46652
32361 32368
6249 6249
39922 39934
35129 35129
15970 15980
26698 26734
34752 34866
4801 4801
161 161
6471 6472
25634 25648
41436 41450
6146 6220
40502 40504
3962 3970
13540 13632
21730 21740
21958 21975
19733 19734
28182 28192
11921 11921
32658 32670
32076 32088
49381 49381
39615 39615
39561 39561
15741 15746
21864 21869
9466 9475
29858 29872
47896 47900
19497 19543
3210 3212
33511 33585
25721 25721
2902 2946
34542 34551
22018 22025
38538 38544
7594 7662
42818 42832
10432 10448
34727 34736
28333 28333
40817 41066
42740 42751
11942 12058
35837 35840
19388 19408
14410 14420
23090 23106
41967 41985
9446 9504
10703 10706
32638 32645
16328 16396
40417 40417
48285 48288
13667 13675
33152 33160
23159 23164
45322 45326
9961 9961
22318 22328
32143 32222
32750 32870
45782 45783
33572 33575
9618 9628
23544 23632
11187 11330
2258 2276
24462 24478
27286 27296
44462 44491
25482 25484
32817 32817
31074 31085
4634 4636
3743 3760
14161 14161
1108 1136
17992 18010
6754 6768
9082 9092
31212 31224
14452 14463
44194 44218
702 704
3859 3881
24045 24058
38001 38001
40482 40500
39369 39369
17046 17060
39162 39170
35564 35568
22760 22794
142 165
36318 36321
49245 49248
34878 34880
20610 20660
46176 46201
13333 13344
44307 44318
3984 4009
22978 22992
338 345
14032 14038
47138 47144
6474 6481
24306 24306
49002 49008
49195 49208
6507 6530
1960 1968
24994 25005
11407 11446
44030 44034
3859 3881
23067 23076
785 785
8947 8947
9761 9761
19857 19857
24152 24160
14266 14272
18593 18593
42429 42434
1777 1782
19342 19345
44636 44636
46265 46266
6430 6432
8290 8300
18258 18281
49632 49652
25272 25326
12429 12429
2127 2128
49875 49885
32377 32377
13681 13681
31074 31085
16121 16121
39602 39638
20371 20371
10938 10970
47214 47218
47447 47448
6498 6501
38235 38246
3697 3706
13713 13719
31456 31632
18029 18036
11378 11380
1092 1104
17950 17956
46860 46914
13601 13601
10274 10315
7057 7057
21833 21934
42607 42607
48143 48162
31401 31401
1556 1560
21372 21380
19177 19192
7146 7152
29284 29288
29681 29684
29273 29273
8166 8175
34778 34794
8066 8070
31624 31626
41482 41490
29241 29241
1952 1974
15732 15739
18283 18291
2792 2799
6826 6850
13984 13988
16793 16812
28922 28932
10808 10821
6721 6721
43354 43364
18414 18629
21034 21046
47338 47340
4500 4548
13402 13424
13572 13576
4170 4177
28653 28712
32482 32491
35286 35300
49170 49375
29262 29282
3418 3443
2426 2848
34522 34530
30664 30672
45432 45448
42498 42505
8872 8900
42907 42908
31140 31144
20452 20588
21921 21921
24767 24770
45238 45250
21506 21520
48458 48464
36690 36694
26127 26132
40139 40145
26261 26266
2976 3163
27745 27745
42794 42800
37753 37760
33798 33815
28801 28803
7281 7281
5906 5915
25062 25106
28951 28952
11838 11855
37297 37304
17872 17874
1820 1836
10802 10806
29080 29084
8822 8832
7992 8140
43663 43675
38202 38210
37712 37939
17731 17731
31521 31536
26421 26421
8797 8808
11332 11346
12572 12580
43281 43281
394 400
26798 26816
6330 6354
27517 27517
13273 13296
35152 35164
32143 32525
47400 47410
15372 15376
32872 32895
901 948
1304 1326
8007 8007
40826 40834
39478 40224
15759 15784
28999 29002
16675 16680
3976 3982
12837 12842
49460 49532
27138 27139
35873 35873
6802 6822
18061 18061
5754 5768
3418 3443
2886 2892
28227 28234
19462 19464
2450 2452
3912 3928
26450 26458
29284 29296
41778 41861
31638 31643
1 1
20402 20408
1 1
25582 25584
29551 29551
24950 24964
33081 33082
48740 48750
13397 13400
717 720
31201 31204
39377 39378
9166 9180
7438 7441
42626 42644
3912 3920
37155 37448
656 670
2898 3163
19334 19351
373 377
35457 35457
30526 30530
3073 3073
34318 34330
16666 16672
2832 2840
32372 32375
19777 19777
19952 20017
7730 7760
15122 15136
48340 49168
42001 42001
2742 2750
46282 46296
37220 37222
24198 24216
43010 43018
43802 43811
7896 7896
34663 34675
40730 40736
28592 28594
20240 20242
2766 2780
21886 21888
7800 7806
7287 7291
11914 11920
23402 23480
9672 9680
48633 48633
8562 8575
23354 23364
30554 30566
24790 24812
4878 4910
42019 42032
862 870
27361 27362
45556 45560
29152 29208
627 635
40654 40660
15308 15311
30417 30417
38986 39071
3694 3695
41974 41984
896 899
24942 24944
42007 42032
8402 8408
28468 28504
42022 42025
5866 5870
32273 32273
13761 13761
35304 35632
20262 20270
22225 22225
28961 28961
32874 32878
8212 8226
27734 27750
9784 9800
49506 49513
30522 30524
16146 16164
38682 38687
30850 30870
656 670
1922 1934
20150 20155
40417 40428
15482 15488
22796 22885
9668 9670
5552 5558
45553 45553
32626 32636
23313 23340
49193 49193
20881 20881
20628 20634
19837 19855
46562 46565
40302 40304
13250 13264
19700 19710
26121 26121
42094 42102
19252 19260
47481 47481
12434 12436
25642 25648
3841 3841
32687 32688
1410 1451
42794 42810
28193 28193
12145 12146
35612 35632
46541 46541
31368 31415
14510 14530
21978 22004
47953 47953
7222 7230
9726 9766
41032 41040
16366 16370
8557 8557
29124 29128
39352 39383
24327 24350
31134 31135
39542 39548
46738 46742
32872 33113
27936 27937
19432 19438
37771 37771
6222 6242
1907 1934
5440 5450
47148 47153
33783 33787
45998 46036
7356 7358
18580 18580
17935 18243
1 102
24721 24721
44937 44944
20212 20224
14606 14832
4814 4821
27346 27355
1953 1953
38898 38911
46088 46096
3776 3780
13157 13157
35782 35826
8042 8068
10737 10737
9422 9426
42907 42908
45036 45050
13026 13044
44160 44163
6356 6368
1562 1566
36452 36456
37649 37649
33345 33345
10099 10120
16018 16025
27141 27168
18721 18724
5961 5961
42387 42391
46137 46142
20038 20144
46044 46048
26622 26645
13402 13448
49601 49617
36042 36048
46422 46441
44990 44992
25297 25310
234 248
14612 14632
31681 31681
31994 32008
4878 4910
49846 49856
16985 16985
19755 19775
1616 1617
39873 39873
43986 43990
33473 33473
49910 49914
23670 23681
39463 39463
24834 24840
16922 16926
7494 7534
23202 23272
36376 36416
19801 19888
7170 7191
15292 15300
2386 2394
32762 32820
38309 38326
19548 20036
46685 46716
61 61
43859 43864
13201 13201
40782 40788
3598 3606
37858 37865
37941 37992
46567 46576
36582 36590
35866 35936
32209 32209
41502 41696
15452 15453
31666 31672
21326 21380
15810 15810
5067 5080
38607 38607
140 140
30318 30320
45806 45807
23170 26444
13732 13752
21978 22004
23333 23340
44738 44744
15273 15273
26331 26331
21760 21792
926 928
2878 2884
1417 1417
22178 22185
30262 30350
6072 6084
47096 47144
21578 21605
22484 22485
4682 4752
14612 14632
32552 32554
20498 20515
37972 37978
3949 3972
33438 33446
834 840
41550 41552
18098 18104
150 156
3121 3121
42001 42001
29174 29208
6826 6832
15516 15526
24801 24801
9761 9761
13930 13950
39585 39590
3210 3212
35962 35966
28862 28864
35707 35707
41612 41624
12682 12684
27858 27860
38119 38128
47512 47520
18996 19000
14675 14675
33702 33711
46146 46174
13273 13296
21312 21322
8582 8602
7129 7136
32307 32336
19294 19302
19698 19698
18962 18990
49750 49752
5641 5641
43986 43990
16499 16500
46931 47029
25052 25060
16860 16900
10386 10390
44601 44601
21981 21981
16549 16574
29812 29824
6994 6998
24994 25040
39690 39696
34778 34784
31406 31415
26534 26544
41164 41168
6702 6738
45601 45601
7437 7462
3354 3368
28057 28065
9662 9664
1046 1048
49733 49733
49962 49968
10001 10001
46871 46871
17187 17192
3113 3113
25601 25601
40602 40610
21326 21934
8090 8096
38642 38645
39208 39216
5242 5250
29626 29628
1034 1044
27926 27930
28530 28532
46554 46576
8212 8221
2592 2652
25191 25191
3861 3861
32831 32831
15432 15436
32638 32645
13256 13257
18492 18501
6954 6972
32209 32209
38842 38850
6962 6972
23201 23201
46554 46585
20974 20990
9234 9248
18837 19119
24721 24721
31921 31921
7138 7230
44402 44520
49170 49236
10463 10473
28798 28803
25301 25301
40513 40516
45142 45158
40502 40544
12429 12450
12402 12407
993 993
15516 15526
10023 10030
23981 23981
35351 35351
32307 32375
38284 38290
49114 49125
45505 45505
3598 3606
17486 17508
32338 32375
22149 22176
36222 36225
37417 37417
30059 30060
20842 20844
43513 43513
7280 7285
42104 42112
27210 27215
30641 30641
48050 48055
702 848
24801 24801
11826 11858
11801 11801
30993 31006
49601 49601
15721 15721
37252 37260
22740 22754
13882 13885
37946 37948
24630 24631
19857 19872
21842 21884
32284 32288
26368 26377
9694 9704
29417 29420
10737 10737
1304 1326
43892 43904
41698 41705
7232 7304
30818 30840
47522 47530
7602 7612
48001 48001
43200 43216
10351 10351
48449 48454
29147 36285
21966 21975
40586 40600
16481 16481
252 255
29456 29518
33501 33501
13601 13601
35665 35665
20338 20360
29387 29394
46718 46718
15841 15841
6821 6821
26845 26846
47146 47146
11256 11264
12490 12496
44552 44566
15018 15025
13472 13475
26952 26954
21190 21205
29068 29072
15214 15225
38037 38045
29244 29245
22650 22651
8034 8038
37410 37415
14723 14738
605 648
42393 42410
33702 33711
39993 40000
29284 29312
21172 21222
47590 47627
134 138
30302 36285
1478 1504
28122 28125
31036 31060
22977 22992
19281 19292
21250 21254
20302 20308
12632 12634
44007 44007
30517 30520
29126 29128
7281 7281
6249 6249
46262 46312
38800 38832
37727 37732
45228 45232
49515 49520
38602 38608
23090 23096
18017 18017
38154 38162
3598 3606
25914 25920
467 472
25924 25929
33338 33368
49875 49885
4358 4370
47222 47234
10990 10990
13642 13650
29174 29180
46478 46485
1886 1892
27730 27732
24210 24216
24762 24940
16044 16080
45478 45488
20834 20840
45759 45766
786 804
44996 45008
43268 43288
5118 5198
7202 7219
29186 29192
36561 36561
30892 30907
12030 12040
32812 32820
21506 21524
49777 49777
44501 44501
33080 33088
37077 37134
18001 18001
42832 42836
4351 4351
25029 25029
38384 38410
45454 45459
55 63
19658 19663
20795 20800
24658 24678
28581 28581
26151 26162
24014 24095
21678 21698
6522 6540
28904 29024
15824 16004
35185 35185
48690 48694
37941 37992
27840 27852
39742 39810
12222 12247
40218 40220
17992 18002
42917 42932
46148 46159
47167 47170
42212 42222
36098 36104
35693 35698
39530 39540
4358 4360
44065 44068
35982 36056
36752 36756
8108 8120
6770 6776
1465 1468
35714 35826
20314 20324
24649 24650
12518 12526
26700 26734
32018 32030
28246 28253
15549 15552
42337 42337
15114 15117
18178 18243
16928 16932
24850 24940
5541 5587
18001 18001
17054 17060
35676 35710
18001 18001
39651 39651
24970 25040
42972 42978
40018 40024
35982 36104
39600 39740
36800 36808
16721 16721
2792 2799
1722 1792
12950 12972
34306 34315
32527 32820
40720 40725
39400 39410
40706 40710
30532 30540
317 336
35360 35360
28914 28930
1352 1368
47126 47126
21420 21422
31322 31332
49152 49156
2198 2207
1907 1940
8573 8573
24882 24884
46425 46425
49501 49501
39130 39145
8884 8900
37137 37137
46981 46981
31346 31428
19467 19472
29385 29385
47447 47450
38738 38747
27588 27596
20628 20634
4698 4716
3883 3890
22467 22474
49522 49532
9452 9456
20474 20488
610 624
38521 38521
42881 42883
29754 29764
38561 38561
1556 1560
34877 34880
32121 32121
19026 19040
14496 14530
7922 9924
48800 48804
17674 17678
47400 47408
4673 4673
11552 11560
48492 48500
39152 39160
22207 22304
11687 11708
47336 47376
46115 46201
12292 12296
5537 5537
5165 5165
27494 27499
32194 32201
9761 9761
21833 21934
29996 29996
46203 46224
9182 9212
12596 12602
19857 19872
21966 21975
12072 12109
20944 20950
49324 49332
21616 21616
23406 23406
17748 17790
10570 10574
8357 8430
29105 29105
29990 30016
37640 37652
48486 48490
49501 49501
43941 43944
9672 9692
4234 4240
24250 24254
1151 1151
34934 34939
31552 31554
39228 39240
7776 7808
8361 8361
11819 11820
10737 10737
12707 12709
26784 26788
45314 45328
28084 28094
39498 39510
40482 40550
22350 22352
46864 46868
9770 9800
43089 43089
1556 1575
23638 23640
20016 20017
24033 24033
44736 44775
13685 13690
25952 25962
28978 29024
29278 29281
13920 13921
29358 29364
45892 45919
49245 49375
44036 44045
33516 33528
10978 10986
45358 45361
45601 45601
939 942
3570 3584
13072 13074
944 970
1148 1156
14529 14529
34452 34460
34714 34716
47532 47540
13510 13518
290 293
42779 42792
45601 45601
34498 34504
6356 6368
24312 24390
37330 37336
34738 36285
28942 29024
9267 9296
6216 6220
42236 42237
37562 37564
10337 10390
21947 21950
46176 46192
33305 33305
9612 9632
21640 21654
12852 12860
26600 26608
23547 23550
26206 26216
29586 29596
4682 4776
22758 22768
46525 46536
18096 18096
29681 29724
26075 26102
13366 13370
45114 45124
34050 34050
30120 30128
37027 37030
1498 1500
26823 26826
39531 39531
12800 12808
27342 27355
22782 22784
7938 7948
16343 16350
36768 36772
42753 42768
874 990
14777 14785
17169 17169
3312 3375
35868 35876
20430 20438
23670 23758
37598 37602
12466 12470
41650 41652
41651 41651
49840 49848
13030 13032
46321 46321
34318 34328
1142 1156
5352 5368
28382 28388
36625 36625
48782 49168
2018 2021
34857 34860
20462 20472
3662 3665
10215 10226
20326 23030
42298 42311
31052 31088
5274 5302
37192 37196
33577 33577
49198 49212
48789 48789
13215 13271
7954 7960
13322 13331
3912 3920
43601 43601
10282 10286
11790 11801
22796 22822
35755 35755
3312 3375
9001 9001
18583 18608
29044 29048
40706 40716
13920 13921
32187 32192
5502 5510
20858 20866
48456 48464
6946 7136
30993 31006
25322 25368
26689 26689
29110 29116
21987 22016
11244 11247
200 336
15486 15492
25860 25870
573 648
33516 33568
3378 3385
2258 2262
2426 3500
38291 38291
48550 48552
46627 46632
41998 42005
1208 1242
36042 36072
48810 48812
2842 2860
35326 35336
22237 22256
15757 15757
26706 26724
39882 39890
12340 12343
12116 12128
29148 29187
21778 21784
23678 23710
42751 42751
43646 43648
17794 17933
49498 49513
41096 41106
9234 9260
9612 9692
45036 45040
24694 24698
16978 16982
45170 45170
24222 24230
6826 6850
48550 48552
12192 12197
34427 34450
11986 12008
9642 9659
42502 42505
28078 28081
37442 37448
15567 15570
22200 22205
34202 34208
45986 45993
3866 3881
17759 17768
39763 39766
22092 22101
43641 43644
49962 49968
24903 24909
2092 2104
26706 26724
26239 26248
40311 40311
23090 23106
40962 40967
20131 20136
27259 27260
2598 2602
7330 7331
32157 32168
47177 47183
48744 48752
402 480
14650 14664
35952 35960
21833 21934
24790 24804
37830 37836
40013 40016
14582 14682
25142 25147
1375 1375
44136 44136
41436 41454
8685 8712
26155 26155
29826 29848
16068 16095
30818 30860
40688 40690
9367 9370
32544 32550
30120 30128
48706 48712
26192 26194
29147 29560
48354 48368
13194 13205
15050 15096
40725 40742
750 765
17777 17784
22745 22745
23192 23200
13679 13679
13152 13170
43482 43485
9698 9709
5442 5454
21284 21288
43020 43023
23427 23450
25877 25880
10401 10401
16743 16752
14993 15025
45790 45803
37894 37904
7010 7020
6441 6441
25352 25368
28197 28200
3502 7435
48999 49008
33817 33845
41324 41328
8228 8232
47984 47988
14706 14720
37500 37502
31490 31504
17362 17484
2592 2596
38235 38246
17634 17640
42278 42296
15750 15794
34274 34275
1 990
4754 4760
4062 4100
34658 34866
11649 11650
5826 5832
38602 38608
46289 46289
16044 16051
20038 20312
9734 9740
38080 38086
8451 8451
33316 33316
9170 9180
48860 49048
2592 2596
34638 34640
34727 34740
29982 29985
14007 14008
16237 16237
39426 39440
32001 32001
38836 38836
36673 36673
14301 14310
3330 3340
17147 17152
31430 31442
20546 20552
41722 41764
36570 36596
35138 35150
12981 12981
32994 33000
37950 37962
26823 26826
42201 42201
18726 18726
35112 35128
42104 42112
24192 24196
28061 28061
29812 29856
28164 28170
24484 24505
38314 38326
16882 16886
41790 41820
44542 44568
7982 7984
25953 25953
37114 37126
672 680
21330 21340
8954 8955
26494 26507
14797 14810
13717 13718
15696 15716
32798 32820
14959 14972
24806 24826
40586 40596
3361 3368
29885 29885
22529 22529
25268 25270
18437 18440
23934 23960
35832 35860
5067 5080
5001 5024
20526 20552
19818 19824
39600 39616
22570 22576
12191 12197
48838 48858
34290 34294
38235 38246
7382 7388
47122 47124
27851 27851
3674 3695
36377 36395
6625 6625
39600 39616
10442 10444
15759 15764
29284 29299
28191 28191
27281 27281
12979 12989
17598 17598
30582 30593
5650 5650
24922 24928
30071 30080
45768 45775
14868 14870
4472 4478
5701 5701
1520 1524
41218 42410
29220 29224
30573 30573
41322 42224
41314 41320
23274 23284
14994 15008
26158 26162
7410 7424
27436 27446
34058 34074
2507 2513
16977 16982
42588 42596
7494 7518
14797 14810
45768 45775
48275 48282
662 680
41534 41557
36323 36344
46509 46522
3883 3890
9051 9051
17194 17211
2827 2860
48177 48178
23080 23668
21618 21792
10881 10889
16184 16189
30522 30530
25240 25242
230 232
32969 32969
23203 23205
19365 19375
12112 12114
32740 32757
34946 34946
36876 36876
28892 28900
45024 45034
15168 15170
34236 34243
11599 11606
3537 3537
48800 48804
35514 35534
19990 20005
2656 2660
11665 11665
45827 45860
12457 12457
24538 24572
42451 42451
20049 20049
44701 44701
15696 15716
20565 20588
17588 17590
48208 48212
45878 45890
9782 9790
22292 22300
16499 16503
5118 5136
5918 5924
36721 36730
48864 48868
39905 39912
16277 16290
24176 24184
36092 36104
15777 15777
34465 34465
36721 36730
24118 24136
29777 29790
25082 25086
37252 37260
1746 1775
19334 19340
49281 49281
41977 41984
44601 44601
1652 1664
28681 28681
26574 26576
42609 42620
17351 17351
43734 43775
3728 3738
39388 39398
34546 34546
8552 8575
48264 48272
6546 6547
49426 49430
5241 5241
7458 7462
31162 31168
11842 11844
48522 48540
10626 10626
13542 13615
24669 24678
41801 41801
32425 32425
43518 43540
46530 46536
49010 49010
34946 34946
14356 14400
18597 18604
9734 9740
10740 10970
41170 41184
8986 8992
3543 3548
1942 1950
16152 16160
37618 37622
10561 10706
45892 45919
9771 9771
1761 1761
21391 21400
17741 17741
5641 5641
39786 39786
49938 49960
28961 28961
110 111
46826 46826
7654 7660
48860 49168
9761 9761
4844 4868
30047 30050
35784 35784
43121 43121
2898 2946
49918 49927
44401 44401
14112 14120
32689 32689
46398 46402
5681 5681
24623 24644
7978 7978
24138 24150
46352 46354
4102 4114
47862 47866
41698 41704
36561 36561
43201 43201
24282 24293
11275 11280
24522 24530
38834 38850
42318 42320
9810 9817
37262 37263
11857 11857
14022 14022
42422 42600
29777 29780
46601 46601
37155 37164
10522 10550
18127 18128
29041 29041
4971 4971
40314 40316
39422 39464
12694 12760
47474 47485
37941 37992
34560 34562
40482 40600
10914 10920
23832 23848
47994 48011
19054 19056
15128 15139
38290 38296
45713 45713
49250 49292
46066 46075
44892 44930
5617 5624
34801 34801
27746 27771
45713 45713
41698 41704
45114 45120
48898 48905
8686 8706
16240 16266
25923 25948
44588 44594
19617 19632
37500 37502
40208 40210
7932 7948
2634 2641
45702 45702
1520 1524
11772 11774
3294 3300
10477 10505
40522 40528
33402 33410
37034 37048
18279 18280
13692 13700
47621 47621
12386 12406
27086 27125
16343 16350
37170 37216
6112 6116
35181 35302
36442 36496
43542 43550
47609 47609
49296 49310
27376 27416
20030 20031
32157 32168
40638 40644
36666 36667
31746 31753
26075 26102
45828 45860
12386 12406
42982 43006
37762 37780
22414 22416
46541 46541
47362 47368
37880 37892
11860 11860
9782 9792
10361 10361
4497 4497
32394 32406
7494 7518
29562 29584
459 465
19207 19207
30102 30117
13226 13233
21833 21840
26075 26080
4934 4940
26737 26750
45812 45818
45367 45375
18930 18974
17158 17164
7932 7966
12645 12660
9482 9490
3107 3130
39658 39664
40579 40580
6177 6177
33842 33845
25041 25041
24034 24060
22837 22840
17194 17201
41132 41137
13584 13590
47713 47713
1039 1044
39746 39755
8836 8840
1507 1512
4554 4564
35191 35191
45930 45938
6066 6070
23907 23932
19035 19036
6016 6025
42682 42704
15852 15863
37061 37061
34427 34432
17011 17105
17923 17924
15665 15665
33924 33936
35801 35801
49361 49361
49441 49441
7394 7428
18650 18652
37966 37968
17362 17368
39186 39196
23630 23632
15033 15048
13622 13630
47487 47492
16149 16149
15865 15868
29041 29041
36506 36512
13098 13110
19733 19775
40468 40492
17937 17940
812 820
48860 48862
5402 5412
42151 42152
23355 23356
43290 43296
35488 35490
38037 38065
27851 27851
19191 19196
6577 6577
7390 7392
36520 36520
9938 9944
18414 18432
36481 36482
2162 2168
18854 18860
33058 33064
48148 48160
38516 38555
2261 2261
21662 21673
47994 48011
32884 32890
29596 29596
18492 18496
19958 20006
36890 36895
49792 49817
19377 19377
47452 47452
42885 42890
44765 44765
21858 21860
16505 16542
21535 21831
31138 31144
35561 35561
14055 14062
43912 43913
5670 5671
3242 3245
18574 18576
1 1
2122 2131
7158 7172
23553 23553
42892 42896
38647 38660
35282 35302
35307 35316
29890 29895
35168 35176
6144 6250
20730 20801
7634 7640
31697 31702
30595 30602
25877 25880
39964 40006
23501 23501
34060 34066
39761 39761
38566 38580
12814 12835
36721 36728
42248 42252
13282 13287
3861 3861
12030 12040
20730 20801
47031 47032
28027 28032
35503 35503
20430 20438
41330 41416
49334 49336
6399 6400
47577 47588
3950 3965
48492 48504
45461 45524
44928 44930
39130 39145
27714 27724
44518 44526
10477 10500
10441 10441
22758 22768
26466 26470
573 603
38182 38186
43712 43718
41489 41489
33741 33741
26020 26032
11552 11558
3617 3620
32552 32554
26433 26433
47132 47136
43266 43296
42957 43008
22401 22401
41499 41501
9218 9224
21082 21097
12072 12081
45746 45752
9862 9894
45556 45560
30522 30530
3251 3251
18837 19424
11758 11762
4472 4486
16124 16136
2708 2712
8625 8625
18688 18696
34617 34626
13482 13518
40306 40316
15590 15597
16655 16672
2432 2440
7491 7518
20262 20265
150 150
36129 36155
36070 36072
9958 9975
47877 47880
31521 31540
10000 10013
26713 26724
5301 5301
12380 12450
11242 11283
41925 41931
24392 24478
22200 22205
36092 36104
31761 31764
43313 43313
29004 29008
41778 41779
34334 34355
10974 10975
36753 36756
29478 29510
5353 5353
21634 21676
46970 46979
33188 33194
12650 12656
49202 49210
13686 13760
11738 11744
37600 37601
38513 38513
5857 5860
13422 13424
31058 31060
17992 18020
44461 44474
36502 36534
992 1004
41792 41816
9726 9750
31430 31442
30454 30458
24356 24360
35278 35284
9343 9343
17009 17009
39862 40026
19268 19279
19958 20006
23593 23593
36747 36808
9538 9540
4971 4974
42518 42537
8325 8325
32307 32336
3190 3200
3019 3025
38398 38410
49779 49836
12926 12926
17523 17548
14697 14720
27000 27016
7280 7284
49498 49513
13876 13885
36352 36374
31052 31332
7482 7489
47953 47953
29976 29980
4729 4735
12130 12146
20181 20181
25297 25310
28336 28340
42812 42849
42881 42908
39205 39206
38998 39008
10874 10879
39032 39040
38050 38064
12249 12250
47487 47492
2778 2782
4032 4032
16016 16025
37220 37222
19946 19948
49198 49210
35994 36005
30742 30750
17841 17841
1 990
40997 41033
29826 29848
30105 30105
6955 6976
16282 16288
13465 13465
36962 36965
37346 37350
11977 11977
6609 6609
32001 32001
4472 4482
31697 31697
20268 20270
47498 47504
6118 6125
21852 21869
4396 4448
48758 48772
6077 6084
36226 36243
42431 42431
18932 18940
20289 20289
15826 15845
31052 31085
33360 33361
18414 18435
8690 8695
31352 31356
24786 24804
43805 43805
30776 30776
10891 10900
26446 29145
32732 32820
21507 21512
37925 37937
43794 43798
29366 29366
20611 20634
45442 45448
2112 2125
2656 2662
3294 3300
19239 19244
15314 15332
42902 42902
35326 35332
6342 6354
17122 17122
10994 11004
20393 20393
43224 44222
21521 21521
1582 1592
41389 41389
11905 11905
46446 46462
6891 6891
34290 34355
22570 22575
46442 46444
11231 11231
29210 29211
3212 3213
38652 38656
12048 12052
43039 43064
11964 11970
39218 39220
37998 38008
15880 15888
4762 4764
23510 23526
20380 20412
48849 48849
48529 48529
26578 26588
30234 30260
28596 28651
41947 41952
45052 45110
11227 11283
37798 37806
13530 13540
15496 15501
42561 42561
12305 12305
48177 48178
42178 42181
13552 13553
17257 17272
23080 23656
45180 45188
22977 22977
3343 3348
19177 19180
43651 43651
40732 40740
34954 34960
7001 7001
21886 21890
3065 3066
27231 27235
28993 28993
7222 7248
31272 31286
13005 13010
7458 7462
7497 7508
7030 7052
46038 46113
5770 5832
45132 45250
14821 14821
43552 43560
17666 17708
29973 30016
46321 46321
12384 12407
13246 13264
38101 38101
23678 23730
7177 7219
32457 32510
774 780
49875 49880
9520 9526
9642 9650
2078 2090
46634 46642
22278 22284
9761 9766
4026 4030
34101 34101
7851 7851
2702 2705
37001 37001
34571 34571
80 84
5492 5768
7836 7838
13092 13345
25841 25841
24754 24758
11562 11568
45600 45615
39600 39632
47533 47540
12048 12052
9377 9377
40087 40112
46511 46511
17358 17384
15314 15332
36323 36344
46026 46032
28904 29072
40370 40375
30763 30774
5693 5693
34858 34860
32591 32594
31951 31951
45809 45825
48252 48262
37122 37126
15292 15822
17594 17602
5202 5490
42832 42836
35502 35512
32845 32851
17011 17038
43196 43198
8206 8210
19737 19742
28581 28581
32010 32016
8690 8695
5394 5420
11271 11271
2225 2227
41172 41173
6481 6481
32307 32325
19282 19332
47494 47496
33687 33687
18186 18188
49172 49194
19066 19075
38110 38117
11915 11925
16437 16442
11987 12000
33665 33665
12030 12040
39487 39488
40398 40404
14112 14140
22494 22591
38250 38258
2870 2875
30851 30851
20700 20704
40289 40324
37582 38350
27521 27521
10948 10949
11197 11209
36541 36552
30209 30209
10914 10924
7222 7252
1381 1396
31498 31504
2264 2268
21599 21604
9129 9133
42393 42405
16252 16265
36377 36377
37782 37796
4284 4292
10000 10013
6498 6500
27034 27045
2484 2505
34021 34021
28596 28651
6178 6184
35338 35340
16478 16485
32724 32728
12607 13090
2100 2104
46994 47000
38400 38408
12158 12172
29996 29996
43427 43504
41137 41137
24686 24690
24892 24896
25970 26104
18852 18873
38230 38336
6741 6741
48997 49008
46038 46113
44990 45130
3797 3808
22942 23000
27911 27914
31799 31809
39198 39201
15162 15166
770 772
19176 19185
47181 47181
1258 1260
31638 31748
37808 37810
877 882
3276 3282
47026 47029
45672 45682
1998 2003
25797 25797
9458 9464
16121 16121
36741 36745
5572 5584
32964 32964
17487 17499
37721 37721
17396 17408
24490 24505
30202 30350
38513 38513
542 552
34228 34232
38322 38326
27492 27503
32160 32168
14092 14140
37821 37821
35650 35651
10513 10513
49577 49584
7701 7701
26697 26698
24712 24721
25027 25032
21090 21097
7361 7361
17411 17411
16499 16503
4040 4060
33242 33260
41241 41241
8959 9052
36157 36216
4828 4832
34689 34689
39162 39168
23760 23764
8044 8050
18565 18567
43518 43550
11593 11593
41500 41501
16602 16608
28161 28161
34631 34650
20186 20202
35738 35750
9218 9226
9342 9349
10527 10535
38230 38340
3421 3421
36261 36261
37133 37133
8577 8580
22942 23006
1090 1094
35832 35835
43969 43969
20901 20901
6288 6291
41186 41215
33701 33701
977 977
22745 22754
44996 45006
16908 16918
34994 35002
13633 13640
13291 13292
14758 14760
19353 19363
19177 19185
32460 32472
29156 29164
20574 20582
26558 26568
32798 32820
44658 44659
3121 3121
22977 22988
10978 11012
47258 47264
3718 3722
6881 6881
29520 29548
35784 35806
7566 7654
43705 43705
1746 1748
41191 41191
24276 24280
14534 14536
9382 9408
19601 19601
32881 32881
40436 40440
34628 34864
1092 1094
17321 17321
29801 29801
37812 37878
38112 38117
12432 12432
10302 10305
4037 4038
48001 48001
3996 4000
2318 2320
7095 7095
47223 47225
8000 8008
28085 28085
26400 26410
21902 21902
287 312
25911 25912
15824 19424
23760 24938
20474 20488
19020 19021
35944 35944
19808 19816
26322 26342
39587 39590
38261 38261
32170 32176
5001 5005
4625 4625
8507 8512
36254 36258
6307 6307
13522 13525
19516 19532
25608 25616
31921 31921
7161 7161
16598 16608
41679 41685
41442 41452
34727 34736
42770 42812
42300 42311
3426 3430
49968 49979
9166 9212
22251 22251
39938 39940
13713 13719
29348 29356
44849 44852
42674 42677
7762 7774
1582 1592
19601 19601
9166 9472
2422 2424
46138 46142
26322 26338
35577 35586
37513 37513
16722 16724
29766 29810
8961 8964
36287 36350
11651 11656
42042 42050
7226 7230
45600 45615
29885 29885
38298 38300
4294 4300
28117 28120
48577 48577
34376 34376
35135 35170
27463 27467
826 832
40660 40664
4882 4910
1758 1764
20766 20790
8674 8683
10770 10785
6872 6875
42554 42563
32184 32222
17556 17557
48590 48636
43998 44008
12796 12812
22122 22124
48752 48756
45091 45091
43958 43970
9977 9978
6272 6274
14706 14714
46452 46456
4361 4361
49628 49630
41113 41117
26785 26785
45690 45700
25597 25635
23242 23244
23934 23949
42907 42908
38762 38772
45672 45682
18833 18833
46010 46016
19164 19174
11901 11901
29594 29615
13998 14005
10823 10826
4872 4875
22714 22722
36147 36155
21499 21502
80 84
37186 37190
1342 1345
13028 13042
4952 4969
19077 19079
16109 16109
12191 12197
3750 3760
13654 13660
41927 41927
35181 35228
13550 13556
13273 13287
18206 18210
20571 20571
2025 2025
6157 6157
31446 31454
9218 9220
8697 8706
34301 34301
44791 44802
34681 34681
29417 29428
13876 13885
17872 17874
16825 16836
23975 23984
18932 18940
42462 42466
5328 5332
19342 19345
38849 38849
19755 19770
6399 6405
32918 33975
2686 2696
26437 26437
16569 16569
490 498
6385 6385
8876 8876
1742 1744
36637 36640
21833 21934
43242 43244
21176 21188
47253 47253
17898 17933
14214 14230
1262 1294
32872 32916
48397 48402
30498 30511
25953 25953
31052 31120
26650 26652
6881 6881
1841 1841
49743 49745
5798 5804
16226 16232
39550 39560
19846 19846
4595 4608
19871 19871
29938 29944
18054 18132
14681 14681
15951 15951
15934 15940
43610 43624
9564 9595
23882 23892
42512 42515
18447 18458
1262 1294
21914 21918
22066 22076
25892 25896
4214 4220
12957 12970
39233 39233
13377 13395
8834 8870
14742 14752
17876 17882
30352 30370
4361 4361
11626 11626
42922 42928
43737 43740
16312 16326
40212 40216
25597 25635
20240 20250
31548 31550
8351 8351
12889 12889
42672 42680
29562 29570
16969 16980
28220 28276
23968 23968
20213 20220
40895 40898
1808 1812
7594 7628
40320 40323
20460 20472
41598 41610
26894 26895
23299 23304
9270 9274
29090 29096
38938 38941
32552 32554
43466 43560
20808 20820
25332 25335
33370 33375
36170 36174
9276 9280
1 1
11901 11901
43592 43624
30894 30900
31154 31156
14601 14601
33138 33170
1950 1960
35081 35081
6272 6310
21290 21292
44970 44978
23269 23269
13337 13344
46386 46402
47401 47401
27047 27048
29174 29184
42707 42710
21146 21170
28100 28218
40638 40644
7122 7304
40505 40511
14510 14530
5040 5045
45924 45936
22142 22147
13005 13006
9201 9201
3936 3940
39121 39128
44679 44685
31722 31736
22251 22251
48382 48384
44384 44400
23050 23062
19250 19264
41226 41232
22904 22932
15521 15521
46277 46277
10085 10085
38894 38911
37379 37379
29362 29364
2092 2098
38647 38660
43116 43126
5112 5114
6112 6125
35584 35700
1080 1100
9482 9488
28318 28321
29786 29810
714 721
22852 22885
37673 37673
442 990
17952 17956
41181 41181
19690 19691
29990 30008
1916 1924
2899 2910
5823 5823
1339 1345
45312 45317
46240 46354
24686 24688
47524 47530
12901 12904
21601 21601
26382 26385
40246 40348
6298 6310
35354 35366
15880 15888
16841 16847
9317 9325
41840 41848
16222 16232
23951 23951
8826 8830
16793 16804
3429 3429
2668 2800
22310 23668
40454 40462
10002 10010
47322 47627
7902 7908
9632 9634
26075 26102
24950 24972
30070 30081
28482 28490
5014 5016
29394 29404
32992 33016
12765 12788
29899 29899
23832 23848
41998 42005
45217 45217
49468 49477
23008 23010
11972 12011
22593 22659
34941 34950
33918 33922
25571 25571
18250 18256
4330 4394
37394 37405
6177 6206
3550 3555
29928 30008
25860 25870
23198 23201
14851 14853
39362 39373
26558 26560
10972 10976
44450 44488
28770 28775
5022 5024
25860 25882
19123 19126
33433 33434
7337 7340
49858 49873
22824 22850
46596 46597
33734 33742
27376 27376
42468 42500
19938 19940
42895 42895
20838 20888
10360 10390
11368 11401
1761 1761
6177 6177
28362 28390
19782 19786
31974 31976
42162 42181
26400 26404
5730 5744
7973 7990
13101 13101
31751 31751
3970 3980
37868 37872
47680 47681
40034 40046
9614 9620
20977 21008
35181 35228
10180 10213
45848 45855
32638 32643
11952 11960
39442 39448
20592 20609
34001 34001
16861 16867
48306 48309
6094 6102
17181 17181
22417 22424
29201 29201
42794 42808
47031 47032
44841 44841
27874 27889
2397 2398
19837 19855
1 1
25432 25434
4398 4405
14578 14592
27111 27124
18270 18276
40790 40805
36426 36448
24276 24293
39347 39352
16378 16384
1371 1371
45493 45524
40401 40403
24674 24678
17938 17940
35040 35044
6471 6481
26400 26404
45908 45919
38662 38664
39041 39056
1 1
49387 49392
20901 20901
11089 11089
36722 36730
47016 47022
46744 46756
15232 15244
31548 31554
45625 45630
33665 33665
41262 41320
12441 12441
15974 15980
24767 24770
23037 23048
12707 12709
36696 36704
5998 6000
2784 2806
33734 33742
45673 45673
5153 5153
42318 42322
14770 14804
25341 25341
9601 9601
