1 50000
1 50000
1 14426
1 14426
14428 46142
14428 34225
847 10092
14428 34225
14428 34225
14428 34225
14428 34225
14428 18720
12610 14426
1 845
18722 34225
12610 14426
1487 9171
18722 34225
10094 10760
47172 47688
1 750
847 1485
2866 9171
14428 18720
15193 18720
15193 18720
21726 27829
34818 42246
23578 27829
23578 27829
46194 47170
32918 33728
15312 18720
10094 10760
21726 23576
46194 47170
3982 7408
34818 41900
27831 31296
42248 43122
38762 40128
23578 27829
23578 27829
23578 27829
48120 49670
9582 10092
24994 27829
3982 4576
24994 27829
3982 4576
47690 48118
15312 17940
11952 12608
15312 17940
48120 49670
24994 25696
10762 11950
36502 38760
14182 14426
15312 17500
12648 13762
4950 7408
1 750
19307 21600
34818 36500
48321 48321
32754 32916
44850 45980
8722 9171
847 1348
4822 4948
28434 29735
25698 27829
18166 18720
32918 33592
6500 7408
4950 6498
2866 3980
18166 18720
30001 30001
47690 48118
34001 34001
32593 32752
47172 47560
40798 41478
38066 38760
21726 23576
25698 27829
2866 3980
38762 39560
23778 24480
34818 36500
40798 41478
32918 33592
40798 41215
9582 10092
9582 10092
7601 7601
34818 36500
9582 10092
47562 47648
48120 48844
1 750
6801 6801
21346 21600
17834 17930
2866 3980
19602 20610
15522 15960
3121 3121
6500 7408
28436 29600
11952 12584
2502 2688
30001 30001
4578 4820
24352 24480
43124 43950
7422 8384
34227 34592
32754 32916
17157 17930
4950 5775
30558 31296
35287 35460
19307 19545
7422 8200
28292 28434
2502 2688
20612 21248
26722 27688
41217 41478
19602 20610
35462 36500
26722 27688
4072 4576
1487 1990
20612 21248
17532 17832
19602 20610
16106 16288
8498 8720
9345 9345
39562 39662
32754 32916
22852 23330
47172 47560
42072 42246
12682 13336
23778 24350
43124 43520
32332 32450
9518 9580
9173 9304
34227 34538
21726 22850
43522 43950
17852 17930
3630 3980
30558 31296
24994 25098
16290 16750
38820 39250
25100 25696
25100 25696
8481 8481
12682 13336
19547 20610
34594 34736
33982 34115
20626 21248
35554 36500
21726 22850
19547 20610
41662 41900
34828 35285
27831 28131
47060 47170
14015 14180
23810 24350
45442 45680
16290 16750
13338 13762
27732 27829
21726 22850
45682 45980
35554 36500
34540 34592
4072 4576
42248 42350
4072 4576
43231 43231
34828 35285
26722 27688
26722 27688
42352 42950
8221 8221
15193 16750
27831 28131
48922 49398
26722 27688
10635 10635
36766 37184
16778 16896
48102 48118
38820 38902
12082 12584
13877 13968
17532 17832
48922 49398
37537 38064
33256 33545
6500 7120
34828 35200
17157 17260
21726 22850
43124 43520
12082 12584
652 750
47172 47560
41217 41478
28561 28561
3201 3201
34227 34538
47841 47841
34828 35200
41217 41478
36766 37184
45234 45440
47801 47801
16322 16750
12082 12584
38561 38561
22852 23330
1162 1348
6210 6498
35554 36400
10094 10439
4072 4576
29010 29735
35554 36500
40041 40041
37537 38064
16322 16750
33102 33254
22001 22001
40141 40590
49672 50000
11234 11568
35554 36696
28133 28290
16141 16141
46194 46718
16942 17080
40928 41020
24482 24830
18001 18001
28436 28780
39702 40104
28882 28992
46778 47032
15522 15955
6500 7120
44362 44836
2502 2688
31922 32450
45682 45980
31656 31854
25698 25915
29010 29284
7122 7360
46778 47032
12082 12584
2401 2401
14428 14812
20146 20610
43522 44038
4072 4576
15442 15484
4950 5127
37186 37366
4072 4576
25917 26280
22852 23330
27831 28052
49552 49668
45106 45200
4072 4576
38225 38616
21726 22296
8921 8921
44950 45104
16001 16001
130 280
1162 1348
33102 33254
14814 14912
25221 25620
29010 29284
41662 41900
25917 26280
39841 39841
401 401
24082 24350
21538 21600
35217 35217
2502 2640
48932 49398
8225 8225
37537 38000
21001 21001
11301 11301
27634 27688
37601 37601
45982 46142
44945 44945
12148 12584
20762 20864
2502 2640
8217 8217
29850 30160
17986 18164
18001 18001
12148 12584
6500 6710
26722 27355
14033 14033
16322 16526
29850 30160
27690 28290
26722 27355
35362 35460
33256 33482
20866 21152
38904 39250
37537 38064
29901 29901
46144 46192
47060 47170
20146 20232
25917 26280
29010 29208
40625 40625
48262 48753
15745 15745
29498 29735
37241 37241
2866 3396
38904 39250
752 845
31136 31264
49477 49477
20234 20392
17852 17930
4822 4948
45982 46142
32918 33040
17532 17826
29286 29440
4081 4081
32593 32680
9582 9851
13558 13762
10094 10439
12862 12906
48120 48238
1816 1990
41902 41984
45442 45667
33484 33545
27732 27824
5426 5675
35023 35285
29286 29440
15682 15955
47172 47340
27826 28290
30238 30400
8988 9130
41217 41478
24082 24350
13764 13968
36210 36400
8202 8380
27426 27500
17281 17281
34320 34538
12242 12584
5169 5169
10662 10720
41217 41478
42072 42246
18001 18001
48846 48850
46561 46561
15962 16204
5902 6000
3052 3190
5889 5900
20225 20225
23006 23330
39762 40104
40619 40796
36502 36570
11442 11568
10046 10062
30558 30648
41217 41478
1992 2100
11231 11440
972 1088
10641 10641
7914 8200
23377 23500
21346 21376
12242 12584
28782 28875
19922 20140
42700 42800
17532 17826
16528 16750
22852 22920
4484 4576
18432 18600
36572 36696
34835 34912
44162 44326
27201 27201
12648 12846
30674 31000
16206 16272
28133 28290
25698 25800
8466 8496
18241 18241
8672 8800
43442 43520
24721 24721
16322 16526
9582 9648
9481 9481
26377 26504
20234 20392
48932 49040
752 845
29714 29735
28054 28131
36001 36001
31834 31854
30674 31000
29569 29569
24482 24580
6882 7067
27852 28052
1202 1324
8202 8380
28133 28290
31856 31920
4822 4948
5641 5641
49296 49398
37537 38052
41666 41870
1650 1800
11842 11885
1 40
16322 16526
46778 47032
15486 15520
14428 14800
45282 45644
11937 11937
15116 15191
1705 1705
21726 22104
37262 37366
3762 4149
34906 34912
44751 44751
4950 7912
8534 8670
30561 30561
33402 33464
42818 42950
45282 45644
12648 12846
19682 22104
4484 4576
37368 37500
48738 48753
5426 5675
46367 46480
29286 29422
40452 40590
26385 26385
9853 10044
17157 17260
2866 3010
48932 49040
4698 4745
4822 4948
7841 7841
39361 39361
847 952
22833 22833
37249 37249
14428 14800
7562 7788
8882 8976
39252 39407
16778 16896
43026 43122
32593 32632
32801 32801
23681 23681
49672 49880
25221 25620
5902 5930
3001 3001
25221 25620
25221 25620
28133 28290
24582 24705
2401 2401
4822 4948
28436 28526
45982 46142
23377 23500
41666 41704
43570 43674
752 845
34382 34538
8178 8380
20961 20961
23006 23200
12908 13100
26106 26244
24801 24801
42301 42301
23377 23500
17409 17409
8988 9128
19922 20140
46367 46480
24291 24350
1487 1630
24352 24480
34241 34241
34835 34904
20801 20801
4081 4149
11746 11840
11746 11840
22281 22281
39482 39560
10705 10705
17002 17080
27831 27850
45669 45927
5889 5900
28994 29208
23546 23576
1487 1630
34117 34206
26506 26656
5978 6080
17157 17260
27852 28045
29498 29700
34594 34801
42952 42969
23650 23776
25802 25915
24582 24705
27426 27500
34594 34801
30722 30992
26388 26484
44040 44129
26666 27355
37682 37920
847 918
40619 40796
39074 39250
42049 42049
22214 22296
44962 45000
201 201
12161 12161
20866 21152
3052 3110
39409 39480
11952 12110
40950 41020
40592 40600
47172 47300
27357 27420
36402 36432
46144 46192
37186 37260
16322 16525
30650 30660
34594 34801
20866 21152
31302 31440
49786 49786
44892 44948
8988 9128
35062 35285
8514 8532
40177 40294
39490 39560
10094 10439
3114 3190
16528 16750
27426 27500
10546 10660
42402 42460
2718 2815
12908 13224
37427 37535
16528 16750
3192 3236
23006 23215
12242 12584
26352 26375
41599 41640
21827 21945
43026 43122
16322 16525
29081 29081
27634 27680
32378 32450
23201 23201
23841 23841
8988 9128
20142 20228
26193 26193
26666 27355
25698 25800
34540 34592
26001 26001
3398 3504
48610 48736
35287 35552
27281 27281
10064 10080
26666 27355
43081 43081
6941 6941
702 750
27732 27824
11746 11840
47172 47300
43693 43876
17361 17361
44582 44836
23241 23241
7482 7533
6882 7067
23481 23481
23650 23776
8402 8464
38070 38223
9173 9304
5501 5501
3001 3001
47314 47650
45682 45760
39848 40032
2817 2864
25001 25001
39252 39370
14015 14180
18602 19072
42248 42274
44591 44591
25649 25649
19121 19121
47342 47500
43388 43520
847 918
44850 45225
8981 8981
25075 25098
31252 31264
29090 29208
16290 16320
48762 48784
30151 30151
39490 39560
9650 9728
48240 48252
43361 43361
12982 13100
34540 34592
4417 4417
22310 22566
16274 16525
46778 47032
4151 4816
3642 3760
19764 19780
7881 7881
36456 36500
2502 2560
3398 3504
37427 37535
32634 32656
9418 9440
12862 12906
42276 42460
12648 12846
9446 9516
7472 7473
36572 36610
21458 21542
9562 9580
920 952
28782 28875
46778 47032
31601 31601
27852 28045
29498 29700
19682 19760
26744 27355
14306 14395
4151 4320
40619 40796
30190 30236
22310 22566
27852 28045
30281 30281
16322 16525
49682 49890
37682 37920
9306 9322
48610 48736
29926 30188
44422 44580
20001 20001
42952 42960
29621 29621
22568 22776
4102 4149
48262 48464
14562 14650
42072 42246
1650 1800
2340 2370
46489 46650
23051 23051
46489 46650
28882 28960
43026 43122
22501 22501
17157 17260
48342 48464
22310 22566
29702 29712
26744 27240
23377 23500
23006 23215
19089 19089
4822 4948
20866 21152
34382 34538
5217 5336
38762 38818
43693 43876
28133 28290
29714 29735
17532 17826
48610 48736
49552 49644
23650 23776
42072 42246
12154 12238
33256 33400
29926 30188
39696 39700
29292 29422
6882 7067
20562 20600
37361 37361
28782 28875
16206 16272
14197 14395
24582 24700
3457 3457
22501 22501
8466 8496
28133 28290
47 108
8178 8380
18074 18164
2721 2721
29424 29735
30850 30992
26501 26501
43737 43876
14001 14001
5978 6064
1992 2000
20562 20600
48610 48736
47092 47170
43737 43876
28054 28112
16322 16525
29210 29284
34737 34737
28436 28526
44162 44326
29424 29496
11903 11950
44401 44401
24921 24921
11802 11840
23810 24040
33425 33425
3881 3881
6752 6820
32682 32752
26106 26244
12401 12401
24502 24503
16942 17000
31529 31529
4151 4239
13338 13361
27690 27730
22190 22212
28592 28708
17157 17195
40452 40590
34711 34785
34906 35000
17986 18072
21121 21121
43737 43876
33634 33861
30209 30209
39418 39480
1816 1990
43737 43876
2961 2961
908 918
39233 39233
4127 4149
11903 11950
21726 21786
12961 12961
30722 30992
26914 27204
36481 36481
17083 17083
23784 24165
24738 24830
5978 6064
14015 14180
24221 24221
34632 34709
3801 3801
44751 44751
15081 15081
36802 36956
36456 37535
40675 40796
30850 30992
28894 28960
5626 5626
30238 30424
17601 17601
32865 32865
36434 36454
977 977
29090 29208
5426 5675
47502 47550
16322 16525
954 1050
37262 37366
37368 37400
41390 41478
32962 33056
14814 14850
8534 8670
36572 36696
7252 7360
2642 2716
7914 8125
12431 12431
35762 35853
8386 8464
25622 25696
4698 4745
38961 38961
10518 10544
39051 39051
39848 40032
33901 33901
40452 40590
25221 25395
5338 5345
3698 3898
37186 37260
14015 14180
7362 7408
23546 23576
7070 7093
4950 5088
27732 27808
1882 1990
2416 2500
7666 7760
39322 39370
29292 29330
4252 4400
13558 13640
16778 16896
10762 10952
46914 47008
20394 20448
27852 28004
3928 3980
19307 19496
28705 28705
37152 37184
29926 30000
14015 14180
24206 24289
38401 38401
46434 46487
35287 35540
44602 44698
34382 34538
39881 39881
26506 26570
29332 29360
9173 9304
13642 13762
26282 26350
43922 44038
20401 20401
23201 23201
41601 41601
18241 18241
39601 39601
28133 28290
20034 20140
49778 49880
19952 20032
44225 44225
22568 22736
21788 21825
31941 31941
11505 11505
42161 42161
15322 15440
30238 30424
36210 36400
29921 29921
10954 11120
3311 3396
3311 3396
47342 47380
14324 14395
48932 48976
2718 2815
2881 2881
19890 19950
13642 13762
1487 1630
37802 37920
16033 16070
46144 46192
18956 19008
11450 11568
44422 44447
39762 39846
44513 44513
42072 42246
23810 24040
32601 32601
32962 33056
39848 40032
43388 43440
23189 23189
32880 32881
42034 42070
8402 8464
45002 45120
14652 14698
24881 24881
12154 12185
43745 43745
1253 1253
5426 5600
18350 18376
40622 40673
30002 30188
11979 11979
46917 46917
31112 31120
17852 17930
7841 7841
5602 5675
28337 28337
40106 40139
4950 5088
21947 22104
7666 7760
43026 43121
3698 3898
36262 36400
30427 30494
2009 2032
28592 28708
23810 24040
9173 9304
18210 18264
43281 43281
881 881
48120 48130
17201 17201
17172 17195
38906 39030
41601 41601
9627 9648
8988 9024
27446 27520
22017 22017
46720 46765
49042 49214
2866 2989
10954 11120
1329 1329
7790 7828
5382 5424
43124 43176
38906 39030
3162 3190
266 266
46278 46336
40675 40796
34471 34471
44602 44698
24442 24480
15521 15521
29292 29330
31856 31932
40462 40580
29452 29496
3761 3761
8703 8844
7201 7201
24276 24276
40462 40580
5217 5290
42802 42939
5 40
10954 11147
4484 4630
8537 8537
7482 7533
11754 11800
11201 11201
10301 10301
24866 24910
14966 15114
31656 31800
32880 32881
35441 35441
42173 42173
5199 5201
44752 44836
110 128
26161 26161
46489 46650
18772 18825
38018 38052
17618 17810
47092 47125
45982 46088
46194 46276
30717 30848
2102 2192
24482 24560
7647 7664
24401 24401
581 581
43922 44038
35287 35540
12545 12545
11952 12110
19441 19441
34208 34217
8703 8844
13642 13740
34594 40796
24681 24681
44162 44216
38773 38818
37501 37501
1816 1868
45751 45751
24912 24992
14122 14160
12660 12846
29850 29924
9853 9940
26744 26795
12364 12584
39501 39501
24912 25073
2522 2560
22834 22896
32801 32801
12610 12646
14428 14544
48132 48238
35855 35883
5251 5251
31201 31201
14700 14762
3238 3309
6500 6600
1521 1521
31946 31964
21947 22104
46194 46276
14981 14981
10782 10880
46489 46650
47921 47921
17666 17810
4794 4820
15322 15614
6719 7788
41227 41227
38961 38961
22214 22308
32502 32536
43751 43751
37682 37800
31901 31901
26602 26640
41297 41297
2034 2100
14324 14395
42701 42701
19074 19128
29201 29201
37682 37800
6719 7788
19562 19600
43388 43440
659 700
47 108
9030 9128
19547 19560
5072 5088
38225 38294
29052 29152
4601 4601
42301 42301
11149 11181
1741 1741
17945 17945
24818 24848
49701 49701
19307 19496
27372 27420
16539 16750
30463 30494
42518 42640
23101 23101
17601 17601
30853 30853
24712 24816
48786 48824
34320 34322
40001 40001
9152 9171
10762 10780
30850 30938
14101 14101
40177 40232
16753 16753
45982 46088
11183 11229
37127 37127
43204 43296
30238 30408
33654 33861
40732 40845
42464 42675
21252 21280
31856 31932
17961 17961
1408 1485
21610 21628
5 40
43281 43281
33654 34306
38165 38223
23784 24165
4648 4672
27073 27073
23578 23602
49552 49636
37952 38010
29850 29924
1882 1990
34402 34460
25502 25620
33801 33801
7914 8697
12056 12056
47172 47248
28292 28300
34117 34206
44700 44750
37230 37260
10801 10801
43607 43620
27372 27420
5986 6040
19307 19496
44881 44881
22568 22736
17761 17761
35153 35153
3788 3898
32801 32801
11280 11404
48001 48001
28343 28434
12364 12584
14001 14001
30190 30236
7666 7780
30801 30801
38831 38902
45061 45061
24206 24272
26914 27204
15706 15724
9730 9851
6719 6848
39301 39301
4822 4948
39376 39377
20929 20929
33654 33861
5751 5751
27852 27944
45669 45680
12187 12238
41801 41801
41402 41540
18945 18945
48401 48401
21282 21316
43124 43176
12364 12584
16150 16204
30770 30840
15486 15568
18772 18834
43057 43057
25108 25152
11301 11301
33827 33827
11001 11001
13875 13925
27254 27355
26506 26570
8703 8844
49672 49710
44850 44890
17834 17930
29251 29251
24818 24848
29562 29692
25934 26076
19713 19713
377 377
31572 31650
16977 17080
7666 7780
692 750
11952 12110
5473 5473
14849 14849
41185 41185
22521 22521
8703 8844
15198 15303
46338 46365
27732 27785
21154 21216
19952 20032
45057 45057
37682 37800
19937 19937
43498 43605
18718 18768
2002 2007
13402 13504
29850 29924
26697 26697
39025 39025
31572 31650
40928 41388
22568 22736
18166 18264
43250 43296
41776 41777
981 1050
6312 6422
18821 18821
35572 35600
40302 40360
37441 37441
32554 32591
23082 23104
49501 49501
24442 24580
6500 6600
13254 13336
30850 30928
1882 1990
46278 46365
35885 35900
47812 47852
32492 32536
48466 48608
17802 17810
11937 11937
40732 40872
27183 27183
35601 35601
27852 27944
1327 1327
48001 48001
16601 16601
29421 29421
35058 35285
27321 27321
1219 1304
49552 49610
4201 4201
46652 46664
38502 38602
31005 31080
18001 18001
24965 24965
49501 49501
47942 47992
6908 6944
1351 1351
33761 33761
21458 21508
47854 47914
28343 28434
13102 13125
36001 36001
9201 9201
18836 18864
46001 46001
19240 19250
10741 10741
25622 27640
11537 11537
32812 32868
9324 9360
34471 34471
21151 21151
3677 3696
19376 19376
4881 4881
13154 13224
15726 15792
11705 11705
47302 47310
264 392
20286 20352
1487 1630
41366 41388
24681 24681
25934 26000
45312 45384
12982 13100
43250 43296
46678 46718
25321 25321
44842 44848
44001 44001
35185 35185
49400 49508
37582 37596
40001 40001
36262 36302
31734 31832
15616 15648
42700 42774
32788 32800
26106 26192
33314 33400
17491 17530
30516 30600
44001 44001
2277 2338
1698 1715
42402 42460
17986 18072
20866 20944
28126 28126
2562 2602
16049 16049
40950 40976
8402 8458
44001 44001
17342 17372
35023 35036
39073 39073
32002 32172
47127 47170
24545 24545
2009 2192
9942 10000
1408 1485
3761 3761
42971 43024
47441 47441
40234 40294
8737 8844
47092 47125
42561 42561
16077 16148
32492 32536
38790 38818
15312 15320
29694 29700
22510 22558
42072 42246
23401 23401
42072 42246
8000 8001
30770 30840
19222 19285
847 865
32682 32702
12722 12846
5172 5196
14952 14962
1870 1990
15201 15201
11669 11752
46489 46650
44301 44301
22994 23004
36001 36001
14721 14721
24442 24527
6066 6112
40101 40101
28481 28481
41782 41800
38364 38384
25934 26000
29782 29800
41138 41145
35889 35889
3329 3329
12274 12356
24937 24937
14852 14910
27831 27944
24738 24800
15921 15921
19652 19680
43737 43850
7841 7841
13001 13001
36456 36560
31572 31650
15761 15761
532 590
14324 14395
32241 32241
19313 19313
27281 27281
27339 27339
32481 32481
17731 17731
49327 49398
48402 48454
11001 11001
45313 45313
29052 29100
2392 2520
10581 10581
32226 32245
17621 17621
8957 8963
26744 26795
45802 45927
33654 34306
33654 34306
47034 47056
37124 37150
5426 5584
32098 32172
5841 5841
19234 19285
43886 44129
49327 49398
21432 21456
6480 6481
31141 31141
35058 35285
45312 45384
45682 45750
20493 20493
29524 29560
32174 32213
47854 47895
34609 34609
7042 7067
12514 12582
8737 8844
43554 43605
1052 1115
45851 45851
24602 24692
42352 42460
30001 30001
16539 16650
4648 4672
6060 7008
23001 23001
39372 39407
5281 5281
16081 16081
45321 45321
8852 8955
49855 49855
7682 7780
18487 18625
43442 43496
7601 7601
23326 23368
12982 13072
18321 18321
49921 49921
9841 9841
3201 3201
46465 46465
12326 12356
21250 21333
13441 13441
48932 48976
7411 7411
31601 31601
17961 17961
42072 42246
24582 24596
44977 44977
6657 6657
33547 33552
43057 43057
23501 23501
25100 25104
11669 11752
39622 39640
28938 28980
17986 18072
8156 8156
49169 49169
32501 32501
39701 39701
11921 11921
17201 17201
32247 32350
48032 48052
12364 12652
15041 15041
20612 20636
38781 38781
45521 45521
43124 43176
32341 32341
22742 22776
29736 29780
38722 38771
31402 31520
13905 13905
4252 4326
6832 6906
16961 16961
48072 48080
41802 41870
47384 47460
44941 44941
48610 48653
19422 19545
38001 38001
35388 35457
38081 38081
37922 37950
18388 18430
4801 4801
30238 30325
39664 39693
15001 15001
8466 8496
46278 46365
7116 7116
24912 25098
33601 33601
21827 21945
17714 17768
10546 10624
25698 25800
44376 44420
34962 35021
24442 24480
27090 27192
11298 11404
1219 1281
2034 2100
41147 41193
33601 33601
41402 41540
47323 47342
30001 30001
42001 42001
39762 39846
29562 29692
28986 29050
5462 5584
48978 49006
5129 5160
41662 41712
27801 27801
30516 30648
47854 47895
41923 41984
6834 6906
48021 48021
13233 13233
28761 28761
45301 45301
36001 36001
47761 47761
42072 42246
30818 30865
16702 16750
44002 44129
29562 29692
25622 25660
24681 24681
35459 35540
301 301
33281 33281
17082 17124
12501 12501
33314 33464
29562 29692
47062 47090
36210 36260
2465 2465
9704 9728
40501 40501
46433 46434
38930 38992
49621 49621
33601 33601
9841 9841
6834 6906
7761 7761
4825 4825
34320 34322
23123 23123
16527 16773
19601 19601
32901 32901
21432 21456
17770 17826
47942 47982
31147 31284
22705 22705
22139 22308
8801 8801
38001 38001
24401 24401
48436 48500
8457 8457
817 817
15121 15122
48141 48141
41923 41984
19065 19065
7666 7692
27090 27192
30660 30715
16527 16773
10954 10970
45842 45927
27361 27361
1717 1800
49117 49206
2642 2688
48601 48601
46850 46880
9942 10044
36012 36092
44820 44836
1 3
9704 9824
44892 44910
30238 30325
14912 14936
34351 34351
29170 29196
23441 23441
28162 28290
2001 2001
10282 10439
31701 31701
28681 28708
3601 3601
9662 9680
5129 5160
31946 31952
1350 1380
12154 12185
5861 5861
31082 31134
2009 2032
6118 6182
28986 29050
42161 42161
48379 48434
30001 30001
3268 3309
41923 41984
23006 23040
2721 2721
16105 16105
24401 24401
35361 35361
5905 5905
49441 49441
45296 45310
6500 6614
3860 3873
5777 5840
7314 7408
45386 45450
43651 43651
45531 45531
13254 13336
19952 20000
47384 47470
35885 35952
29767 29780
8081 8081
30913 30913
42401 42401
7187 7240
39442 39540
43737 43840
5292 5345
45985 45985
33957 34115
39001 39001
37137 37137
3466 3696
26914 27088
31005 31134
1452 1485
5217 5232
12802 12846
33790 33861
35885 35952
10677 10678
40732 40760
12274 12324
3265 3265
47480 47560
3410 3464
12722 12800
13376 13376
20987 20987
17901 17901
47641 47641
33441 33441
42049 42049
19952 20000
1487 1536
20286 20352
35801 35802
28961 28961
1585 1585
15962 16008
22852 22896
47897 47914
48379 48434
5777 5840
17892 17910
27690 27720
33654 33740
37001 37001
47272 47310
44769 44769
34721 34721
35521 35521
9841 9841
30516 30648
18001 18001
20474 20558
44761 44761
12908 12976
18577 18614
32812 32844
33418 33464
8010 8125
24529 24529
11857 11857
29102 29134
32473 32473
28673 28673
16775 16800
21546 21584
25761 25761
14546 14675
38345 38345
41390 42460
3311 3464
45951 45951
27446 27488
24738 24848
10751 10751
11881 11881
2642 2688
31856 31932
8103 8103
1889 1889
45452 45516
22818 22896
130 256
10972 11147
47 108
44620 44698
35661 35661
2510 2602
25001 25001
49117 49178
32930 33056
38618 38689
40322 40360
41741 41741
20638 20656
34869 34869
321 321
31713 31713
43178 43284
45682 45750
17409 17409
37742 37760
16201 16201
14801 14801
14778 14812
45312 45450
36961 36961
35185 35185
5072 5110
35552 35562
43388 43444
26651 26651
38070 38107
27377 27377
7341 7341
37601 37601
40281 40281
33469 33469
37598 37632
21401 21401
42034 42065
33600 33601
9222 9280
31971 31971
10241 10241
38537 38537
36673 36673
30752 30768
30170 30188
13063 13063
17323 17340
39762 39846
6946 6955
8010 8125
4950 5004
7472 7473
20178 20218
19375 19420
12385 12385
42081 42081
9521 9521
22361 22361
35742 35760
34431 34431
27372 27420
7151 7151
2392 2400
24206 24280
34338 34354
13921 13921
21621 21621
14221 14300
7548 7632
10494 10516
10240 10328
13161 13162
44577 44580
19142 19195
41782 41870
34361 34361
26148 26192
12586 12620
35361 35361
34261 34261
8978 8986
43178 43284
2129 2129
27681 27681
10050 10062
46721 46721
40762 40789
21362 21430
30038 30068
25862 25915
36959 37044
1 1
13202 13224
16001 16001
47718 47748
10101 10101
37046 37100
31471 31471
32554 32584
8722 8735
4506 4630
40234 40280
26818 26840
21811 21811
11006 11016
11322 11404
40690 40730
20501 20501
44065 44065
19354 19356
27831 27944
28897 28897
14217 14217
36201 36201
3401 3401
20501 20501
49008 49115
33886 33955
4381 4381
4601 4601
49985 49986
45449 45449
43693 43735
30738 30750
31101 31101
37427 37448
273 273
19201 19201
28770 28780
43401 43401
38165 38223
4674 4696
20658 20740
5705 5710
38165 38223
881 881
37450 37498
27831 27944
847 865
24442 24527
28002 28300
22852 22950
41257 41336
19921 19921
27946 28000
13426 13468
42428 42460
25698 25800
43701 43701
30661 30661
21252 21316
7508 7533
43042 43121
49117 49206
6472 6498
44752 44818
41001 41001
1162 1191
48755 48776
10240 10328
15132 15191
29481 29481
10601 10601
30465 30465
16601 16601
22786 22800
38401 38401
31825 31825
3114 3190
4274 4326
34121 34121
42321 42321
10546 10624
19831 19831
14677 14776
40161 40161
49646 49668
26666 26742
945 945
3357 3396
44980 45035
3761 3761
45354 45384
40501 40501
32241 32241
33957 34075
11241 11241
32441 32441
27377 27377
22594 23004
18951 18951
35234 35285
48502 48600
25182 25196
39032 39060
22622 22680
32341 32341
16018 16031
12161 12161
41410 41472
41201 41201
14546 14675
14778 14802
18942 18954
6541 6541
32078 32096
29364 29422
36641 36641
20562 20584
24707 24710
46852 46912
12001 12001
16593 16593
8957 8975
11462 11487
9446 9488
32430 32536
7714 7770
33361 33361
40091 40091
1491 1491
22001 22001
40161 40161
48610 48653
606 656
43089 43089
43637 43637
48017 48017
32716 32752
7794 7828
28492 28526
37634 37658
32430 32454
36971 36971
1751 1751
19489 19489
27090 27192
33957 34075
22682 22736
7841 7841
9306 9320
29452 29492
12377 12512
33654 33740
10670 10692
32890 32904
43351 43352
2321 2321
27361 27361
26681 26681
24937 24937
31286 31680
34861 34861
17627 17664
17532 17600
2209 2209
1041 1041
9446 9488
31656 31680
45685 45685
34462 34476
3455 3455
9662 9776
35786 35840
37761 37761
23121 23121
37802 37880
14001 14001
38097 38097
7401 7401
40033 40033
25269 25269
20419 20448
6530 6614
39070 39120
26161 26161
9518 9630
17929 17929
15258 15303
14701 14701
28193 28193
44321 44321
29782 29800
12722 12846
40937 40937
46852 46912
7841 7841
22785 22785
9561 9561
20513 20513
157 157
33961 33961
1851 1875
28721 28721
11406 11448
35641 35641
38042 38064
45101 45101
45037 45116
5217 5290
46961 46961
16140 16148
19652 19680
28241 28241
9201 9201
25537 25537
46003 46003
44079 44079
27681 27681
34001 34001
31994 32048
47581 47581
37521 37521
36304 36376
3410 3464
21657 21657
18727 18770
10094 10138
36907 36935
2618 2716
1487 1536
30170 30188
6691 6691
35913 35913
11322 11400
31421 31451
11751 11751
24291 24378
42401 42401
43465 43465
12377 12620
23921 23921
21546 21580
26300 26386
7994 8125
29281 29281
12466 12466
13470 13530
37057 37058
40078 40300
33001 33001
7561 7561
40449 40449
34722 34785
2817 2817
27392 27393
3361 3361
5825 5825
30801 30801
27814 27824
18001 18001
17329 17329
38002 38016
47718 47736
19741 19741
17369 17369
18393 18430
28601 28601
42776 42867
15921 15921
43762 43850
11687 11687
20339 20339
39801 39801
18706 18716
3152 3464
37450 37484
30581 30581
31856 31920
8801 8801
39361 39361
14710 14762
43701 43701
48436 48500
10635 10635
2481 2481
41501 41501
34601 34601
29782 29835
17522 17530
9518 9630
31734 31760
5141 5141
40721 40721
49180 49192
15759 15759
33520 33521
3329 3329
2277 2602
48826 48843
39138 39180
15198 15320
12154 12185
10385 10385
34482 34538
9168 9170
35553 35553
31682 31820
6041 6041
37046 37100
921 921
12377 12512
11793 11793
11905 11907
14001 14001
41726 41870
12722 12846
29473 29473
43691 43691
48032 48052
23209 23209
5761 5761
15345 15345
6654 6710
21201 21201
42431 42431
23841 23841
24380 24432
29201 29201
30801 30801
5577 5577
42626 42626
40078 40088
47286 47310
18011 18011
47854 47895
21116 21132
37969 38016
35729 35729
23451 23451
11042 11100
14912 14950
23737 23737
39070 39180
241 241
21121 21121
4127 4149
8251 8251
47681 47681
44854 44890
30241 30241
5217 5224
22121 22121
15041 15041
29682 29692
5316 5345
42034 42064
11903 11936
11231 11248
27991 27991
20321 20321
19952 20016
47548 47648
47384 47470
13426 13466
49117 49172
18827 18834
847 865
5991 6007
28606 28632
7317 7317
10706 10758
24040 24052
8081 8081
46492 46528
22464 22488
47916 47936
45862 45927
18017 18017
46852 46912
4474 4482
31762 31820
27297 27297
41201 41201
37633 37633
28343 28434
19240 19264
2122 2152
17937 17937
19748 19762
5292 5300
29292 29348
18706 19285
44302 44320
3313 3313
6185 6186
41217 41255
25117 25598
46641 46641
14001 14001
22172 22212
42001 42001
44302 44320
28982 29024
32541 32541
18672 18676
6530 6614
48961 48961
23202 23215
28585 28585
43178 43284
10194 10428
16725 16750
17449 17449
11322 11404
26149 26149
7694 7770
47397 47470
15198 15256
6801 6801
29761 29761
1283 1300
32634 32888
10817 10817
20262 20284
11042 11147
11280 11304
25337 25337
19553 19553
49327 49380
36321 36321
6746 6766
12181 12181
35855 35883
14245 14245
22861 22861
26770 26795
44472 44600
33260 33261
39582 39620
1696 1715
23501 23501
42753 42753
20376 20392
41366 41375
30867 30928
46369 46369
32641 32641
28993 28993
13736 13737
49296 49312
30097 30097
26210 26216
18487 18496
37450 37484
4782 4792
23784 23800
23217 23277
47268 48299
39622 39640
20658 20725
26642 26656
42276 42300
34401 34401
31521 31521
10924 10952
29102 29734
25001 25001
20102 20129
39825 39825
29026 29100
41587 41596
11489 11532
9553 9553
25329 25329
11929 11929
1737 1737
46801 46801
44201 44201
21321 21321
31201 31201
43905 43906
39907 39940
31412 32172
28961 28961
19562 19592
36321 36321
26025 26076
9222 9280
20311 20311
37450 37484
35855 35883
6801 6801
28343 28434
4351 4351
2340 2370
4632 4646
33654 34077
29907 29924
17986 18000
19202 19220
29081 29081
5601 5601
18590 18590
36662 36696
1818 1875
11583 11607
23006 23104
31682 31820
31545 31545
16649 16649
18393 18393
16206 16264
35601 35601
2462 2508
21553 21553
306 355
2709 2709
23656 23656
27501 27501
31377 31377
22811 22811
32458 32591
22481 22481
27281 27281
5421 5421
39501 39501
14050 14078
47305 47305
4065 4065
28047 28052
6009 6058
41826 41870
22113 22113
35991 35991
6322 6366
40732 40783
14561 14561
33201 33201
11166 11181
7548 7632
34122 34144
34122 41388
15825 15826
34122 41388
21681 21681
36961 36961
37552 37568
27951 27951
43283 43283
26170 26188
7502 7546
38301 38301
17069 17069
2991 3000
5481 5481
44854 44890
37552 37680
24881 24881
23281 23281
44642 44698
25601 25601
49672 49710
17440 17441
16977 17016
34540 34630
19500 19501
22172 22212
38932 39030
24918 25080
31462 31564
10847 10847
26025 26076
29102 29132
3052 3110
18522 18560
4361 4361
42522 42565
44401 44401
12722 12835
33658 33740
3321 3321
26190 26600
9030 9075
5929 5929
28436 28490
7698 8304
932 994
29185 29185
19074 19100
48401 48401
23601 23601
21601 21601
20401 20401
10641 10641
28225 28225
13137 13137
23001 23001
30001 30001
20088 20100
16539 16576
22449 22449
9222 9402
3378 3396
32754 32786
28066 28112
12154 12185
38773 38788
39907 39920
25698 25780
29292 29320
40622 40673
31286 31325
36378 36454
49910 49960
14710 14748
22414 22462
1946 2007
22047 22130
19601 19601
12961 12961
44881 44881
12610 12646
9077 9088
43821 43821
46401 46401
10355 10428
9891 9891
41149 41193
18686 18716
28761 28761
13254 13310
40642 40673
35666 35672
43233 43233
16271 16271
13341 13360
20751 20751
12005 12048
19967 20016
28569 28569
19652 19724
5970 5984
37368 37392
38402 40360
13092 13110
1337 1337
21646 21708
34122 41388
19681 19681
3801 3801
46562 46664
4650 4663
25751 25751
17706 17712
45518 45548
40997 41043
49025 49026
28982 31410
34485 34538
20377 20392
49208 49261
30481 30481
7521 7521
10401 10401
5873 5873
23441 23441
14852 14928
27601 27601
4545 4545
2562 2602
32505 32505
41537 41537
3441 3441
38813 38813
34638 34785
10278 10328
35572 35650
17262 17321
42761 42761
42632 42675
34497 34497
43801 43801
14001 14013
15122 15191
28801 28801
12514 12560
251 251
29930 29972
26111 26111
32182 32210
35904 35905
32801 32801
17190 17215
11349 11349
32641 32641
39721 39721
48436 48500
4302 4320
22139 22170
1201 1201
5227 5290
15962 16016
48301 48750
35721 35721
6781 6781
14378 14395
22642 22738
7446 7463
42632 42675
49121 49121
20801 20801
7701 7701
6991 7000
29285 29285
13870 14500
44769 44769
12593 12593
39401 39401
35736 35740
30501 30501
1452 1485
48273 48274
14781 14781
14201 14201
44591 44591
33201 33201
33998 34075
45425 45425
32174 33080
7151 7151
15666 15700
13521 13521
7069 7156
10670 10692
47701 47701
31734 31820
19307 19352
49501 49501
5121 5121
19287 19298
49681 49681
28281 28281
29577 29600
14546 14675
18720 18721
34122 41388
32098 32172
34913 34913
37582 37596
2232 2233
9881 9881
24641 24641
35350 35386
6945 6945
48181 48181
18992 19072
35521 35521
29364 29422
21457 21457
22529 22529
13950 13999
39848 39905
16801 16801
6812 6820
1881 1881
18401 18401
20765 20825
39070 39136
49216 49258
32922 33064
2340 2370
14310 14322
29102 29734
32002 32048
42902 42912
1487 1536
44677 44677
21217 21217
40101 40101
13041 13041
4541 4541
12364 12375
18002 18066
19222 19232
45656 45667
1946 2007
41607 41616
20281 20281
29329 29329
12050 12090
37969 37969
8406 8458
2501 2501
37802 37840
30292 30325
42567 42600
4601 4601
8801 8801
40732 40783
8561 8561
14221 14221
16500 16501
40997 41043
36695 36695
8093 8093
23802 24165
1283 1300
31999 32001
5129 5160
47410 47470
32252 32352
10481 10481
16077 16110
13870 14146
896 896
6833 6833
13761 13761
11450 11487
47151 47151
30801 30801
14148 14192
34580 34630
14422 14426
46081 46081
21591 21619
1226 1281
10913 10913
7082 7156
19025 19025
26353 26353
48961 48961
25501 25501
45002 45035
47010 47050
10485 10485
17752 17768
7161 7161
32541 32541
10001 10001
25117 25180
14273 14300
49672 49710
1360 1361
25782 25852
1201 1201
32473 32473
39070 39180
23685 23728
2935 2965
28550 28558
38320 38321
44235 44235
22139 22170
10355 10428
45191 45191
42567 42630
35885 35952
38054 38064
25369 25369
16175 16177
33418 33552
44873 44873
23001 23001
5292 5328
13570 13616
17881 17881
18969 18969
45121 45121
719 736
7441 7441
1 1
28547 28547
42161 42161
32641 32641
6961 6989
17627 17663
17601 17601
37882 37950
16910 16916
33658 33740
5221 5221
34122 38500
10220 10238
18529 18529
49489 49489
40481 40481
32801 32801
22801 22801
13742 13800
25552 25564
18992 19072
7501 7501
28146 28200
23447 23447
12764 12835
36987 36987
5999 5999
13618 13692
16725 16750
20001 20001
48701 48701
33561 33561
27365 27365
21877 21940
24291 24338
26465 26465
5058 5100
30717 30736
37992 37993
26501 26501
15372 15430
23853 23853
10216 10216
43537 43537
20827 20851
43881 43881
42276 42380
45841 45841
10574 10624
22513 22513
36727 36744
35962 35968
27841 27841
44131 44216
18417 18417
34881 34881
30913 30913
17641 17641
12132 12146
49281 49281
5745 5745
36108 36162
12432 13568
5757 5930
30717 30768
13766 13766
20241 20241
7701 7701
2293 2293
29231 29231
44722 44750
16597 16650
37681 37681
32458 32490
35994 36034
48021 48021
39650 39662
28606 28632
35287 35328
38817 38817
47142 47254
34501 34501
24600 24656
37282 37366
42530 42565
22740 22778
18333 18333
45677 45677
5 40
47854 47895
1581 1581
326 326
41161 41161
15001 15001
24712 24800
31761 31761
2226 2275
23689 23690
49216 49248
48054 48065
47521 47521
10801 10801
38427 38427
26781 26782
26922 27195
40988 41040
41981 42016
11952 11985
10673 10673
31985 31985
20081 20081
7750 7751
29307 29307
25001 25001
26447 26484
4001 4001
22952 23104
12737 12737
36994 37044
26355 26386
17369 17369
5506 5732
45452 46848
42250 42274
14148 14192
15751 15751
48681 48681
43026 43122
28851 28851
49277 49277
16910 16922
44501 44501
49761 49762
24167 24176
27609 27609
8322 8370
28151 28152
39495 39495
17262 17321
22780 22832
34481 34481
49415 49415
36585 36660
24140 24141
42625 42626
48001 48001
28047 28064
2122 2152
20201 20201
26981 26981
44001 44001
30241 30241
3457 3457
6581 6581
33898 33940
35218 35285
11801 11801
19921 19921
32716 32752
26686 26720
10841 10841
23580 23592
36737 36737
33561 33561
9866 9940
49562 49576
12264 12292
16340 16364
1465 1465
49681 49681
4966 5004
38796 38800
41281 41281
17262 17321
3410 3520
46001 46001
4833 4833
45386 45450
28657 28657
9222 9295
7790 7792
49976 49996
20680 20681
1751 1751
40098 40139
43553 43553
4506 4560
3851 3851
8235 8235
42417 42417
22049 22049
21361 21361
42145 42145
34635 34636
20727 20755
27154 27192
41721 41721
43852 43862
4001 4001
44501 44501
13401 13401
41990 42016
43281 43281
16181 16181
30210 30768
19520 19560
43241 43241
26744 26795
3009 3009
7254 7375
15820 15820
21074 21085
7082 7148
3261 3261
24380 24432
1521 1521
11841 11841
5048 5056
34841 34841
45425 45425
5001 5001
321 321
1377 1377
29376 29377
45880 45881
8191 8192
16817 16817
49776 49872
48201 48201
10001 10001
21546 21553
49776 49872
33790 33800
9762 9784
46782 46811
26049 26049
42489 42528
38851 38851
32098 32172
23929 23929
49382 49398
45201 45201
1242 1281
22047 22082
1457 1457
28992 29020
19463 19486
40241 40241
20827 20851
16769 16769
37124 37366
18664 18670
49025 49026
9821 9821
3073 3073
30117 30117
44281 44281
33306 33312
32692 32888
5149 5149
10278 10310
15401 15402
14241 14241
5586 5608
36164 36170
19967 19992
7994 8036
44131 44200
5382 5386
42501 42501
111 111
24087 24098
42976 42977
13384 13466
1737 1737
6001 6001
34301 34301
6721 6721
35001 35001
47057 47057
8199 8199
33091 33091
24721 24721
32321 32322
30038 30152
13081 13081
32482 32490
1081 1081
44376 44470
19361 19361
26666 26742
41291 41291
6832 6880
42421 42421
5058 5100
3666 3675
21753 21786
25397 25420
16592 41388
48902 48940
14310 14395
31620 31621
3592 3628
21134 21168
47666 47693
24665 24665
18562 18575
35921 35921
24881 24881
1816 2460
39070 39180
43178 43250
29009 29009
30641 30641
2066 2440
16500 16501
21327 21344
9373 9373
13254 13310
35858 35883
18192 18200
8466 8532
43530 43605
43601 43601
38041 38041
4198 4228
8582 8670
30921 30921
22189 22189
28913 28913
29497 29497
29370 29405
35261 35261
19214 19232
21591 21751
5889 5930
49194 49200
18098 18104
9142 9150
3473 3473
20853 21000
20924 21000
2770 2809
21601 21601
24946 24992
15941 15941
9168 9170
35089 35089
47666 48299
46057 46062
7634 7656
22952 23080
12337 12337
29137 29137
13950 14029
23848 23880
10954 10960
28933 28933
31572 31580
29281 29281
20646 20646
27937 27937
38041 38041
27521 27521
37573 37658
37282 37300
42467 42487
49722 49756
8481 8481
36840 36890
26572 26581
45705 45705
11251 11251
10909 10909
7529 7529
30305 30305
18833 18833
14881 14881
5120 5125
20733 20733
19601 19601
12764 12812
25265 25265
17421 17421
16241 16241
9222 9295
12351 12351
10772 10780
28746 29100
11952 11985
39762 39804
10882 10922
49005 49005
33681 33681
1506 1536
42226 42246
21178 21248
719 736
22529 22529
1497 1497
47761 47761
26697 26697
18529 18529
49233 49233
10782 10840
14780 14802
23802 24165
48301 49008
31170 31208
47089 47089
20897 21000
37418 37484
40732 40783
18241 18241
35057 35057
14080 14101
41301 41301
42276 42340
21250 21266
9408 9409
7698 7770
10161 10161
18481 18481
10541 10541
27378 27420
35994 36034
28121 28121
43377 43377
39522 39542
2265 2265
19826 19890
40552 40590
2001 2001
17491 17530
40545 40546
48146 48176
44161 44161
38449 38449
36304 36330
39066 39066
38981 38981
15701 15701
13876 13876
264 300
31025 31025
16641 16641
34916 35012
1283 1319
35902 35952
20433 20433
36778 36838
16592 41388
24594 24596
43233 43233
16513 16513
8501 8501
16340 16376
3249 3249
6616 6652
17532 17572
35937 35937
21451 21451
23673 23673
25898 25915
38402 38500
47916 47982
42922 42939
26001 26001
20354 20392
42467 42487
38622 38672
23282 23296
30038 30152
44702 44750
4950 7240
4849 4849
28231 28231
41598 41605
27020 27021
10064 10092
13929 13929
45346 45352
2527 2602
16112 16115
21393 21394
23604 23628
6193 6193
11887 11890
4328 4350
43825 43826
33969 33969
35762 35784
16001 16001
34701 34701
17001 17001
15881 15881
10130 10192
18306 18318
6713 6713
42521 42521
40241 40264
41668 41669
18550 18551
3716 3716
14677 14853
32593 32608
2527 2602
8064 8125
35801 35802
36494 36552
27474 27492
25746 25770
5121 5121
15636 15637
40001 40001
21646 21660
14814 14850
40272 40273
34199 34253
41767 41767
42489 42528
40805 40805
30797 30862
26921 26921
32001 32001
5610 5615
4484 4504
33681 33681
40091 40091
19871 19871
41545 41545
21346 21380
35281 35281
31113 31113
23441 23441
19611 19611
32985 33016
49810 49856
8176 8250
2066 2092
42501 42501
22032 22040
22236 22274
38689 38690
24721 24721
30941 30941
8064 8125
33025 33025
22139 22170
8957 8965
49301 49301
46458 46487
16401 16401
1696 1814
23952 23988
34801 34801
2097 2098
14855 14936
23630 23774
31994 32064
17834 17850
5809 5809
46767 46780
27618 27664
33258 33290
28218 28256
7878 7912
10925 10926
22032 22040
2622 2688
20474 20504
2226 2275
47041 47041
28457 28490
14677 14695
38298 38300
1022 1104
5751 5751
7601 7601
22071 22071
17453 17453
22568 22588
40497 40522
45346 45352
1219 1224
15193 15256
49132 49171
43601 43601
8277 8288
25698 25744
21153 21153
4849 4849
35330 35348
35052 35120
41851 41851
23553 23553
40301 40301
8127 8174
18657 18657
39269 39269
20847 20847
13001 13001
15714 15770
1201 1201
19441 19441
36840 36890
25858 25896
16161 16161
1022 1040
19317 19352
22283 22283
14324 14360
23961 23961
41721 41721
13558 13568
35350 35386
18686 18716
11001 11001
22865 22865
11006 11016
35634 35672
31284 31284
7713 7713
5010 5032
41801 41801
1283 1319
16613 16613
13570 14304
5889 5948
29441 29441
20220 20225
39101 39101
34002 34075
37361 37361
37961 37961
16775 16790
29761 29761
27937 27937
36065 36065
36751 36751
10001 10001
33986 33996
18664 18670
16977 17016
37401 37401
36025 36025
19441 19441
49297 49297
16018 16031
32899 32899
5121 5121
49785 49785
13961 13961
25858 25896
7293 7293
18393 18485
17901 17901
47777 47777
801 801
43193 43193
19153 19153
3592 3634
28949 28949
5201 5201
17841 17841
16451 16451
30961 30961
36669 36686
28385 28385
44425 44425
16801 16801
20471 20471
32865 32866
1548 1602
31751 31751
39281 39281
10461 10461
10251 10251
21233 21233
40601 40601
42129 42212
5105 5106
12601 12601
37890 37950
35793 35793
40176 40783
2193 2193
10611 10611
18609 18609
25393 25393
42467 42485
38221 38221
46706 46718
3922 3960
6741 6741
16234 16258
6501 6501
38562 38602
15841 15841
20929 20929
3282 3704
20401 20401
179 196
46946 46976
40053 40075
6017 6017
26553 26553
16592 24452
46903 46912
28592 28740
34002 34075
31242 31272
12187 12238
8176 8250
39960 39982
36497 36497
46411 46411
22193 22193
46562 46664
18481 18481
14221 14221
16221 16221
36108 36162
31955 31964
22674 22720
42530 42565
20041 20041
35437 35437
49840 49856
30643 30643
24842 24864
36061 36061
41662 42240
21841 21841
23106 23212
26473 26473
45982 46055
16545 16545
17473 17473
38921 38921
15537 15537
6272 7240
23281 23281
19361 19361
43473 43473
1420 1504
10170 10192
36401 36401
30337 30337
9761 9762
20833 20833
35994 36034
13694 13706
7777 7780
11583 11607
38904 39015
37927 37927
35175 35175
42471 42472
5049 5049
26982 27204
8451 8451
1696 1814
22102 22128
49561 49561
36999 36999
22877 22877
9810 9851
40305 40305
26082 26100
21290 21316
32741 32741
26385 26385
6500 6608
28609 28609
36278 36280
32843 32880
4401 4401
15526 15584
42161 42161
45521 45521
48410 48416
1969 1969
20321 20321
42745 42745
8841 8841
5840 5841
25782 25850
46881 46881
44481 44481
41801 41801
5916 5917
926 926
9222 9295
37418 37484
38364 38392
7025 7025
34810 35470
35545 35545
5001 5001
1816 1875
13201 13201
39218 39235
40981 40981
27141 27141
2901 2928
7097 7148
621 621
12288 12289
31041 31041
3272 3279
18074 18096
32721 32721
22834 23080
16608 16609
38961 38961
30297 30297
3042 3110
24104 24150
43713 43713
35082 35120
35564 35600
14001 14001
18627 18662
26997 26997
10241 10242
20541 20541
18118 18164
3002 3110
40537 40537
2066 2440
14881 14881
45568 45569
41801 41801
12481 12481
11044 11045
4151 4151
17525 17525
23600 23601
44136 44136
10004 10004
34002 34032
532 573
30705 30705
15372 15385
8957 8965
1161 1161
43634 43674
16801 16801
47601 47601
19651 19651
1581 1581
11450 11487
5797 5797
25601 25625
20001 20001
2337 2370
10574 10592
33536 33536
31682 31732
29026 29119
7353 7353
38176 38223
36481 36481
12764 12812
44253 44253
10030 10428
23377 23392
33091 33091
5705 5718
49441 49441
28027 28064
26417 26417
39505 39505
48801 48801
45554 45596
1548 1575
41521 41521
15661 15661
28481 28481
17752 17826
35057 35057
10240 10264
30410 30496
30797 30862
5001 5001
44957 44957
29750 29758
36401 36401
28792 28824
25032 25040
46153 46153
6301 6301
225 226
46562 46664
26219 26219
29682 29692
10541 10541
20898 20922
40619 40664
41058 41088
30433 30433
38306 38330
22504 22592
46146 46160
21238 21266
34501 34501
3541 3541
45852 45893
15324 15338
34227 34236
42776 42856
4705 4705
9218 9220
47984 47984
1986 2007
32001 32001
48161 48161
43124 43150
18481 18481
6500 6608
17354 17416
34810 35632
15599 15640
28362 28400
15901 15901
34071 34071
1911 1911
38114 38144
37594 37658
15697 15697
11601 11601
49434 49508
22084 22100
692 717
17041 17041
17721 17721
36778 36818
14700 14708
18266 18290
26161 26161
34289 34289
14310 14376
30811 30811
25711 25713
29974 30272
43713 43713
40866 40916
28531 28531
29174 29405
35713 35714
23761 23761
14450 14528
32081 32081
12581 12581
31682 31871
32713 32713
1193 1217
39501 39501
21341 21341
5901 5901
5825 5825
28241 28241
41826 41870
21401 21401
8081 8081
29837 29972
25449 25449
49809 49809
33145 33145
8342 8464
33361 33361
1946 1983
37602 37658
17801 17801
35236 35236
29234 29268
818 845
26447 26477
25492 25550
23810 23846
39306 39320
28760 28761
30385 30385
17073 17073
27924 28008
32101 32101
1283 1319
30641 30641
37197 37258
25669 26023
9433 9433
38838 38873
32594 32610
29009 29009
37953 37953
16597 16631
40201 40201
40161 40161
47502 47530
25934 25950
33800 33856
10801 10801
41336 41336
43761 43761
34517 34517
18784 18785
45330 45344
30701 30701
26397 26397
641 641
29292 29320
32658 32676
12989 12989
16177 16177
14753 14753
20737 20737
27446 27472
43388 43400
28207 28220
31921 31921
13804 13816
48482 48565
6050 6051
41741 41741
27926 27944
44146 44200
24569 24569
46681 46681
4112 4115
38237 38296
39468 39486
45656 45840
17354 18226
20897 20922
20455 20472
14673 14673
25402 25464
35545 35545
15715 15715
34449 34449
38430 38480
3471 3471
17761 17761
20997 20997
39501 39501
23073 23073
16392 16393
5217 5217
49601 49601
29121 29670
47782 47810
35921 35921
37418 37484
606 657
38430 38500
11334 11449
19691 19691
27018 27088
10878 10922
38901 38901
44261 44261
31441 31441
26300 26305
32261 32261
13501 13501
25075 25098
28001 28001
18341 18341
22001 22001
3681 3681
38329 38329
22568 22588
24650 24692
42113 42113
21273 21273
39017 39030
43001 43001
34238 34253
7441 7441
43388 43464
29557 29575
32481 32481
30825 30827
21945 21945
34485 34524
47537 47537
39945 39945
15058 15072
4561 4561
42801 42801
41058 41088
6621 6621
38193 38193
40241 40386
25381 25381
44040 44112
16177 16177
4681 4681
37540 37541
13886 13904
34082 34115
45190 45218
36129 36129
12157 12157
38969 38969
43961 43961
32781 32781
46534 46541
43104 43155
13969 13969
27618 27664
40950 40951
20541 20541
15649 15649
7465 7506
14750 14751
45119 45121
30601 30601
31501 31502
35350 35386
22569 22569
25417 25417
12294 12324
49672 49706
10225 10225
9810 9851
38821 38821
24167 24452
30530 30768
41264 41265
7169 7169
20640 20700
17706 17732
24564 24592
48561 48561
6741 6741
9336 9368
6601 6601
15016 15017
20230 20284
29524 29555
45362 45390
36481 36481
49372 49398
44051 44051
31096 31120
33041 33041
39696 39725
7471 7471
38801 38801
32961 32961
10001 10001
33986 33996
45876 45876
19967 19992
6202 6270
42714 42721
48868 48888
46946 46976
30241 30241
38237 38296
12264 12292
15281 15281
35680 35681
20586 20636
47310 47321
38375 38377
17834 17890
16401 16401
16621 16621
4610 4630
19307 19518
5912 5948
15058 15096
23433 23433
4078 4078
120 122
43607 43620
1525 1526
23340 23375
2641 2641
30751 30751
14637 14637
16761 16761
7325 7326
28697 28700
10853 10853
16449 16449
11601 11601
49646 49664
33698 33740
38146 38163
2221 2275
3390 3520
11551 11551
47921 47921
27242 27272
44000 44120
2493 2493
45346 45352
37260 37346
24380 24414
30354 30368
18257 18257
45041 45041
42424 42426
4818 4864
37802 37840
41896 41979
14000 14001
3282 3309
4509 4608
26726 26726
34432 34460
31505 31505
16757 16757
36241 36276
7287 7300
48301 48301
111 111
14701 14701
25960 25984
40631 40631
40552 40617
44146 44208
25217 25217
47431 47431
27601 27601
47532 47552
36281 36281
11691 11691
16185 16185
24581 24581
47162 47266
22481 22481
22801 22801
2462 2508
17682 17694
6501 6501
23594 23628
642 657
4385 4432
10924 10952
42561 42561
46021 46021
24600 24640
41751 41751
42386 42414
6272 7240
14553 14650
14553 14650
33101 33101
22780 22832
7281 7281
23521 23521
30801 30801
32981 32981
29042 29084
49531 49550
17741 17741
36251 36251
33976 34077
45554 45584
41662 42430
33742 33792
25417 25417
1665 1665
12402 12412
37159 37366
11306 11358
32001 32001
5512 5560
10801 10801
20321 20321
28468 28490
45281 45281
17770 17804
40401 40401
47480 47504
27973 27996
5272 5299
15801 15801
45141 45141
28362 28432
41713 41713
24600 24640
38820 39068
24301 24301
33701 33702
41451 41451
22941 22941
8582 8590
36701 36701
40497 40522
41937 41937
10094 10128
28362 28432
18209 18209
49361 49361
40791 40864
33329 33329
33258 33712
49531 49756
14406 14416
2841 2841
48751 48751
45921 45922
44000 44032
9632 9640
5462 5504
37710 37870
33204 33232
32200 32201
34071 34071
45365 45365
34922 35000
15361 15361
433 433
33341 33341
43161 43162
29777 29777
26021 26021
35226 35226
19287 20352
1809 1809
18887 18916
6345 6346
34401 34401
10728 10752
14778 14802
18562 18625
33681 33681
33141 33141
8561 8561
39377 39407
34146 34156
12660 12690
14855 14916
14784 14800
22585 22585
40361 40361
48801 48801
18041 18041
47233 47233
26491 26491
27562 27604
16433 16433
20889 20889
39801 39801
19301 19301
29681 29681
21393 21394
41521 41521
15772 15868
42276 42384
37260 37346
2177 2177
15526 15584
3902 3926
7548 7592
48828 48832
12961 12961
5694 5700
41901 41901
25301 25301
1586 1600
18441 18441
28746 28768
3849 3849
15801 15801
13384 13455
38651 38651
25251 25252
39745 39745
13071 13071
39105 39105
11731 11731
36182 36188
2921 2921
3322 3388
4458 4504
27396 27420
26982 27152
35871 35871
39781 39781
33591 33591
33855 33855
19547 19560
33841 33841
9637 9637
11809 11809
46946 46976
6131 6131
39343 39452
44205 44205
9504 9505
16773 16773
24466 24490
11241 11241
33398 33416
6953 6953
4321 4321
10001 10001
30881 30881
28033 28033
28689 28689
16541 16541
29301 29301
17989 17989
21829 21829
46822 46828
792 800
47506 47530
48301 48575
43993 43993
15264 15290
43169 43169
11102 11147
37585 37585
28231 28231
19017 19017
29201 29201
7981 7981
19994 20010
37501 37503
2151 2151
21376 21377
9569 9569
47581 47582
14855 14916
44217 44374
47092 47127
16489 16489
25131 25131
45392 45400
24098 24160
12377 12412
3666 3704
5326 5326
31242 31272
16316 16447
48321 48321
2847 2864
45801 45801
26041 26041
27018 27088
20972 21032
8737 8815
16500 16501
23551 23551
40593 40593
37061 37061
34953 34953
41726 41868
19463 19488
3491 3491
47729 47729
35388 35457
18161 18161
3592 3623
30627 30651
48065 48065
1864 1875
1633 1633
3362 3388
33361 33361
34158 34165
34922 35012
33204 33232
40524 40540
11360 11390
42609 42609
27761 27761
18241 18241
8121 8121
2082 2092
7949 7949
17229 17229
12641 12641
1809 1809
13206 13224
36332 36376
8289 8289
45376 45376
34201 34201
27183 27183
46209 46209
25117 25219
8721 8721
39341 39341
11392 11425
39874 39905
37081 37108
13713 13713
2105 2105
11177 11177
20455 21475
17912 17930
21773 21773
45842 46055
20262 20284
11362 11390
16934 16972
25397 25464
44996 45035
5105 5106
45752 45795
21268 21344
26982 27152
39874 39958
30370 30388
29582 29600
42345 42345
29442 29492
5001 5001
29582 29600
7701 7701
13249 13251
45481 45481
45752 45795
49641 49641
23969 23969
35068 35080
47073 47073
214 262
33306 33376
33600 33601
28746 29119
17088 17124
44376 44404
3248 3260
21410 21420
24421 24421
14287 14287
18441 18441
21710 21750
25989 25989
39505 39505
34652 34663
5388 5407
37722 37740
48655 48655
21552 21553
23010 23021
20262 20284
2051 2051
26054 26080
3121 3121
3322 3355
11102 11147
25945 25958
24341 24341
42323 42323
22930 23008
34922 35000
24994 25024
40989 40989
8521 8521
5441 5441
43951 43951
43038 43102
6641 6641
49201 49201
34846 34864
49101 49102
46830 46912
5729 5729
18264 18290
11690 11752
5388 5407
6184 6195
42714 42721
20455 20472
10094 10128
4209 4209
20342 20352
5491 5491
38432 38500
38109 38163
39454 48826
46830 46878
19035 19035
49345 49345
18061 18061
40524 40540
6118 6168
24734 24800
4001 4001
44802 44820
13641 13641
21037 21037
39105 39105
27446 27492
35023 35036
26808 27272
10251 10251
34793 34793
15666 15692
32001 32001
21262 21266
29662 29692
43027 43036
38866 38873
45126 45126
753 753
27911 27911
46693 46693
23101 23101
27121 27121
38257 38257
8866 8880
12481 12482
21217 21217
45001 45001
14306 14308
38801 38801
41882 41979
11323 11323
30321 30321
27761 27761
41874 41979
32961 32961
36145 36145
3994 4020
1811 1811
28162 28205
32442 32445
12294 12324
31249 31249
9781 9781
4376 4383
14081 14081
24481 24481
38641 38641
985 985
23012 23021
43457 43457
8665 8666
3761 3761
8113 8113
48721 48721
31489 31489
7101 7101
13470 13488
45569 45569
17121 17121
49010 49171
1474 1546
39990 40004
48561 48561
28401 28401
37328 37346
3750 3770
41883 41883
25397 25464
25917 25928
8386 8404
23714 23728
48617 48630
21201 21201
26301 26301
23171 23171
13968 13971
214 262
42481 42481
18956 18990
34641 34641
14439 14516
6201 6201
29874 29904
38601 38601
11377 11377
44984 44994
1 1
15781 15781
20546 20558
40741 40741
26273 26273
14521 14521
13182 13190
33361 33361
44561 44561
6433 6433
46232 46487
26506 26543
30327 30352
31433 31433
23051 23051
28234 28256
27610 27664
33532 33575
3625 3634
21117 21117
42352 42384
39633 39633
18345 18345
10550 10566
17301 17301
261 261
39289 39290
26601 26601
7111 7111
44281 44281
17897 17897
3889 3889
24212 24248
27018 27088
45441 45442
39151 39180
39587 39620
41569 41569
15924 15955
29953 29953
16001 16001
41150 41193
34408 34424
8038 8075
25332 25344
18501 18501
38497 38497
7664 7665
24600 24648
12377 12412
8961 8961
5662 5692
30530 30625
30817 30817
29689 29689
13687 13688
21201 21201
27998 28025
31853 31853
11170 11181
20134 20201
39841 39841
25501 25501
23889 23889
26433 26433
39521 39521
10161 10161
45001 45001
41561 41561
12421 12421
2545 2545
16401 16401
4931 4931
34320 34321
5601 5601
19739 19739
42684 42698
27090 27118
21501 21501
25801 25801
31741 31741
45101 45101
10945 10945
40182 40239
16478 16525
24454 24464
17627 17694
40300 40320
41681 41681
49253 49253
11102 11147
22049 22049
23882 23920
8561 8561
23826 23846
289 289
48770 48772
45246 45294
45199 45201
49874 49913
3345 3346
10545 10545
36959 36968
41503 41503
19841 19841
8406 8450
7761 7761
43676 43691
49781 49781
12289 12289
5001 5001
8000 8001
38721 38721
21034 21047
4849 4849
12733 12733
45313 45313
9121 9121
17897 17897
27210 27217
4950 4964
40791 40864
35761 35761
14705 14705
23428 23485
37101 37101
8342 8458
3192 3206
48262 48292
2491 2491
9737 9737
21621 21621
27242 27272
781 781
31368 31380
30231 30231
6265 6265
27274 27360
49540 49541
25511 25511
36393 36393
40425 40425
32266 32300
31047 31064
48665 48665
16808 16922
30797 30862
17501 17501
36982 37010
16161 16161
26752 26795
36772 36818
10751 10751
20455 20472
49865 49865
21958 23514
42086 42127
9881 9881
24466 24540
29602 29704
16001 16001
33474 33482
21268 21288
18393 18410
46628 46664
39881 39881
32843 32888
37519 37519
13441 13441
11392 11449
34561 34561
41366 41375
25854 25872
33976 33996
28691 28691
25526 25550
3849 3849
44040 44072
1105 1105
18497 18497
27562 27604
47993 47993
15193 15256
15905 15905
29346 29362
2489 2489
14431 14431
18393 18410
37794 37870
41251 41251
40666 40744
29322 29344
29986 30020
44328 44356
5501 5501
18118 18164
43713 43713
37794 37870
15921 15921
5586 5594
48850 48856
177 177
1152 1175
44281 44281
37425 37425
6330 6989
21361 21361
4101 4101
39454 48826
20134 20186
6681 6682
4376 4376
2111 2111
42242 42274
10930 11181
37776 37777
19307 19420
31401 31401
25056 25056
31649 31649
38237 38296
30370 30375
21421 21421
20932 20960
48521 48521
16161 16161
40722 40730
19565 19565
3523 3523
15301 15301
30274 31096
31801 31801
25100 25105
9617 9617
39132 39149
35938 35952
46720 46765
4877 4944
19422 19518
22801 22801
33743 33760
42001 42001
33762 33788
27401 27401
42193 42193
31968 32076
44941 44941
39601 39602
10241 10242
40169 40169
23597 23628
6629 6629
45657 45657
13081 13081
30701 30701
13913 14051
27396 27420
49005 49005
40561 40561
25192 25216
44925 44925
10010 10028
38697 38697
18784 18785
48817 48817
31786 31808
25751 25751
46328 46328
48540 48565
9713 9713
46071 46071
44301 44301
32705 32707
35553 35553
23362 23392
17661 17662
48338 48374
5981 5981
47501 47501
26625 26625
46438 46450
20002 20186
21201 21201
2821 2821
21346 21380
2786 2809
849 849
4434 4456
28938 28990
24842 24848
38401 38401
39345 39345
1426 1504
506 573
27505 27505
1985 1994
24537 24544
34177 34178
38298 38350
36341 36341
48681 48681
4509 4602
33877 33940
39530 39542
9518 9598
43681 43681
818 845
46805 46805
44792 44848
25001 25001
29086 29110
47801 47801
14301 14301
19698 19724
18961 18961
3208 3236
39632 39971
1816 1862
22801 22801
14389 14389
5843 5843
10369 10369
11828 11856
1768 1780
23106 23180
36681 36681
22084 22208
47581 47629
18166 18226
40524 40580
49045 49046
20286 20316
29698 29704
44710 44720
8386 8404
25009 25009
40881 40881
35858 35883
36837 36837
32890 32904
47186 47220
48921 48921
12112 12146
41607 41616
32049 32049
22849 22849
42778 42810
47441 47441
33743 33760
8481 8481
37794 37870
42467 42480
29736 29972
32738 32750
20088 20129
42941 42969
33461 33461
31549 31549
49435 49478
32721 32721
32016 32017
9801 9801
47521 47521
37663 37663
25569 25569
2360 2361
22568 22588
38432 38500
12897 12897
12821 12821
7281 7281
14945 14946
18320 18345
34721 34721
14129 14129
24042 24050
19778 19824
10086 10086
9880 9903
11587 11587
45759 45761
44561 44561
20273 20273
101 101
26170 26188
46916 46917
26634 26656
23401 23401
5662 5692
4274 4315
23656 23683
2833 2833
47597 47597
35052 35066
49802 49936
4740 4741
6812 6955
25201 25201
36033 36033
49758 49774
5347 5362
18752 18816
1217 1217
44881 44881
41857 41857
1332 1333
27081 27081
48478 48538
34872 34880
36641 36641
45121 45121
30801 30801
47041 47041
32215 32228
31261 31261
41542 41585
22021 22021
23025 23025
17426 17440
16201 16201
39601 39602
46473 46473
37877 37899
27494 27536
11553 11553
31210 31232
32544 32548
26097 26097
7281 7281
17088 17112
8311 8314
45500 45501
21662 21694
617 617
48017 48017
14876 14877
5981 5981
1 1
21241 21241
12876 12876
1041 1041
30117 30117
6991 7032
27666 27699
24031 24031
18266 18290
48342 48365
25292 25329
35445 35445
37502 37529
13320 13326
2847 2864
12601 12601
20152 20181
8302 8309
33316 33354
43436 43466
46433 46434
17481 17481
14465 14465
29238 29268
41473 41473
45001 45002
10290 10304
44665 44665
16822 16848
15951 15951
31633 31633
18166 18226
8513 8513
29494 29704
35388 35424
17627 17694
40561 40561
2481 2481
4681 4681
33741 33741
25171 25171
25761 25761
12593 12593
7260 7261
25161 25161
32166 32167
18885 18885
24884 24898
4001 4001
17018 17042
48513 48513
36772 36818
17825 17825
23286 23296
26800 26801
33045 33056
47812 47845
43521 43521
4484 4507
2984 3088
32593 32625
21788 21850
15731 15731
11987 12003
2786 2809
6681 6682
1256 1270
33851 33851
48957 49006
18449 18449
3556 3578
27001 27001
26221 26221
46452 46456
48478 48538
26800 26801
32492 32505
32347 32347
357 398
39681 39683
31926 31926
36761 36761
38753 38753
41658 41675
6080 6096
43601 43601
4801 4801
1681 1681
15630 15640
40284 40294
11401 11401
29151 29151
14222 14248
20061 20061
48301 48309
5565 5565
44838 44852
19816 19817
44401 44401
4257 4257
47169 47169
42401 42401
31210 31211
20989 20989
18550 18550
38649 38649
32625 32625
11754 11901
19810 19824
39740 39804
45006 45035
961 961
17729 17729
30056 30120
24802 24813
7361 7361
6221 6221
31672 31832
16366 16390
45108 45142
33006 33016
261 261
25698 25720
5237 5237
9143 9143
13137 13137
25441 25441
5745 5745
41981 42000
114 154
15105 15106
5388 5407
7198 7224
11987 12003
30641 30641
25945 25958
23766 23774
39301 39301
33547 33567
38942 38976
46101 46101
34251 34251
12785 12786
7927 7930
26311 26311
7857 7857
47652 48180
36177 36177
27849 27849
16978 17000
44401 44401
13761 13761
17770 17804
16072 16099
15876 15876
22721 22721
29521 29522
738 784
46801 46801
4385 4432
19713 19713
6501 6501
7681 7681
24992 25024
6812 6955
41981 42024
6801 6801
45231 45233
33306 33376
45974 45996
27741 27741
46188 46211
2817 2817
47441 47441
37604 37605
46641 46641
45452 45638
8751 8751
8049 8049
14625 14625
18961 18961
35388 35424
15655 15655
18849 18849
9061 9061
48584 48600
21291 21291
46306 46362
400 438
7732 7788
37502 37520
17021 17021
14964 14965
27073 27073
21889 21889
32571 32571
3002 3088
5421 5421
9641 9641
42752 42764
30780 30792
31201 31201
833 833
11913 11913
24992 25025
27775 27775
32716 32752
42593 42593
8001 8001
24529 24529
14609 14609
45246 45294
156 595
860 865
46294 46362
26121 26121
14134 14173
21161 21161
13371 13382
16001 16001
12329 12338
23374 23392
2009 2030
45876 45876
28701 28701
22706 22750
2866 2899
5801 5801
4081 4081
28513 28513
20201 20201
26461 26462
35487 35545
22950 22988
21145 21146
19322 19324
41751 41751
37901 37901
46489 46489
19307 19320
12522 12568
4762 4784
32501 32501
7081 7081
13990 14051
3322 3388
26901 26901
3652 3664
10201 10201
40053 40075
5881 5881
33131 33131
19761 19761
35320 35386
19726 19736
38865 38865
21231 21231
16157 16192
35627 35632
9921 9921
6221 6221
27433 27433
30001 30001
39664 39679
31081 31081
101 101
6881 6881
14777 14777
39565 39565
31894 31910
41981 42024
35761 35761
20377 20392
10694 10714
32394 32410
38320 38333
4747 4760
5565 5565
10969 10969
20816 20817
21011 21011
40666 40744
6298 6304
33165 33167
31111 31111
28302 28305
12660 16314
48101 48101
7391 7462
36907 36956
25041 25041
13632 13692
35652 35672
24884 24898
3402 3424
45441 45442
38001 38001
4461 4461
47151 47151
41297 41336
39351 39351
14241 14241
48085 48118
2125 2126
13073 13073
44833 44833
27991 27991
38737 38737
6480 6480
38737 38737
45635 45635
48122 48122
49217 49217
33089 33089
29901 29901
32352 32428
34201 34201
2321 2321
33398 33416
44349 44351
27081 27081
28201 28201
23656 23683
4451 4451
8161 8161
12321 12323
16561 16561
10820 10840
5361 5361
35426 35440
16001 16001
20422 20453
29901 29901
15924 16023
36181 36181
6176 6177
28801 28801
39468 39486
30903 30903
23776 23782
10 36
3875 4020
31968 32076
792 814
49788 49960
22132 22137
8846 8864
39907 39927
29351 29351
23996 24016
22601 22601
17809 17809
14324 14368
44914 44933
1433 1433
46529 46529
23101 23101
10251 10251
11394 11449
26377 26377
19066 19100
34301 34301
13457 13466
27761 27761
9233 9234
46813 46828
11360 11360
43806 43806
33889 33889
25027 25070
15701 15701
12691 12691
2671 2671
17852 17880
14677 14784
8785 8786
46364 46432
11601 11601
16751 16753
49201 49201
44341 44341
3521 3521
42105 42105
19881 19881
33449 33464
28598 28640
29399 29401
45701 45701
32263 32263
10209 10209
6363 6366
43316 43350
45041 45041
40137 40138
35969 35969
31281 31281
12992 13000
9178 9210
47501 47501
35472 35483
39889 39889
43693 43710
12681 12681
31873 31920
26568 26570
45797 45840
18725 18725
49251 49251
13933 13933
1845 1847
27494 27515
5175 5176
8172 8264
43406 43434
29601 29601
6562 6576
30522 30528
26026 26052
5601 5601
1782 1800
34618 34630
40145 40145
12198 12238
47097 47097
32281 32281
12065 12065
39137 39137
27277 27288
44010 44011
36217 36217
24866 24882
33766 33788
48021 48021
27732 27744
31393 31393
4317 4326
43250 43350
42641 42641
42977 42977
47745 47745
35601 35601
46222 46230
3793 3793
38241 38241
16221 16221
38401 38401
41305 41305
30215 30216
5627 5656
24607 24648
17042 17042
28541 28543
23665 23665
30721 30721
30588 30606
17840 17841
20530 20575
35960 35984
4886 4911
34994 35012
22061 22061
38225 38225
10051 10051
30074 30120
17513 17513
44501 44501
1548 1602
781 782
20474 21570
39730 39730
29201 29201
43537 43537
46973 46973
33449 33464
8192 8193
46513 46513
22913 22913
44621 44621
16415 16417
2749 2751
37511 37511
4270 4271
2548 2575
46001 46001
2866 2887
7017 7017
31968 31992
13570 13576
8342 8464
25180 25667
17811 17813
35751 35751
6188 6195
18385 18386
49239 49261
31081 31081
20521 20521
32962 32977
25121 25121
2626 2635
26808 26847
49058 49090
26451 26451
29413 29415
23485 23485
30261 30261
35225 35226
6457 6457
39057 39057
27888 27889
42497 42497
32835 32841
13127 13140
3152 3228
43081 43081
16621 16621
43018 43022
39262 39284
12441 12441
38065 38065
45141 45141
6876 6876
6881 6881
35849 35849
48513 48513
42929 42929
28537 28539
41505 41505
5997 6058
8646 8647
3901 3901
49045 49090
7194 7252
18777 18777
14448 14505
23996 24016
6801 6801
26236 26237
45861 45861
28511 28511
29225 29225
18570 18662
41195 41215
15393 15393
48342 48365
1681 1681
29907 29972
44571 44571
31085 31085
6321 6321
31481 31481
47557 47557
13320 13326
29136 29172
10001 10001
47854 47936
20851 20851
35738 36144
7998 8012
4201 4201
24022 24034
34542 34636
9376 9376
41401 41401
22353 22353
2527 2532
18326 18326
11926 11952
25854 25882
41685 41685
849 849
14448 14505
15312 15322
29277 29277
11345 11345
4333 4333
44761 44761
22090 22112
34241 34241
21381 21381
24753 24753
3756 3756
9201 9201
25001 25001
23801 23801
19826 19856
25081 25081
16509 16525
32352 32360
26170 26176
20286 20316
6681 6682
14641 14641
48810 48824
37581 37581
47457 47478
24161 24161
12893 12893
34775 34775
25884 25920
19041 19041
21741 21741
15041 15041
24309 24338
41217 41238
38481 38481
7465 7504
48110 48118
30261 30261
5038 5118
31852 31871
2633 2633
13641 13641
39488 39528
31529 31529
7501 7501
39740 39804
16898 16922
20330 20330
24521 24521
18626 18640
5593 5593
3114 3140
37225 37225
9518 9598
225 226
30967 30992
4401 4401
43352 43380
42086 42127
41121 41121
36121 36121
9442 9468
8917 8917
15601 15602
32593 32623
40918 40922
12326 12658
1 1
21386 21488
46345 46348
8393 8393
37702 37708
10071 10071
32849 32849
26851 26851
16353 16353
17588 17606
28343 28360
49105 49105
44217 44320
29010 29119
21561 21561
1062 1075
44049 44049
49921 49921
31649 31649
20061 20061
16808 16820
3000 3088
295 295
25446 25446
42700 42704
41901 41901
15201 15201
15729 15729
41442 41478
43165 43165
6661 6674
9381 9381
46458 46487
8878 8890
28801 28801
17861 17861
25121 25121
5600 5601
25232 25233
21581 21581
9794 9844
25372 25455
47631 47632
23122 23212
29291 29344
3071 3071
10881 10881
19761 19761
32920 32921
42921 42921
10532 10536
29301 29301
47059 47061
24423 24440
21524 21553
30737 30737
2512 2522
7181 7181
5757 5775
23123 23126
34182 34197
36108 36144
15595 15595
26800 26801
18521 18521
626 626
49058 49090
26752 26768
48225 48225
38117 38144
10301 10301
38601 38601
14518 14528
37718 37718
36982 37044
3921 3921
12621 12621
29920 29921
41677 41677
13756 13785
37552 37566
47480 47504
36840 36860
43308 43314
36802 36818
21361 21361
41681 41681
6081 6081
8281 8281
10361 10361
37489 37489
31251 31251
26136 26168
38514 38534
14122 14132
34561 34561
20905 20905
13441 13441
26630 26656
45144 45186
15021 15021
49048 49055
13281 13281
17323 17344
4385 4416
31899 31899
47160 47192
16494 16507
46641 46641
28601 28601
43751 43751
36722 36738
28308 28341
6275 6275
29986 30072
12609 12610
43212 43220
49201 49201
5401 5401
39343 39378
40560 40617
34158 34197
46495 46514
6876 6876
2077 2077
4865 4866
49241 49241
43800 43844
901 901
25041 25041
18297 18297
30350 30768
30881 30881
22736 22750
1841 1841
2449 2449
1473 1473
15951 15951
33505 33505
15294 15303
33418 33440
45969 45969
37981 37981
34271 34271
43382 43386
49541 49541
46042 46055
30321 30321
36481 36496
26826 26826
30122 30128
28362 28384
37506 37506
48584 48606
28133 28180
4533 4533
12353 12353
38773 38788
28898 28905
41045 41088
41901 41901
20981 20981
40407 40455
12294 12324
24217 24217
23441 23441
28873 28873
49657 49657
26376 26377
39137 39137
49100 49115
44218 44225
42121 42121
36044 36049
214 262
433 433
37953 37953
15121 15122
46834 46878
10417 10417
40190 40230
33872 33875
48342 48365
30641 30641
29273 29273
17211 17211
36660 36667
20121 20121
28898 28905
39488 39528
28386 28432
43545 43545
3857 3857
34529 34529
16440 16441
44418 44447
45201 45201
34048 34049
43388 43404
28651 28651
32369 32369
27151 27151
18977 18977
37001 37001
11127 11136
26753 26753
17881 17881
15761 15761
35858 36042
38225 38225
23882 23905
6627 6659
1161 1161
28027 28048
34777 34777
5677 5688
28229 28229
11169 11169
17906 17930
13171 13171
1816 1886
45761 45761
3460 3524
31382 31410
44841 44841
27554 27600
29457 29457
9306 9314
22881 22881
30741 30741
35877 36042
37001 37001
46930 46944
44385 44387
44802 44836
6841 6841
23097 23097
27301 27301
27281 27281
34170 34180
3281 3281
23122 23164
18772 18806
31520 31521
23352 23470
31811 31811
44636 44637
19521 19521
43889 43889
4422 4456
40401 40401
8790 8815
14310 14528
5101 5101
28898 28905
32924 32940
5641 5641
43038 43102
8406 8450
13985 13985
32745 32745
12945 12946
17532 17570
45505 45505
38642 38672
27020 27021
14448 14505
1969 1969
25751 25751
47041 47041
18901 18901
8457 8457
11051 11051
7026 7026
11754 11901
29281 29281
49505 49506
39169 39169
47382 47650
26871 26888
2196 2197
18550 18551
17222 17352
19081 19081
9201 9201
32687 32700
28308 28341
17081 17081
22051 22051
45781 45781
19002 19050
45079 45106
28121 28121
26105 26105
17442 17470
4326 4326
46834 46878
14129 14129
6431 6431
16384 16385
4425 4425
3477 3477
30651 30651
2916 2916
11489 11504
45017 45035
24161 24161
14985 15008
23681 23681
3521 3521
25230 25274
32001 32001
39182 39235
12601 12601
12114 12146
14053 14070
42776 42828
257 258
36907 36956
20825 20825
20560 20575
31136 31168
7862 7912
7017 7017
18018 18040
36006 36034
30176 30176
26031 26033
18370 19936
23981 23981
26132 26350
49117 49130
22051 22051
29121 29132
6748 6779
16538 16560
21545 21545
34727 34734
10357 10357
36252 36454
28833 28833
47233 47233
10753 10753
13913 13948
32121 32121
11394 11404
10075 10076
31681 31682
48001 48001
3421 3421
13694 13739
32673 32675
13281 13281
11013 11013
26931 26931
33161 33161
1816 1956
7849 7849
6251 6251
26178 26188
35365 35367
9252 9260
33209 33209
16063 16066
2940 2941
35390 35452
39800 39801
39812 39846
12319 12319
20050 20086
25756 25757
12976 12977
26690 26720
13401 13401
31518 31532
39901 39901
47457 47457
18701 18701
28710 28720
46240 46241
18365 18366
31876 31876
29086 29110
28801 28801
34922 34960
9951 9951
36901 36901
41073 41073
30381 30381
2226 2264
17664 17666
4209 4209
38001 38001
41536 41540
49180 49194
22560 22588
40961 40961
1408 1546
12050 12086
36574 36583
28746 28752
33681 33681
42141 42141
35085 35085
5961 5961
40001 40001
39727 39728
20318 20344
9269 9269
4950 6872
22361 22361
34846 34920
40933 40933
32990 37157
47489 47489
32311 32311
21849 21849
3281 3281
11006 11056
12114 12146
2277 2291
37741 37741
16185 16185
12721 12721
49081 49081
38081 38081
27561 27561
23340 23372
39901 39901
9262 9288
1701 1701
23306 23306
35280 35282
40507 40518
9437 9456
47413 47413
32215 32228
15827 15827
39582 39582
27197 27204
49389 49389
6233 6233
20318 20344
46561 46561
14033 14033
43308 43314
44281 44281
48584 48606
18001 18001
1566 1575
44242 44256
10801 10801
46011 46011
20376 20392
36161 36161
1321 1321
14001 14001
5694 5702
22272 22308
40328 40336
18638 18662
17381 17381
33384 33416
16001 16001
16427 16447
6482 6496
5881 5881
31651 31651
48197 48200
19761 19761
8061 8061
24301 24301
18921 18921
33561 33561
33729 33729
19520 19592
24564 24580
28601 28601
5485 5510
16649 16649
25752 25770
27924 27928
29685 29685
2646 2646
9361 9361
32657 32657
15452 15470
30660 30715
33569 33569
23601 23601
5073 5073
17226 17264
6719 6784
4037 4037
20034 20118
24369 24369
11697 11697
15501 15501
3322 3355
39451 39451
43133 43133
38906 38928
42001 42001
9531 9531
4041 4041
17852 17890
13950 14013
30074 30104
35280 35282
41880 41890
14673 14673
21892 21892
12041 12041
22426 22430
43857 43857
10401 10401
19901 19901
40193 40193
27621 27656
12764 12812
23633 23633
30621 30621
29217 29217
16415 16417
25901 25901
17134 17155
48001 48001
15681 15681
513 513
46876 46876
13251 13251
41797 41804
33305 33305
19553 19553
32383 32383
4385 4385
27941 27941
29747 29758
39501 39501
33019 33042
7001 7001
20201 20201
4313 4314
6529 6529
41001 41001
38640 38672
24241 24241
41262 41294
47077 48299
45313 45313
36772 36818
15387 15440
48617 48630
24152 24165
17242 17260
18741 18741
40874 40881
11364 11390
45312 45344
33553 33553
38832 38833
18744 18816
16241 16241
25481 25481
37721 37721
25449 25449
18266 18288
834 845
5265 5266
705 705
4571 4571
31233 31233
26583 26585
17266 17297
31349 31352
28926 28936
10223 10232
35174 35216
44171 44171
6828 6829
24130 24150
38449 38449
4732 4805
21402 21484
43960 43998
38401 38401
5089 5089
105 107
6434 6472
3729 3729
47951 47951
161 161
42001 42001
49434 49500
5211 5211
5200 5201
46998 47065
22849 22849
44632 44682
10701 10701
11912 11990
5934 6058
20088 20118
36841 36841
1 11904
44000 44072
3852 4125
4937 4937
4094 4106
34457 34457
31600 31626
48865 48865
17033 17033
34041 34041
15999 15999
1633 1635
17401 17401
17481 17481
19130 19138
22201 22201
33674 33685
40678 40730
4769 4770
44216 44216
27122 27184
33256 33280
39601 39602
14710 14740
18381 18381
37688 39452
25281 25281
44996 45004
21841 21841
11321 11321
458 481
20131 20150
44721 44721
33481 33481
37302 37310
7187 7188
3351 3351
28374 28396
47750 47761
21958 22025
5001 5001
16294 16311
9644 9660
8560 8590
21624 21660
13521 13521
18818 18828
15714 15724
49761 49761
26001 26001
41857 41857
867 1202
5282 5336
26281 26281
45825 45826
44278 44312
32754 32772
43120 43123
33520 33521
20741 20755
1297 1297
36146 36162
15321 15321
1888 1919
23509 23509
5105 5106
41521 41521
23661 23661
5805 5805
33209 33209
44791 44791
18381 18381
37151 37151
5241 5241
12481 12482
8681 8681
11614 11667
48951 48951
1431 1431
31876 31876
36600 36601
785 785
9817 9817
29701 29701
1816 1862
28606 28642
26882 26888
22464 22488
3641 3641
