1 50000
1 50000
20175 45190
1 20173
30017 45190
20175 26912
1 5199
41202 45000
14070 20173
37002 41200
37002 41200
31940 36240
10632 14068
5201 7085
14070 20173
26914 28126
48575 49408
10632 14068
31940 36240
49466 50000
7846 9664
15162 16900
30017 31938
18626 20173
28432 28734
45192 46900
47054 48573
11962 14068
31940 36200
31940 36200
12066 12560
36752 36850
31940 36200
33282 36200
33282 36200
37412 38406
28737 29600
26428 26800
3862 4150
2527 3520
40449 41184
37412 38406
41424 42176
33282 34552
41424 42176
1084 1432
10706 11736
5474 6520
47054 48496
12562 13143
21604 22675
45192 46400
15162 16430
5474 6520
42893 44755
28128 28430
26982 28108
29602 30015
47054 48496
42893 44755
40449 41184
26001 26001
10706 11736
20482 20950
22677 22850
16432 16900
9666 10580
30522 31552
33802 34452
42612 42775
15162 15344
5474 6520
23762 24200
45192 46400
13154 13684
17794 18624
40449 40933
26982 31552
28562 28734
7846 8250
45192 46400
1 500
1084 1432
1084 1432
24858 25064
45192 46400
32556 33280
1474 2088
31940 32300
1 500
22318 22654
41538 42176
12562 12928
12066 12560
29602 30015
36242 36350
16432 16864
23002 23215
14502 14730
28562 28734
33316 33316
34730 35640
30017 30520
22001 22001
6802 7076
44757 45164
34730 35640
23762 24200
5902 6520
13522 13680
12562 12928
42511 42606
24858 25064
33826 34000
6802 7076
8751 9088
35642 36200
30017 30520
21604 22040
33282 33322
10706 11360
41424 41488
14242 14500
21182 21600
27378 28080
8252 8749
38546 38868
49121 49121
19786 19866
49704 50000
32556 33200
18644 18896
16518 16822
47054 47800
43442 43540
40935 41184
41538 41852
30017 30520
35642 35955
45262 46141
6662 6800
12930 13143
1 500
48968 48980
18916 19010
42893 43126
36352 36528
39460 39582
36242 36350
45262 46141
39602 39734
47802 48214
41854 42040
40194 40304
38418 38544
32556 33200
12562 12928
24474 24856
21604 22040
47054 47800
42242 42352
15346 15664
44562 44700
14242 14500
1 358
2858 3200
2858 3200
43542 43720
7846 7984
8737 8737
20522 20750
2532 2680
41538 41852
41854 42040
3862 3920
19190 19784
34306 34430
20175 20480
14772 15049
40306 40390
4272 4275
42113 42113
23787 24121
38072 38300
24858 25064
5042 5184
34001 34001
5902 6520
23280 23450
26428 26698
22042 22300
3522 3600
39382 39458
44757 45040
29072 29454
45454 45914
7555 7748
10632 10704
17014 17050
1690 1980
26802 26912
49346 49380
45916 46141
49668 49702
16381 16381
21604 21840
21842 22040
7201 7201
3634 3800
35076 35584
17842 18188
28961 28961
4310 4544
21182 21600
23787 24000
35642 35955
29602 30015
42452 42509
21604 21840
22482 22654
47498 47800
35642 35955
36852 37000
30078 30210
4546 4573
47802 48056
10706 10962
15666 15698
34912 35640
41538 41852
8252 8487
5902 6520
40782 40933
44562 44700
29108 29454
29456 29600
16453 16516
1474 1688
24376 24400
38546 38868
12652 12928
29602 30015
29602 30015
34306 34430
25606 26000
39786 39800
3938 3970
33532 33660
23452 23560
40782 40933
5201 5300
40194 40304
6662 6800
34554 34700
23787 24121
36222 36350
25066 25222
19522 19784
14502 14726
28160 28430
9698 9900
46001 46001
13002 13143
27249 27249
7902 7978
22852 22885
30212 30520
40194 40304
40782 40933
42178 42240
23787 24000
14502 14726
12066 12300
2682 2800
2633 2633
9356 9520
17122 17185
12402 12560
27482 27590
30522 30791
47498 47800
40449 40632
5970 6500
1182 1208
21302 21600
2881 2881
3422 3500
15534 15976
28498 28548
12562 12632
15312 15344
9202 9354
9092 9200
5652 5840
47498 47800
8100 8225
39162 39232
3586 3632
29132 29454
5970 6080
33532 33660
18190 18308
45454 45800
26428 26698
22001 22002
26106 26160
23002 23056
46902 46960
36402 36528
47054 47218
8100 8225
24858 24916
22482 22600
48649 48840
385 500
26722 26800
38058 38070
35076 35192
19012 19170
11841 11841
36402 36528
35998 36160
20594 20650
46430 46480
28762 28984
4084 4150
26428 26698
25504 25604
32321 32321
27592 27748
27378 27480
28986 29012
5970 6080
10162 10200
41601 41601
23102 23215
6082 6392
40194 40304
26330 26426
29142 29454
7902 7968
13954 14030
36402 36475
5617 5617
9522 9620
27202 27272
21302 21400
43294 43440
24918 25000
47802 48026
5007 5040
7201 7201
45454 45585
2532 2680
35998 36160
31002 31165
12652 12800
3201 3201
43825 43892
48864 48960
44107 44276
14502 14726
16009 16009
21882 22016
48649 48840
31716 31826
17502 18162
26428 26698
34018 34304
34306 34344
5986 6356
10402 10529
7087 7300
27576 27590
42893 42976
28160 28320
7087 7300
21402 21602
32816 32880
16971 17012
18644 18764
26034 26104
4001 4001
15534 16368
30522 30600
41854 42104
2730 2800
13321 13321
48377 49925
38552 38808
1982 2084
35194 35325
19902 19952
43442 43540
4310 4354
36552 36631
21182 21232
15301 15301
49382 49408
16062 16220
9092 9200
5474 5564
11398 11485
21102 21180
34346 34416
27592 27748
44914 44975
45166 45190
34562 34692
11513 11513
41650 41852
20952 21092
10582 11006
17794 18162
33282 33312
34346 34416
33826 33944
24858 24916
4641 4641
28130 28137
46114 46135
20106 20160
46062 46112
19202 19392
37502 37566
19262 19392
34001 34001
18304 18308
12201 12201
32001 32001
5090 5170
8887 9088
37412 37430
46840 46888
25967 25986
44757 44800
48575 48640
13252 13425
502 509
3692 3800
2482 2700
7760 7770
24132 24178
15682 15698
44562 44700
11738 11776
27482 27520
23952 24121
73 300
1474 1688
47054 47184
17602 17652
5871 5900
9406 9472
30761 30791
28018 28108
28498 28548
32556 32620
25504 25604
28550 28672
36994 37101
48864 48960
5810 5840
37877 37960
37962 38046
30922 30936
26232 26240
36258 36300
29473 29680
35194 35325
43825 43892
49617 49636
43507 43540
11602 22016
43334 43440
31954 32205
2187 2211
15432 15532
38142 38236
25332 25372
23952 24121
12198 12296
25066 25075
27546 27574
6662 6755
6418 6500
44551 44551
12562 12632
22318 22400
47832 47896
13362 13425
38238 38300
29350 29454
23787 23950
31362 31552
31716 31796
19826 19866
21454 21602
9202 9294
752 883
40070 40140
18216 18266
16840 16864
39793 39793
12198 12296
16770 16822
37962 38040
41686 41852
31201 31201
27866 27900
38810 38868
511 585
33532 33660
8414 8487
35998 36088
16518 17042
26393 26416
29473 29680
31222 31300
3362 3420
33698 33720
19262 19376
14138 14192
6461 6461
16665 16768
11962 11984
37877 37960
27866 27900
5937 5968
4356 4488
29872 30076
32825 32825
46252 46324
38142 38236
29981 29981
49798 49850
39169 39169
49401 49401
13237 13250
22881 22881
44482 44530
22150 22298
47498 47504
39002 39140
40349 41416
29361 29361
27482 27520
7568 7599
21604 21728
18766 18814
39105 39105
15842 15952
18766 18800
47506 47684
20978 20992
8695 8712
14972 15032
32816 32880
44250 44270
18766 19170
41362 41416
18465 18465
30793 30878
13436 13518
15730 15820
14138 14192
44067 44105
37787 37837
14321 14321
26282 26328
42390 42668
25266 25330
9313 9313
11372 11396
46834 46888
5201 5300
32816 32880
14522 14648
7774 7785
3984 4048
29473 29648
3122 3136
41290 41352
30251 30251
38238 38300
30482 30520
40001 40001
41002 41172
11682 11776
8489 8510
6100 6356
40392 40447
45001 45001
22318 22400
20178 20240
40010 40035
2738 2800
39951 39960
34863 34910
12198 12292
19070 19170
8114 8194
35506 35616
18353 18353
33532 33660
37024 37092
12634 12650
37877 37960
32950 33008
15034 15420
24801 24801
14522 14648
22082 22148
34432 34472
16834 16969
23501 23501
14522 14648
23326 23400
23326 23400
885 924
6869 6900
29153 29153
44334 44480
34863 34910
1010 1075
43254 43280
41206 41250
37457 37568
3984 4048
15730 15820
47442 47474
30793 30878
19967 20070
26242 26328
7332 7408
29177 29280
48575 48640
46834 46944
48130 48375
12298 13952
15177 15216
1010 1075
39981 39981
26100 26104
49536 49568
14360 14476
45802 45856
3224 3360
41290 41352
42514 42544
20911 20950
31801 31801
2321 2321
4778 4792
19537 19537
40795 40818
7401 7401
12302 12325
44112 44248
22150 22298
37457 37664
36021 36060
11442 11485
40194 40304
2362 2416
1601 1601
2482 3114
11778 11782
28624 28672
42466 42509
12738 12800
7841 7841
23222 23244
18594 18624
44334 44480
14728 14770
44532 44640
26602 26698
3984 4048
43501 43501
17397 17420
33877 33944
15622 15664
18626 18640
19967 20054
45402 45464
13752 13796
29682 29712
41002 41172
36108 36200
22482 22548
4506 4524
15441 15441
38585 38650
6257 6257
1 71
33072 33152
14502 14520
38609 38609
5202 5250
38142 38236
24210 25115
39142 39402
28624 28672
10070 10192
18434 18475
6394 6416
5566 5625
43077 43120
10162 10192
31909 31938
25136 25137
612 905
44018 44065
38652 38808
22888 23000
21910 21952
25870 27838
45882 45914
25009 25009
49044 49060
39404 39416
401 401
37761 37761
38652 38808
11442 11485
24093 24093
4501 4501
30402 30460
47902 48026
11873 11873
8114 8194
42514 42544
19967 20000
30241 30241
5986 6098
10246 10290
31362 31475
27902 27965
47442 47550
31652 31676
17662 17676
44112 44248
15622 15664
32235 33444
42721 42721
31252 31280
22318 22400
44916 44975
8252 8264
10706 10790
37962 38040
12442 12480
13077 13077
4914 5005
3422 3666
31498 31552
1090 1138
20694 20705
47506 47550
27336 27376
21842 21880
17282 17320
40449 40632
35194 35280
1410 1432
25902 25924
27750 27820
34001 34001
31362 31475
23246 23268
31554 31695
15554 15592
27698 27728
39810 39856
10361 10361
28449 28485
35501 35501
46802 46832
13752 13796
8979 9020
43218 43252
39672 39680
6869 6900
2761 2761
8793 8872
2187 2211
44132 44208
43918 43934
26182 26230
40194 40304
24530 24560
31570 31695
40571 40571
26001 26001
786 883
33746 33778
8761 8761
36552 36570
42001 42001
4161 4161
46890 46944
3801 3801
4509 4509
44278 44292
46666 46958
5502 5564
21201 21201
39666 39696
32262 32350
32758 32814
31809 31809
32882 33020
4132 4150
41023 41023
25862 25868
47746 47776
15502 15532
25746 25766
5330 5397
40892 40912
34751 34751
27647 27696
43218 43252
13561 13561
37890 38040
30322 30352
1474 1910
37432 37455
21954 22004
20594 20648
36451 36451
22201 22201
32658 32733
32370 32400
4877 4896
45100 45110
34545 34545
48450 48472
34242 34337
15986 16430
45010 45158
13822 13850
29473 29648
45281 45281
3700 3740
4652 4672
3422 3520
35028 35504
29473 29648
32370 32400
22588 22600
7707 7728
12738 12928
15938 15952
5937 5968
11342 11354
18561 18561
42481 42481
23542 23600
31716 31796
8162 8194
41854 41912
39802 39856
47792 47808
6393 6416
24230 24284
31570 31676
17322 17364
47872 47896
42871 42891
885 905
8282 8368
33601 33601
31322 31360
40006 40006
37734 37778
30641 30641
11874 11932
24180 24228
10046 10068
38092 38108
19470 19506
15422 15532
26182 26230
27866 27960
22953 22953
39002 39140
3522 3584
6481 6481
20594 20648
530 534
15881 15881
28252 28275
36306 36332
19202 19260
7154 7300
44161 44161
4202 4240
40659 40672
46977 46977
41290 41336
385 432
46786 46800
15301 15301
43542 43560
1522 1680
30366 30400
27866 27965
23542 23600
4526 4544
5007 5048
32542 32550
17104 17124
34863 34910
7444 7504
17794 17880
44009 44009
12481 12481
36754 36776
16971 17012
22774 22792
40194 40304
42492 42509
21842 21864
5050 5075
13601 13601
43582 43600
31222 31250
3154 3164
18142 18162
48547 48573
4356 4400
17682 17728
20668 22586
17601 17601
28802 29012
36202 36220
26478 26555
35076 35280
43964 44004
32898 32948
17502 17560
23191 23191
25066 25104
21137 21180
19262 19291
22129 22129
30882 30916
29546 29648
37890 38040
9802 9840
25504 25528
7001 7001
35998 36019
48605 48605
446 500
38238 38261
27967 28088
37578 37592
11153 11153
48884 48922
29890 29968
48216 48240
31498 31552
9997 10068
42721 42721
1789 1789
29473 29544
36422 36440
33072 33088
22436 22470
2266 2312
44361 44361
44714 44755
42042 42160
2991 3114
10531 10568
7154 7300
401 401
1228 1400
17922 18016
32770 32814
41854 41912
18190 18200
40349 40390
8979 9000
342 358
44294 44310
38222 38236
21604 22050
31652 31676
35812 35856
5874 5900
22888 23000
4001 4001
17809 17809
47101 47101
22826 23764
38801 38801
19801 19801
18842 18865
39601 39601
7401 7401
3378 3420
14018 14068
23402 23424
23106 23215
1870 1890
7572 7599
36141 36141
49121 49121
31554 31568
4491 4491
49798 49850
45010 45024
45794 45856
14162 14200
5810 5822
34501 34501
46594 46656
18902 18914
25746 25766
31058 31165
39690 39734
6147 6240
40452 40632
15000 15020
41558 41608
44916 44975
24090 24121
21354 21400
43980 44004
4356 4400
46502 46530
35998 36019
37298 37330
25768 25800
30507 30520
42699 42768
29842 29870
23246 23268
39601 39601
31058 31165
47902 48026
42154 42160
32556 32620
30082 30250
15730 15820
8100 8160
14650 14692
41914 41924
32321 32321
24530 24560
9092 9208
5202 5250
41926 42032
38652 38716
20561 20561
15722 15936
23102 23220
49704 49716
30522 30556
12274 12320
27201 27201
38901 38901
39694 39734
28046 28060
49726 49780
42893 42904
7201 7201
20818 20866
15350 15380
7303 7330
26700 26720
20417 20417
29145 29175
40201 40201
45497 45585
47158 47180
27142 27190
42390 42450
22852 22880
32285 32285
21234 21255
48062 48102
47221 47221
14801 14801
41585 41585
10706 10790
5714 5808
14247 14275
32639 33176
23106 23215
1813 1840
25902 25924
6358 6391
23794 23870
13938 13984
28624 28700
17922 18016
30562 30589
43346 43392
12198 12240
25378 25427
3242 3360
11078 11100
39986 40008
6562 6640
47832 48056
10334 10338
27041 27041
33202 33291
28186 28224
29842 29870
7521 7521
46951 46958
46392 47256
3242 3346
28624 28700
24858 25002
15150 15168
41270 41282
34145 34187
7332 7408
29177 29250
22722 22740
26178 26230
17786 17792
29306 29331
33586 33689
23766 23858
21677 21700
26666 26698
28834 28940
14277 14302
13312 13360
45794 45856
32556 32620
4914 4960
22202 22210
33266 33291
27937 27937
17234 17256
8802 8865
35327 35392
1081 1081
19012 19068
4690 4845
26722 26902
13185 13185
25633 25633
20254 20315
12970 12987
6781 6781
25967 25986
27142 27190
17889 17889
2922 2936
6785 6786
28186 28224
10706 10790
15252 15283
42346 42352
21354 21400
20966 20976
4737 4737
37858 37875
20818 20895
5970 5984
22436 22470
28872 28940
28929 28929
17902 18043
32087 32087
38552 38560
20601 20601
27921 27921
27142 27190
22302 22316
12242 12272
889 905
14447 14576
13252 13270
39069 39069
19618 19700
5668 5700
5857 5869
44558 44640
43121 43121
35642 35689
15150 15168
25713 25713
15554 15592
22550 22586
7601 7601
20001 20001
39249 39249
17044 18308
43681 43681
29997 30016
44018 44065
5441 5441
24642 24738
25412 25427
14210 14240
26145 26145
11092 11128
26602 26639
21530 21602
27750 27838
42777 42784
44450 44515
37787 37837
32462 32511
40935 40960
10922 10962
7017 7017
1410 1432
26602 26639
27801 27801
15462 15480
45192 45200
18001 18001
19618 19700
29350 29454
40452 40495
23935 23935
23905 23905
1690 1730
26295 26328
44859 44859
48924 48960
9092 9354
26295 26328
38437 38560
16542 16600
36300 36304
24342 24374
44361 44361
12642 12648
42871 42891
37016 37016
14972 15020
49101 49101
44250 44260
48514 48545
21094 21120
25926 25938
24376 24388
21094 21120
30001 30001
20961 20961
17298 17364
11985 11985
10897 10897
38622 38650
34189 34192
47322 47450
10753 10753
385 420
19293 19376
11786 11792
26826 26902
10706 10740
12430 12555
47698 47744
16290 16330
12452 12515
37342 37374
24642 24738
10614 10630
46690 46720
17052 17102
15666 15678
29350 29454
49121 49121
36687 36725
17394 17395
15000 15010
32801 32801
24111 24111
41546 41556
48884 48922
33251 33251
30761 30791
31058 31165
6472 6614
26761 26761
25681 25681
4185 4270
28794 28824
7174 7301
2546 2600
42434 42450
43254 43288
29872 29928
47867 47896
47202 47218
33857 33857
321 321
30866 30878
39794 39808
11017 11060
36306 36332
8527 8586
10053 10053
39986 40008
23064 23085
27874 27950
36866 36880
43334 43472
28126 28126
9864 9928
10340 10451
27702 27728
9026 9056
21910 21952
22027 22040
27750 27838
12336 12380
47066 47080
3138 3184
33026 33040
30801 30801
1292 1364
34220 34225
11157 11203
44801 44801
7007 7024
28130 28137
24090 24121
46354 46374
17158 17185
33548 33576
37890 38040
44801 44801
6046 6098
17585 17585
46741 46741
20682 20785
19568 19604
46666 46880
11874 11932
34189 34192
44018 44065
16122 16211
9105 9105
14277 14288
33634 33689
27108 27130
38872 38880
30289 30289
18644 18710
39338 39402
41854 41912
19361 19361
33802 33824
44334 44345
19737 19737
13761 13761
26954 26982
18751 18751
2442 2480
35861 35974
8761 8761
3769 3776
46840 46850
41300 41336
26295 27003
19201 19201
35976 36019
45389 45389
1 1
10453 10480
16062 16211
40506 40564
9134 9150
39281 39281
41926 42040
26563 26563
37841 37841
35976 35996
21454 21480
44412 44424
49798 49850
29180 29200
34089 34089
27242 27272
25606 25708
8661 8661
25468 25502
3522 3616
18218 18256
19001 19001
40674 40706
21 21
39802 39808
19967 20072
5602 5708
28036 28044
21782 21822
40506 40564
18434 18475
28061 28061
19826 19866
5569 5569
1522 1625
30602 30644
41362 41400
16674 16720
16250 16272
16621 16621
20818 20866
21102 21120
12674 12700
21454 21480
21361 21361
21029 21079
30591 30600
44541 44541
90 176
19426 19463
10881 10881
24061 24061
16770 16920
6402 6422
46594 46656
7134 7172
13441 13441
11601 11601
32262 32280
15871 15871
42225 42225
18002 18016
18241 18241
36729 36729
870 887
6502 6520
5937 5968
14018 14068
13127 13143
38718 38808
43981 43992
22218 22270
47452 47464
31945 31945
36334 36344
48386 48419
14360 14434
43858 43880
17786 17792
25121 25121
8802 8818
19940 19952
47251 47251
42661 42661
25746 25766
7986 8010
27201 27201
20176 20252
47778 47790
45630 45684
12718 12736
13473 13473
43306 43322
43943 43944
16558 16600
33022 33127
41625 41633
761 761
38609 38609
31477 31488
33410 33430
11153 11153
26353 26353
5186 5199
28352 28430
27967 28080
47401 47401
49394 49400
44294 44310
26722 26800
34501 34501
5201 5201
45060 45088
49246 49258
19826 19866
6030 6056
20102 20126
11234 11340
320 338
29022 29070
11557 11577
5986 6028
40708 40764
26954 26982
9737 9737
42401 42401
12136 12190
33042 33070
17786 17890
26162 26176
38502 38544
14018 14068
37858 41416
2801 2801
42001 42001
31974 32160
42641 42641
4402 4478
36922 36936
37030 37300
20960 20964
24929 24929
10130 10160
18945 18945
42961 42961
35452 35478
14761 14761
24009 24009
17158 17185
21553 21553
8820 8865
6030 6040
30400 30460
14080 14201
8050 8098
39442 39500
26295 27003
21057 21079
44250 44260
44801 44801
5114 5160
30641 30641
17366 17395
23766 23800
18477 18500
41793 41793
25429 25440
29201 29201
12430 12604
12222 12240
27020 27288
20801 20801
2198 2211
29350 29454
2354 2360
3276 3336
7555 7566
20254 20272
25470 25502
13006 13040
6582 6614
17892 17900
21581 21581
25606 25708
29094 29106
26182 26230
22502 22548
38092 38108
37346 37372
8527 8534
49201 49201
41586 41608
40901 40901
22452 22470
21677 21700
4794 4798
24682 24712
46690 46720
19742 19771
15632 15648
49201 49228
10922 10962
34492 34532
30761 30791
36961 36961
1897 1910
35394 35436
41722 41800
47921 47921
36313 36313
21150 21180
1402 1440
4002 4048
4690 4697
17953 17953
32721 32721
2666 2728
11652 11680
15074 15115
27874 27920
33129 33152
40370 40390
43942 43962
20001 20001
4356 4400
13058 13095
16989 16989
33026 33040
18738 18752
48058 48875
3546 3616
996 1000
27217 27217
34242 34288
17540 17552
26722 26800
15680 15698
25811 25838
9521 9521
42930 42960
34001 34001
16922 16962
2961 2961
7222 7301
8050 8096
36221 36221
4970 4982
47956 48000
28969 28984
23962 24017
11952 11984
33722 33744
46752 46784
1522 1625
5068 5088
39694 39760
7572 7592
31222 31250
35129 35129
618 632
24286 24300
25771 25771
15632 15648
7364 7395
185 185
39561 39582
8697 8697
46252 46318
15806 15806
20074 20126
13367 13378
34039 34039
31441 31441
15320 15321
45741 45741
24940 24997
32981 32981
41722 41820
12302 12325
3752 3781
42385 42385
44462 44515
23246 23268
37030 37300
48377 48875
43207 43212
38267 38435
42893 42908
43452 43472
42001 42001
23728 23750
4117 4130
46354 46368
32826 32896
17501 17501
16721 16721
36833 36833
35630 35638
37618 37664
30242 30250
385 420
13127 13143
10301 10301
18602 18642
40037 40050
15218 15420
14961 14961
35117 35140
33768 33778
34334 34338
9201 9201
5937 5960
40070 40080
26652 26698
30497 30497
38302 38338
7222 7301
45581 45581
13161 13161
47913 47913
28435 28437
15632 15648
13462 13508
35609 35609
48033 48033
26438 26550
39294 39300
3201 3201
38502 38544
7017 7017
1897 1897
30174 30210
46454 46640
17628 17651
45182 45256
4061 4076
40913 40913
40452 40482
12391 12394
43793 43793
13237 13270
11361 11361
20754 20770
588 608
29832 29850
12681 12681
47552 47558
46376 46385
9500 9515
49361 49361
29872 29920
32497 32497
10206 10224
23962 23990
14262 14275
20358 20376
1302 1400
21482 21518
18235 18286
13702 13728
32462 32506
22982 23000
40010 40035
7506 7553
38968 39000
14788 14802
43601 43601
19190 19291
4744 4753
13436 13448
32352 32368
3601 3601
41854 41924
25666 25708
39371 39371
41722 41820
34594 34640
11012 11090
12201 12201
48901 48901
20827 20832
33561 33561
26162 26176
15252 15280
15462 15480
41722 41820
33410 33430
32913 32913
32561 32561
33522 33530
48028 48050
44621 44621
27521 27521
8352 8360
18481 18481
35769 35774
7444 7504
46174 46204
20966 20990
2241 2241
4132 4150
37839 37856
25004 25020
13101 13101
15534 15552
5346 5376
4620 4628
30712 30732
49016 49036
33841 33841
18146 18160
38401 38401
17202 17221
1905 1905
47857 47857
20834 20866
6753 6753
43718 43742
13190 13196
45541 45541
31606 31616
18766 18772
31477 31486
29142 30916
14499 14499
19413 19423
48202 48240
49016 49036
6427 6453
24714 24738
39694 39724
43925 43925
44601 44601
20176 20252
49932 49950
26258 26293
8083 8083
44067 44105
33993 34016
2666 2728
7001 7001
32235 32248
29333 29348
27361 27361
23552 23553
24940 24997
221 221
46705 46705
48721 48721
36754 36808
17628 17648
31900 31936
8536 8546
39482 39500
20237 20237
35281 35281
12430 12482
29350 29440
26722 26754
38968 39000
31681 31681
36552 36570
38910 38934
46001 46001
1641 1641
22161 22161
25458 25460
16434 16449
62 70
34001 34001
44001 44001
49051 49051
41338 41416
20012 20028
38190 38205
1847 1890
47018 47030
22318 22400
1 8328
47742 47744
33090 33120
2666 2736
14741 14741
5668 5701
36607 36607
4961 4961
36081 36081
32162 32205
27840 27845
31294 31340
44450 44525
40952 40980
44132 44138
13145 13170
960 1088
537 610
29717 29730
18701 18701
47681 47681
20161 20161
26954 27003
6147 6160
39601 39623
26802 26824
36679 36685
8225 8225
44402 44410
28834 28860
48884 48922
25504 25528
5252 5272
26826 26860
17702 17728
19070 19074
15218 15232
30130 30140
44286 44292
27108 27130
13145 13164
46609 46609
9081 9081
9517 9572
26930 26952
3418 3432
26182 34472
28401 28401
26024 26040
45826 45990
31410 31472
19177 19188
14732 14765
13992 14016
12098 12111
13617 13650
7027 7040
37762 37778
4251 4251
23542 23582
46562 46590
42702 42768
14801 14801
21782 21822
8294 8328
39786 39984
19633 19633
28872 28900
18769 18769
26602 26636
22490 22500
22218 22270
15434 15460
33486 33520
25504 25528
40752 40764
2872 2928
21057 21079
19618 19700
21595 21595
25132 25138
19826 19856
44001 44001
26402 26416
34181 34181
40452 40482
21057 21079
1922 1964
25940 25965
12781 12781
39926 39935
6361 6361
44093 44093
36572 36584
36945 36945
36161 36161
44722 44755
32902 32926
49016 49036
5168 5184
19560 19604
23877 23898
16840 16856
9737 9737
18653 18653
43918 43932
15961 15961
42162 42220
18578 18584
11153 11153
1522 1625
15741 15741
3882 4864
27993 27993
38386 38406
511 528
8330 8350
17938 17982
38968 39040
13127 13143
19070 19074
37030 37664
9952 9980
22982 23017
31104 31146
20482 20510
15554 15584
31874 31896
10550 10568
24626 24640
32433 32433
751 751
41174 41180
15201 15201
33691 33700
27321 27321
43000 43031
24594 24600
24464 24472
21825 21825
25281 25281
360 383
46666 46714
39433 39449
9441 9441
33586 33616
7452 7504
5201 5201
417 417
42577 42577
39881 39881
22452 22470
3166 3182
758 770
23165 23232
36081 36081
12061 12061
38001 38001
11201 11201
11530 11540
18401 18401
15997 16072
2321 2321
34802 34832
1374 1390
32241 32241
32001 32001
29832 29840
44426 44448
37962 37990
35361 35361
31477 31486
13992 14016
47664 47792
24561 24561
42612 42650
38057 38188
33178 33520
28481 28481
47601 47601
44322 44324
49107 49140
7977 7977
48082 48102
30222 30240
11786 11840
24507 24584
34811 34811
19538 19550
15534 15592
42302 42464
45641 45641
960 1125
3242 3256
46057 46057
17202 17728
43751 43751
2307 2307
41854 41912
26930 26952
25001 25001
38470 38488
19302 19350
44627 44640
5114 5160
48058 48375
40795 40818
8601 8601
49746 49760
33234 33264
38872 38897
48162 48200
6616 6628
17084 17102
19702 19716
12653 12672
3783 3789
4630 4660
46701 46701
19969 19969
12714 12928
47728 47740
11157 11192
30801 30801
37980 37981
9092 9208
34554 34688
43249 43249
47452 47464
33053 33068
41574 41684
35452 35472
48501 48501
45102 45122
4421 4421
25350 25360
48401 48401
3058 3080
45104 45105
12562 12586
44112 44126
46174 46192
23170 23215
40752 40764
8352 8360
6290 6301
41206 41216
19042 19055
35642 35688
34145 34160
5025 5025
29651 29651
6220 6240
13773 13773
24946 24997
37713 37713
10210 10224
37801 37801
45668 45690
36618 36631
1002 1072
11741 11741
37699 37699
27040 27057
16690 16720
10817 10830
48601 48612
19190 19214
38622 38640
44001 44001
6758 6767
48928 48944
25762 25766
43262 43284
43668 43680
28981 28981
34306 34328
22126 22148
27702 27730
7282 7515
36337 36337
31582 31604
602 608
14890 14930
37729 37729
6401 6401
35088 35108
17158 17728
46802 46815
4809 4809
49677 49702
28018 28044
18626 18642
4251 4251
42261 42261
42634 42641
41105 41113
46592 46624
10658 10688
3281 3281
38020 38040
18937 18937
28322 28340
22442 22450
917 958
8717 8717
44128 44260
5282 5318
42769 42769
48052 48056
24801 24801
23201 23201
30954 30986
36821 36821
28301 28301
15957 27144
5745 5745
44067 44072
39234 39272
38217 38435
47201 47201
36057 36057
9698 9728
31111 31111
20560 20575
9458 9472
38386 38406
2172 2185
4065 4065
12539 12539
31501 31501
26401 26401
5921 5921
41498 41516
34545 34545
27192 27248
24401 24401
8936 8950
4826 4845
36852 36880
27761 27761
26438 26500
24801 24801
5121 5121
36210 36243
7895 7952
36445 36445
2922 2928
36964 37016
13329 13329
31761 31761
1 1
16002 16056
35401 35401
9777 9777
28529 28529
7730 7747
3201 3201
38142 38180
13938 13968
13312 13320
36701 36725
41441 41441
31222 31249
12702 12712
13265 13266
16922 16962
15442 15460
31038 31100
28018 28024
25721 25721
29217 29217
37445 37455
6281 6281
16618 16663
12430 12632
1914 1964
870 887
42840 43104
29014 29140
6903 6903
5767 5820
20992 21027
31618 31627
22677 22693
23922 23942
32992 33008
49306 49330
26182 26200
30000 30008
16558 16576
13662 13680
42699 42825
28986 28990
3446 3456
29217 29217
21914 21952
27321 27321
13662 13680
33432 33444
3116 3132
20834 20866
9114 9125
22876 22877
30801 30801
2748 2759
15486 15530
4557 4573
37575 37575
34601 34601
5342 5388
48755 48760
33053 33068
9356 9386
15301 15301
48061 48061
35706 35711
28362 28400
20322 20342
48202 48272
16238 16985
48884 48922
25537 25537
8890 8910
47598 47656
3882 3888
37502 37512
36122 36181
28226 28250
15586 15592
25429 25460
45372 45378
19057 19104
37666 42838
32302 32308
4495 4495
23922 23942
11356 11370
45441 45455
3042 3054
39052 39066
5521 5521
917 917
8065 8065
4248 4270
9092 9112
35282 35302
9997 10068
15594 15648
6694 6720
17938 18196
18672 18710
17002 17008
18021 18021
9521 9521
21668 21768
9425 9425
6400 6453
21530 21602
27253 27260
41457 41457
2482 2486
33234 33250
25332 25400
17590 17651
33324 33343
23721 23721
37894 37912
40941 40941
29249 29249
30866 30876
38674 38682
23064 23764
2462 2472
26062 26086
43668 43680
49782 49794
1 383
11570 11577
37025 37025
23901 23901
31441 31441
23877 23960
25626 25640
158 222
46621 46621
45384 45400
49761 49761
41221 41221
13730 13759
31201 31201
6751 6751
30001 30001
32450 32506
29786 29808
27108 27130
45407 45424
37794 37985
46626 46664
1518 1636
10334 10338
20992 21027
35041 35041
43721 43721
32593 32593
15594 15648
12001 12001
46961 46961
31758 31768
49107 49140
1 12
1201 1201
27274 27288
20673 20673
36938 36953
24658 24680
43601 43601
22006 22025
35242 35256
21250 22270
5668 5701
35050 35074
1865 1865
23041 23041
19482 19506
31342 31472
40226 40290
34912 35008
4061 4076
22264 22270
1813 1840
35421 35421
9872 9896
30842 30864
44561 44561
45751 45751
43081 43081
14361 14361
15360 15374
1914 1964
1518 1520
8622 8634
10592 10612
47961 47961
44166 44186
48648 48650
41553 41553
41289 41289
4186 4340
46929 46929
17562 17588
36902 36936
10236 10236
16222 16230
6546 6546
1362 1364
28322 28415
34474 34520
18986 19004
28277 28320
13817 13817
44401 44401
43507 43554
48928 48944
43367 43392
28465 28465
38222 38236
41574 41680
23089 23089
25041 25041
2222 2312
3242 3343
13382 13395
7652 7680
44006 44065
18268 18286
21960 22004
3563 3666
46122 46135
2358 2736
17664 17674
45641 45641
41382 41416
15182 15198
1374 1390
7601 7601
46041 46073
16472 16516
29301 29301
42330 42344
7397 7430
21120 21122
39801 39801
40361 40361
21318 21352
23901 23901
1921 1921
18916 18950
6901 6901
34383 34416
21537 21537
48156 48160
37531 37552
3907 3936
38356 38372
20358 20368
29801 29801
11097 11112
29817 29830
6303 6320
40721 40721
5186 5266
24586 24624
800 801
27097 27097
29180 29215
27218 27248
49860 49872
37521 37521
14153 14153
44462 44515
17837 17868
28432 28447
18600 18648
25562 25565
29233 29233
48464 48477
48701 48701
10468 10504
5282 5300
29306 29331
48986 48992
35458 35472
21809 21809
47158 47170
30362 30364
13617 13650
45502 45514
9243 9243
20113 20113
38217 38320
9177 9177
17431 17431
42412 42420
39749 39749
24626 24648
23019 23056
6881 6881
41975 42004
4852 4855
35775 35840
32252 32260
49645 49645
14321 14321
24390 24420
1966 1984
47967 47990
24213 24213
27274 27288
46840 46880
19256 19291
28498 28512
13572 13615
47961 47961
8548 8580
30296 30320
44793 44793
2785 2785
46974 46990
28578 28613
32281 32281
46387 47256
6526 6602
40162 40182
5436 5442
7506 7512
43087 43120
21012 21027
25901 25901
3622 3625
48689 48689
49044 49070
49758 49780
6238 6239
8536 8546
39890 39910
2576 2608
696 712
5537 5708
34251 34251
43630 43640
13950 13968
40226 40240
47296 47344
29852 29919
44826 44848
15041 15041
10849 10849
15382 15408
11351 11352
36481 36481
45826 45856
25988 26040
43496 43505
7364 7395
12766 12840
49246 49258
7001 7001
21120 21122
7618 7680
29121 29121
35544 35552
7912 7936
5444 5472
47546 47558
12042 12100
6472 6512
702 736
48401 48401
40221 40221
39138 41560
1084 1120
23584 23608
26182 26230
40501 40501
35267 35272
27456 27472
264 318
3692 3781
48004 48010
11021 11021
46454 46468
11561 11561
1914 1964
28225 28240
2072 2084
35953 35953
18606 18624
3524 3536
17151 17151
32142 32205
34401 34401
48662 48716
9581 9896
39218 39231
1052 1125
11010 11144
24815 24834
19298 19328
18751 18751
37794 37816
31251 31258
26839 26839
16001 16001
30030 30076
19781 19810
13761 13776
41900 41901
5515 5532
28920 28950
44757 44784
47032 47057
5978 6028
7648 7649
5444 5472
47602 47605
14681 14681
48502 48532
40070 40347
16872 16880
34037 34046
23451 23451
41178 41180
2 12
8793 8832
1572 1620
17664 17674
5201 5201
8936 9008
27154 27170
1509 1509
42306 42344
33324 33336
33842 33858
46321 46321
28277 28283
14090 14120
18887 18887
17393 17393
26748 26749
18225 18226
45128 45158
31427 31472
23346 23384
6402 6422
4998 5028
20897 20928
28521 28521
16422 16430
42107 42138
19431 19431
23201 23201
6580 6581
11212 11217
25127 25130
47106 47132
29350 29375
39561 39582
2681 2681
16987 16992
49654 49664
47121 47121
14692 14752
17414 17460
28762 28764
34371 34371
6322 6348
32481 32481
23280 23292
43902 43932
31427 31472
30001 30001
48601 48601
10881 10881
6803 6848
46778 46784
31361 31361
43306 43308
28770 28775
39801 39801
36969 37339
8545 8545
31026 31035
37001 37001
6613 6613
20449 20449
20834 20840
40534 40560
21899 21899
18517 18522
33697 33697
1762 1784
17223 17232
7506 7512
49184 49199
14990 14998
24081 24081
48241 48241
28036 28070
21761 21761
3191 3196
15714 15728
6526 6600
11646 11680
9952 9980
24754 25115
49044 49070
38899 38899
34970 34992
47032 47057
46805 46805
41716 41720
34981 34981
5937 5952
16001 16001
9170 9184
35410 35438
23841 23841
46642 46714
45010 45026
27647 27651
15825 15825
4370 4401
44226 44240
36384 36420
9617 9617
19361 19361
22242 22262
33661 33661
11502 11527
26182 27144
15441 15441
21677 21708
48130 48216
12985 12985
33026 33040
38786 39050
31886 31896
30977 30977
34902 34910
31601 31601
23306 23324
39482 39500
7897 7910
8781 8791
22966 22970
10468 10504
38751 38751
1873 1873
29442 29452
10161 10175
35601 35601
1 24
36969 36980
19868 19876
24156 24174
44821 44821
40142 40182
1 24
21201 21201
19606 19660
7370 7395
34961 34961
30626 30626
17104 17112
16858 16870
49456 49477
9577 9577
49713 49713
43902 43916
44209 44209
33981 33981
37301 37301
13146 13164
1501 1501
27206 27248
8712 8791
38150 38180
28521 28521
4141 4141
33425 33425
6993 6993
3882 3936
2576 2649
47106 47132
10397 10416
10520 12976
21633 21633
1152 1195
37842 37875
12401 12401
17858 17868
38341 38341
49426 49454
23871 23871
48722 48750
46936 46944
17201 17201
23552 23582
8247 8292
29952 29960
870 887
7232 7266
28456 28485
8702 8710
36969 36980
28065 28065
13520 13548
44130 44138
34491 34491
23064 23624
17986 18016
37370 37372
11961 11961
11502 11520
17714 17755
10139 10144
9516 9516
26 32
47258 47294
47818 47849
40601 40601
36921 36921
34401 34401
12474 12482
16007 16048
29044 29070
9952 9980
2872 2928
34258 34288
42528 42544
1638 1652
1501 1501
14994 14998
17072 17082
6526 6600
34290 34303
13272 13307
19994 20054
26787 26800
1599 1601
10641 10720
47901 47901
14441 14441
10531 10548
42706 42795
24081 24081
29377 29400
33522 33528
45466 45488
3846 3854
1937 1937
13389 13389
45921 45921
18606 18640
6147 6175
32736 32756
17057 17057
11853 11872
41526 41544
11697 11697
6472 6512
45640 45666
15986 16112
24124 24135
30656 30660
23524 23544
13950 13968
33486 33672
14101 14101
1 12
18881 18881
31771 31771
35642 35664
45160 45180
39745 39745
1490 1504
41858 41912
39106 39136
25998 26008
14354 14392
19538 19550
22331 22331
27521 27521
17531 17531
15861 15861
15360 15374
19153 19153
39832 39856
42191 42220
11345 11345
28136 28184
48986 48992
6401 6401
31921 31921
7873 7873
12352 12352
37666 37792
33601 33601
18503 18503
1971 1971
41658 41684
41041 41041
17251 17251
30558 30575
34977 34977
25530 25542
10001 10001
29951 29995
46041 46110
29180 29195
28682 28715
24437 24447
43501 43501
9361 9361
34947 34968
25348 25366
41115 41152
14901 14901
20913 20913
33256 33291
19994 20054
48842 48848
46721 46721
33121 33127
15594 15648
27826 27838
43052 43080
36690 36699
42541 42541
8152 8180
48162 48216
47709 47709
40972 41012
33265 33265
13572 13615
22414 22434
24376 24384
13201 13201
39689 39692
45636 45637
41302 41320
28770 28775
28136 28240
19956 19965
5457 5457
15137 15137
39082 39104
13514 13518
577 577
7174 7220
11626 11644
4001 4001
32082 32090
28322 28344
22027 22040
12868 12880
25624 25640
24476 24476
151 151
13058 13072
25840 25850
28609 28609
29786 29815
14614 14970
26756 26785
1006 1008
1761 1799
43752 43784
9233 9233
24026 24084
15537 15552
15913 15933
32441 32441
32277 32286
36753 36753
46974 46990
37321 37321
6978 6990
22370 22400
18602 18648
2029 2029
19592 19604
25998 26008
43668 43680
17402 17412
36145 36145
48226 48272
33361 33361
36552 36558
11212 11217
48801 48801
32057 32057
26511 26511
48072 48128
8834 8865
23346 23384
5502 5513
32610 32637
28994 29140
29937 29937
18243 18244
29572 29612
1473 1473
45602 45628
3525 3525
24501 24501
22721 22721
46818 46830
21029 21043
49596 49615
22422 22485
27889 27889
14792 14808
4778 4798
2211 2211
12102 12111
35484 35488
5421 5421
2228 2240
7289 7291
22176 22177
15051 15090
27821 27821
20897 20909
28265 28283
32306 32355
24454 24462
17745 17745
31930 31936
19278 19291
27761 27761
45818 45856
34001 34001
12138 12180
26354 26358
27847 30336
2096 2097
35038 35048
45890 45922
34834 34848
43367 43556
7370 7395
5515 5532
38020 38040
37524 37529
25041 25041
49782 49790
12182 12220
11034 11062
25194 25212
9604 9680
20732 20750
36322 36332
23521 23521
46974 47006
35746 35752
41751 41751
28852 29140
48157 48157
19398 19856
18401 18401
48834 48840
1377 1390
26141 26141
47386 47392
3681 3681
43241 43241
41900 41901
37842 37875
31782 31796
7880 7884
38942 38959
621 621
36654 36665
11706 11738
16321 16322
4641 4641
13328 13365
10453 10466
18088 18550
5474 5513
6992 7005
33178 33180
35218 35240
35621 35621
46001 46001
21102 21120
12002 12017
31881 31881
31658 31668
2702 2746
25522 25528
29121 29121
1281 1281
28097 28097
25176 25190
1 27144
17251 17251
42322 42328
6694 6726
6872 6889
6864 6867
18190 18196
8867 8874
3538 3544
26881 26881
41081 41081
13133 13143
10246 10260
20561 20561
15422 15565
18117 18120
35401 35401
7991 8010
5762 5765
49551 49551
39281 39281
25633 25634
34474 34550
24001 24001
48492 48560
22561 22561
27772 27800
18554 18566
5710 5736
12138 12220
43894 43962
11706 11782
33446 33778
40841 40841
48401 48401
29473 29504
36601 36601
24026 24084
4385 4385
38772 38784
11398 11419
7916 7960
14634 14648
30507 30520
40580 40602
28682 28715
8881 8881
35890 35927
43832 44120
27841 27841
41954 41968
34721 34721
13215 13215
26176 26180
37219 37235
22176 22177
44797 44808
48021 48056
6992 7005
16657 16657
7094 7106
48601 48646
42528 42544
18242 18259
18201 18201
23151 23151
36210 36224
37219 37235
37345 37345
37521 37521
44076 44105
16674 16688
28151 28151
1266 1292
23106 23128
39101 39101
38361 38361
41658 41684
28161 28161
15106 15128
37618 37648
42299 42299
9879 9879
30311 30311
13001 13001
1 192
44942 44946
44252 44260
1251 1251
45301 45301
10534 10548
36601 36601
22186 22210
5342 5376
37761 37761
26801 26802
8793 8812
11910 11920
47051 47051
28487 28532
33618 33668
12259 12259
25998 26008
46387 46586
13868 14172
21442 21538
31629 31632
16932 16962
49746 49756
9991 9991
7046 7078
29921 29921
46626 46663
26761 26761
33161 33161
46974 47006
15116 15116
20317 20317
42840 42856
37377 37382
30561 30561
201 201
28534 28724
47082 47090
43690 43776
32146 32176
37721 37721
12222 12230
29001 29001
27592 27602
12905 12905
11212 11217
25097 25097
23361 23361
30646 30650
15722 15752
20458 20494
24920 24921
32397 32511
39325 39326
27007 27015
24538 24552
47981 47981
13798 13850
43087 43108
18088 19124
26332 26340
31810 31818
16971 16976
38122 38140
10601 10601
33946 33950
24772 24776
11952 12040
194 218
41712 41714
21918 21944
47259 47259
8350 8399
38609 38609
11530 11540
511 511
33578 33672
4826 4845
7282 7296
6516 6517
20406 20437
46341 46341
26202 26230
31081 31081
11841 11841
33561 33561
42356 42408
48986 49050
14898 15955
37501 37501
12196 12196
26497 26497
29591 29591
42762 42825
10776 10776
18918 18925
33079 33079
41186 41202
34772 34816
34230 34288
25001 25001
5921 5921
8842 8865
40101 40101
22116 22142
2401 2401
1210 1335
31610 31616
8867 8874
21839 21839
23656 23660
41574 41584
38327 38338
47002 47006
14898 14910
46137 46137
10322 10332
48968 48984
46702 46710
15170 15205
2546 2574
40312 40314
13712 13728
48474 48477
34809 34809
39736 39756
32905 32905
46578 46586
39502 39514
48662 48676
46232 46244
26172 26174
9201 9201
16114 16236
3010 3012
19457 19457
17683 17712
9362 9386
37351 37351
6850 6852
8494 8504
22021 22021
2546 2560
16913 16913
47681 47681
36411 36411
14577 14577
39961 39961
910 915
446 447
30801 30801
41393 41393
12445 12456
26642 26810
19302 19332
17033 17033
47177 47194
18033 18033
14018 14071
2865 2865
20454 20494
7987 8189
34921 34922
16913 16913
39440 39449
6872 6880
26878 26897
29350 29375
42252 42268
26756 26785
40241 40241
20560 20580
18705 18706
12396 12414
33766 33766
20106 20126
7916 7960
44729 44730
43353 43353
13161 13161
37602 37648
32359 32359
27054 27057
9321 9321
38482 38488
35781 35781
12322 12325
21201 21201
32426 32448
33202 34048
9702 9728
34994 35008
32781 32781
26192 26200
32132 32205
26881 26881
24778 24780
44501 44501
23019 23056
15265 15265
29506 29525
27756 27770
1294 1335
40033 40033
43526 43526
29072 29080
30922 30950
17001 17001
15561 15561
39849 39856
17037 17037
12677 12700
24081 24081
41241 41241
20018 20048
43614 43628
46937 46937
47333 47333
48928 48944
657 657
20002 20048
8040 8082
40801 40801
17344 17520
9249 9249
36250 36256
44312 44324
19411 19411
45751 45751
31570 31584
1241 1241
27969 27969
39877 39877
3907 3920
27700 27728
34411 34411
28702 28714
45026 45026
5745 5745
13730 13744
39009 39009
13361 13361
29292 29304
32501 32501
42849 42849
6822 6832
12401 12401
38217 38435
34402 34422
26930 26952
49634 49675
7228 7280
42334 42344
39694 39710
15702 15955
46602 46620
6526 6565
16568 16616
9952 9992
38501 38501
15505 15505
18913 18913
8644 8646
41382 41408
3146 3184
28542 28548
43611 43611
4202 4240
9511 9511
48913 48913
22436 22440
40497 40520
22865 22865
37782 37785
8474 8487
33825 33825
30202 30210
35498 35542
22976 22977
10978 10996
46202 46204
8802 8812
1 192
8561 8561
39087 39104
2748 2797
3198 3212
24081 24081
2353 2353
47577 47815
881 881
19127 19136
39560 39582
5681 5681
41361 41361
7251 7251
2484 2574
6215 6218
21218 21225
49156 49181
19402 19411
44881 44881
12872 12880
23009 23009
9452 9456
33644 33656
46877 46909
26652 26684
14914 14920
22968 22970
24218 24240
25064 25084
26914 27003
25896 25938
47818 47849
2457 2472
38532 38544
6509 6509
19841 19841
38001 38001
11157 11191
2587 2605
27146 27184
23190 23215
36334 36512
36201 36201
24001 24001
38572 38576
16713 16713
32705 32705
30057 30057
11057 11057
5550 5564
16133 16144
9842 9852
4142 4152
23610 23615
42676 42676
33421 33421
18081 18081
40001 40001
25633 25634
15269 15275
39736 39756
41137 41137
47643 47656
45946 45950
41892 41904
21530 21538
42972 42973
44050 44065
19473 19473
40838 40850
1580 1620
43008 43024
46978 47006
44601 44601
47162 47170
7101 7101
228 236
13237 13270
49761 49761
16650 16663
1897 1910
34702 34725
14652 14660
15986 16112
21341 21341
6961 6961
10550 10572
9362 9386
21502 21518
43348 43365
44482 44515
21626 21653
12214 12220
47350 47380
44990 45008
38190 38200
15313 15313
23901 23901
8330 8900
26294 26328
25153 25153
47258 47294
46901 46901
24145 24145
15092 15205
19626 19640
34424 34437
26397 26429
31627 31638
7751 7751
41424 41560
11881 11881
12677 12698
31229 31229
13361 13361
30012 30015
22261 22261
18562 18566
15782 15850
11372 11396
17522 17588
15986 16112
43452 43472
28018 28024
38832 38835
16568 16714
43461 43461
13601 13601
9937 9937
30681 30681
26657 26657
169 169
22961 22961
27427 27428
14810 14825
5281 5282
8494 8504
48078 48080
10817 10830
43668 43680
30881 30881
21745 21745
18886 18892
16333 16346
35745 35745
5345 5345
13702 13710
29572 29784
9818 9856
37521 37521
9154 9165
44831 44930
18470 18475
31746 31756
8191 8191
46817 46958
30534 30550
1 20
10322 10966
41921 41921
25670 25708
39087 39104
47996 48000
45145 45145
30196 30210
2641 2641
21732 21765
6322 6335
26833 26833
36204 36208
9745 9745
22164 22168
5271 5271
42270 42280
26118 26131
46945 46945
48701 48701
41793 41793
40158 40176
21957 21957
21354 21375
37951 37980
28265 28283
10210 10260
13901 13901
29152 29168
18502 18505
30704 30710
46989 46989
18858 18865
8242 8292
37385 37385
26930 26952
27154 27170
561 561
31691 31691
42949 42949
5857 5869
15594 15655
15693 15767
30212 30251
36372 36424
2799 2805
32097 32097
45987 45987
22129 22129
30253 30260
954 958
12721 12721
12305 12305
33251 33251
22171 22171
5596 5596
43786 43830
12989 13004
43207 43212
45689 45689
6914 6936
24790 24834
11103 11139
25066 25072
11490 11550
44501 44501
705 705
337 337
9205 9216
33714 33764
29601 29601
39345 39345
34794 34795
34401 34401
18990 19006
47093 47256
4202 4240
48479 48490
9647 9650
15301 15301
34801 34801
48652 48656
21649 21649
12138 12150
42893 42908
37965 37965
2815 2828
5192 5199
16800 16820
34889 34890
29752 29764
17084 17124
30131 30131
45282 45448
34784 34816
21897 21900
18235 18286
22721 22766
34850 34852
17548 17552
38238 38252
30991 31020
42840 43365
40721 40721
19256 19332
28987 28992
649 649
36955 36962
34961 34961
7900 7910
6849 6849
224 250
13490 13500
44862 44904
21604 21730
13769 13769
47301 47302
12113 12113
48339 48339
13418 13422
333 333
21985 21985
35598 35606
18722 18736
31001 31001
11888 11900
18399 18399
33178 33226
42010 42052
47851 47872
6992 7005
1161 1161
6220 6241
27527 27544
8682 8693
27751 27751
16351 16351
40349 40480
45311 45311
5601 5601
2791 2791
26961 26961
40146 40152
43490 43491
34297 34300
30991 31036
11579 11593
16060 16084
19883 19900
8090 8096
8426 8504
24390 24430
3621 3621
49970 49984
42191 42230
4684 4719
49493 49513
6472 6512
49217 49217
37890 37980
22401 22401
35754 35882
25761 25761
35992 36019
4521 4521
13153 13153
6526 6565
14732 14765
35041 35041
48401 48401
41874 41880
21910 21912
36679 36914
19851 19851
2239 2252
11089 11089
9356 9572
32801 32801
13952 13965
14941 14941
7826 7830
28921 28921
48649 48650
20465 20465
39650 39660
31208 34336
10817 10830
19496 19528
38794 39050
996 1004
26652 26672
31886 31898
1228 1236
19057 19073
20375 20375
25132 25138
7562 7566
7457 7457
47350 47378
38532 38544
27793 27793
36577 36577
36210 36226
7481 7481
33069 33070
28271 28271
16292 16304
43087 43097
13730 13744
17434 17440
32957 32971
25057 25057
34981 34981
41975 42004
40252 40263
7730 7740
5007 5028
26070 26076
12474 12482
41893 41893
34102 34132
21498 21518
42901 42901
31041 31041
17681 17681
30869 30869
10210 10220
25801 25801
45884 45912
18552 18566
38838 38872
29280 29348
35544 35552
47996 48002
16363 16382
35642 35660
8575 8580
21987 22004
19873 19873
20178 20220
3383 3383
24098 24116
9234 9354
32175 32175
28594 28600
9929 9929
6478 6512
33634 33642
21294 21306
32851 32851
31490 31496
1654 1658
35041 35041
18261 18261
10001 10001
22888 22916
34395 34395
47246 47252
37001 37001
14521 14521
18198 18211
16101 16101
41267 41268
36969 37076
47341 47341
27961 27961
14001 14001
41270 41321
28083 28123
27253 27262
10858 10966
11349 11370
22530 22570
40001 40001
35692 35713
23308 23324
10040 10073
44346 44448
32957 32960
33946 33960
20534 20544
13329 13329
44361 44361
40458 40468
48351 48352
18470 18475
36850 36914
3574 3604
36239 36243
5274 5290
42891 42891
26386 26389
28702 28714
29802 30952
40978 41000
11472 11480
26369 26369
1238 1260
41892 41904
14001 14001
25670 25708
43604 43612
49705 49705
27604 27615
47281 47282
12396 12410
541 541
48028 48050
20441 20441
37233 37233
47122 47132
32281 32281
33502 33536
30865 30865
21221 21221
12842 12860
40978 41010
2484 2574
21542 21560
43511 43511
40756 40880
11902 11905
49246 49258
23831 23831
3494 3522
24538 24541
16568 16714
38401 38401
7027 7040
33683 33701
20570 20580
18198 18211
24836 24856
21401 21401
36336 36344
45681 45681
38388 38401
32101 32101
22785 22785
501 501
1198 1207
537 860
25140 25190
522 528
11212 12368
16769 16769
39265 39265
6758 6767
6526 6565
12766 12802
5537 5560
45818 45840
932 939
15082 15205
23440 23448
21562 21590
4575 4578
48826 48907
7832 7850
44346 44448
15657 15691
9818 9830
29129 29129
39357 39396
2150 2162
14091 14091
19642 19663
42560 42561
40161 40161
8548 8568
9022 9030
23440 23448
738 756
10782 10804
35028 35036
44901 44901
46802 46815
4037 4037
6496 6500
16651 16651
33878 33908
28561 28561
30514 30576
29921 29925
24714 24752
24897 24897
16187 16211
27101 27101
22112 22114
344 344
21057 21130
12651 12651
36785 36808
11888 11936
34970 34995
12989 13048
41465 41466
27137 27137
37392 37438
16106 16112
38142 38148
32357 32372
38142 38148
3827 3854
23401 23401
36142 36150
5086 5088
49677 49700
47317 47575
36785 36785
14001 14001
7217 7217
47281 47282
49201 49220
39645 39660
10921 10921
31910 31924
37666 37724
47552 47558
4706 4716
5737 5738
46001 46001
20261 20261
30338 30419
32578 32590
48701 48701
10782 10800
36607 36609
41882 41888
26830 26860
43668 43675
6292 6304
32552 32570
6878 6881
31241 31241
19967 20072
31069 31069
7517 7544
7696 7705
3713 3713
49289 49289
45001 45001
4421 4421
13746 13759
42118 42136
28002 28012
49762 49780
13798 13850
46847 46888
6988 7226
18041 18086
48510 48564
7746 7747
25302 25320
25153 25153
35992 36019
26232 26504
25974 25986
11986 12040
5090 5100
40184 40192
46121 46141
11157 11184
25586 25595
4984 4996
49382 49454
2092 2136
49049 49049
40674 40700
42632 42643
37237 37274
45028 45050
29238 29240
33090 33102
5594 5601
15796 15802
25937 25937
26801 26802
12952 12976
12017 12017
18770 18944
321 321
6604 6628
34772 34782
31041 31041
4445 4445
49161 49161
31241 31241
8225 8225
27732 27751
24790 24834
45350 45370
2081 2081
36769 36769
17522 17712
42242 42268
32129 32129
8712 8732
14345 14345
12692 12712
45084 45120
14982 15020
23120 23128
30338 30353
44050 44065
44801 44801
31294 31308
7174 7180
24531 24531
8622 8634
13158 13270
31041 31041
31427 31496
5030 5048
31588 31604
32817 32824
33073 33073
35640 35660
11253 11253
18377 18377
34330 34332
22842 22850
13799 13820
20611 20625
15342 15348
25458 25466
1 1
20856 20860
14901 14901
28961 28961
27744 27746
46470 46484
17138 17155
27889 27889
21682 21708
8682 8693
35762 35766
30281 30281
46441 46441
8369 8369
19127 19144
23121 23121
28961 28961
22545 22545
23077 23085
36002 36019
46392 46394
10782 10804
18769 18769
15997 16048
1 1
26494 26504
30049 30049
33569 33569
22038 22048
8912 8918
8521 8521
40756 41028
48058 48160
10550 10572
16257 16258
31822 31824
43902 43924
37734 37742
47761 47761
44353 44353
20512 20532
36338 36344
30305 30305
33182 33200
45842 45856
33876 34024
6730 6734
15841 15841
39726 39784
3850 3854
44907 44908
25610 25656
18041 18043
26481 26481
1 1
44362 44448
15957 24752
10618 10639
39841 39841
35884 35890
44527 44864
18946 18970
26441 26441
16432 16448
36827 36844
43492 43554
23877 23892
37404 37408
24226 24280
7284 7300
49057 49057
39166 39170
48058 48160
30991 31036
43842 44200
38977 38977
1378 1403
3708 4152
25928 25938
3166 3212
21045 21045
44001 44001
22573 22573
39201 39201
47317 47536
35621 35621
15769 15780
47882 47896
37952 37968
45331 45331
26397 26413
941 958
9601 9601
27508 27576
8081 8081
28182 28216
25342 25366
3524 3536
13328 13395
40554 40560
40626 40626
14804 14806
25940 25965
49991 49991
481 481
22342 22350
10177 10197
8441 8441
3361 3361
46001 46001
20101 20101
30417 30417
39999 40008
44797 44829
33486 33576
28225 28226
19742 19755
19921 19921
46551 46551
25606 25708
19112 19120
48130 48149
34954 34968
42124 42138
35841 35841
21234 21248
48751 48751
24928 24938
31274 31285
18088 18224
28322 28346
41716 41724
46401 46401
39999 40008
10998 11004
4087 4102
21362 21375
3001 3001
113 113
41338 41365
18289 18289
37341 37382
1893 1893
48251 48251
21269 21269
46470 46484
30770 30782
9022 9030
682 685
12529 12530
41874 42170
22530 22560
40222 40225
19698 19704
45634 45720
33086 33088
30954 46230
26209 26209
26706 26750
32313 32313
38227 38236
15997 16048
47269 47269
38154 38180
26565 26565
7987 7989
18672 18700
44665 44666
3411 3411
13097 13116
35929 35936
45616 45616
40697 40697
22672 23062
401 401
39586 39591
16801 16801
21401 21401
39633 39633
35441 35441
49582 49588
25302 25320
45263 45263
36129 36129
7186 7226
41602 41623
26761 26761
37666 37700
36692 36776
9438 9450
48113 48113
33746 33750
7501 7501
7228 7240
12872 12888
36275 36280
11502 11527
1592 1632
44226 44252
42887 42887
12217 12217
9621 9621
15892 15920
9121 9121
27918 27922
20309 20352
48632 48640
18209 18209
33718 33728
29817 29825
28160 28164
12121 12121
35969 35969
6147 6172
98 128
34610 34624
6758 6767
26641 26641
35201 35201
31716 31724
3081 3082
33881 33881
45518 45536
13601 13601
40542 40552
12673 12673
39482 39500
2901 2901
9091 9112
23341 23341
14961 14961
24282 24284
14614 14974
31200 31201
28669 28724
36090 36106
8061 8061
49410 49420
48521 48521
6353 6353
29666 29673
12050 12060
46588 46690
25117 25121
3907 3920
46562 46576
4770 4784
4561 4561
36336 36344
40972 40976
32262 32272
18311 18311
34657 34672
47698 47698
31586 31636
33986 34014
20337 20337
13462 13488
17855 17855
26621 26628
49402 49968
45251 45251
32817 32830
10778 10848
22828 22838
15113 15113
23629 23629
37109 37132
42356 42415
32801 32801
8022 8038
10513 10513
14946 14955
21185 21185
38254 38266
18102 18112
1032 1047
30000 30008
772 792
36334 36475
34378 34380
15871 15871
30712 30724
44990 45004
29949 29949
32313 32313
14137 14138
34893 34893
14481 14481
31152 31160
31610 31616
2009 2013
20672 20677
10545 10545
649 649
28726 28816
38697 38697
27772 27805
36721 36721
32978 32990
23919 23921
45729 45729
39601 39608
28177 28177
38961 39000
6977 6977
44321 44321
35640 35660
37121 37121
48707 48707
19146 19165
40321 40321
23308 23310
47938 47940
17371 17372
40801 40801
4726 4732
46657 46657
17283 17283
48042 48050
11490 11527
1294 1335
7981 7981
44057 44057
40242 40263
20057 20064
12539 12539
45818 45856
48096 48102
4001 4001
42241 42241
9942 10016
42801 42801
5399 5424
49981 49981
33521 33521
24801 24801
35762 35766
27069 27069
40438 40447
1705 1705
28538 28540
16461 16461
8172 8180
29951 30176
17150 17151
1932 1964
23140 23170
20074 20138
43661 43661
48554 48573
36998 37008
44990 45004
25612 25620
48701 48701
49877 49884
39113 39113
18727 18728
28014 28025
6400 6453
25552 25566
46041 46119
38001 38001
35327 35342
41706 41714
20607 20607
6604 6628
32801 32801
25281 25281
40932 40950
881 881
33051 33051
48792 48820
40337 40337
12801 12801
7642 7747
14241 14241
1599 1601
40401 40401
21918 21958
9481 9481
7912 7914
49887 49892
39553 39553
34141 34141
34298 34328
2290 2295
9426 9432
9251 9251
16886 16900
17272 17296
37190 37224
10105 10105
42221 42221
27074 27130
31713 31713
45152 45158
36651 36651
4843 4843
32751 32751
3802 3807
42801 42801
12541 12562
29676 29676
27141 27141
9911 10240
21849 21849
35161 35161
37202 37217
23561 23561
16926 16930
43331 43331
641 641
29089 29089
1399 1403
24205 24205
36633 36677
16161 16161
28225 28240
28018 28024
47569 47569
23246 23253
34581 34581
29202 29215
43778 43784
49089 49089
46960 46972
26129 26129
48388 48404
4010 4020
33140 33176
13907 14060
19841 19841
14781 14781
10809 10809
40782 40792
43601 43601
17727 17790
44881 44881
40400 40425
20740 20785
15486 15493
36529 36529
14591 14591
10809 10809
24581 24581
16716 16725
26930 26938
33486 33576
37601 37601
46232 46270
7987 8001
40782 40793
17727 17790
18746 18750
14641 14641
16172 27144
11986 12068
22545 22545
37861 37861
26488 26490
43690 44260
42942 42960
15009 15009
21354 21375
49402 49560
14454 14474
23265 23265
37892 37900
25729 25729
11601 11601
22922 22944
29275 29278
39505 39505
2637 2637
1830 1845
13677 13684
31112 31146
39041 39041
46145 46145
36201 36201
6251 6251
39460 39463
17344 17520
3282 3288
22425 22425
32954 33109
2815 2850
21137 21137
26981 26981
16306 16331
10122 10130
751 753
33766 33778
49782 49790
40604 40976
39246 39292
24890 24906
45858 45960
49402 49454
6820 6828
30081 30081
35679 35679
43052 43068
29642 29656
21767 21777
22887 22912
35952 35972
34769 34769
4583 4590
17201 17201
11242 11272
4606 4615
49823 49834
42390 42400
14262 14270
45761 45761
37666 37980
24390 24401
1830 1845
37199 37200
42551 42551
11916 11936
8212 8292
42386 42415
32055 32080
33681 33681
48753 48753
15285 15310
20611 20719
36961 36961
6243 6275
36817 36844
14425 14425
18913 18913
45818 45830
13161 13161
40001 40001
25266 25268
38961 38961
5313 5313
10337 10337
33834 33854
40856 40856
33938 33944
47296 47315
37801 37801
42534 42558
42232 42272
26113 26113
33521 33521
4770 4780
9452 9469
48492 48508
40052 40068
13521 13521
10601 10601
13601 13601
48928 48944
14001 14001
45908 45922
37636 37664
43707 43716
23930 23940
10222 10234
37031 37031
28697 28697
2202 2209
23971 23978
19801 19801
15856 15860
7046 7088
36713 36715
17608 17620
48853 48853
23326 23394
1302 1330
30296 30300
6161 6161
39736 39756
35630 35680
34001 34001
4498 4500
44757 44770
13121 13121
43000 43004
2362 2375
29658 29676
32736 32751
27459 27459
16250 16254
11377 11475
48289 48289
29312 29331
21761 21761
23953 23953
9905 9905
28112 28117
12849 12849
1211 1211
17313 17313
40702 40976
7501 7501
7654 7680
36706 36725
17992 18010
22779 22779
40302 40306
13345 13345
48781 48781
35201 35201
10882 10896
33946 33961
8101 8101
26241 26241
18754 18764
8801 8801
30306 30335
9082 9184
49078 49096
46341 46341
41636 41644
15312 15326
45441 45448
16945 16945
26827 26862
9091 9125
33150 33151
6497 6497
5146 5148
2288 2295
36901 36904
20126 20126
7375 7377
29301 29301
32486 32506
35841 35841
44346 44448
46121 46141
22627 22640
20392 20457
9186 9216
6050 6098
9633 9633
27721 27721
3230 3234
17414 17424
33745 33745
6478 6511
18530 18542
20570 20609
42399 42399
15734 15762
25912 25924
11458 11470
24346 24378
45234 45252
30578 30589
7475 7488
5068 5080
9072 9080
23561 23561
36969 37000
10657 10657
1347 1375
47934 47954
27593 27593
6941 6941
3276 3278
11001 11001
31966 31966
11133 11133
20627 20633
42473 42473
44910 44925
44767 44790
17633 17633
39361 39361
40521 40521
35948 36032
18776 18776
44527 44720
39601 39624
14331 14331
40972 40976
29881 29881
35561 35561
21677 21708
13090 13095
41323 41335
24849 24849
6950 6966
11430 11440
37931 37931
25248 25260
25431 25431
29681 29681
22436 22472
13441 13441
21607 24752
30701 30701
12201 12201
21132 21232
21697 21697
10351 10351
48130 48149
33394 33440
43369 43369
30090 30419
32572 32672
47421 47421
48722 48820
9323 9354
1438 1477
2092 2120
37540 37552
33105 33105
28466 28480
7444 7473
27570 27574
44910 44932
11601 11601
10758 10764
20941 20941
32016 32032
4557 4573
38302 38344
3781 3781
24289 24289
18794 18814
4468 4506
43553 43553
29217 29217
47649 47649
5589 5589
49958 49968
33305 33313
15113 15113
14584 14612
46754 46779
24781 24781
13942 13948
722 736
16001 16001
49273 49273
33710 33716
18012 18039
2448 2455
32825 32825
4966 4982
40756 40976
13842 13866
49468 49477
48001 48001
2086 2090
45926 45926
16578 16610
20689 20692
47286 47294
7654 7685
37531 37538
45084 45092
144 156
36441 36441
41492 41496
19321 19321
26696 26720
26381 26381
46331 46331
47394 47422
19121 19121
26801 26801
37994 38018
987 1144
48065 48128
37276 37307
35281 35281
20585 20585
33446 33470
12081 12081
7772 7792
36761 36761
41501 41501
5994 6008
6981 6981
24441 24441
28083 28108
38718 39050
29280 30756
26801 26801
17966 17976
31242 31248
11487 11514
2587 2605
14082 14207
18310 18381
6721 6721
2481 2481
47607 47636
24169 24169
26033 26033
11881 11881
48450 48477
41758 41766
225 225
4201 4201
26524 26530
13328 13365
12026 12028
8147 8155
29825 29825
38815 38815
38374 38406
49041 49041
47492 47504
24928 24978
6961 6961
49007 49016
18275 18275
941 958
27297 27414
1262 1292
35948 36032
28744 28746
41726 41726
15025 15026
522 528
48722 48740
30666 30680
40952 40967
39889 39889
12401 12401
17482 17484
25041 25041
31260 31275
27360 27380
1294 1335
39801 39801
32262 32270
25322 25334
49052 49070
9357 9386
470 478
30097 30097
47992 47997
5007 5016
39087 39100
47302 47315
18541 18541
1641 1641
11061 11061
19698 19716
46588 46590
4001 4001
36611 36614
272 300
15942 15955
34037 34046
8017 8018
33449 33449
35182 35195
15186 15194
26147 26147
8801 8801
17187 17216
4826 4845
24841 24841
29598 29612
5481 5481
25140 25190
2401 2401
21137 21207
37931 37931
493 493
10397 10406
30537 30537
6102 6126
21041 21041
48649 48650
44281 44281
41526 41544
6294 6301
41826 41836
44614 44636
17219 17221
13597 13597
32761 32761
7106 7106
6294 6313
22001 22001
13657 13657
20317 20330
15542 15552
37540 37555
40321 40321
16060 16083
34501 34501
27030 27038
38701 38701
12021 12021
40961 40961
11740 11750
15058 15058
23502 23616
48238 48250
3273 3273
11473 11473
34570 34590
9401 9401
26557 26558
15422 15470
16542 16554
49817 49821
31501 31501
49151 49151
44826 44829
49801 49801
10362 10375
29254 29260
44941 44942
14946 14970
45104 45105
2921 2921
43401 43401
30993 30993
1572 1578
27688 27776
44626 44626
42140 42170
38751 38751
10858 10860
28394 28408
38316 38316
49358 49375
26401 26401
23964 23969
30201 30201
15357 15408
17834 19226
17762 17776
13907 14080
24156 24174
26321 26321
30337 30353
21041 21041
30017 30017
31501 31510
41716 41724
45002 45256
19121 19121
8536 8546
37752 37778
5068 5084
5731 5731
38461 38461
10668 10688
46737 46737
3505 3505
7952 7985
32693 32693
35274 35290
14946 14970
22093 22094
28669 28724
39010 39025
45777 45777
34851 34851
382 383
39004 39008
9041 9041
26307 26328
1101 1101
36460 36463
23502 23522
38561 38561
30921 30923
33234 33236
23439 23468
15285 15304
45640 45696
34997 35008
7361 7361
49107 49250
4800 4807
4081 4085
6294 6313
12081 12081
12254 12368
38377 38384
6234 6241
11809 11809
2065 2065
20966 20976
29377 29382
16800 16812
44801 44801
5945 5945
30341 30341
10210 10220
24205 24205
4449 4449
43267 43267
35119 35124
14001 14001
27116 27119
44296 44310
43553 43553
40201 40201
48 70
15820 15885
33842 33854
34651 34651
43442 43450
17441 17441
14902 14912
35355 35364
35587 35596
16321 16322
39409 39409
12338 12344
42738 42750
33683 33701
14137 14172
48948 48950
19682 19750
18470 18486
17873 17873
34252 34256
49478 49632
21811 21811
32320 32321
28034 28134
10713 10713
7667 7667
8998 9020
10780 10800
43266 43275
33644 33656
47265 47265
13021 13021
8827 8838
49536 49537
20856 20950
37497 37497
44614 44641
5938 5952
13590 13615
20354 20370
31180 31187
44981 44988
9997 10016
1412 1416
13751 13751
43409 43409
17884 17900
5791 5791
35458 35555
49302 49312
45316 45338
34954 34960
34126 34132
15561 15561
7698 7705
40198 40215
41170 41180
36097 36097
34997 34997
28801 28801
14927 14927
46960 46968
19514 19528
36001 36001
3762 3767
24737 24737
42466 42488
23481 23481
9321 9321
8127 8306
8222 8226
2852 2862
49877 49884
8658 8680
44101 44101
42071 42071
46031 46038
3242 3256
43997 44004
34997 35008
25319 25319
9997 10016
29570 29598
42146 42152
18292 18305
30801 30801
1700 1702
13907 14016
35952 35972
41601 41601
12138 12220
29881 29881
48391 48391
5399 5424
15680 15691
43251 43251
32441 32441
31281 31281
3890 3904
29586 29598
23677 23686
41531 41531
22991 22991
8775 8791
26921 26921
1601 1601
663 668
3187 3212
138 262
10554 10584
41673 41673
1127 1138
20501 20501
42869 42869
36641 36641
12673 12673
37190 37210
44689 44689
33962 34014
42154 42164
28488 28501
12501 12501
40289 40289
43317 43317
2682 2750
46545 46545
23877 23880
34551 34551
3260 3265
33834 33854
15378 15408
43277 43284
43625 43626
6191 6191
37752 37778
32235 32243
42858 42867
17773 17773
44910 44925
24980 24997
32901 32910
10898 10966
16518 16920
36210 36224
25791 25804
3233 3233
48187 48187
17459 17459
48130 48149
43233 43233
37351 37351
26801 26802
20551 20551
9516 9517
41975 42004
43778 43784
48501 48501
18568 18944
25841 25841
3446 3456
30634 30644
4630 4650
36130 36140
35921 35921
28996 29050
8548 8568
41126 41126
42634 42641
24212 24423
44781 44781
34447 34447
2801 2801
40370 40376
751 751
35545 35545
45021 45021
11601 11601
31281 31281
32320 32321
34252 34292
3146 3160
35500 35501
37762 37778
29611 29611
38678 38684
32992 33002
18117 18125
5175 5175
3033 3033
39258 39276
45010 45109
39665 39665
10246 10250
4081 4085
42898 42908
46716 46724
46162 46170
1014 1020
32157 32157
48306 48315
12605 12605
4512 4522
40378 40390
46320 46320
26701 26701
11986 12002
47140 47170
4041 4041
18552 18566
48479 48484
45041 45041
18161 18161
9220 9232
42257 42257
28737 28746
45501 45501
10898 10904
42281 42281
144 156
45970 46008
24305 24305
9351 9351
20222 20228
34369 34369
30400 30419
30121 30121
2901 2901
8909 8909
41658 41695
16627 16641
41201 41201
42574 42587
21209 21225
37249 37249
12254 12368
24821 24821
1489 1489
45010 45026
4371 4371
16081 16081
25253 25253
23281 23281
22553 22553
5201 5206
38726 38736
20944 20945
19361 19361
16902 16904
41758 42490
29101 29101
49422 49454
17344 17347
35366 35373
17242 17252
17169 17169
30505 30505
43378 43386
45010 45026
12116 12128
3590 3666
6515 6515
13462 13500
43512 43552
18427 18428
19702 19750
46461 46461
22279 22279
45186 45230
36633 36672
35715 35724
41641 41641
426 465
28721 28721
35506 35542
24212 24423
43403 43414
23702 23806
48238 48272
49841 49841
15207 15228
34997 35014
23849 23849
17012 17024
38588 38605
34583 34583
11661 11661
46532 46536
49222 49244
28456 28485
24630 24638
1438 1477
34610 34626
46588 47256
3178 3332
20061 20061
25314 25340
32252 32260
31342 31364
14194 14201
7257 7257
9421 9421
27876 27876
44515 44515
22641 22641
11362 11375
43392 43395
12541 12562
18383 18396
44521 44521
8010 8084
24401 24401
2702 2708
31697 31709
12373 12386
1601 1601
21607 22079
38278 38366
32289 32289
33101 33101
4310 4320
22225 22225
6721 6721
11916 11926
13678 13684
17815 17830
1526 1526
25937 25937
48351 48352
19411 19411
7252 7515
511 535
40678 40680
44910 44925
25912 25924
46781 46800
29801 29801
37666 37700
27721 27721
42922 42940
37181 37183
25811 25830
49806 49815
30012 30028
17066 17120
23610 23750
26785 26785
36480 36496
7296 7297
2266 2280
22542 22558
20401 20401
21553 21553
36477 36512
13102 13116
17337 17342
38462 38488
24881 24881
10408 10410
13252 13260
43512 43520
9610 9626
31041 31041
48377 48440
34997 35014
34470 34476
44076 44080
14566 14574
47106 47132
30033 30033
34378 34422
39962 39984
42504 42508
20521 20521
38650 38655
42177 42177
15486 15493
46293 46302
3093 3093
11591 11591
6032 6036
34146 34168
35745 35745
18081 18082
39702 39734
36001 36001
42334 42345
5068 5105
32401 32401
46852 46868
35161 35161
39021 39021
41410 41422
35329 35329
19168 19226
5651 5651
32961 32961
28272 28283
2469 2469
41649 41649
18621 18621
21004 21006
17537 17537
39374 39392
34420 34420
23330 23394
10001 10001
13177 13177
15250 15267
37341 37382
24391 24391
5603 6192
38634 38687
34376 34376
27342 27358
6902 6912
46890 46892
42942 42956
10968 11460
42026 42052
1096 1120
27182 27189
44433 44433
41513 41524
29251 29251
34934 34942
5837 5837
9842 9849
13727 13741
31041 31041
46042 46062
26265 26265
24816 24816
45989 45989
29476 29504
19769 19769
22420 22434
25233 25233
36882 36885
40349 40360
21227 21288
36445 36445
39233 39241
15887 15911
29921 29921
43790 43794
36305 36305
3505 3505
30753 30753
34186 34193
47089 47089
27281 27281
20589 20590
42801 42801
27741 27742
34220 34231
38190 38200
37226 37226
43969 43975
40016 40068
141 141
8331 8332
12541 12562
35119 35124
1287 1335
44889 44889
7501 7501
46033 46033
29781 29781
33851 33851
21234 21288
9484 9545
25988 26022
38673 38673
9262 9270
36953 36967
17066 17070
2401 2401
29220 29221
30998 31010
44101 44101
49838 49850
26689 26689
46596 46612
39111 39111
3708 3781
45601 45601
13328 13360
35754 35790
7228 7233
43144 43365
38841 38958
22722 22766
32320 32321
10178 10288
4661 4661
26102 26126
41377 41392
48081 48081
47449 47474
42791 42791
49111 49111
40376 40376
21249 21249
17598 17651
21185 21185
25627 25630
5030 5036
21824 21832
21185 21185
794 832
35684 35688
27709 27709
4984 5008
45186 45220
45841 45841
45640 45640
30651 30651
46340 46368
14312 14322
11421 11452
7858 7878
8451 8451
19601 19601
13041 13041
17992 18039
1861 1861
27590 27686
1700 1702
38913 38913
27161 27161
30301 30301
10397 10397
2029 2029
47181 47181
15986 16094
25843 25875
11477 11485
24999 25002
10178 10288
39401 39401
2745 2745
37233 37233
8196 8202
1350 1371
10929 10929
26261 26261
45954 45955
21449 21449
31634 31636
45361 45361
36019 36019
19042 19052
40354 40360
7784 7856
46051 46053
36009 36009
13953 13953
5550 5554
26258 27144
43778 43784
48676 48676
11740 11750
39376 39377
46974 46980
17321 17321
26715 26720
24072 24096
20944 20961
7601 7601
9459 9459
28457 28464
39153 39153
27012 27015
19727 19735
12489 12489
30001 30001
23077 23085
45642 45696
31765 31765
19994 20010
31086 31178
23340 23341
20461 20461
31441 31441
13367 13375
2266 2278
13799 13866
27121 27121
40094 40118
32081 32081
18882 18924
41344 41355
1521 1521
44129 44129
37782 37785
34195 34218
12846 12855
18461 18461
22247 22257
41811 41811
617 617
29762 29793
41251 41251
44051 44051
19518 19518
5350 5360
41243 41243
40658 40745
21901 21901
14351 14384
47302 47315
39766 39769
4498 4506
46561 46561
9357 9384
43374 43376
945 945
29205 29205
22061 22061
39106 39130
31682 31693
11114 11139
11153 11153
42958 42977
23064 23118
43348 43365
24999 25002
28785 28815
27321 27334
16605 16605
38379 38379
20201 20201
47745 47745
41697 41714
24740 24744
18897 18898
2022 2042
12579 12581
49072 49105
26322 26328
36769 36769
48821 48821
8001 8001
27169 27169
27945 27945
49499 49499
24641 24641
21987 22004
20121 20121
49561 49561
49001 49001
7370 7395
23201 23201
37305 37306
16172 16985
30112 30140
22094 22114
2442 2476
35436 35436
22001 22001
37449 37449
23451 23451
25117 25584
16002 16170
18672 18685
26764 26785
17178 17227
25117 26256
17307 17328
44568 44646
13761 13764
35001 35001
40709 40709
35506 35536
671 671
36351 36351
12146 12220
43581 43581
1801 1801
39812 39820
24866 24906
12071 12071
21151 21151
44001 44001
34341 34341
37190 37197
18176 18192
27590 27602
3494 3496
44150 44160
49825 49826
3366 3416
29533 29533
24098 24106
26441 26441
24592 24628
40718 40727
22465 22466
42145 42145
9011 9011
44614 44636
26465 26465
11218 11375
32252 32260
44032 44044
21022 21025
28081 28081
18050 18051
38913 38913
30500 30505
38901 38901
8521 8521
36992 37020
41069 41088
19682 19711
27258 27262
4370 4401
48332 48352
38190 38200
45642 45682
5712 5731
17154 17155
10751 10751
41745 41745
11712 11716
35458 35555
38151 38152
10500 10500
1161 1161
5208 5216
2150 2170
43912 43924
15159 15161
42129 42129
22396 22405
36201 36201
47422 47575
4128 4129
470 478
11470 11475
12376 12377
5954 5970
24001 24017
30173 30173
14722 14974
27101 27101
18582 18590
27590 27602
40427 40485
32182 32194
48377 48377
33821 33821
44565 44565
44767 44784
39505 39505
18190 18192
17036 17037
28488 28496
7810 7840
13721 13721
10901 10901
44001 44001
965 985
46031 46119
19970 19992
17367 17384
8876 8880
17541 17541
1551 1551
31281 31281
13133 13133
49515 49532
47449 47474
3187 3189
17815 17936
15060 15136
47131 47131
42958 42977
34401 34401
43482 43484
1687 1687
8278 8292
40101 40101
32401 32401
3621 3621
6230 6236
33683 33689
8365 8399
3098 3110
48866 48874
44450 44460
14677 14690
41900 41901
29627 29632
26509 26509
30201 30201
11426 11440
44540 44556
39721 39721
6769 6769
20230 20560
11841 11841
27563 27563
14521 14521
31067 31067
13942 13948
10901 10901
47967 47982
13457 13457
44048 44120
45234 45256
6381 6381
38261 38261
9934 9940
27734 27739
10513 10513
49301 49324
4370 4401
11813 11813
18161 18161
15751 15751
4917 4960
21361 21361
24181 24181
8409 8432
46621 46621
29833 29838
37766 37778
32881 32881
43425 43425
29445 29445
28285 28408
32878 32899
14781 14781
3668 3680
39201 39202
48184 48216
35721 35721
41323 41332
23561 23561
10780 10856
15297 15310
35881 35881
49877 49880
33578 33610
18360 18361
15601 15601
46705 46705
40999 41008
24225 24225
46237 46264
18113 18113
30841 30841
36992 37020
3756 3767
21394 21405
39300 39328
47017 47026
689 689
12396 12414
2776 2776
38392 38566
24581 24581
19810 19838
42992 43142
5362 5368
15658 15678
8337 8348
1914 1980
2069 2090
36002 36018
46514 46543
25153 25154
49129 49129
38750 38756
4661 4661
14444 14464
16665 16680
26312 26320
15551 15551
49185 49185
42801 42801
34391 34391
48133 48133
39897 39897
26851 26851
42797 42814
5351 5351
12978 14097
38997 38997
34113 34113
43281 43281
2301 2301
43481 43481
21227 21288
7517 7528
42602 42602
2689 2689
28930 28967
12765 12766
48601 48602
2000 2006
47055 47056
48479 48484
33856 33856
47656 47815
10780 10800
2991 3024
25294 25312
39404 39448
18228 18290
44125 44126
1914 1980
17961 17961
18697 18697
17992 18039
29795 29820
2401 2401
43051 43051
29086 29092
38750 38792
2217 2217
36392 36453
13138 13143
25027 25044
22001 22002
25761 25761
12742 12750
32450 32466
21045 21051
23495 23522
38561 38561
39026 39034
42427 42449
5320 5328
30881 30881
16159 16159
11981 11981
38581 38581
38076 38088
6570 6602
36633 36672
23717 23722
30201 30201
386 535
29714 29730
37251 37251
14540 14574
13071 13071
11201 11201
37586 37592
16542 16554
2041 2041
1 1
126 136
4921 4922
17158 17227
42335 42335
35701 35701
10294 10300
41151 41151
31610 31620
36641 36641
33966 33980
13041 13041
37306 37306
12114 12120
12662 12670
22386 22480
31601 31601
26341 26341
42208 42230
4441 4441
39017 39017
48345 48345
22705 22706
32929 32929
45473 45473
30897 30897
987 1208
45494 45551
24746 24760
9621 9621
45861 45861
18410 18414
40868 40875
4826 4845
26514 26520
26568 26570
7956 7984
33199 33210
26715 26723
17598 17651
34706 34725
20201 20201
31441 31441
44218 44236
27301 27301
45494 45551
1586 1612
48382 48386
34449 34449
13310 13310
24046 24121
21137 21140
28669 29278
19161 19161
29786 29793
32942 32950
15232 15248
32572 32600
44341 44341
37086 37091
7291 7291
32016 32050
49121 49121
1418 1432
4154 4295
23928 23936
25386 25422
48791 48791
9201 9201
26021 26021
48510 48512
36481 36481
24821 24821
27897 27897
38430 38435
20396 20399
17235 17235
24161 24161
49178 49180
48689 48689
38832 38835
30226 30251
13473 13473
14922 14925
8365 8399
27604 27610
49683 49700
36021 36021
41465 41466
41270 41272
20723 20723
49121 49121
16081 16081
29393 29393
20635 20652
24489 24489
10858 10868
24701 24701
37181 37183
7280 7282
42386 42415
7794 7850
682 685
2241 2241
40718 40727
36260 36267
1704 1724
39601 39608
30170 30283
18721 18721
30205 30205
2991 3024
2710 2728
43258 43264
794 832
45129 45129
32201 32201
23401 23401
40376 40376
34282 34288
40891 40891
44171 44171
12254 12275
46769 46769
15534 15548
11351 11352
18383 18414
9233 9233
4862 4862
36992 37020
35566 35611
17016 17018
9167 9184
1001 1001
41658 41684
10387 10451
1813 1826
9893 9893
10352 10360
19961 19961
10173 10173
12004 12015
31024 31032
11794 11820
35777 35777
12354 12356
37111 37111
18945 18945
27998 28008
13901 13901
36381 36381
43825 43828
43394 43395
34212 34216
14751 14751
19273 19273
18213 18224
4557 4567
23121 23135
23212 23215
48437 48477
46514 46528
35167 35167
27375 27376
10387 10451
13200 13212
20163 20163
48928 48944
36078 36150
10676 10677
23140 23144
34334 34337
