533262161
521885980
663966460
688899526
718126565
431527376
372586795
232117486
341262828
215855646
258185876
201675358
753455851
575611203
153232398
756878545
28231666
244882830
634387635
412929271
396542726
798055330
761418921
566677765
475485505
125746201
264085855
703863686
675380215
13184305
2485948
153009536
497881266
314954186
155111291
308335255
26165926
383829123
615106390
65283621
716480916
335161321
550286798
31674003
788869565
368690001
672937446
347840496
553375908
719611725
776446536
586215171
210970613
214108251
145267378
82393743
643018545
212682386
286454906
285030396
630441411
230364223
787952156
9953156
678107588
596543066
26983866
793203285
175495648
168753993
182781871
681198015
746443080
461073628
789584901
679868076
635960116
581171076
267273661
227105698
801105921
496939961
689213596
119047123
376243881
125656401
508852716
276190423
771613066
513280780
693411676
100062806
671584560
691563811
126923066
285002905
556217258
434684176
480101445
486412071
619285155
784294281
723767551
530043691
825938711
199896208
591081858
819265566
572854751
31074141
511871426
402603758
807519438
588270198
710914581
708790161
489863455
54680901
568969801
683109403
791995015
260878686
823110733
702288961
577900396
544004906
473273651
425807196
703716163
369942131
523258918
132686335
365060866
353584676
564695646
298895121
154528846
381992463
594673821
575312733
117965690
249009341
418307306
835263281
829281245
585557133
390776511
721496686
120963905
596373806
165113866
47418851
40463790
46869608
641402636
44165430
30450451
9713000
508019110
557259016
118628611
819605423
126728291
143974771
235716145
157624310
194097090
611428616
16182923
56261986
586459853
398394096
138189810
504317800
366594936
398773925
328171953
195790231
769409171
348494871
200795498
218775901
52437986
333369941
735403560
187696176
356117500
758403331
739607206
616526576
209487113
650184216
472689316
493095146
263418061
135997518
374990736
188302375
779255546
524779228
197949150
371848715
376935668
383768216
525369751
405713223
144185708
456943978
372111323
357257861
222148818
596309518
482324446
152070705
612552790
532599925
709561021
330259465
773028396
483412951
471581928
824858645
519415106
111879311
503263736
725506623
305736501
382293556
731350316
207962971
466812333
460140546
277484538
201361471
584097466
701073181
746553551
256717531
174472241
205690806
412720675
401033266
362424905
603193671
24840786
743800083
579801566
502134713
404928386
51135431
613929231
479319086
414694858
674234826
511493011
492150846
130932095
298462611
202129316
747883736
736751701
338004633
48534008
752971763
702995861
376399281
112439388
228255033
575054656
592593415
441161001
62269276
300326436
181070731
428175206
415679556
182187963
52481266
6531271
104351646
818973493
648265638
147745711
658237545
756226351
381948856
380584161
116626240
68452191
330596450
230253673
559839246
302616953
88081840
780123641
86215426
816087648
653537556
178045956
189455660
827761678
778271346
703578176
425904268
685997846
149003658
283161585
267571098
10754951
744319800
374403776
166843366
182333731
95181166
540239405
586278421
835717305
27228326
663846755
542993155
735802021
808151216
726970916
283668633
271069210
507090205
496610245
796735660
334742691
799090721
831401458
96913231
297061343
510292426
416467021
115306498
812908978
19028705
1474363
466692183
505283748
314668586
26728848
220397786
636622100
298225606
652081231
530155195
450451091
294354880
390115116
403955963
309983115
150903131
647979335
473707298
731490281
140166175
601426
200295131
399399656
145486616
508375305
354796881
251695946
554110683
336565008
68087966
404477481
749614223
728780191
731183558
504137741
544588551
191351371
502410246
526697026
119842338
14163556
657725458
37560080
125761915
600898311
800169771
688978433
399667718
813762876
99864060
167278546
345607141
657006755
173087406
786645811
671354271
268134595
228034733
722651938
238655426
658978906
206926811
651369783
122808681
266171193
470005648
649360920
834309690
673036603
814248093
327279943
135782135
592638311
257963566
504085416
107886396
121376205
414318186
635141396
37890428
449250811
464184328
171674491
674686468
567586345
165753083
466406586
202181591
589412486
141913240
141788935
793781801
764384783
437141836
587005001
577163311
9790688
762279056
189481405
240714540
768505771
280469346
737371250
721583750
387834063
405720120
748485133
250618956
780211841
127583875
53877061
435168143
226263265
96198516
690135996
403051710
76733156
462337926
345531210
783034203
120789906
52253556
424613701
241293313
226280218
689772771
792434293
276537781
79363591
288595968
296106308
111637280
462515196
796583578
830516146
358032861
171299845
595898871
332592381
171647140
704840160
673043691
659749481
607792768
517456953
295580490
53989573
331604531
385976983
32112860
541441041
209147001
139275171
721824731
310462390
490675250
672258946
142868826
631699298
628207526
638208443
42715556
40005166
355063760
250113773
158750378
652757090
704226091
515898801
207472258
28481720
101369465
332407743
116228778
790936523
649769720
605860943
756906916
353268421
111040810
673430245
193460841
165709885
512080440
485567921
572193586
642291620
535101520
202334923
613853711
681424836
706018246
718051858
234561406
69588095
381218111
704945868
752821876
18364220
730066266
708179966
113775511
739406960
517818181
721506463
89062178
542800731
208138251
414725208
204011841
718895371
454362956
503397305
705360575
682553526
32265981
545460508
750133138
293059638
740086438
180998461
312098586
381464453
46327576
507583311
95039041
75456641
762819416
472952931
28299823
322677036
513442071
429028400
211641238
19497801
482260613
786433816
15024656
400773536
278017938
605829500
698743616
534590200
254037831
292443861
133421886
321813471
283275271
363496356
179857391
60680906
814185796
372194003
93914036
675486958
538455640
447292336
718421113
757687926
836336043
218191861
650846241
491524588
364295888
333940866
716480491
173749530
57200318
604825956
507690546
129634260
562429270
304022226
218719396
258435913
495430031
425814531
20785395
132110065
373168863
564358966
495962436
610827671
738482558
216914421
133985366
743569106
483976021
486622585
722437843
359838786
560564876
179851741
204242743
51212343
31055148
666345733
351884620
61279601
661613611
679786551
258569110
29608401
557296811
127693036
576579753
256534513
440615795
453840401
767520941
687973715
359853598
536567653
430323075
327631100
434752858
443886875
688833085
60461506
287941656
227225076
818318850
533270273
340717715
347942856
433870006
389441015
579143303
117953491
776691091
211288826
101878243
523531976
309505766
547309165
634166365
498598371
183247820
755036656
314355865
431360841
41313781
783852161
49891366
369560665
364211770
481464696
364881126
829302650
589400693
101672575
227409501
448206310
682822476
539873451
216030610
592665630
769849363
568790295
423779746
382067353
496968056
625048911
676003986
57270741
496587806
457516476
441316380
682111311
10283561
745491406
290083251
731103498
248426711
797569076
339455168
289673585
770593315
396154713
7035896
709775030
621846346
667593255
269317790
589991920
675088620
659449558
639137486
294479718
487458378
801253746
400279166
725422701
70338321
491661468
824085926
464661076
510294896
130486516
432116508
420459323
613634296
715458321
473381733
356930010
801703381
499920486
96726165
73182230
124803181
772012981
437427458
202888766
662893916
694975926
503226816
662563726
607026481
785834101
213923118
207657105
285205735
12465858
40055446
194503238
774586340
368879681
33378560
154837786
21436428
202084553
316515420
16095810
587798326
560758998
794072950
771966666
620920838
311183055
417161570
791608618
374314886
717565761
475640661
86134340
621256515
496991746
255341276
104074876
238803491
645914146
758945126
221553841
83412188
123088196
254405631
649792315
115742233
478524141
662680128
728764421
767461771
828619896
19023513
500029273
143812051
450821933
379882046
553948606
741364420
333233311
753542271
630082391
199791348
210529715
384937666
51341346
764209776
512484851
698715840
151193855
65232283
47526750
184227886
700048941
710257356
116974548
229632045
470376473
387896630
557112138
354427896
619043646
749994496
743179296
247225245
114801193
173759968
99303536
768060566
603954830
27248118
405636155
330643516
419222708
407039841
763703315
711008065
832668903
228754165
364794291
455361980
632176461
360275210
606901668
154748261
12169541
185555716
748139531
677898361
254250151
545038161
247424270
480220651
122482408
751612130
790177608
236093456
746595396
328216415
519743860
552176101
7933631
535160228
672822486
795647803
99979786
375622783
42584915
816645651
380184253
4585216
667501883
197948918
770603833
118146531
438485346
817045508
299990933
313511951
758946288
540190033
161602146
360741298
484020336
324964180
93385846
471231693
172830803
655849021
798155373
465608170
267732100
560103390
145144506
111642533
586826890
454142873
138095910
422441556
823510485
630428955
447424243
10195668
760499641
481441001
739499570
214155941
456298898
642132895
601844570
149735133
747712036
376614730
623997743
633441036
271144381
267390826
14083300
500625263
293078606
784394793
757819636
628412081
558117466
183312231
553767403
607024166
116028025
670322993
720053888
699213106
569852411
302261051
37602366
583029658
359815598
282727496
93967061
181899436
386116813
479323190
93406473
206234081
82285966
164725936
451294755
158769226
382739346
96973151
735702116
272351006
805994278
752968033
440121991
360310391
708856076
616178495
145185318
20204951
220477466
791407820
452227253
407404515
97275998
499632845
542472435
601180845
411996311
204695893
125876691
663300260
238785926
444432350
237481408
189424165
213071440
626014606
498775080
487758536
490917651
321993226
827356765
505325016
508775500
564468346
284163963
689382683
659214046
243903193
27012923
687594901
770941205
773248981
55104976
687673646
40493406
631700203
563748053
599227563
679982541
405265678
341913103
457425953
10155130
441060796
378849551
535935528
223769836
677943715
817570861
699910856
121565136
540319178
544515125
268965485
650775610
799577946
588908068
178021665
34039925
116628536
466643901
531208485
398694630
267730656
542185086
61249471
605463431
241803768
85964170
609888221
154181283
279513081
613358196
487201530
445488115
661343296
86396255
637466935
100691621
583537101
12829778
581334505
700078731
292648071
81906331
447998816
686993643
351008966
654212208
61460941
586248031
833392100
699450373
611238483
274540206
794172098
640735196
718268933
635077071
470254501
69858086
414845155
903681
466339676
527344265
115553613
433157556
28601000
732202906
801586115
181969361
392210581
165427686
398971696
40636086
279402381
761821208
72530226
485455973
413841715
489290796
24812680
524404168
785223668
173676081
185618636
252417666
622927536
734844266
378708720
36582743
256870745
828523506
28915726
36087171
688663385
493859225
30944365
778072530
508791781
610675485
736098725
315478001
146501941
626798990
575970600
245179171
605847410
460535965
145597091
58540081
710571916
784941651
408876966
746330551
457678276
759936196
651129906
184787745
363246968
116542871
727685810
476943741
18182561
776788998
234077951
698181216
450276875
627492691
542336116
102959641
202729736
793411050
238732863
340261196
17489938
131893196
527687181
62881351
810661720
438838196
473567026
57573258
440606321
192065101
496846671
474839818
659898938
439445288
673144600
481503250
772282750
703985091
752408931
746040728
767423081
100663290
124434706
334649016
182282811
116133890
273965733
689979015
385459461
509901253
317280641
329615616
360355966
235814986
3157923
234562286
547617716
610544296
31612320
220191611
463537803
560845380
431076786
763585581
543143940
492808601
792844151
274836371
410639763
673673301
663533510
791409191
60368101
608346151
246644481
41895561
795963861
212162651
242127261
292612623
516025708
343592871
241472815
88693406
26486390
778175961
480962540
350343970
153540440
334084161
537615566
194728406
35882600
98465508
828131901
292977121
173122811
261709188
749866265
219661601
534270350
417266116
685085286
536733675
431296605
815117001
719032350
196771885
627746791
46461086
73885606
632442066
91785191
169890491
36670136
673251416
215028441
460125523
42091686
821210618
637976325
333872351
499471361
663236350
97399988
20288203
279200955
801992565
174646723
248027290
226533106
472339825
551909476
608800346
554774606
759182656
589104073
433664911
749287631
672602856
778025325
467189571
343410126
364786308
441181355
251582036
678871941
323969661
528487648
470075130
446073526
61089543
623373491
90713256
453574146
579939756
386683766
587635190
246262996
832772423
325473036
456353656
487399520
608563595
758073726
383174165
14158325
230993336
654581056
364082081
575415743
540025465
23066025
17400681
658089050
661740893
202692338
679711911
446660363
345299226
781536810
345027171
717764556
299761666
542715810
91204931
218954501
565751261
629309921
144477070
744627886
61758038
38613216
293755640
668438673
174389488
835933370
446935413
767471750
521964818
308480500
583319908
175719588
796113233
151405036
7560490
336173543
650513631
638034636
674243331
576184420
355502568
44522850
280885385
835316215
531210021
416916645
188893630
543106161
367887940
801641866
297170741
522537806
423137431
31000996
548079000
624499913
601837758
366445396
309944271
221772805
71064581
145648188
693787663
333491953
558517123
117915796
567039943
286677948
183480146
763001371
70901261
156865330
519742151
294826515
820750223
490628581
415938886
88694036
251136036
642912506
793611648
158601795
96756318
439824283
296009921
290109001
776181690
70051505
177470760
325747581
146922696
738900270
750638893
97297026
92729776
670902636
667947078
297422836
814695455
96980848
786318321
636430196
220338146
746073596
408555480
724813846
550185035
332293240
471750675
702010666
524033613
438374330
368444770
223706496
1683246
104145936
491821918
411695841
556999386
401600493
765138323
405738215
336922241
521995931
254921463
348520023
456572091
345786225
75041206
193862360
663652480
90965441
617771918
620235363
721198711
648636621
98911555
292887210
453394818
699079721
381521238
472825793
316141368
42793071
442929953
518595610
313680895
523531945
827307433
486950433
70139030
125041506
710123433
424131101
460162618
692574606
657679550
129951486
194704003
508351520
291693026
207371956
112308953
232673418
223680071
401104405
256829441
324341896
111214343
637171751
278558485
586214658
554098621
311461885
792028021
231274140
756097073
543852456
712544451
380026843
106523963
675909041
355209681
249998956
538015396
720841625
282533000
532145196
401653718
109554190
441551661
409831066
750874705
618032933
583679911
584612811
498287660
680007431
169240275
194318671
661778085
196658955
10955928
722281011
724369518
172350176
364776626
138783351
58651576
501657625
552647391
788673761
221616428
319874623
32179693
446126215
342935851
467786880
738101651
313002386
676565021
825630805
181510380
174972396
61076546
670071635
604015280
405286526
305350888
257182191
704240905
557745511
248811135
512334648
94311126
711039381
276566948
22343811
312582158
335071451
6645088
86033491
379598951
716526001
365293151
790592156
99266
247634191
706425931
374801070
39246276
789835821
470120271
804208246
465092926
538635086
84263556
428627895
363213726
485844956
146923605
67275068
819035240
236152511
240868568
278560940
651345215
168395908
828164441
26056596
813556251
22301196
430145683
559967240
742382973
190594911
87445591
762744388
172951075
375826101
178141471
656617571
739728371
272975688
181860596
559939458
170200486
264228183
14213136
762960806
23724721
581958945
491763755
63838296
457565226
136581083
182819786
20256435
375859765
132187791
171792355
737005708
640664391
631343213
658404968
408859011
417206466
646274348
593201308
531554171
635109286
172392378
404927295
46704853
580628981
585091118
577696128
648130613
82771940
42452090
99800771
801087686
367050446
246624181
13207761
380520208
110081250
804216041
782162686
170306821
163003945
648524286
236239580
388346231
3768460
524232670
439957338
14790700
9006036
727745146
830673788
490701216
2522951
646502645
544086411
172235571
174961716
354463616
646874310
451286506
821261171
636516993
564395818
513630891
254729141
335774583
8270421
328343031
340843565
487394865
645216583
605478225
72351926
468892871
281229073
474928475
330366233
244033585
687721191
219499838
312949153
332665336
186268668
298442810
181510423
156855851
284891330
378919495
580238540
232147188
99734283
431187016
668384390
576371021
347331096
394813215
407741976
180930341
735590728
386581511
493610643
678372221
100621368
57518250
761549111
269101005
340147525
31694623
149372993
328470261
190176850
319148736
452372618
550265
751154586
550530368
549079991
115835998
103041936
139587068
111814608
654248966
526821035
710666311
35706836
576564496
107030515
230624796
508857941
509329255
722930051
557154521
421760273
420450440
499008721
391548248
465580043
73199903
152108271
273578868
763304728
337583415
21582331
772102901
548777338
521975761
220124548
759925236
151098840
234640821
751912233
397177131
443298525
660576543
315239066
684054056
38557043
502405125
261865180
736123956
118681260
146031456
815004363
453614496
585961370
555216870
818913961
808402338
224935196
55776816
612335136
195227423
384202420
325973785
760929581
7922806
195506506
658769731
561745403
347446831
130649311
264664093
37324666
678089748
768404895
216048021
338001193
676459176
167070726
643229543
397035098
39887861
32575715
166651838
272894518
689869451
195345261
455662396
507425941
522292165
313966681
22627881
568397181
67090356
460205935
188023186
95528621
779623068
432059641
758591251
89289671
13612890
302037776
511947858
144833906
183541
215963216
57335883
807707691
629118920
188593265
361508746
212804733
441535966
81266701
227903330
85845961
42776306
788003381
595355386
240337831
232004848
305243550
494910338
690510606
51317863
604226296
297348576
237980396
503523921
687838718
331696841
86566686
682685286
317971581
608951770
699971903
382741006
432177950
659128200
214494136
277702965
830001266
445803850
686801356
767731385
550192605
53160900
799670710
783956286
356579546
257311395
440120091
355884196
318093968
261031263
169649210
724119260
635772876
288835165
61613130
801428633
273905896
818116370
346732663
253874846
318482180
286184726
381367173
466148381
662879990
652304343
174489731
172577286
798377780
68453215
286478036
153161435
445404298
681337018
337057056
139642320
226577050
655952163
501731875
723132201
49288181
182044436
49945526
97848943
645189686
232725576
728240776
593141991
235589401
816993755
604891261
320929533
711252561
673909633
719178756
326562650
343802305
201860351
704509736
151994671
255321280
474314501
391270340
76100816
794681135
107679988
749784375
822738446
638507181
30511931
350652226
640987848
572979886
616290603
264518731
53823543
360961205
794450068
521674821
441369116
161909548
739784971
350889483
742934963
75570001
722481555
443897775
467351305
468125290
77172328
354598276
36338223
24237256
518368631
88509496
88968438
250744630
367922386
394841776
281589650
91867280
156053405
466978301
777126183
104637790
271878275
141506898
608824173
37686690
513867626
117890203
137605736
592578823
637717846
236684195
395623498
235584961
332078253
384340741
617513968
798139353
365511951
705777080
615761218
193421241
517624191
342639163
437486520
361948666
341176541
241286155
289519640
443977851
128866711
501785371
626966588
772221778
664536911
334870856
213474186
580287538
601822566
355230705
254562135
542045481
11732240
598416496
33135743
393263706
149808276
579737996
711108138
69377320
664782795
585499746
617314275
795969416
700424560
86223290
550127738
239008826
147875338
134501313
413561166
828025126
672541300
143450921
697115546
124347263
173090250
471621891
701026781
377258036
673674106
532561771
39444086
672186181
314321221
182355481
448687783
311745196
628319008
829496491
456989155
673545241
131547640
57326646
431797498
403163688
622930486
507338058
416891783
410220376
479139756
442016055
673567698
792284011
449977566
120417468
536601826
58180338
440462505
144751338
448595516
115522295
228808983
176254071
204498121
630259866
817207250
315879111
526124120
791955906
173544006
743375143
517353186
452659353
213065983
793742696
811892765
193510075
209392106
795352540
122001783
671656766
149750466
424601818
776219671
295081170
724973463
371632341
296534416
161148555
836754928
82309168
461247050
698830285
601771540
778219521
364089571
679358706
672576728
103387951
139791033
621993883
824777291
564779626
452122045
548793248
546324176
728595601
68035486
125162471
172633756
506694126
451322196
344339605
648070371
375326131
445944856
545445956
819933678
191960226
477942456
632161790
586310386
322801551
714972891
369553245
335862133
516675636
7771458
374349441
795565910
115035591
451585851
764981726
685537433
251511575
230024761
408153658
799505921
364245296
793312178
391459453
431397536
490815340
210098890
202967711
353549270
41577421
449977121
355367541
742011676
106530285
193832801
418177773
38385881
161537455
58113286
42903535
284134351
580791136
192434400
66184340
268065800
833273471
804608456
473492006
37942621
475636971
641196218
748461781
93732361
638662510
573163501
500075086
582285876
225542291
781910563
689093731
803642331
737656846
275777923
123962781
231657426
149096806
725746346
805581530
770606106
542128925
651505636
779760281
416030406
154933750
293423576
820966753
182073948
817942821
492124188
197552021
746510861
481329240
213883021
350112641
457791345
540387911
273021641
233566535
455145306
637022908
671705338
21765296
732509145
409702261
545254751
707684896
30062893
121387353
195374716
184138653
188301041
460825991
494728230
473994008
30760466
181187126
250277471
310010840
58759550
682989378
321468526
638652535
272806848
332075721
34252731
169200633
775700841
259174215
246523490
367930841
703479816
566631721
516312736
203015788
53023690
87640718
104024116
389740961
46025926
45773320
285965773
786385075
325997286
103203841
111350136
245134431
447313296
715570856
606107201
195261433
340249821
532872290
177063156
437260040
143081391
17439121
683133446
525978796
693178806
164326088
487349211
799861915
76395486
312662060
550704293
673985600
785117376
142232951
186622106
311473223
194562986
778846155
248473935
114180690
556504396
216714846
675479190
15547083
32775001
233011925
431302916
369243061
452863736
219157213
829416471
391082000
354598796
402548136
140786323
653757378
713170836
108863246
215734211
2545145
83476496
556180598
690013510
466191735
446389076
641177046
366385845
374637446
643595901
628359688
104048618
477193918
702212961
452961996
578791233
403567315
472690366
397642106
516383888
558570210
145229908
644554045
782156091
299453961
404503086
332149091
226512186
340363965
406545886
31121680
727511371
414760396
345933001
94791861
822455115
473043250
542219321
518942563
714205081
186801656
8635840
504258576
713473125
798583573
499921201
181306515
5881285
30788158
496480795
646542098
178504241
126210161
154722063
505400501
47380671
500263025
822914056
600767196
445639443
677838815
646980236
816326015
814245041
461228095
216375613
699210790
208867153
299890146
44939018
643835831
110264476
300975741
172386820
754537101
176486170
424381323
254105395
531297788
330723103
604873418
718601601
174555810
453074266
661890805
368226346
215988065
506327985
579516001
54089685
782501525
551927671
448717588
632138693
399839783
465186845
549199596
602871036
242376923
626298735
599941806
685259881
537120240
361697716
646384201
155334863
501000413
830687571
643210916
10576961
503727265
288396385
790275731
743177605
158014370
344620326
260792410
442523801
198664610
738391015
37669426
620470116
526848198
659373786
87361996
517522281
793529746
204460428
314975261
137438976
212937721
507378061
437513420
208764871
618062046
597194660
455382293
646165081
343029801
541646253
504496826
117140421
701478376
613792395
371295226
431075366
390131760
242386858
424285906
129887005
803757021
816894731
579920998
3485806
24638020
758064433
418646623
528135220
470061026
53027661
419967621
290033058
296179161
258300308
808140835
761580570
191556790
281671115
559540401
288719043
398896315
25377623
484361233
617554716
126183900
26532971
490185333
60694761
597620516
57387926
685912125
378296876
836680201
496241851
218892123
468789780
639561681
578249601
592051406
287194298
81678300
718061378
456093331
628986165
679828603
657780276
360279288
316722555
416264846
371699908
552835106
787352426
399289646
210170600
142642750
696304995
182633101
253737206
54401171
834389900
835050386
349296611
775732036
759995400
781166135
457596291
534284208
332001658
184833165
398081028
417865223
202575760
590439651
102436983
685558153
156954823
466392300
594497733
804212703
342531160
226820768
187486376
688258865
181352083
434788486
554319206
532870525
355997246
598167711
563144065
42038611
769336370
150029416
564666531
715710266
262874776
270003661
810701876
231705351
341274291
569636141
284781406
714496616
819729405
833300505
184143183
380776331
26929086
623110196
32550100
698929735
389305031
242726295
30145168
780426896
439075258
486380223
355786656
592968368
299747895
565019065
609117861
575761151
161829956
137551888
320073078
343199251
718707111
265823643
813495508
702075898
141678726
286556391
602093415
459631433
201347885
236188736
348719390
137783310
335256541
687379270
289230200
232712116
471881476
403553196
45949601
616573683
303747170
358906620
377325038
640044528
208464901
460465300
726980973
445984596
516135428
746752556
37711418
731508341
580215828
595810996
65420895
459693983
630662461
798734616
255631570
473308535
550053126
653981168
329857918
731793578
298603578
69564330
577949943
93708333
442701710
84320696
590604626
597018766
157453571
6393686
763086513
510698493
26370186
741330815
82575670
135280891
28717130
559793513
403355000
22667248
215370156
301967086
356939341
100940565
440254470
20622571
355216933
271506730
641828508
425406065
24061781
660311266
43143336
742090185
273735546
612786486
58615001
161204351
361003095
370873956
386444088
173169848
282883991
143011546
1793476
777895986
286167521
152803311
200389696
790268663
452478243
633302790
349317173
347309271
533950386
40694931
710563618
414274793
73083370
748985216
214702688
204913801
806505541
593956631
81233818
315114306
732601525
505485716
263186505
374651906
149061895
675545986
363314666
469113858
209613816
240463991
279721156
159630396
274399396
554255006
26921106
125197846
534738761
277108588
478601505
570861716
567186585
135091670
700586335
301620536
159591066
251354420
415965980
48107540
26357171
52995015
53567570
820915655
696114676
615579818
540658965
512406020
835714566
714740566
198583523
27406890
645027580
658150653
496824161
688725613
605873226
1020253
452068371
253631528
520446315
481156915
228528715
452442060
703628385
318368376
695533091
413974233
301980790
570821086
176228568
728155528
445626946
515909276
651238461
638054171
570495321
19979441
99943711
793810046
660238826
505070825
367477115
613064811
513071941
206897108
443412240
26697295
707969870
152982226
446365318
826612350
145020346
460974770
424818426
191699401
792126018
64130246
831618221
279519035
634393808
535987110
541157071
328769408
782241706
782976778
427823656
680771681
601842001
517966983
428604511
262224346
35344126
354343371
382587606
547317226
231113816
790021556
397043340
384491260
9555001
731961850
427838960
770832851
457931056
20005155
312720763
783229523
298797283
717978591
647937371
781975041
311615595
743793131
730961341
269681271
628024970
822851656
65446191
450539505
271416216
493438655
450997640
89623666
383787013
622492461
400386661
319394086
316420138
210342758
565428278
442604740
235057648
167856665
804961655
649026430
747776120
812346668
189115021
686715866
317891783
808912033
663553661
240497066
8523578
336271881
687914628
541750676
234812030
133502323
293200075
800355846
449093243
159325206
660622466
31833005
486588635
391013066
269054250
152471785
75711336
811643860
139429370
510311491
464229908
472564771
428612000
132890471
653229810
491248011
118325941
36471978
54183826
496706871
427344035
752454281
756706090
720147031
285108911
46383786
371089153
408279731
783161743
283648286
677903378
96567825
660206771
31321768
245606056
339208330
311257751
235733858
677344898
713539721
798518000
185330658
272688741
72963760
558543826
524811626
549453175
504688600
802520956
591702710
457791611
281068326
724391026
614480896
483890961
157842566
277854753
385043533
299285051
689945373
134884361
295988086
312760416
659132950
446909593
765901021
60976231
73718566
185041870
414871893
804395476
727055200
666836028
45947155
246278826
462127773
573526293
265069381
163628060
780356135
115778056
91982771
327515091
55857875
395046630
462798076
555192200
703642226
584751506
445282615
161021715
481719785
309868321
619837286
507478226
542096178
431143286
744762490
452078365
396754163
489727286
331314586
11104571
371751996
578772260
162717466
61935465
592025561
806732011
769621135
795560330
568719591
132041973
352089153
577169746
291226873
131117723
68536541
794488855
821884681
220937601
503314048
68196641
701741180
517919875
830409253
708351671
677031713
143396175
272766566
570290658
660928271
736342721
506313478
412515995
451541121
646739481
434667180
486552463
719718356
17157503
385507711
447277136
323708361
350252748
176635080
418263691
629678838
278477895
222391685
602529958
54941790
161833566
178596871
145746368
823889341
523554273
145026298
188448138
99391606
777524135
28107855
637002101
736580051
37040681
791120793
277197235
751288376
66360378
715551786
827174650
746615351
820673988
631719696
159151391
260517225
235348826
774278748
337883108
21361753
94887036
792195691
192821935
368281756
598454056
85153563
493532416
560952761
11133721
351321733
430156131
193230286
157231276
310304866
469168928
335348356
658666201
836474673
133469758
525954473
6403313
787704986
442018458
205613936
23646361
569638105
202246111
264034261
63033698
749059711
393276656
82017740
334912136
665891851
832049751
588754311
343355803
554176461
830633451
360807873
347729790
508927341
308085881
402936391
762306900
803756200
644710865
576845681
558518876
128114138
188222320
758271028
441712116
445403481
646345350
456802418
417520956
459700155
179151150
761477835
27932791
560886026
189545603
543287355
134752588
88308291
538246126
403966173
139841301
43636123
298113828
333450580
470813978
759257766
831253953
510414956
151974441
459510595
761742165
95124600
6498725
529905436
760565841
300269825
713290406
186509823
123597908
294847421
666115486
787113591
198020701
508343578
51758998
614396213
260304683
112683011
720163223
132718496
343250111
722095306
249016428
547691726
823990908
355459710
528133180
174182935
179978813
342003285
267007190
444460036
262952856
812891588
332231625
188302356
759536048
713075151
542782066
516843550
122996401
367173315
533617523
630813101
463181456
179030156
689799011
365491793
92633476
374838561
732659231
227014433
136248876
576441846
263393058
502726346
19220881
325467046
400228978
451574575
293828840
280398476
512996776
768032086
25893236
315610716
84805491
420720981
649590535
259234706
419770521
170209056
739971761
818531833
826277253
221635326
60872316
132744320
97799641
621464125
322355670
396972645
476727096
519000956
636692035
366020923
338228316
206725748
338780096
235209171
508938626
4816116
418458466
149240275
355699325
206517633
567651413
352625315
35693523
120889106
798429555
429671136
549782723
640707651
370362791
77760676
766148881
499392146
587845091
517770546
475679393
116702585
574636306
159197006
342660278
563553543
569448996
266199386
281700580
244635961
355729626
659754630
668067381
286737180
590403070
773416471
580171916
559752238
448318315
37096985
548641108
482540398
698011236
269706561
351049406
608126671
396316930
666067183
702118710
17453193
798461758
302673126
791477315
187325566
249327040
14142926
586465573
514439108
721009165
562149323
558768870
34515476
487412321
709706360
311140350
140732376
308264651
314910296
804310385
324749681
386176621
19093671
826506488
643906571
361849911
721066881
29366341
181345635
513524835
195836646
123634511
678190311
371101010
531061700
169000906
618831086
281118545
70100773
171756735
259598081
11603585
231743598
319405773
782637875
68773846
296299720
168909141
408854028
662074343
17529116
747989133
461047261
460953271
74859455
384374805
707566708
122630423
196084646
420427466
371273661
116061650
187394076
586112558
737151225
319962876
131238783
634726295
779940405
279926550
738668035
476695681
730373358
147788163
141502971
775814166
437260321
145772281
794400441
610164006
603197965
476303733
404455780
461811026
130752643
458716686
75173426
665310371
646169516
716876166
501942325
707173511
186571091
655472946
432029368
249786948
794694718
50381056
30992936
12346776
831015356
200352683
4715350
815546555
130053970
549945160
617128660
720178023
163834571
727767811
20473171
146382881
578813583
726611093
401237081
785021633
418771786
216294041
267053038
743979210
172396370
441913086
312311861
9387111
102230403
382426043
157221733
502411695
196210680
665194453
170143201
501547465
410428175
392166076
85216421
453716488
527591718
548708976
158878530
393338086
532498900
716417840
401585016
467262801
702264535
193818616
277773676
764338798
395873343
126613228
191443926
109117055
75353675
406545286
162817271
357335651
122221966
651179406
507773991
622404575
636418990
786331153
447947411
296205845
624628313
551910578
609914498
267517588
313498495
255299296
304871286
91424871
727097565
67918296
21627346
398447748
288118086
708965516
405610813
531400063
629360626
62494540
731663996
197581313
132712435
198319536
488376705
719183820
240157431
564125350
393651126
692322870
831305813
255306591
367834925
49794713
290130501
430694666
563689720
308110610
417747450
630687750
186384625
764229958
93006483
812086526
123861161
821475888
577425806
23163371
579389733
749799746
566814828
88440265
542886816
485149765
184050293
640521201
603221365
236773386
679019463
785533588
661997466
224644691
342697040
348144565
332108983
460536176
272952590
407164448
139212401
792353321
52426976
124429630
205455531
458367466
508613261
408514783
592553618
669816301
657487933
718960123
139055708
107499768
403652748
198813303
415634655
629349086
307924916
548115351
217574348
111029451
431827020
381666196
612385633
19576463
523879436
814083920
291623491
723948643
569231118
231113526
416943066
300613868
814166285
324066590
132188455
521366418
371282573
8594356
201540166
381398151
54756915
506665421
128282043
380921
33512210
626001366
130300220
785602186
143267596
80267225
596838980
171049483
340716171
161728921
521419688
440828035
129269353
199124810
668629446
677749931
603453353
650985045
139476650
705097563
665107175
722574866
466178011
485272006
622084660
585245241
43510078
401867026
223515736
571552930
722186228
119563943
69544493
241856710
273833076
715520265
348530226
184778540
108014716
249736041
623013771
683613295
213875808
396951131
719442150
34541553
287512456
450731638
41359386
412909865
302557385
731381811
615307396
148127218
240942296
177851790
829896541
510899176
46283186
57588243
434335465
217793590
136551996
428397000
243920533
191930821
427274606
734581065
149481363
316732213
498638613
649905851
533781590
323448096
214593818
500972865
645708331
304740565
618739870
302761771
497647071
582674466
12582428
784078361
619395903
64844906
697985005
652686395
122130628
599164791
341298966
324703650
281567513
829632081
594330441
173183386
767275866
198324981
148551386
154904146
102781148
476557813
562487193
518601201
217597218
17619196
640294491
219145645
827107736
10533026
25659541
72312961
267347915
547447865
697531350
117377823
114187661
588929131
157276265
728941995
802359578
22327496
329041255
605960631
158264170
593740483
532231525
500258165
562267566
323264806
464794205
670335378
321044333
316938561
548557571
302017825
398071663
222354786
557103361
186794671
355935521
659696070
543793163
113648813
320193075
326363971
824905833
369260688
676992730
633871721
55834968
367397125
388855165
221211771
625524120
412015131
198342758
368823868
741206058
209126090
625933115
371611555
124063731
675619201
705829695
433496876
812647236
539360071
292332148
425606011
454566365
82037440
626455508
608872053
610909321
827665880
255267100
125109545
305592825
145745456
117371116
582702586
291365281
207393895
643947241
46982221
387031216
159159890
770666126
288860028
486676380
336384320
365562586
12675111
671292711
729455753
502968628
102381521
101321151
89302951
466577231
603227070
445152751
90495030
726382500
521214868
6664613
457330190
739857626
789413596
202205096
14805955
147198071
58530676
618248716
758366101
519707371
245093641
682013496
567590625
550186000
477394815
339426205
241050210
13433576
149026445
113386070
666325291
673057128
407274643
302741956
421572666
206405681
816177353
240165701
261467366
83720481
790070920
101637898
192803581
625231443
728072141
638138691
384971948
77873835
822497746
147356046
332254750
57266880
557338305
668800136
547585311
778184615
109841780
722771021
8216841
163801776
521264376
6497960
736876076
827790908
820099933
96338035
51787280
158940301
435493151
599352151
633337896
683942105
799178576
777495485
235696260
680260726
370695783
494291781
106659500
314867485
399136361
490129253
595771128
596253061
513371410
824881411
764992308
291551031
264278856
258600866
835307148
444306776
621970878
76751456
77792745
305114540
333076868
209259161
9571981
467742408
717137731
492223653
580612000
393935655
800630005
64973901
325739081
559473971
468629925
264085961
409176863
757887065
14025646
812356666
206278690
145456320
121581021
259893086
832477016
788716710
761136966
452170781
251440265
123422033
327664161
566113385
462960751
592924168
619786656
788148196
307165691
331105618
6272471
810623716
39200625
756115953
214592923
543404303
773425210
490732785
283709408
774121846
367053611
468658750
822111395
346009815
734345541
582055731
251323478
341462803
464686511
279525113
650425305
687719671
581430520
767573866
266841171
128040573
680465835
817055421
600259455
52035556
780158846
490129931
170873641
577727626
522699458
312830151
344589816
775472166
400399086
307103485
232813781
689473941
401161725
543485111
501432901
386867161
596842630
294170068
394576828
759187333
344032931
113347075
519429831
192272726
74280791
372539235
684920375
693046225
349052193
618778411
749097236
507907126
620819735
783623488
538689383
695221740
55023736
77651141
122291151
559810025
37027063
811024650
165260946
640928121
530086386
195206211
788485465
61403593
776731346
711179726
434949358
37797496
142152720
164179015
314575046
648866536
145379220
648580865
57016701
197153940
385369593
222956951
202061920
708397425
239015256
337237608
78610976
110191263
154341258
66973521
285348081
490581093
619821403
336622155
665663918
303693046
526719086
615113013
178222981
251097581
7500666
365264225
570651475
265961451
175009273
771238851
18706146
651666541
541875943
307848745
288630295
793936396
711661236
516808740
511915271
559141711
163440631
557230216
338722103
180254545
303924245
90646680
25828933
328170886
553438481
108490496
657621315
102638951
368129566
670450870
718105405
620939405
470331280
592945106
302783360
675367660
191310008
465635093
88707236
118448718
556462491
566692666
668426266
163266553
608538941
13238951
684741720
35936191
422952778
293921830
233087943
595114221
615405256
185792361
175537350
267831625
395758223
822312265
832592446
505390916
498028858
134554165
474168615
697620008
496758895
221484541
570316671
617096191
435751791
421041161
461339458
503717951
395187216
250567031
774416636
34609248
264867533
380500793
177203346
670842743
131102091
315477693
677709661
416556120
779265781
561520193
700913
632840183
546065411
377954603
461704848
467418276
748426076
540363403
723725316
785708010
816816746
544530616
766422883
493893191
175935645
318331226
176568966
805320166
809285393
490446573
459182316
293567725
350053773
247580313
661906836
549595260
335051250
692170116
527438913
159155495
742296475
817406146
648107343
251887981
710748715
489588700
335416876
738412241
236400053
75065811
791628531
134808361
770979121
468917113
4243013
312686283
481616300
787011185
354941936
21882861
366200211
443177036
68315205
370630165
732198403
472968480
642393568
57834495
497903075
612444186
801452176
552530991
819784586
427538438
830386845
674644265
138508476
786200868
302937005
484059160
789973788
191424375
465163196
424222396
51642136
644443491
620763516
520606846
228691325
816887640
756216121
411086375
572419216
519695906
730792210
549215966
605171631
347671145
519169595
371104506
475626076
206334775
418327646
418880561
647382655
38333288
172637156
758697331
569035860
417503460
813856441
213148413
153795491
394060406
199561335
516320465
8269556
72363998
445776395
327037861
441422436
4077440
835927936
413215486
615586158
566537830
650720508
444819890
438777750
585463001
136645843
271281295
815861140
734485338
665387216
573594401
361202185
334167868
142937200
211771015
692290561
351589651
420217073
256054391
79101765
495772250
574232066
242583940
786992676
176486998
418932811
41377271
551497991
234139191
333324621
358414220
310044905
400113491
705839985
762357370
1528576
786294495
450810036
620640006
526243921
835708493
603163503
345271676
190831275
334039105
504287005
522372406
346445850
338316523
648638046
563671166
533578863
559858965
82048380
223683621
580632668
256802566
567930413
58797668
17271535
567934823
36748181
510955316
630227350
467575928
261214441
363550266
172341486
15976080
150992648
104545826
177273516
5767913
111554035
106245938
194432411
386460656
566527411
795892226
378685606
805930221
184055301
266778886
199255986
193846261
74603826
564928561
262864261
802772733
435450743
398524811
780240658
67708191
327350426
711679283
678831393
380056561
770589391
419865201
364581711
210937105
784403888
824149926
322901215
835506406
237136020
482269586
339253253
83615130
836576076
732442073
714239413
434739516
806602208
807787111
28298126
157802493
445181916
3531091
779576876
735213560
630259080
769291446
35275543
63446660
368016303
677825371
651173696
591258463
823738068
487447971
271690148
598309740
581529086
200941061
181102853
714647250
662331186
409843176
666538108
755853633
712894265
40162450
466410480
26134325
32100661
431094028
796095250
778667368
430263275
241420565
412221070
363219988
671869370
353886360
427662030
384281040
650347690
51300386
376008121
298217408
685529876
313758306
474891231
188304088
262982506
112503428
650260121
430103230
281236011
656420671
155225210
359895768
163817621
658362445
19670151
38066008
360781880
762488773
76917721
638362950
360602288
429788750
546934951
770023926
58772436
313566843
532330106
267644380
143026971
70538336
675050933
597690686
674627853
121642881
278099635
684812063
302881675
822389028
190153236
78715915
396550318
314070338
693714031
635478300
584471485
758747131
160408736
38258173
529645385
675954076
585171711
284987781
27578433
612440690
828801756
232330746
604448656
462940196
494704896
296151813
144302588
811830820
331279991
748045616
44987020
717761158
305899108
644967733
572860570
339933691
592950976
170115476
604665895
39858020
107367096
322400546
449462296
770572323
340501666
511777980
227321596
414085635
770845361
128905433
257038846
706921505
691354276
498993920
341881455
304067441
234512333
497296825
20354130
483940555
153108748
639405300
76619483
651530060
218219965
2424288
21761916
189269763
810985246
445642590
270569718
610772581
246436135
111095376
461233286
820347516
726490273
481963215
148336366
539748856
512383410
737837498
194822715
263481841
357484050
107753086
602924526
61411141
241770476
472082443
162527176
459335600
600002421
497289808
602479513
523753128
139350100
268436026
226430150
591268226
199004866
153999121
313588405
740281046
644372233
788543760
257018133
680923086
710396443
183674901
516679251
782779451
129123241
484518051
798896515
169842598
717322278
419661666
769229031
76434255
820907141
395129596
371739561
725861751
121412783
154706655
460681891
373939856
418653625
700164023
756554645
688397100
379336358
322400513
284257338
608694736
677402381
635331791
206721713
32227986
355443296
773571341
754739561
731073413
63235221
651823883
446464335
187369698
537034521
672632815
96975941
543309031
538708606
542272960
299658863
344429780
288262401
140468806
318177285
32652171
504738701
381568355
497640358
666788506
184087828
776062330
74604413
275229753
535082471
476911555
152636525
369050135
603179060
403703
635907191
307448985
640047401
193951241
394898328
592504476
581764218
695151421
162231241
416227576
226892775
432333533
718573141
569406518
153507298
297256883
170382496
410300020
818702115
43995546
268115520
196478341
517760821
259240301
62081681
708375628
538806208
406118788
503402761
748682543
621149883
321605501
397703516
486256266
653513983
34853096
438961358
751877623
436517668
660351766
566719323
426482936
223953471
361911513
284520316
131524086
582448711
229822791
140212916
276352366
30338658
690417531
318405251
49921616
442713271
620143423
756603100
449544626
91575213
98560191
616384725
686626418
138576648
388688063
375049575
380717203
491258215
802943160
646807515
92533891
599099153
316078391
244610608
675452131
278990168
121764531
101203610
53673008
368589180
194287156
187336640
2332113
241958161
125143180
622378841
401315786
63770258
708508616
207293036
588038363
437493041
285118493
160106598
612220565
334777531
62194066
496944865
117812626
274570731
806310563
333554293
134893391
802373061
266815673
247882538
47204565
424713786
576564558
284265918
213516006
638029111
46085883
278367046
47169106
789605953
715066193
704947623
443876103
387496358
700414936
354406616
435540591
262594373
825530801
465888616
776287246
578881996
154666071
120864301
533330006
721263786
789589196
14986428
533810726
833401851
337484040
467301191
6104525
450211013
166802453
267178028
811434086
660188176
256751341
275954110
22658098
317090863
476069093
745120490
634318916
609036441
736516785
221940408
351686286
346726915
414473736
601277448
252913406
298013696
786096026
518585265
310992851
381627091
65235788
308406281
322634873
199382076
515811281
59117795
242538803
189141241
311961066
773147181
750414463
81072730
309788065
779582536
706225716
654066541
568781803
799921470
112222798
807116923
466083776
235548443
259191921
2333320
588796831
33080195
644555960
639055681
441788748
656019656
611355740
691699665
582175735
592606656
410082956
186897576
430956651
756631091
334317455
621822430
292175503
743188251
541070868
237794218
49086368
819941486
203772873
792201533
68012030
167436781
315689376
196770836
528291716
818846840
305532371
126021436
465800016
691028505
246548281
346737923
91389791
692369430
413707615
144901790
269987840
283400320
464449841
353234261
749436896
536696328
627803506
257184218
335123406
489608856
734955476
609595265
785814315
589786088
168979018
797484916
334683091
331179916
565907801
301258518
726138350
318216828
263153953
117707191
266435205
21195111
613736616
540075785
669647315
49957708
398598165
8336208
517045508
221424995
37165998
100050590
814206203
161905610
136032656
592185736
105513203
375829583
761319966
150249730
372041631
619636401
223163266
550641648
827558625
529431226
709296721
471479405
233793191
188615620
320956551
834234991
122389016
459970641
719789831
77623951
580635191
333286178
518034298
491567781
106125261
246258831
508474608
212534781
269765141
298872756
422803543
834401841
679999408
430216743
438880740
631972771
231115686
565462288
361001241
463376588
362546031
543658550
402624265
247948106
205285655
750343096
400157546
362087501
765887095
407453030
808604115
659355851
45925433
341927686
717957391
288629913
789508768
570976468
715985776
367648710
117923393
457395598
622683906
347963796
822360086
190354186
503998333
202774581
673156226
545175633
47937006
208196640
264099198
438317975
675552601
380038376
818674556
542340163
447440198
417079826
513508708
96530453
215581486
1138581
548570955
411498046
43830935
755148441
144896251
549372121
280441005
171143533
539749526
348544603
127132061
585611816
412012673
293447828
373929620
191690336
567283273
360931968
289664555
379807616
106162491
93707171
700957833
299996516
543455671
17745145
201266991
182862291
181395886
254447376
127484538
457173371
282999006
294071331
811480218
100022766
204441073
59577851
425268668
410515501
362834991
286327233
718304791
90710095
485994386
366552833
333238773
355593901
156264228
72843816
131293720
470971901
58325386
557348756
586384366
231454310
105243150
185584353
197222471
443459146
115519488
13131148
124431701
796541881
512875268
416142676
289527280
304025116
479003135
754235308
171739486
265485376
206127495
590702258
573069326
71714721
571146043
497873891
795712270
748717416
704722576
810816605
295993605
55976715
669195350
767443465
93659531
236464833
689135398
340453578
676659283
629498050
370484156
759637216
146217853
239613066
814468706
517073055
171373850
538121361
262638301
265428576
700953341
786104121
53721185
144263891
451521985
498209266
632330665
588829701
226588708
729247198
124820966
811319511
550453556
442834863
537108251
233183146
650811015
618159891
498813386
537442210
257344253
117515653
122232240
446815923
413140753
604761023
149655740
35176183
568474241
328780871
114888156
261199311
775181636
105642936
581021896
459650751
58716443
545832701
332190021
166736726
206183210
377125196
237032621
775072605
76034988
422869550
696147988
401954111
591120305
667596125
573502391
552821870
536518621
287103165
386487225
50995675
18791598
218219045
272385846
501908661
162427551
788083603
18891911
483862693
576486660
764678428
672229411
396626440
352174966
70938586
345086206
189012751
180327951
38556121
678096473
323626933
552248163
126706666
791813545
161514746
327425071
757623996
176129770
347136253
576695343
252283896
471744296
411513686
419812125
831714128
836055315
61035286
290869505
139742346
834714840
514753190
808638623
83358050
694899831
442687741
368031366
450932026
262776276
406493355
67528536
73557831
394697935
183237545
668458471
605665480
105069200
54284100
18652211
492566600
401760501
796770681
231002558
598423360
767114071
280383231
93077941
660021811
785638420
611476751
204550906
723285600
570154156
833081791
731040690
682691415
381135465
70984858
276500635
579388491
751305600
113739126
133763478
30153858
597780850
112011401
435766568
233653383
367020511
80669666
714158045
592459161
622565548
597329655
783340071
150408873
457788335
138816073
357558376
339873548
608662708
69906706
492884166
146271168
365840911
227656261
400958858
140018275
513738376
88291495
450005275
328846871
310768851
421086575
499571290
137738736
120021481
741701005
115314696
675508366
163646203
262980863
10517546
469336286
318107715
657377678
719391063
514262401
409704831
710265856
661086178
317042476
555925436
117131658
485034548
593207586
787115010
749008786
37881146
804611716
499131051
435227986
28919636
4133953
146249708
184455283
749572810
782356636
649769261
695345005
647848415
303254856
825389061
811735273
27460323
790120915
669175023
51526793
10837526
693389720
154922956
812452701
658255785
470762136
358895680
539893765
582908886
48035098
4551161
593924403
523036961
175812041
270680746
170521776
781226506
571257760
454821211
562763561
338473476
697547796
22756906
792697096
392016628
373185166
224931145
474877570
120121421
6761780
635191903
223584553
413560596
768451296
771257971
581254496
184110466
121373086
558502056
545781200
491906191
701586011
571916773
690935143
508984581
750957260
222811991
103594306
567326126
673743131
62130910
777829131
147197206
630423828
519569048
382837233
11288376
117438770
301127825
478693248
141349001
651198901
583724241
111116676
325392006
121413270
378139656
534861288
299542753
407954893
374590878
774017151
559455766
459829356
538842571
263346671
142277156
312159693
669644636
800002636
701392248
373428641
135439845
516427913
459374346
539536201
464765526
588053920
15028716
562640796
540325378
262123550
49419686
662435533
149102085
660114303
118919026
832714226
221923266
302274313
586708895
788363035
774985341
743467936
185570666
345886680
311920680
819376976
547022441
432358866
311873526
383040713
403073438
484948996
672824298
814270366
782639741
614036930
747858228
338706398
711644770
244926870
479726761
291016351
667535800
721607551
395530058
163082783
803626580
711363866
84901810
730927786
629952990
271826595
86803743
276428965
819623936
788980563
382757130
230271581
402890940
526321791
303212136
607098011
413868536
91714313
313598886
392164183
634804465
733787071
217567946
104143816
462328521
100318315
634719881
465230685
285425563
122893008
319676546
582624115
336545480
135468331
406376866
541018986
667519571
322719411
108705470
493444791
232149058
258212148
829583225
232117288
781020726
536521870
737239926
282224421
706065570
459314591
585344460
656940681
419032608
68784015
681522666
565303201
794811221
485539091
606363350
799641526
318852211
176331163
796331361
300757368
573924220
161698798
679627368
505556281
597467511
813623386
62459583
41672991
302551656
665004113
551973931
81622033
282896691
221924873
539065540
654685905
818770391
80105010
32869591
459887998
409295198
322582625
270934661
409292511
800562266
285464496
432639541
368621473
830399125
118302918
18169798
357296738
25233451
609064048
245042743
607967986
458723596
247035931
223936631
658823081
266187146
616759408
803071063
694115563
770809576
820976653
664164570
471655098
11257813
540695046
271475733
20408036
356739981
616201645
444810575
249366361
16599296
622280516
140931236
98258311
364282951
398265651
575196046
324779853
72062221
315360566
10576973
423646540
658456763
386236271
388528208
720961146
425851658
512499908
594214275
70123891
745806421
31000016
91895403
688071755
297650571
395769846
116507336
325123875
294641788
366346278
373435078
834684461
396644846
647903791
469325865
482354955
404407496
492678290
747844111
200771348
189411883
512341576
36791268
63644930
346815510
403325645
271450036
186285566
551256396
750028651
265583535
457328440
489852861
607548113
752989135
262401391
207760811
364942335
612194020
693624761
609698571
563545375
712295031
37433541
318186473
61843273
494231788
221323048
254655366
270328766
451442783
114867113
614873556
190524268
609348105
816181026
787645551
29834661
355994681
337761015
601400865
742112248
102867830
447927625
122840631
355072028
107448296
530548353
223844456
434521650
293465726
631727635
352154318
345519026
94173521
611375671
751575645
793621840
540693028
674491028
491185490
247202375
561680916
793218481
783466330
723840108
616079380
738141465
253886481
1620283
666785960
709774166
82443261
239680441
205788041
282552416
486442651
561472218
174114761
649459330
341652461
201583690
799134668
179823488
671452491
166145126
81791050
312090811
382768891
273722491
190523980
217879846
21214756
833337331
690326553
651157888
123083261
86351010
333864545
691690421
697578505
444136308
782259985
585985865
473923043
455899226
684451658
630434316
243246075
185904313
381280126
165200658
298990108
601206153
186740970
81279393
134263186
470615391
3487801
5430890
232800390
524845225
359579676
200798610
799961181
455661730
278486636
336566818
643041206
468635913
128641331
169640936
336057168
403955320
764124831
538247923
414558701
420225471
65421741
407890535
591341246
630894331
180490386
163597071
361307613
592618711
129534648
781082933
144391190
584409816
425818463
46572855
471113768
510738905
728175478
504532786
211942426
48315481
797664576
361119330
678500016
444199421
522203506
264168783
758899521
419508401
772165891
129467896
9552031
250167626
710797876
637718476
479823741
337116680
679943491
720796758
763487220
58280606
708076266
105637976
295256291
265442718
280636200
100287155
558613116
670409111
718775755
352005781
730209041
353080183
535287761
344667716
490494958
107049990
816424790
185739666
133764448
28271946
228664896
428124431
560306771
499565063
738480856
286907330
424954951
295577003
816891356
129927926
49231796
543040526
760877378
605958896
214888780
642894788
471474483
394175435
208056515
527476575
299739916
309846291
644125346
282108751
277553541
458308768
331552561
465600475
433269313
826282545
642587273
541823950
401647406
341724126
79936380
167250968
815320173
489715386
51485215
582021321
196656671
35798176
292680380
408167061
40794693
78390336
69653546
209179056
255582151
199318971
405675401
610427241
73104763
476242526
642529420
429315288
211417398
204916521
86558980
64612360
235911655
828417198
810401796
710064853
790885573
217122311
511175996
248975623
34573996
494140641
423970436
776425750
9391251
316869678
317342833
607711758
1931923
76282723
628712470
207911448
700734195
302893031
656822915
657127693
94811453
775455911
282105218
658086973
559858300
455662081
757513566
270841890
756346815
605141551
832206108
451132605
344672105
717317478
638824025
635978566
263790518
13869383
621198313
38310241
279984763
176660991
402979343
168885835
695784113
353602796
781064498
816285731
31414781
527628696
140112120
633573411
53509663
352842788
413918163
780790881
735031653
428275681
262008768
746286798
475073551
529123786
405999406
666634876
403614483
691479281
428987216
506373658
182251175
339768028
20914351
515113056
501126331
353547956
408439586
625334656
82004083
748231801
52633536
747709810
102536131
146258621
220423005
640591561
300486636
491090965
118482001
577678765
186647206
556897640
379612648
428123795
658120318
633962988
353040016
594619020
155259058
661853818
610064356
234383431
790896403
792423711
508402143
809275420
32753761
624927125
193011996
555097721
541329481
477372121
786146908
207841123
222506493
795239321
269689308
313751140
388970280
555214115
703786621
180575323
343520971
505863401
722441741
92659685
661654121
491041026
91621041
489960868
780456143
40608891
808999155
581331296
564473016
29857280
479439106
712187896
416708015
353497986
533779341
368573311
677711861
59245611
583188005
785383255
835664171
695797943
751446681
157544711
548642410
322455261
55325938
375217760
31440973
371090256
615618740
471912273
139128421
419822136
279849671
97111523
679805791
822736231
98981870
829988383
53445101
649542605
671690696
348290141
402029971
291022585
439119795
336283093
321944171
684230073
250051980
666464355
303296075
529640283
355441781
667222851
31569856
467615298
821749981
626671165
750143721
514448031
637970906
368815325
418543586
405376156
433986260
384694701
55830356
476892980
436741781
348155850
41057823
82099858
402576475
108217408
56452116
519797636
698091816
711698685
457551131
182650353
421848156
392875606
519685083
34769620
455926841
139620096
629408731
641149898
108302286
588077951
103465098
373163516
574385350
801911365
608414711
537826618
67998531
555680898
231901235
427624356
383507561
634148923
665081511
222973325
173290950
398614681
55949051
357617010
670472116
428081928
32287138
220555403
314664658
734573215
649678491
553224388
659370340
370569378
6146346
139073448
178972021
425039840
511243665
370806496
787846971
457847790
240317725
505136416
480354766
203017751
137346051
462162876
334747071
198672223
196954288
257969013
231913933
513926006
640222091
421037625
270134311
728702156
460660226
309350881
307268760
809050786
229571975
800636048
85489988
42450778
742024578
266687646
78064740
681590573
462668331
439732538
57728936
824003648
624461805
650274413
531593626
640091250
817424216
164661885
299731420
812512923
123675741
633874766
753073508
26113546
194845611
524120633
12675188
224754981
154587046
280842028
59783696
711688700
596157758
104332891
151775646
349215808
151711890
758064308
490427160
101440436
399099110
496004091
804538985
296435083
336756938
587857273
206326018
812233781
208564180
259227680
737506376
502371645
498204071
815236036
295888413
217496426
357067530
773899415
530800228
387568460
234545108
736353408
8591855
166653946
377784530
364772421
524348361
20904330
721947601
580904958
802945576
351574698
382961596
297986786
106864323
725086063
762202996
322060478
84250143
418721798
120382088
8009415
369180655
180369796
812855683
236003285
33419373
482041130
315904171
693009825
304050593
755148151
711244316
398712935
2992236
752466901
86428521
529189105
565145990
796391330
306349568
548937871
140860991
629906513
300802231
381223716
336168545
321936458
499808041
607149816
598307875
649572273
366409150
782118188
588965563
623902971
387115365
714093175
541514841
315455421
283182900
301203605
363837230
120746293
294523300
725373866
40645696
170378893
71182731
16943143
173886391
112737338
702308425
68815590
702620446
232366171
499849406
315737658
466958526
223137005
677158508
816802840
626903261
537456201
92610031
333287893
38829523
5603126
420952968
628845301
264278438
92390945
294253273
739553893
98898763
406527635
182607125
805248833
178400686
778536021
319024013
380940510
161132846
326406778
390148376
40609865
567105851
755639441
545930935
395298258
601354235
247996741
550731175
550927141
256504195
16891975
829161123
84303338
480272351
339730315
682627001
640830196
105984401
320218116
603487116
431691863
812525966
800377878
392051283
824337901
587696446
257013435
636605776
661016216
465181031
342253850
136389208
780627825
283344305
291213295
143466746
429225065
172154550
195424598
476088136
341549796
103971651
263648335
679248045
506895336
472154893
182883028
93819936
383450961
132390546
524442980
439985661
561063071
538030686
411404570
148277193
112397751
604303996
254538773
411792126
669749851
522997028
92426621
458198626
618262571
497614205
468437820
465391985
487064170
699364766
816931781
118803448
636163991
34518593
233481368
707627380
22665060
112679840
222598966
723667621
79708023
232797686
226785746
819228568
578634971
831182360
328774101
699527335
114513153
363865601
765851858
314690416
610403281
543342375
636578618
138047736
809004855
447055238
739814231
448144370
431214776
583492813
514624591
667610351
503754888
195692586
89723221
573658636
597497746
291097761
215804933
408652561
104089606
804179461
63852120
452899320
660499451
156881908
792196985
279527056
290457955
669189275
66996138
544527496
561030273
765033250
726025968
572840051
650086060
807268628
350952711
423914441
251236155
502846885
821526886
755300576
796031815
586546096
313750340
406852891
304176736
33056476
773021253
529255261
540615496
647827236
130751565
557534345
532162205
565659308
34125461
55234100
35158893
268354651
372371553
93844898
508857440
146621031
514115436
270400523
190146800
219769215
554831441
273794596
194610261
599575645
100680141
127114410
418082253
303920088
256899836
789004376
266692883
442457341
231252171
593880015
30113220
569381755
408952133
100429526
830253706
141977521
54020931
731360656
815131616
655115336
168441366
680375275
19600648
360282271
25102791
227540771
122983286
725682620
273823516
360189963
494191060
135133386
623887081
154185701
572415808
716703050
820190695
406061010
121545496
425933605
486890500
464062703
229013633
788601386
398316978
316585848
197661681
350372188
7339451
767451116
357885701
363753820
49073848
77750251
782346518
762667641
599816835
486269783
459550343
358426961
88789580
290960633
734730675
666964691
612475338
704297136
796809200
424293271
505500083
359872806
544647161
214295226
594201791
462076228
660819421
203390671
87786518
710310075
485172781
463460481
231475725
675598880
798900856
569003396
476906741
570750160
715485661
606291321
726202340
606011976
35780973
717563411
556673396
675618558
176109160
811152696
714973391
775976545
811512836
258151248
319177663
452998086
448457306
524844420
80712788
572983200
503401985
23160451
331292171
259230340
540405128
599641863
716969866
146175491
365010466
344868770
565295438
26091696
174252171
169368023
402333575
649242638
8347556
641763216
624039316
200158356
231175378
262536803
614196663
364665326
130888205
742184135
754453853
55333525
740292925
24104028
650625681
497089115
499518456
105546416
231211478
283667018
199629866
711357841
812146516
210668255
261443525
70140561
370179090
187360603
402014350
682116156
462981020
764874346
316608246
813501398
439413800
289775888
670663966
355704801
293885751
513119061
381297631
146436448
688907075
661793581
570715208
303818768
387127188
201770795
644367331
797086060
20868861
290105811
518023151
781356218
431903823
722833558
136795780
332004653
833470490
320479675
33840641
29181331
489313346
252809878
618096153
593902066
422834603
66174055
803293276
289385525
694579551
651956661
344136996
273283596
645964643
627262013
508288950
187126690
180998425
377493788
391306070
276051666
572147551
155546313
478942510
307407751
446872645
752303951
380566806
248669096
294231303
302372496
585509916
712106056
698057511
98786031
697788928
75869466
262306220
638736548
20326130
452181231
474609560
366491541
767032530
649726451
301419445
293925291
438364810
675730303
330158286
616501261
193792293
582478973
285497730
700694441
373382188
333456071
45970358
217968690
449803426
76653275
42774783
561813523
308153041
352626836
188017166
770394111
800235901
670420190
578979270
231820888
1202783
726267016
54941598
242693746
445258093
176466645
442001826
574872451
669924230
669032721
710376928
186215255
49040966
122213981
528682051
72091981
124298200
422646546
4738625
530198783
402932971
671716596
220620210
793456968
514603406
298286873
434352975
514150381
358063648
821373935
235599171
604831993
40788801
646616370
232091583
142917816
771337576
654430168
531063113
124827210
420565573
467471488
503764861
400958746
332307868
88318691
500358948
372463470
409591608
53699985
437695075
498524643
627520748
231586088
321715716
571034571
184174398
34636863
576031648
157119436
594661901
299314153
286940955
30351253
275555860
262670051
313718928
356480758
62647833
498392910
270248743
684471025
533350466
530278995
523411265
350639746
629415700
502936485
337096373
3873976
492273528
20531231
513922343
793411350
729037373
537821753
740384781
658693598
130707108
134132293
255116145
720799228
382663760
458220893
364767031
221185983
620067403
169822408
669988030
246441201
470324366
673609525
488525271
372386283
617460495
237933981
418951070
765242633
166082848
245437241
617604886
367395801
333045391
484370316
346866971
361448078
89543443
648009785
488746145
155986606
318408923
437181821
791676570
730305553
676741578
636425371
307251970
340169371
265581015
835904071
549107601
740680575
306525110
808175475
267988866
34822023
782258726
223292330
721954953
682519388
97819625
262044906
548629176
191882995
635857540
58025401
680101096
712083466
273243691
571593920
30142875
132701810
501779765
11917281
440385366
791199936
764621366
478130706
249157953
690661326
112898421
491481728
786341470
327609163
169967960
237822611
255956838
23060681
320394836
733500095
49090231
343004965
613295746
404654543
95875701
354942195
465307786
196112431
542733413
421846196
442858950
119266601
369843546
346704645
121614631
2094556
568473536
506125236
8736733
763808850
591095253
578340075
622530023
156329841
204518461
64694046
576724671
127595636
365218881
793729351
597149736
510673153
606883026
795368211
31706590
724477311
208013425
38052298
810015106
459029711
15332243
706377823
259432916
680049710
631510848
144328398
217022911
303772105
194539136
752472196
243264676
539365481
415364546
816147366
107490036
773838591
702091011
102963268
390935821
169031216
148381738
72963131
556328711
303797520
585565303
385965846
735758210
22013265
435611103
372658326
750894506
525640836
476848550
759017701
749800256
401219525
125497043
654175166
109901360
573022330
206340340
82659135
685240226
448330805
416115753
384802583
204697966
496333868
445075671
36223386
103182835
89462358
667399308
825579308
709798336
13604503
320730935
681794468
577918336
786569183
814782170
147863791
272012236
427407130
375511856
329771131
648113190
364853065
697051746
367787563
664826875
804617101
493498523
110619121
2710470
721803280
746048193
787422451
784389580
572842401
770180868
617624383
403491165
47490368
141314656
378233865
543011605
673709940
35884201
86601411
529458323
444484261
727151378
17393605
578957286
594277180
285288556
762831653
577406286
553732715
574553156
631731991
323680795
587116270
32653288
134951928
832236388
77293428
457893201
609117013
289508045
814249995
352604035
346724961
277234605
439245131
664550401
82801413
143653328
606219820
17924571
545435743
712205726
763579781
82380563
605502223
802602456
641305366
571416128
527753833
448477561
722246825
729352298
469887136
363096233
767079103
114435141
268120630
463582621
324814650
703269593
297784851
417964985
219864105
825691705
368430136
157028546
320445218
489491070
445363866
360534623
643211626
369203746
206761788
126242348
755497475
402744716
122025591
795733461
230864161
301638548
665760501
61129976
603837918
364752773
416480636
493851518
769180373
710992736
772417706
217877886
554145790
209162788
427460391
153110816
671826873
310604805
816845190
344458056
611621691
508360825
388916131
458672258
775731345
767442720
671823833
245740591
213915936
308217591
606339250
208239148
442623706
286887393
57714691
689903271
477460536
118270326
275129281
416151961
82025663
253917698
781876321
150212381
148637446
700832296
811035261
178224911
235243316
424803330
19564581
311588030
173677096
40004281
172815358
107034436
365868300
101474143
721757786
407171206
235002111
263042960
160209986
263385406
813084861
553198680
457950375
579688926
300679330
814907646
474491371
589891766
542976606
121603475
175838813
715526736
385511736
139302186
835101355
459621060
12674758
272472410
112351335
706290530
563180738
730647366
369512205
244315968
563279126
693790973
531242783
58715611
316420325
638406675
703251418
712140640
695203066
337511405
10482993
131266993
307833731
748301356
420422463
495010705
293630471
752717586
481259541
56446165
631371136
581064671
390275856
173331490
456073911
127528478
424913083
28317560
671330346
611859238
400673596
281154783
270264746
115819845
674663523
511081300
498004845
360540411
147599245
71231381
634363821
415646586
242008226
431820563
749684681
763660295
32640271
223227316
274463901
641218710
69918250
642624233
809332418
630695031
90091071
810496778
439717286
560783278
114345426
26940326
271147571
93037146
253185370
658041411
318558391
423211090
777472900
512365790
27621696
679626890
23117830
138976790
384716751
804719291
13373176
580845951
628603330
400494160
620164638
457134733
27593375
171517366
647411291
589555638
652389798
278614136
44987685
717434358
102700311
360973251
186251481
255079911
98289376
151201580
74689105
46688216
96430641
453645793
355288321
515538618
754214141
549737946
678170296
140169876
60158791
589747233
655985896
571318256
691501700
216857478
557644720
223029435
605551466
828376191
357443830
440418695
431317736
773359593
604354666
631994226
72984966
452516731
519304975
33037203
504715173
660809071
690216573
784814405
778400356
781166761
178368956
816890278
278340576
705134536
192549876
515575593
779952213
534306990
769475165
246268788
97680226
287233261
342884001
693707951
150540308
690066911
134420061
378331910
163680940
220653071
282041706
741047938
260401
106944371
702097716
728967701
511848146
677642971
507613053
101032500
702308706
691597616
312804330
660083186
417215111
463041933
759170865
298417996
773655853
752699208
512086961
175744455
256904498
241570138
399214853
334953865
315330646
671757853
240264845
613934798
743329691
120156661
171110093
110149196
515262751
794912320
806704985
358677500
142648106
427538770
744460575
829319001
476494730
301145601
428092126
488260101
539431666
359659933
755039571
801617021
49382625
9272245
388185931
423875091
324853446
832914733
339319426
806146088
221375171
620425513
31999088
222859541
27846833
723174416
598442363
268296870
314462536
825844145
297053546
807561900
415195541
621326816
362221823
73124006
612614821
822861311
670327721
315403796
661621270
272247411
508629200
145348196
285782256
518031355
283471476
45804070
307386816
201409598
741573525
224515593
454280230
26195366
520610028
762962126
433028483
231411760
7539181
581158896
557764381
635379340
121693486
432719263
315286756
17418556
285627938
803653193
746130665
699453393
751852828
807581441
695415806
333649745
502370193
258688378
650580440
528658681
831517731
140586896
805541186
88627866
454171370
666985996
13626551
598475448
320459626
662702245
626052743
264120706
222279611
88264430
836017576
124078776
620866788
579194856
60074616
767943275
624360603
504471281
90569893
522327008
546243011
269367646
463696896
722802465
419015265
80031943
610147826
375160345
722578788
349261916
173849525
653549371
209076471
680633675
522637301
475117866
304746850
595914600
763484033
773880966
549730106
265098225
765674186
827334220
448827415
43760065
794374461
496810861
772906835
662293790
505792770
36819775
379182641
644399006
638089351
610856083
804076163
796809451
641978926
710094031
257137146
377415488
624831015
519411765
655527728
29255183
798896230
630608786
807442411
556053430
269827603
60658148
235151666
345317713
173480545
17363721
175001743
461515240
213487190
668381136
373497446
330482296
368442386
355801778
147047318
785876756
207969215
231223595
226952096
621876781
285004931
507016146
383240870
347289506
232448815
826747883
208259150
178925700
648284370
422059865
62641045
633346991
389500880
602438930
764281418
671093321
334435571
256788836
315221111
15458151
98238343
164137690
304443475
787717286
526390476
484425511
418235416
808001351
21415396
297304486
360968328
392911790
785570051
67427711
259249803
184984691
69278931
383787698
270734308
504624760
685981378
388826821
708443108
176786885
336067101
278651355
711666498
499861120
123016978
420689991
225372265
621485208
336761525
97294896
280470615
367630411
77500930
345318911
144635341
250093640
358153961
388748230
279456615
315322250
535054366
780502070
170437506
194155796
424000621
531813
776206243
495959090
748767291
216326961
803861393
555684410
49931426
209342196
139806256
460690920
685023735
498457136
63844588
670843888
413352261
630768861
752048008
59690650
69278618
654449431
113796226
209401761
704516875
90999686
735725411
357215316
566513368
433425661
692630048
233868081
680687606
337372370
544278045
530550208
354342428
566375921
229310451
402687051
714281550
99359641
520479065
380924711
289761201
399814881
419648081
574035811
442995978
706951941
668383986
313239226
81505878
237151006
319206811
559212541
243651385
111413726
765094838
520185031
505161655
545029746
834033525
313426553
41367411
204339193
53011936
675982770
171817541
421117681
693438613
226977516
772820636
4924701
833430075
229009525
754931931
173816391
162273246
790292705
697010706
624476378
663353710
544263645
688509733
417266185
655312908
754259521
16740986
230905495
785634511
143829718
411377571
812991951
511310656
613736670
369096971
786857698
221196011
165923130
796984813
351693195
594268926
693085896
671391761
405518598
309931230
9067881
536879296
101155626
83278820
400164056
80079093
4454343
511404196
750816378
46922808
529171511
424152823
219174623
215809381
45449371
64291563
485294730
287556091
312739071
541178710
627483100
361368533
10948841
627334786
740384211
3445938
750761455
92606723
821766540
458172976
250617420
412304428
473691461
764062906
600907271
10814601
733399646
265487656
12942126
258647503
807482073
669767468
679044696
590872223
623828578
254530298
458545793
242811033
704810126
822987758
62145948
627431070
477614686
608566350
819334445
585086276
496622351
100282675
124546238
676280131
425203808
308001763
776706988
581930176
158894901
603124666
484511021
344678281
417530056
608102083
520747351
622025613
591353588
271461966
615746785
755507478
235236061
394607571
131399611
811201096
677838621
333764908
813426896
65029115
52737215
419673036
794917276
356892543
588935581
515117166
146986400
17686095
146556881
126880438
553769861
665408586
394976263
709086936
237077518
612448586
372802993
84143995
302694991
239196511
397457806
278151566
498212366
11830375
634293646
106700278
765996170
106124433
577030405
759257790
559152326
297241060
298159966
192887565
424452238
694748271
200949330
603714170
656210921
99699285
88470983
382892126
737036876
464593463
725415155
54887165
526394996
483555513
422057763
830917876
247970355
481324778
406879396
413948170
523702976
734509981
591649835
251969095
72431461
300072246
13714323
296980156
668759083
208945686
737630671
393395706
525472271
453110516
436789471
694618056
762174470
453953036
646525503
788090396
275150611
491630760
335366303
783320411
711882168
276274351
292444141
636230348
127196076
707324688
4838861
250643446
808001446
60879335
257095401
390820168
479668423
803908641
585202043
684688615
473403116
378832096
544171073
711544336
629617845
329658005
248274516
198582595
130096240
237246441
813780953
599413901
656132506
735161716
15033315
686839651
431971418
15728171
621448495
438407846
219648128
695379801
457300721
58325191
497662590
337475186
718384766
104287761
461474833
333295530
10046156
204466686
427366316
367266101
161005490
584000175
471808003
681380601
463220781
616347646
53813443
85210213
223282800
637837153
603760911
109897556
207061316
91184955
258586188
697352955
323198575
611934406
742201585
79702646
214847246
221459196
130016553
619840841
283127206
147727821
517442551
483162721
341287236
287470661
158368993
732368833
365598741
161747770
117651706
95466380
662308926
191142453
396206056
164698561
744681465
530167953
694722266
369857921
12371890
678071876
111486395
666713516
428247346
805984221
687990245
500317845
762843645
288940696
830914273
410961023
667743486
23722885
810249801
522037565
100671291
127380465
265327781
129097596
115075406
678400601
354751780
702210940
579921760
707883446
579112206
820449446
452410478
248300841
143056481
538102990
406824920
327873301
49434038
237139083
634437323
639371206
2229906
655236986
646785971
216615941
227606031
719586155
122466268
360466311
719342815
580921355
308094178
12653231
331147291
468983068
146108736
299758613
249198215
835856381
475315795
779449731
554440271
504850865
457118673
371808870
411638213
807235711
785164480
569170
447670835
759888186
53222226
203203806
278077636
677159071
266344213
582387718
488092663
427468580
615666681
116259508
480350496
93143321
234307991
828315883
31312818
179185221
258915206
743140295
544277971
596363735
767163646
236346266
714112398
683121250
561260656
431660246
153001668
746765173
576792901
277829326
240401871
565347566
571605430
642045873
477023108
292939786
504120238
209390928
25104663
817504336
302456826
562725688
381338901
239295396
311415776
235553570
769106513
347703516
506011366
358583875
511480376
352807240
684210770
245296135
833565441
16126916
330700633
455459821
688492496
1255681
298826063
785793551
665809143
175205836
291227816
808608181
54589623
28646621
115153291
93159035
436893626
579155495
88723120
570627541
499712410
87027126
159029781
573253566
105007526
461584210
326002211
830425808
133192685
223556366
182228835
98736878
602273436
365094976
476291963
459117311
79055676
628493930
266432968
637802066
265957765
28180991
301395951
212266106
713870746
503935711
406876080
31285486
45069336
751954611
330593636
637292936
238910775
763908040
388308630
832665843
547008848
76079326
594134068
596182401
488647973
622708565
708420356
645646496
253010328
48709758
144801430
293631303
440687713
14761433
329917765
609306766
269840865
436102636
359007631
824071421
506435298
144791586
524796441
506758316
186518991
28604598
16063185
42062335
224076650
506683261
560015558
319194110
511045200
695868466
572372205
191469311
197852798
115922651
396085780
393593361
67518900
244058598
704642913
638290841
85178746
717221981
202904556
126540186
217310203
710014806
291860311
442653315
185421066
491859726
219022946
575081626
58690281
583474948
419002955
317880695
685830995
517711390
562852146
663774881
722156406
197780806
831689281
69616438
79027876
260954381
302947496
445988845
199541036
171375765
368323871
598317126
612543660
222101650
142135063
630255621
245928333
218511448
9688520
487084456
672635661
10367828
291639476
478119351
578405446
632922431
518388103
90736743
68580861
116412846
193242740
767394486
599210316
365246301
707664791
623970738
549913210
102836470
623708348
482676153
828723036
743882055
607730068
270535823
617626806
248608511
29701493
632477356
813460383
752327511
292071696
811625528
28662168
439482120
675514945
23321341
102319371
674989801
293805546
282341041
620641121
355908718
637153968
63869296
568239266
648268241
769373270
390155313
463418361
805044013
132671925
261424226
525836216
771746846
737363966
630448756
349710476
242152393
169446506
219625490
687118776
47743906
739717591
168637470
636085570
395412193
733184788
539654160
118391221
567787011
105138236
414265586
528530873
35921890
406421231
390959543
282058366
742768180
422537160
595975301
53173866
312429156
825074151
420004168
149636903
341458141
363820893
698189131
41639741
319409416
161728055
555035468
456066935
371834803
120135345
751338648
803189423
258295730
692025416
101901208
506877360
286158621
69225863
205403606
353287966
633244941
633651966
766795163
128120651
694575151
653962480
762093118
732726301
109148341
16729601
179915100
585291551
275800848
267454106
155622878
693531885
361766785
63864280
309165406
667890316
8582515
816374155
752831303
33291123
243758375
361984866
763002991
428063101
261452766
153049870
502073575
297255766
139584700
185645101
209538448
725085565
163178621
794486121
139919011
465638968
68571053
555535871
32745921
776872435
372755643
631581283
734152466
293342165
705703688
729503091
224372621
52571696
304790410
576499656
811626031
1920263
279639555
673200198
23816686
309666466
361625326
298489440
558224190
746987511
75089200
376909990
814203093
178126321
458290665
295412226
217678256
626062105
12870126
228386253
492656688
346403683
1758231
498295548
709435851
455736593
608726601
513214045
150653286
707774093
571692010
214686320
163849106
82171696
799980588
401816238
257875340
440841163
144901546
565802131
540997380
397200726
487646358
305922076
584263663
180920886
739463853
496467870
476992156
669828625
809730256
523199538
640035586
135114786
231047818
175920200
14539696
694921301
697757673
590565298
183068066
344870103
135501555
314625201
118010548
313504490
623694610
304932290
740165451
717665530
455945613
730290596
717782861
300365300
578128543
373182841
683054810
187094085
588188758
307425436
310358885
726461153
343115306
779430378
533112698
792147236
615884193
133691355
817590651
206811106
763953073
182148645
563107201
424797595
247043151
679246221
477880121
98024233
82712816
686017898
107743835
515832906
615142786
590504278
546185531
481377831
544490583
691427980
343753831
656739900
466794670
365708468
799603773
462448986
365246591
618963416
316045440
458971161
828903861
681067161
819467108
735353836
478374866
170910896
460253141
78635841
321759420
826887286
50648690
618403433
412766033
531403951
540159836
398732388
165572486
4274376
711767918
654017711
442209866
68126235
470364405
706185313
803571106
241930236
460475365
317485063
491925076
35512141
522456341
668029306
115190908
700789600
44378151
84999813
99210596
655689496
530346466
553323303
591158136
200216823
537470223
791750586
363489566
289757235
467284091
584257731
534839646
230294100
418323306
35132948
177046976
71713811
673112223
702643581
813458096
55644251
707091811
148465508
299109406
244223178
777307110
573960111
582287081
31087251
255451181
35772495
120881806
296406751
596781605
354254146
614029781
75125466
369834376
643205391
817737130
62265020
439102561
127574271
50067528
536610376
463048490
572875296
449814711
122411003
710994991
615230698
676733926
298682718
813755276
714618745
311313291
48296373
187181303
456719361
696043076
820891065
71384731
28257138
308711611
711571043
644415021
657624191
111822961
232310228
751187953
132511588
80950600
688094243
148094861
354647315
14484710
77732478
681245896
488789848
827516013
653275286
297994461
826980741
421029531
183498371
398872821
705064960
536352640
345646141
279347731
32708046
795013415
832216271
155079026
444181360
3214266
344371918
812463186
796947458
114813563
743070611
377745371
801800028
115704041
100654866
169798875
112728915
152179195
734984330
692989685
593624876
40483613
185847426
288653948
597535186
381181866
626303201
336377906
430875853
294701086
141658993
796804366
262154353
520503771
814302191
111456506
67629135
109575985
476690360
781406086
457627806
473497343
530875681
539529266
544343175
505606526
607154601
547954070
1025331
787998421
493334550
524059123
834746171
619159196
661866716
749981610
402543601
682872536
341384011
149284673
337718693
775180991
26892856
348214751
467025126
684987540
612764991
182690031
829573541
173436851
775704698
202855801
612718613
830620070
623102893
635254046
669799501
684820353
344630723
169850756
675984960
665335436
783266243
337154743
679626210
577257151
556035941
421537435
817998908
543118461
328185805
215691076
464509208
744533611
36478771
237014275
384076985
602238351
44943451
143924046
79058470
101378075
72043750
727696606
247025546
805956560
2738666
829483800
645268833
737189515
263402740
371714376
167011103
4778738
56720805
597423393
113450198
515182666
753221541
255520731
682592091
292144836
37439811
70631605
167942568
817672683
783106213
332867266
714491771
226387036
95937203
105061771
309181206
301888460
273348085
684627971
494389916
790427021
396511173
308971861
710383645
297778180
335260633
192397421
284338150
423496416
696283363
146486196
229324953
572211446
662830323
707950551
101127126
108567188
148310188
80294286
255958825
624383791
734864480
834118250
19858066
242598200
453213755
772432346
108692175
434476031
438383836
327242416
249463956
360037176
305597450
246434680
69044191
729516401
484630606
559570086
366033571
68175350
659335293
704666756
521687561
288407703
801497901
672485295
679441198
286518091
85032625
796715943
719014741
200974496
424925273
775108665
109703436
755995520
784024641
327784595
653792613
556623621
406724890
821061523
729678780
777107435
78373666
6321281
658952405
278189916
733235595
258685876
368981288
12628186
607443168
291325091
280320041
376170180
470491063
201674818
729811651
789246398
762203146
589973923
13836703
9843731
151285571
643856788
607741373
681186205
31550818
484932436
713958896
340448610
632899526
85354971
72293476
31266151
202402930
275808778
391244730
430927818
403299416
119967615
392132361
39590986
56893413
48621010
519193946
227766206
577280521
128064810
267583121
762417076
778762006
212199066
492012676
378164963
244244265
704637331
834881400
434169701
788246066
221931251
286717900
628860121
50404958
364589571
292468636
509732788
458200583
578786918
129438723
740564036
199879813
21030711
489488011
621777111
606390023
717166915
367461103
511417841
802406823
104958100
609216340
679349410
245582185
506183575
119019828
554258693
213081675
17962180
744185436
229333953
582419503
161672290
612883971
562018970
393811255
401695545
2429076
10071111
223006825
192307883
653164545
504785891
507921816
531665126
559228881
803765971
603683875
410627250
284885108
383142720
25466751
86520756
586416705
622651890
477290951
160481558
516718188
3873208
140790951
648384306
24697881
702897156
506512098
834924211
103933801
815267510
650869285
648057470
653843466
695098688
407714718
278989378
415430423
793060105
493104281
583636681
309627213
435224491
333786011
86180396
730408741
350393821
104273936
289759331
33062148
369288976
815575476
214444676
704087311
116233788
354004510
522020778
820412768
637352931
282969561
336579716
505879151
250138806
773231560
687593898
421703633
713316455
551044881
549692886
29643686
711867800
833007648
409641746
668052580
508719835
459128721
134625573
230458868
789568323
98320765
610324868
488529860
653488746
565863551
325382696
188902681
100252736
542464526
109010563
75484965
601707201
434873085
787527445
249403715
435706616
100664283
635942606
650569743
118569566
375878846
327071725
608659196
454305715
519881213
41360748
784716080
464717761
632771366
752248528
605372626
203385776
558415766
16848856
321327945
178977190
169001811
310519821
660185710
675953521
99890940
444383346
653843703
531625568
163395968
166318258
772202636
186771881
39357356
184159916
641146106
708496345
272988035
447214436
567480560
129255670
361846951
573985341
59771916
559900646
422112911
328230691
539108518
19013131
542471328
232783671
796709738
645741343
664814826
244379103
603675223
243052461
376405200
645712556
281628270
299606801
410581301
135768208
756487746
565069880
454695836
59278015
187398901
157060931
642066056
224862571
21316438
824342111
786654110
85159261
834649801
353820320
825345776
81407763
49574350
298641086
178162641
278533398
737338291
239361673
614237126
274051221
574187318
759622586
761262483
370979266
99464268
178335941
469146600
87522005
23141810
51212496
653227108
41872481
764563953
575277750
480511008
716450495
187154163
306626373
398694970
412993061
473710945
96884285
22139045
11548276
167933896
343457386
273179526
270746576
269980890
427862746
470658661
418413936
345397886
274186741
607062998
463901076
628549573
542283050
777510170
44912086
234287008
295610651
750717320
250130450
237803426
570986603
363442931
824257620
687296591
104650671
693759511
551200460
21969981
473516376
713823588
637206
122515853
568892355
560281243
259041275
452051380
661326455
507108293
38328510
301052061
76484963
378347101
611641783
573052028
310625778
160481468
268592360
175652891
291538401
322021521
221991056
302150486
143277046
526647620
755033421
114602581
660402076
741125795
329841200
287433491
91213515
88479753
50117916
524230290
345785655
170908478
462399426
114363715
695144953
785650666
186293136
132566328
105832131
48776950
199523341
36050588
753495106
161904796
233702776
663457241
578649038
788326171
176814956
294901986
819686805
729450061
822679081
294021533
647158811
628092821
829486910
319725598
609994850
87266341
807123131
326867491
444141931
307862748
467411928
465719396
216900046
131146446
348315983
466088013
754976421
554880961
337462161
539468198
18084130
666958028
13294830
82905375
82179461
430032791
364894071
757617881
553191423
711377210
377207826
193919631
460225336
511404015
290757596
675886811
361161686
487664061
297455166
836212288
330775551
385280728
124120891
639252843
142607821
371793701
177201921
150792565
376512020
697890161
96997091
209522471
241827493
680180445
787664148
735108421
589758965
353857250
737197483
373064065
151644681
101268951
778634861
621613203
459425018
130656378
81505688
116486251
546978576
781370765
134280248
29255428
153059688
600928886
146728351
138077246
137351281
691830371
595464950
735545756
189199008
760349511
520816286
526005491
308441536
114253311
111703783
448845831
231212041
761130745
307983505
195209796
563477966
27040701
578981138
181842308
71569836
558349001
273985570
51775991
619224970
711701591
675288851
38922326
432933996
273908341
641971436
707688443
96667943
91282061
773848381
517082536
536897001
582735968
581329416
148572311
272001851
684721021
526310896
727159788
279089823
601475136
653685555
142342355
546622991
682993136
790582510
528388956
544596870
216006576
718635063
130521281
718376416
198199001
212700845
415155006
821429400
367646901
105588896
576583065
577871090
832042975
168854776
290432166
99661800
278994748
374732861
336465073
762521746
728473063
222417806
763429781
503398600
469632916
285768940
74481833
830997165
157426080
138825363
820961025
330056381
447156433
44932631
349753630
201724450
788764756
274427546
157328225
298287013
497359076
454608728
444044265
88086308
205076121
465582773
271715323
187077726
545297901
83840726
615233790
187767711
438811898
432374966
326465306
657975356
144860981
196669895
309586058
212721815
759147251
343866805
650816241
164893121
552182171
552323550
508412640
444999390
432038055
547076596
113283083
782977166
597348748
740037061
255805161
559557591
48448516
301616698
86011231
423627176
473007865
802520210
231939950
171493721
579116733
183998821
711396020
46284386
448569571
519319961
647324101
242572110
532441086
259854935
509462016
420164008
501801345
499860776
634596133
679396165
97012980
347929736
814415306
454610056
151572281
585075936
161671231
663905755
646156000
495218366
728547220
112862631
497791076
793620130
699658403
443643356
301273788
389529581
115745346
605992916
457984356
9842326
27302488
303284876
205287396
774057228
537872863
600779173
187702615
198912331
324404791
385408866
558615331
721924915
242134248
86194508
245416581
628039431
708402406
773342961
510913055
334644588
19754918
64020161
244532091
499544640
218584470
324113858
519287015
648226441
363453656
679212471
345068528
805098421
363174743
300280998
678441370
79638880
653925
754410658
698239826
212370910
707270688
774007968
720774541
472202291
512567798
241427461
19703266
775618481
509126661
805646816
472848930
555404963
211751
401009998
305573485
317166736
221574146
133533928
615532016
123587591
755042808
519427721
599231963
160310658
52726616
805161250
795696880
183346011
650949631
369049341
673450100
624848208
13607568
63651
105114861
431075730
561703285
67213581
35214278
6118440
366180736
329387720
415701500
707970075
265167118
765845726
685128615
482413288
266695961
772772531
129737321
495439791
607790203
557591281
602899110
581208926
646963735
410875686
185841200
323211571
488735556
300894016
491381306
426156063
812184326
825568580
639317893
395060036
825155366
299839991
132706586
571093421
772011095
347615380
218349796
360036403
436212003
661192771
395338231
118348613
320181695
741853820
811125323
750377991
335600288
57232836
697119845
528858446
214347651
555563855
748224615
779450771
514711796
91310666
562445226
143289251
763781675
607733851
275667605
65983715
544625938
571976661
108692948
312650326
159260955
723258771
316314333
607345516
640708148
560188116
197773210
704309293
456716906
728165108
183050993
371757456
348910245
553985401
346379046
704480706
389121003
650195770
258881101
500006243
332513828
169255950
371600385
600445280
50031366
832205721
758486448
75400046
646464491
310136065
665896866
699857086
762660731
82241745
444852246
390037225
253643663
395841310
588244240
268053165
333436283
82547691
241557586
530405271
825633355
629562501
73441691
310241186
343593210
484448531
243889071
672767766
144749981
8006131
447162760
318302346
289620028
768012423
774378265
3049320
62019910
104154733
451107540
210410753
601004371
497643100
146002386
453245466
744230496
695326016
730583351
782861620
36321313
708081415
824202366
64681360
133352646
799487853
66420331
670914026
714756906
433897758
566248453
814764551
303779451
78922206
220868926
734155601
550306921
624914031
620430855
607590746
143137166
578260081
245337921
305379045
836599731
326887706
105613615
109537808
369196891
642878450
179943401
655081926
356864253
419924943
812650016
803294778
323910490
509206466
104721243
637075755
113122291
830033603
341229078
425188770
141437928
464652211
634849498
794868663
757318113
167956931
146905191
145898343
732212196
201552040
266617840
607719190
707551783
218174570
486899796
533117450
674975361
434360026
298323111
556212583
824908721
259267143
828697181
90877321
735703683
371835816
249355736
332709245
528305965
753099486
565394691
730034303
716642978
827630281
469304680
458383503
318434036
695049128
343658031
605368236
504294865
85930676
109505171
22744871
238885461
123598230
221479473
561219273
113259321
418353326
198976510
685110016
574894900
293685905
602680766
94478358
644760688
358202848
337435146
466347615
785233426
722403771
232999631
769829971
281175420
734623088
720869016
149053426
530221881
255646290
122776286
158306413
116915918
134868613
242566541
288959351
583077626
468211138
698380631
470320606
512366671
368920616
138810961
52520351
800728305
762781610
708329411
396884466
564318603
260620735
134819861
634224005
518596706
125046606
46865930
557176521
151983926
521585096
506437075
33193978
506484681
608531376
123526180
152937166
79245105
420171170
636173676
755064238
472266415
472437708
217306706
196091643
639607003
184883640
580870525
547262240
411399116
268440768
250045535
160651990
176154473
331730123
610613871
326779611
482216181
52165951
620580586
508906736
154996936
201961851
414628536
765204546
58761496
621676255
184511851
553753015
435414450
794314986
82627923
792126336
673382730
584574263
509394486
537369103
533610735
766636121
773713446
453509908
104823883
133940275
117535731
332430211
681059056
779879185
801670131
404910996
674317261
311695101
558480051
110115270
65647105
90019216
162057596
376618186
529598820
97346148
827502196
493251900
519238420
659170631
274527396
505035576
432204406
683935360
580103906
298470846
412620935
8948401
50491481
235451426
740568280
152341645
798167013
243536453
709890671
818282281
326085626
215508605
667388928
139656501
532501850
123465953
220320013
503007896
370515296
168233280
733087866
568936723
50152520
540244641
29749930
15760555
724392521
279842598
465830033
564744866
735182500
222241546
412209081
110017116
724559876
189348771
434002358
595049778
572261446
369615746
728268793
414040288
38781476
171223231
198262856
564029020
661762840
318110565
125441326
428759250
692160376
784703288
472509486
117549361
598891276
512899576
199725171
813665833
175973868
408713183
549484873
30346473
107876841
204317636
651583558
23142371
286053681
373641336
602396005
624184266
99890363
679158236
626777938
205079736
11344271
798767340
649862166
77372493
353803278
641301410
746192113
746963745
471440010
426816965
280290138
275448493
157607321
739615865
155545863
155749736
678669686
181385781
401483215
210150760
799113121
610301451
783760526
647868926
196420600
605280270
504536665
402711311
768445591
412289261
350916101
112739831
181860710
719894886
781075486
10029406
286675518
777960601
520406025
755905895
87563035
312635621
582892061
588921426
769518506
100589201
742376356
782210136
754122125
44780558
281334428
439738998
708736556
801059256
541660301
37126285
115617206
22267941
779140021
801331665
492585593
372863981
703499208
496779455
334602341
688003738
632647543
164451916
715119650
582417091
123752950
110150581
777181791
311363381
389971561
312002711
35257626
649810545
670186360
69738836
497912290
721867371
418186120
405652985
98943066
121506276
671006403
255915601
173080026
179330798
689843661
11733446
379431440
124648856
6138983
8884550
607544530
98457793
386350710
469290881
263870843
447518371
618004073
503031306
432912076
649620726
112921968
593299721
601274766
678390446
168003063
113997730
463056995
827098976
554773276
335087821
360002376
767844441
324391941
2751951
665064793
2876983
366086716
233131921
790921705
7314611
15270253
669408421
259023076
639724705
250788761
249780461
111761701
704513796
645601606
180810291
72347556
624716415
438298460
619217771
302988446
408491035
519602730
322478213
611089155
730326563
427626541
