96370464
113028864
154111200
12190320
91226256
174184512
78269104
484986592
448131696
448653616
221247520
25293712
1357312
58640800
65880064
206305536
339143728
148108960
306166048
226490592
332404272
219269472
113404192
427962448
425936752
256411728
452016144
28109952
133369456
426452560
137577072
468175984
50687904
448787376
108574624
363241776
117965824
307235488
483026160
444319072
67705008
91813408
446241472
238139680
81222976
183158112
101122272
469319968
298452736
45164224
363558928
350988480
441862480
395755024
144497728
102627664
135278160
396933024
2262624
80609392
357801600
174989520
291989472
68716288
478226704
323582304
52899424
11183008
398522368
354020800
3316432
240657552
277460320
484698048
494472432
164281248
212474544
297872448
344997600
416788816
34536336
319712512
162874224
228701344
218138016
452326320
233248608
471258976
84197296
101346208
448206448
412124160
119586576
80639200
24479824
391114816
469194880
274362208
234581200
484886496
