335013577
244727635
20212895
57225703
327016148
216830474
135819506
319904940
115793164
49275900
379929659
199162274
304703333
385843218
87166983
385377329
358390149
131339465
62056292
165267279
294745088
51940514
20725727
103119089
258619936
354857115
349620812
389764056
112719963
295992557
26772898
206569118
345956439
380494820
135335779
172988434
45962763
116614886
18764988
324004034
370638315
206235303
241553687
207846567
250559958
385802704
248410784
349236674
192266490
349109416
359952274
104563706
96282676
308330390
59276182
249094967
102996588
262730110
62377885
153417624
43924815
69435346
375116
102562834
31330906
195482980
33545017
77136676
287356969
361822009
173503019
271924770
192360317
31873952
26056879
230718912
18466297
220526765
270042289
70107383
9030349
387334129
1997788
125963800
156690670
33994610
145836430
141713486
130485296
243003078
334233367
368713213
107844322
391215805
336895951
138627884
176283836
159485735
288217198
393336535
293856124
269773726
129921410
377108593
13810254
238697434
359957377
102132292
135764054
278181355
89724593
103480903
112933000
41717283
24429230
370106958
77266403
343906112
162083964
55127647
131064751
119436351
194094927
327956538
197045245
32370896
293418897
346798774
270735887
267299254
134957515
332852882
159218682
207502031
348654409
163298510
144431534
203162104
48019973
236564697
396065874
65650079
170148780
276945823
286030404
192156881
72639427
351781612
188167770
324334107
366982198
144695255
147917274
45739668
98156988
25511546
97110622
262082091
133316965
13838148
229549634
76524639
120247816
103748103
250968342
393223702
269405823
381855407
159423078
329861500
330758911
221594283
343644299
311904416
389579046
96891770
29545123
73127754
199870352
362226590
180701343
214013501
28797340
12992845
204992364
45796164
23090570
292551356
7604887
394356370
59643745
350814954
220092231
254696385
190616122
192290986
109843263
96772279
127859869
342599712
279157124
161946546
27255177
124741817
220030
364555270
128057021
301380289
252523603
42364194
321052598
30110062
357089537
321775476
150128910
59557229
362579073
27670259
356588130
168774389
284856509
275936527
240386277
161424751
270730834
240969607
248425566
157287358
94927675
181511093
163689135
400868835
44361844
380627087
142829482
176109167
25574806
348165523
221192364
248051149
307193063
220956344
75900830
110254134
76690752
24261214
118669825
196262714
238668695
235608277
45199943
325605743
9022251
172503791
233047551
207926368
14537769
288144940
235729103
57582184
332317529
335428871
289308993
345542204
158217253
275511312
157122758
192747416
77089101
160454024
135717201
332947728
26466511
182817009
104150935
160313917
235290169
178151169
135997754
314946081
263900168
270624629
229334044
235739339
260069050
119595898
157751767
232923409
6423231
364845649
33269960
4068807
234768891
167429165
152409962
169717038
91992738
358518013
388680015
305020995
268614080
33765515
6187038
116256460
95579605
207946071
389352781
350268935
273711850
280135141
157246995
125833551
335113394
251486795
349662632
30695180
161721394
373231733
245563764
267495447
252960721
292253627
219297567
48030753
82699609
323922314
15133206
342099587
197317617
156970877
278236970
282761939
389434686
216595154
379026816
371670147
200120815
345408883
204790014
209527558
133762704
169354425
368280702
389304055
294349233
200523593
187897464
69139259
330377605
81369881
118878854
237588861
382831329
318104650
262717035
3935358
128473460
92454989
2462133
270614405
283542249
330380394
307741387
249422086
362954925
388131378
193088499
214222470
320415865
44058518
170372589
10756537
361143254
171942820
260767934
44556276
352060253
56662563
351791157
316430853
9971074
20639731
393065874
241007316
325805899
71972325
299366363
93624525
240457407
169186003
72624517
15605778
163018346
360145081
168539569
259806322
100734651
137463629
75864749
321654467
160152227
68729171
78977705
289458667
153871066
230593786
197108575
7116117
378402477
330921674
312834999
267056250
367665947
263466021
327745402
93967133
277618688
279632320
19253869
295913791
249475464
228992505
12149415
38718058
114266452
250273579
155437376
158248672
6877679
360437449
73509130
386034069
173665388
160498347
207731181
21373990
113181893
170912275
158095542
389159628
108884271
108161692
382705875
392782445
350747615
207243590
27672453
297500610
120022344
326556925
20327892
117999567
82673729
391154871
59556265
253681937
7854745
263672627
14033107
73161484
56156490
63959979
247987403
313377016
54137478
358222592
30707069
245886255
345138719
365722747
390185852
178181433
315139516
379598354
375210392
334925690
134388550
398159965
138162098
111482851
310641056
306935708
136962723
231798311
87570212
272522576
137576650
273250550
217145794
74034476
196966994
110535064
330501174
353856551
233660592
240777346
121168572
266280727
391977881
396085413
112793914
53310380
251136426
357863594
387294195
208263469
289770475
79152131
379317429
251763503
384934318
393926885
240251230
279652601
215668139
194572421
272082861
92886178
18674110
200069882
101806084
396204889
163879484
335222304
1171771
300842415
75876964
328379091
311538437
193448440
103730454
16464204
277084565
294546732
784594
230165538
318975817
104321806
319104027
308408744
162695689
348868403
210551096
191702772
342047836
286667123
368579598
17387892
178033546
23853770
20367353
260221681
115460072
61120175
92461340
130315424
221742693
354633129
86679659
128140924
379921948
340262697
341604811
341790982
51907301
243873627
120599586
4688017
8779437
7881854
97494252
202542445
224265365
80064521
362207054
345297755
276716013
335640227
85173631
64957955
189173134
357225571
252388972
13070552
25137791
13604115
178749977
228149825
325167663
204436434
18658439
311590522
184185209
225036052
170656769
224271858
32104627
8236453
252881235
211301305
50225686
186480672
126782058
47259285
3479014
263411054
322234225
341186361
132814810
147104136
158656650
87986226
394851856
389231573
283945647
337110116
132524013
98819023
153241808
215898037
311306154
48232962
393246301
296744714
94383806
245700730
345834837
154280557
365617970
247415693
24440479
284174244
342213173
332285033
102989426
388926191
39249396
179541764
221317245
169749896
332700227
292518342
2995202
280477600
245191007
339482479
323426517
44668219
351606936
293474379
307880482
51757064
251995646
271806332
332836385
219770926
75914001
342258741
356525460
329581366
88040132
395932762
262573333
14490392
54608828
316036504
118353056
369384308
63876720
226779348
390281575
24619001
351862202
390311031
42712661
362919180
385500061
37480377
370084378
240575563
20916720
310269704
272988742
128573641
338646801
241629213
240597722
7280416
114326687
188527627
283916175
257361870
294147542
81857885
332520744
149843813
226663429
257833123
295864327
37010788
37976237
26536119
32069139
205377358
172965268
163671418
393969585
235937761
316547848
87658541
236069059
320667820
348493860
6845654
127693318
214897609
221502774
384751767
173328745
384265090
281067993
251448506
163398089
377521037
160074325
230543062
305009177
223374715
261402783
64081192
129227816
366086588
251573183
74780647
322029880
211528260
290916154
118909515
220193799
132282364
230729900
174638408
356274638
395975822
392211966
108124526
54254403
281054780
10867184
89685959
217316666
346905385
193519730
68973402
70642704
332649541
309869687
329099173
267304838
290405499
112679477
58096173
38782937
164284265
29948476
201093808
266397677
126196768
185366161
5900556
371117441
90360404
244437565
248273339
394575711
362472640
99980076
283055787
221872840
299384393
3956192
197745633
282545552
293935660
252803218
59800675
115927257
191244240
201458443
9604091
97581553
134346914
145858961
94878161
238340446
383441406
303318531
250224566
394677757
111742817
371099898
182937295
279071727
147278013
206820668
338430112
111009606
376189354
384436712
125266981
214700846
48386699
124896563
89164597
292075493
127820743
356696864
93598658
371210158
46713078
358029600
35597470
240901530
275578940
130294598
272377563
165203760
186193493
235255034
363354165
236233958
224761808
163106943
337253514
234267556
233293109
305250911
129370952
253263427
2398331
390639246
343797654
103966391
178629751
280913066
172207845
337852258
41633761
197455880
398297564
127316285
246499275
280974232
81622469
160490126
312484812
360746449
124775257
242225964
162145160
364763141
158337556
38986946
390773289
71879609
215982987
25792614
87169409
114348240
223619163
73342187
210625071
269179594
261685644
177227857
142993115
242083451
22022187
363897082
59748405
396227042
134323985
85987266
257107880
378094293
140949015
322795645
326145849
71257633
104204087
367577868
395013409
330811680
13276469
348459614
89198792
238212036
75640843
276484465
279967551
24147357
50496864
97009751
195341935
363478442
230449652
357295163
211609204
378281345
81918806
4772867
229999665
26368055
399713744
166257179
350290326
256104728
106389549
251577165
72279319
375498645
28642915
136071691
192615657
13326587
74512486
359276244
275507738
398004588
265808112
162762412
324486121
167538311
182921659
220301509
398488343
351869491
357129460
180496611
334125910
89605667
350324663
379140246
332676221
350355312
22266444
193401164
242899974
391068497
220592535
233236622
135538737
326221675
341323722
225518746
269084106
42876371
57877882
233204454
345511431
110377607
295344155
39782104
185371400
43448037
122459646
10693276
34050153
63973225
302759422
23377146
280571502
279700690
228934780
317190502
280433526
286725472
293759594
310260132
149991250
302250439
329389768
61033257
345390930
80704660
143745695
378478152
248760167
81554506
269398101
173056553
119065466
195909459
270463215
261056266
302405450
326548758
362102133
314974121
276469023
